<?xml version="1.0" encoding="UTF-8"?>
<coverage generated="1477675807153" clover="4.1.1">
   <project name="spring-mvc-showcase 1.0.0-BUILD-SNAPSHOT" timestamp="1477675803771">
      <metrics coveredelements="447" complexity="207" loc="1634" methods="187" classes="38" statements="296" packages="16" coveredconditionals="32" coveredmethods="156" elements="519" ncloc="1229" files="37" conditionals="36" coveredstatements="259"/>
      <package name="org.springframework.samples.mvc.data.standard">
         <metrics coveredelements="20" complexity="7" loc="71" methods="7" classes="1" statements="13" coveredconditionals="0" coveredmethods="7" elements="20" ncloc="53" files="1" conditionals="0" coveredstatements="13"/>
         <file path="/home/aluno/spring-projects/maven/spring-mvc-showcase/src/main/java/org/springframework/samples/mvc/data/standard/StandardArgumentsController.java" name="StandardArgumentsController.java">
            <metrics coveredelements="20" coveredconditionals="0" complexity="7" loc="71" coveredmethods="7" methods="7" elements="20" classes="1" ncloc="53" statements="13" conditionals="0" coveredstatements="13"/>
            <class name="StandardArgumentsController">
               <metrics coveredelements="20" coveredconditionals="0" complexity="7" coveredmethods="7" methods="7" elements="20" statements="13" conditionals="0" coveredstatements="13"/>
            </class>
            <line complexity="1" visibility="public" signature="standardRequestArgs(HttpServletRequest,Principal,Locale) : String" num="26" count="1" type="method"/>
            <line num="28" count="1" type="stmt"/>
            <line num="29" count="1" type="stmt"/>
            <line num="30" count="1" type="stmt"/>
            <line num="31" count="1" type="stmt"/>
            <line num="32" count="1" type="stmt"/>
            <line complexity="1" visibility="public" signature="requestReader(Reader) : String" num="35" count="1" type="method"/>
            <line num="37" count="1" type="stmt"/>
            <line complexity="1" visibility="public" signature="requestReader(InputStream) : String" num="40" count="1" type="method"/>
            <line num="42" count="1" type="stmt"/>
            <line complexity="1" visibility="public" signature="response(HttpServletResponse) : String" num="47" count="1" type="method"/>
            <line num="49" count="1" type="stmt"/>
            <line complexity="1" visibility="public" signature="availableStandardResponseArguments(Writer) : void" num="52" count="1" type="method"/>
            <line num="54" count="1" type="stmt"/>
            <line complexity="1" visibility="public" signature="availableStandardResponseArguments(OutputStream) : void" num="57" count="1" type="method"/>
            <line num="59" count="1" type="stmt"/>
            <line complexity="1" visibility="public" signature="session(HttpSession) : String" num="64" count="1" type="method"/>
            <line num="66" count="1" type="stmt"/>
            <line num="67" count="1" type="stmt"/>
            <line num="68" count="1" type="stmt"/>
         </file>
      </package>
      <package name="org.springframework.mvc.extensions.ajax">
         <metrics coveredelements="5" complexity="4" loc="18" methods="3" classes="1" statements="3" coveredconditionals="2" coveredmethods="1" elements="8" ncloc="12" files="1" conditionals="2" coveredstatements="2"/>
         <file path="/home/aluno/spring-projects/maven/spring-mvc-showcase/src/main/java/org/springframework/mvc/extensions/ajax/AjaxUtils.java" name="AjaxUtils.java">
            <metrics coveredelements="5" coveredconditionals="2" complexity="4" loc="18" coveredmethods="1" methods="3" elements="8" classes="1" ncloc="12" statements="3" conditionals="2" coveredstatements="2"/>
            <class name="AjaxUtils">
               <metrics coveredelements="5" coveredconditionals="2" complexity="4" coveredmethods="1" methods="3" elements="8" statements="3" conditionals="2" coveredstatements="2"/>
            </class>
            <line complexity="2" visibility="public" signature="isAjaxRequest(WebRequest) : boolean" num="7" count="4" type="method"/>
            <line num="8" count="4" type="stmt"/>
            <line num="9" count="4" type="stmt"/>
            <line falsecount="3" truecount="1" num="9" type="cond"/>
            <line complexity="1" visibility="public" signature="isAjaxUploadRequest(WebRequest) : boolean" num="12" count="0" type="method"/>
            <line num="13" count="0" type="stmt"/>
            <line complexity="1" visibility="private" signature="AjaxUtils()" num="16" count="0" type="method"/>
         </file>
      </package>
      <package name="org.springframework.samples.mvc.exceptions">
         <metrics coveredelements="8" complexity="4" loc="47" methods="4" classes="3" statements="4" coveredconditionals="0" coveredmethods="4" elements="8" ncloc="35" files="3" conditionals="0" coveredstatements="4"/>
         <file path="/home/aluno/spring-projects/maven/spring-mvc-showcase/src/main/java/org/springframework/samples/mvc/exceptions/BusinessException.java" name="BusinessException.java">
            <metrics coveredelements="0" coveredconditionals="0" complexity="0" loc="6" coveredmethods="0" methods="0" elements="0" classes="1" ncloc="4" statements="0" conditionals="0" coveredstatements="0"/>
            <class name="BusinessException">
               <metrics coveredelements="0" coveredconditionals="0" complexity="0" coveredmethods="0" methods="0" elements="0" statements="0" conditionals="0" coveredstatements="0"/>
            </class>
         </file>
         <file path="/home/aluno/spring-projects/maven/spring-mvc-showcase/src/main/java/org/springframework/samples/mvc/exceptions/ExceptionController.java" name="ExceptionController.java">
            <metrics coveredelements="6" coveredconditionals="0" complexity="3" loc="26" coveredmethods="3" methods="3" elements="6" classes="1" ncloc="20" statements="3" conditionals="0" coveredstatements="3"/>
            <class name="ExceptionController">
               <metrics coveredelements="6" coveredconditionals="0" complexity="3" coveredmethods="3" methods="3" elements="6" statements="3" conditionals="0" coveredstatements="3"/>
            </class>
            <line complexity="1" visibility="public" signature="exception() : String" num="11" count="1" type="method"/>
            <line num="13" count="1" type="stmt"/>
            <line complexity="1" visibility="public" signature="businessException() : String" num="16" count="1" type="method"/>
            <line num="18" count="1" type="stmt"/>
            <line complexity="1" visibility="public" signature="handle(IllegalStateException) : String" num="21" count="1" type="method"/>
            <line num="23" count="1" type="stmt"/>
         </file>
         <file path="/home/aluno/spring-projects/maven/spring-mvc-showcase/src/main/java/org/springframework/samples/mvc/exceptions/GlobalExceptionHandler.java" name="GlobalExceptionHandler.java">
            <metrics coveredelements="2" coveredconditionals="0" complexity="1" loc="15" coveredmethods="1" methods="1" elements="2" classes="1" ncloc="11" statements="1" conditionals="0" coveredstatements="1"/>
            <class name="GlobalExceptionHandler">
               <metrics coveredelements="2" coveredconditionals="0" complexity="1" coveredmethods="1" methods="1" elements="2" statements="1" conditionals="0" coveredstatements="1"/>
            </class>
            <line complexity="1" visibility="public" signature="handleBusinessException(BusinessException) : String" num="10" count="1" type="method"/>
            <line num="12" count="1" type="stmt"/>
         </file>
      </package>
      <package name="org.springframework.samples.mvc.data.custom">
         <metrics coveredelements="9" complexity="4" loc="60" methods="4" classes="3" statements="5" coveredconditionals="0" coveredmethods="4" elements="9" ncloc="46" files="3" conditionals="0" coveredstatements="5"/>
         <file path="/home/aluno/spring-projects/maven/spring-mvc-showcase/src/main/java/org/springframework/samples/mvc/data/custom/CustomArgumentController.java" name="CustomArgumentController.java">
            <metrics coveredelements="4" coveredconditionals="0" complexity="2" loc="24" coveredmethods="2" methods="2" elements="4" classes="1" ncloc="18" statements="2" conditionals="0" coveredstatements="2"/>
            <class name="CustomArgumentController">
               <metrics coveredelements="4" coveredconditionals="0" complexity="2" coveredmethods="2" methods="2" elements="4" statements="2" conditionals="0" coveredstatements="2"/>
            </class>
            <line complexity="1" visibility="package" signature="beforeInvokingHandlerMethod(HttpServletRequest) : void" num="14" count="1" type="method"/>
            <line num="16" count="1" type="stmt"/>
            <line complexity="1" visibility="public" signature="custom(String) : String" num="19" count="1" type="method"/>
            <line num="21" count="1" type="stmt"/>
         </file>
         <file path="/home/aluno/spring-projects/maven/spring-mvc-showcase/src/main/java/org/springframework/samples/mvc/data/custom/CustomArgumentResolver.java" name="CustomArgumentResolver.java">
            <metrics coveredelements="5" coveredconditionals="0" complexity="2" loc="22" coveredmethods="2" methods="2" elements="5" classes="1" ncloc="17" statements="3" conditionals="0" coveredstatements="3"/>
            <class name="CustomArgumentResolver">
               <metrics coveredelements="5" coveredconditionals="0" complexity="2" coveredmethods="2" methods="2" elements="5" statements="3" conditionals="0" coveredstatements="3"/>
            </class>
            <line complexity="1" visibility="public" signature="supportsParameter(MethodParameter) : boolean" num="12" count="2" type="method"/>
            <line num="13" count="2" type="stmt"/>
            <line complexity="1" visibility="public" signature="resolveArgument(MethodParameter,ModelAndViewContainer,NativeWebRequest,WebDataBinderFactory) : Object" num="16" count="1" type="method"/>
            <line num="18" count="1" type="stmt"/>
            <line num="19" count="1" type="stmt"/>
         </file>
         <file path="/home/aluno/spring-projects/maven/spring-mvc-showcase/src/main/java/org/springframework/samples/mvc/data/custom/RequestAttribute.java" name="RequestAttribute.java">
            <metrics coveredelements="0" coveredconditionals="0" complexity="0" loc="14" coveredmethods="0" methods="0" elements="0" classes="1" ncloc="11" statements="0" conditionals="0" coveredstatements="0"/>
            <class name="RequestAttribute">
               <metrics coveredelements="0" coveredconditionals="0" complexity="0" coveredmethods="0" methods="0" elements="0" statements="0" conditionals="0" coveredstatements="0"/>
            </class>
         </file>
      </package>
      <package name="org.springframework.samples.mvc.simple">
         <metrics coveredelements="4" complexity="2" loc="31" methods="2" classes="2" statements="2" coveredconditionals="0" coveredmethods="2" elements="4" ncloc="23" files="2" conditionals="0" coveredstatements="2"/>
         <file path="/home/aluno/spring-projects/maven/spring-mvc-showcase/src/main/java/org/springframework/samples/mvc/simple/SimpleController.java" name="SimpleController.java">
            <metrics coveredelements="2" coveredconditionals="0" complexity="1" loc="15" coveredmethods="1" methods="1" elements="2" classes="1" ncloc="11" statements="1" conditionals="0" coveredstatements="1"/>
            <class name="SimpleController">
               <metrics coveredelements="2" coveredconditionals="0" complexity="1" coveredmethods="1" methods="1" elements="2" statements="1" conditionals="0" coveredstatements="1"/>
            </class>
            <line complexity="1" visibility="public" signature="simple() : String" num="10" count="1" type="method"/>
            <line num="12" count="1" type="stmt"/>
         </file>
         <file path="/home/aluno/spring-projects/maven/spring-mvc-showcase/src/main/java/org/springframework/samples/mvc/simple/SimpleControllerRevisited.java" name="SimpleControllerRevisited.java">
            <metrics coveredelements="2" coveredconditionals="0" complexity="1" loc="16" coveredmethods="1" methods="1" elements="2" classes="1" ncloc="12" statements="1" conditionals="0" coveredstatements="1"/>
            <class name="SimpleControllerRevisited">
               <metrics coveredelements="2" coveredconditionals="0" complexity="1" coveredmethods="1" methods="1" elements="2" statements="1" conditionals="0" coveredstatements="1"/>
            </class>
            <line complexity="1" visibility="public" signature="simple() : String" num="11" count="1" type="method"/>
            <line num="13" count="1" type="stmt"/>
         </file>
      </package>
      <package name="org.springframework.samples.mvc.response">
         <metrics coveredelements="12" complexity="5" loc="45" methods="5" classes="1" statements="7" coveredconditionals="0" coveredmethods="5" elements="12" ncloc="37" files="1" conditionals="0" coveredstatements="7"/>
         <file path="/home/aluno/spring-projects/maven/spring-mvc-showcase/src/main/java/org/springframework/samples/mvc/response/ResponseController.java" name="ResponseController.java">
            <metrics coveredelements="12" coveredconditionals="0" complexity="5" loc="45" coveredmethods="5" methods="5" elements="12" classes="1" ncloc="37" statements="7" conditionals="0" coveredstatements="7"/>
            <class name="ResponseController">
               <metrics coveredelements="12" coveredconditionals="0" complexity="5" coveredmethods="5" methods="5" elements="12" statements="7" conditionals="0" coveredstatements="7"/>
            </class>
            <line complexity="1" visibility="public" signature="responseBody() : String" num="16" count="1" type="method"/>
            <line num="18" count="1" type="stmt"/>
            <line complexity="1" visibility="public" signature="responseAcceptHeaderCharset() : String" num="21" count="1" type="method"/>
            <line num="23" count="1" type="stmt"/>
            <line complexity="1" visibility="public" signature="responseProducesConditionCharset() : String" num="26" count="1" type="method"/>
            <line num="28" count="1" type="stmt"/>
            <line complexity="1" visibility="public" signature="responseEntityStatusCode() : ResponseEntity&lt;String&gt;" num="31" count="1" type="method"/>
            <line num="33" count="1" type="stmt"/>
            <line complexity="1" visibility="public" signature="responseEntityCustomHeaders() : ResponseEntity&lt;String&gt;" num="37" count="1" type="method"/>
            <line num="39" count="1" type="stmt"/>
            <line num="40" count="1" type="stmt"/>
            <line num="41" count="1" type="stmt"/>
         </file>
      </package>
      <package name="org.springframework.samples.mvc.redirect">
         <metrics coveredelements="10" complexity="4" loc="47" methods="4" classes="1" statements="8" coveredconditionals="0" coveredmethods="3" elements="12" ncloc="38" files="1" conditionals="0" coveredstatements="7"/>
         <file path="/home/aluno/spring-projects/maven/spring-mvc-showcase/src/main/java/org/springframework/samples/mvc/redirect/RedirectController.java" name="RedirectController.java">
            <metrics coveredelements="10" coveredconditionals="0" complexity="4" loc="47" coveredmethods="3" methods="4" elements="12" classes="1" ncloc="38" statements="8" conditionals="0" coveredstatements="7"/>
            <class name="RedirectController">
               <metrics coveredelements="10" coveredconditionals="0" complexity="4" coveredmethods="3" methods="4" elements="12" statements="8" conditionals="0" coveredstatements="7"/>
            </class>
            <line complexity="1" visibility="public" signature="RedirectController(ConversionService)" num="22" count="3" type="method"/>
            <line num="24" count="3" type="stmt"/>
            <line complexity="1" visibility="public" signature="uriTemplate(RedirectAttributes) : String" num="27" count="1" type="method"/>
            <line num="29" count="1" type="stmt"/>
            <line num="30" count="1" type="stmt"/>
            <line num="31" count="1" type="stmt"/>
            <line complexity="1" visibility="public" signature="uriComponentsBuilder() : String" num="34" count="1" type="method"/>
            <line num="36" count="1" type="stmt"/>
            <line num="37" count="1" type="stmt"/>
            <line num="39" count="1" type="stmt"/>
            <line complexity="1" visibility="public" signature="show(String,LocalDate) : String" num="42" count="0" type="method"/>
            <line num="44" count="0" type="stmt"/>
         </file>
      </package>
      <package name="org.springframework.samples.mvc.async">
         <metrics coveredelements="48" complexity="22" loc="205" methods="21" classes="4" statements="45" coveredconditionals="1" coveredmethods="13" elements="68" ncloc="157" files="4" conditionals="2" coveredstatements="34"/>
         <file path="/home/aluno/spring-projects/maven/spring-mvc-showcase/src/main/java/org/springframework/samples/mvc/async/CallableController.java" name="CallableController.java">
            <metrics coveredelements="21" coveredconditionals="1" complexity="10" loc="83" coveredmethods="7" methods="9" elements="29" classes="1" ncloc="67" statements="18" conditionals="2" coveredstatements="13"/>
            <class name="CallableController">
               <metrics coveredelements="21" coveredconditionals="1" complexity="10" coveredmethods="7" methods="9" elements="29" statements="18" conditionals="2" coveredstatements="13"/>
            </class>
            <line complexity="1" visibility="public" signature="callable() : Callable&lt;String&gt;" num="18" count="1" type="method"/>
            <line num="21" count="1" type="stmt"/>
            <line complexity="1" visibility="public" signature="call() : String" num="22" count="1" type="method"/>
            <line num="24" count="1" type="stmt"/>
            <line num="25" count="1" type="stmt"/>
            <line complexity="1" visibility="public" signature="callableWithView(Model) : Callable&lt;String&gt;" num="30" count="1" type="method"/>
            <line num="33" count="1" type="stmt"/>
            <line complexity="1" visibility="public" signature="call() : String" num="34" count="1" type="method"/>
            <line num="36" count="1" type="stmt"/>
            <line num="37" count="1" type="stmt"/>
            <line num="38" count="1" type="stmt"/>
            <line num="39" count="1" type="stmt"/>
            <line complexity="1" visibility="public" signature="callableWithException(boolean) : Callable&lt;String&gt;" num="44" count="1" type="method"/>
            <line num="48" count="1" type="stmt"/>
            <line complexity="2" visibility="public" signature="call() : String" num="49" count="1" type="method"/>
            <line num="51" count="1" type="stmt"/>
            <line num="52" count="1" type="stmt"/>
            <line falsecount="0" truecount="1" num="52" type="cond"/>
            <line num="54" count="1" type="stmt"/>
            <line num="57" count="0" type="stmt"/>
            <line complexity="1" visibility="public" signature="callableWithCustomTimeoutHandling() : WebAsyncTask&lt;String&gt;" num="63" count="0" type="method"/>
            <line num="66" count="0" type="stmt"/>
            <line complexity="1" visibility="public" signature="call() : String" num="67" count="0" type="method"/>
            <line num="69" count="0" type="stmt"/>
            <line num="70" count="0" type="stmt"/>
            <line num="74" count="0" type="stmt"/>
            <line complexity="1" visibility="public" signature="handleException(IllegalStateException) : String" num="77" count="1" type="method"/>
            <line num="80" count="1" type="stmt"/>
         </file>
         <file path="/home/aluno/spring-projects/maven/spring-mvc-showcase/src/main/java/org/springframework/samples/mvc/async/DeferredResultController.java" name="DeferredResultController.java">
            <metrics coveredelements="24" coveredconditionals="0" complexity="6" loc="77" coveredmethods="5" methods="6" elements="26" classes="1" ncloc="59" statements="20" conditionals="0" coveredstatements="19"/>
            <class name="DeferredResultController">
               <metrics coveredelements="24" coveredconditionals="0" complexity="6" coveredmethods="5" methods="6" elements="26" statements="20" conditionals="0" coveredstatements="19"/>
            </class>
            <line complexity="1" visibility="public" signature="deferredResult() : DeferredResult&lt;String&gt;" num="25" count="1" type="method"/>
            <line num="27" count="1" type="stmt"/>
            <line num="28" count="1" type="stmt"/>
            <line num="29" count="1" type="stmt"/>
            <line complexity="1" visibility="public" signature="deferredResultWithView() : DeferredResult&lt;ModelAndView&gt;" num="32" count="1" type="method"/>
            <line num="34" count="1" type="stmt"/>
            <line num="35" count="1" type="stmt"/>
            <line num="36" count="1" type="stmt"/>
            <line complexity="1" visibility="public" signature="deferredResultWithException() : DeferredResult&lt;String&gt;" num="39" count="1" type="method"/>
            <line num="41" count="1" type="stmt"/>
            <line num="42" count="1" type="stmt"/>
            <line num="43" count="1" type="stmt"/>
            <line complexity="1" visibility="public" signature="deferredResultWithTimeoutValue() : DeferredResult&lt;String&gt;" num="46" count="0" type="method"/>
            <line num="52" count="0" type="stmt"/>
            <line complexity="1" visibility="public" signature="processQueues() : void" num="55" count="7" type="method"/>
            <line num="57" count="7" type="stmt"/>
            <line num="58" count="1" type="stmt"/>
            <line num="59" count="1" type="stmt"/>
            <line num="61" count="7" type="stmt"/>
            <line num="62" count="1" type="stmt"/>
            <line num="63" count="1" type="stmt"/>
            <line num="65" count="7" type="stmt"/>
            <line num="66" count="1" type="stmt"/>
            <line num="67" count="1" type="stmt"/>
            <line complexity="1" visibility="public" signature="handleException(IllegalStateException) : String" num="71" count="1" type="method"/>
            <line num="74" count="1" type="stmt"/>
         </file>
         <file path="/home/aluno/spring-projects/maven/spring-mvc-showcase/src/main/java/org/springframework/samples/mvc/async/JavaBean.java" name="JavaBean.java">
            <metrics coveredelements="3" coveredconditionals="0" complexity="5" loc="30" coveredmethods="1" methods="5" elements="11" classes="1" ncloc="21" statements="6" conditionals="0" coveredstatements="2"/>
            <class name="JavaBean">
               <metrics coveredelements="3" coveredconditionals="0" complexity="5" coveredmethods="1" methods="5" elements="11" statements="6" conditionals="0" coveredstatements="2"/>
            </class>
            <line complexity="1" visibility="public" signature="JavaBean(String,String)" num="9" count="1" type="method"/>
            <line num="10" count="1" type="stmt"/>
            <line num="11" count="1" type="stmt"/>
            <line complexity="1" visibility="public" signature="getFoo() : String" num="14" count="0" type="method"/>
            <line num="15" count="0" type="stmt"/>
            <line complexity="1" visibility="public" signature="setFoo(String) : void" num="18" count="0" type="method"/>
            <line num="19" count="0" type="stmt"/>
            <line complexity="1" visibility="public" signature="getFruit() : String" num="22" count="0" type="method"/>
            <line num="23" count="0" type="stmt"/>
            <line complexity="1" visibility="public" signature="setFruit(String) : void" num="26" count="0" type="method"/>
            <line num="27" count="0" type="stmt"/>
         </file>
         <file path="/home/aluno/spring-projects/maven/spring-mvc-showcase/src/main/java/org/springframework/samples/mvc/async/TimeoutCallableProcessingInterceptor.java" name="TimeoutCallableProcessingInterceptor.java">
            <metrics coveredelements="0" coveredconditionals="0" complexity="1" loc="15" coveredmethods="0" methods="1" elements="2" classes="1" ncloc="10" statements="1" conditionals="0" coveredstatements="0"/>
            <class name="TimeoutCallableProcessingInterceptor">
               <metrics coveredelements="0" coveredconditionals="0" complexity="1" coveredmethods="0" methods="1" elements="2" statements="1" conditionals="0" coveredstatements="0"/>
            </class>
            <line complexity="1" visibility="public" signature="handleTimeout(NativeWebRequest,Callable&lt;T&gt;) : Object" num="10" count="0" type="method"/>
            <line num="12" count="0" type="stmt"/>
         </file>
      </package>
      <package name="org.springframework.samples.mvc.form">
         <metrics coveredelements="79" complexity="30" loc="223" methods="25" classes="3" statements="51" coveredconditionals="7" coveredmethods="24" elements="86" ncloc="167" files="3" conditionals="10" coveredstatements="48"/>
         <file path="/home/aluno/spring-projects/maven/spring-mvc-showcase/src/main/java/org/springframework/samples/mvc/form/FormBean.java" name="FormBean.java">
            <metrics coveredelements="62" coveredconditionals="3" complexity="24" loc="155" coveredmethods="21" methods="21" elements="68" classes="1" ncloc="120" statements="41" conditionals="6" coveredstatements="38"/>
            <class name="FormBean">
               <metrics coveredelements="62" coveredconditionals="3" complexity="24" coveredmethods="21" methods="21" elements="68" statements="41" conditionals="6" coveredstatements="38"/>
            </class>
            <line complexity="1" visibility="public" signature="getName() : String" num="46" count="2" type="method"/>
            <line num="47" count="2" type="stmt"/>
            <line complexity="1" visibility="public" signature="setName(String) : void" num="50" count="2" type="method"/>
            <line num="51" count="2" type="stmt"/>
            <line complexity="1" visibility="public" signature="getAge() : int" num="54" count="2" type="method"/>
            <line num="55" count="2" type="stmt"/>
            <line complexity="1" visibility="public" signature="setAge(int) : void" num="58" count="2" type="method"/>
            <line num="59" count="2" type="stmt"/>
            <line complexity="1" visibility="public" signature="getBirthDate() : Date" num="62" count="2" type="method"/>
            <line num="63" count="2" type="stmt"/>
            <line complexity="1" visibility="public" signature="setBirthDate(Date) : void" num="66" count="2" type="method"/>
            <line num="67" count="2" type="stmt"/>
            <line complexity="1" visibility="public" signature="getPhone() : String" num="70" count="2" type="method"/>
            <line num="71" count="2" type="stmt"/>
            <line complexity="1" visibility="public" signature="setPhone(String) : void" num="74" count="2" type="method"/>
            <line num="75" count="2" type="stmt"/>
            <line complexity="1" visibility="public" signature="getCurrency() : BigDecimal" num="78" count="2" type="method"/>
            <line num="79" count="2" type="stmt"/>
            <line complexity="1" visibility="public" signature="setCurrency(BigDecimal) : void" num="82" count="2" type="method"/>
            <line num="83" count="2" type="stmt"/>
            <line complexity="1" visibility="public" signature="getPercent() : BigDecimal" num="86" count="2" type="method"/>
            <line num="87" count="2" type="stmt"/>
            <line complexity="1" visibility="public" signature="setPercent(BigDecimal) : void" num="90" count="2" type="method"/>
            <line num="91" count="2" type="stmt"/>
            <line complexity="1" visibility="public" signature="getInquiry() : InquiryType" num="94" count="2" type="method"/>
            <line num="95" count="2" type="stmt"/>
            <line complexity="1" visibility="public" signature="setInquiry(InquiryType) : void" num="98" count="2" type="method"/>
            <line num="99" count="2" type="stmt"/>
            <line complexity="1" visibility="public" signature="getInquiryDetails() : String" num="102" count="2" type="method"/>
            <line num="103" count="2" type="stmt"/>
            <line complexity="1" visibility="public" signature="setInquiryDetails(String) : void" num="106" count="2" type="method"/>
            <line num="107" count="2" type="stmt"/>
            <line complexity="1" visibility="public" signature="isSubscribeNewsletter() : boolean" num="110" count="2" type="method"/>
            <line num="111" count="2" type="stmt"/>
            <line complexity="1" visibility="public" signature="setSubscribeNewsletter(boolean) : void" num="114" count="2" type="method"/>
            <line num="115" count="2" type="stmt"/>
            <line complexity="1" visibility="public" signature="getAdditionalInfo() : Map&lt;String, String&gt;" num="118" count="12" type="method"/>
            <line num="119" count="12" type="stmt"/>
            <line complexity="1" visibility="public" signature="setAdditionalInfo(Map&lt;String, String&gt;) : void" num="122" count="2" type="method"/>
            <line num="123" count="2" type="stmt"/>
            <line complexity="4" visibility="public" signature="toString() : String" num="126" count="2" type="method"/>
            <line num="127" count="2" type="stmt"/>
            <line num="128" count="2" type="stmt"/>
            <line num="129" count="2" type="stmt"/>
            <line falsecount="0" truecount="2" num="129" type="cond"/>
            <line num="130" count="2" type="stmt"/>
            <line num="132" count="0" type="stmt"/>
            <line num="134" count="2" type="stmt"/>
            <line num="135" count="2" type="stmt"/>
            <line num="136" count="2" type="stmt"/>
            <line num="137" count="2" type="stmt"/>
            <line falsecount="0" truecount="2" num="137" type="cond"/>
            <line num="138" count="2" type="stmt"/>
            <line num="140" count="0" type="stmt"/>
            <line num="142" count="2" type="stmt"/>
            <line num="143" count="2" type="stmt"/>
            <line num="144" count="2" type="stmt"/>
            <line num="145" count="2" type="stmt"/>
            <line num="146" count="2" type="stmt"/>
            <line falsecount="0" truecount="2" num="146" type="cond"/>
            <line num="147" count="2" type="stmt"/>
            <line num="149" count="0" type="stmt"/>
            <line num="151" count="2" type="stmt"/>
            <line num="152" count="2" type="stmt"/>
            <line num="153" count="2" type="stmt"/>
         </file>
         <file path="/home/aluno/spring-projects/maven/spring-mvc-showcase/src/main/java/org/springframework/samples/mvc/form/FormController.java" name="FormController.java">
            <metrics coveredelements="17" coveredconditionals="4" complexity="6" loc="63" coveredmethods="3" methods="4" elements="18" classes="1" ncloc="44" statements="10" conditionals="4" coveredstatements="10"/>
            <class name="FormController">
               <metrics coveredelements="17" coveredconditionals="4" complexity="6" coveredmethods="3" methods="4" elements="18" statements="10" conditionals="4" coveredstatements="10"/>
            </class>
            <line complexity="1" visibility="public" signature="ajaxAttribute(WebRequest,Model) : void" num="23" count="3" type="method"/>
            <line num="25" count="3" type="stmt"/>
            <line complexity="1" visibility="public" signature="createFormBean() : FormBean" num="31" count="3" type="method"/>
            <line num="33" count="3" type="stmt"/>
            <line complexity="1" visibility="public" signature="form() : void" num="36" count="0" type="method"/>
            <line complexity="3" visibility="public" signature="processSubmit(FormBean,BindingResult,boolean,Model,RedirectAttributes) : String" num="40" count="3" type="method"/>
            <line num="44" count="3" type="stmt"/>
            <line falsecount="2" truecount="1" num="44" type="cond"/>
            <line num="45" count="1" type="stmt"/>
            <line num="49" count="2" type="stmt"/>
            <line num="51" count="2" type="stmt"/>
            <line falsecount="1" truecount="1" num="51" type="cond"/>
            <line num="53" count="1" type="stmt"/>
            <line num="54" count="1" type="stmt"/>
            <line num="58" count="1" type="stmt"/>
            <line num="59" count="1" type="stmt"/>
         </file>
         <file path="/home/aluno/spring-projects/maven/spring-mvc-showcase/src/main/java/org/springframework/samples/mvc/form/InquiryType.java" name="InquiryType.java">
            <metrics coveredelements="0" coveredconditionals="0" complexity="0" loc="5" coveredmethods="0" methods="0" elements="0" classes="1" ncloc="3" statements="0" conditionals="0" coveredstatements="0"/>
            <class name="InquiryType">
               <metrics coveredelements="0" coveredconditionals="0" complexity="0" coveredmethods="0" methods="0" elements="0" statements="0" conditionals="0" coveredstatements="0"/>
            </class>
         </file>
      </package>
      <package name="org.springframework.samples.mvc.convert">
         <metrics coveredelements="118" complexity="50" loc="311" methods="38" classes="7" statements="69" coveredconditionals="20" coveredmethods="35" elements="127" ncloc="235" files="6" conditionals="20" coveredstatements="63"/>
         <file path="/home/aluno/spring-projects/maven/spring-mvc-showcase/src/main/java/org/springframework/samples/mvc/convert/ConvertController.java" name="ConvertController.java">
            <metrics coveredelements="14" coveredconditionals="0" complexity="7" loc="54" coveredmethods="7" methods="7" elements="14" classes="1" ncloc="42" statements="7" conditionals="0" coveredstatements="7"/>
            <class name="ConvertController">
               <metrics coveredelements="14" coveredconditionals="0" complexity="7" coveredmethods="7" methods="7" elements="14" statements="7" conditionals="0" coveredstatements="7"/>
            </class>
            <line complexity="1" visibility="public" signature="primitive(Integer) : String" num="18" count="1" type="method"/>
            <line num="20" count="1" type="stmt"/>
            <line complexity="1" visibility="public" signature="date(Date) : String" num="24" count="1" type="method"/>
            <line num="26" count="1" type="stmt"/>
            <line complexity="1" visibility="public" signature="collection(Collection&lt;Integer&gt;) : String" num="29" count="2" type="method"/>
            <line num="31" count="2" type="stmt"/>
            <line complexity="1" visibility="public" signature="formattedCollection(Collection&lt;Date&gt;) : String" num="34" count="1" type="method"/>
            <line num="36" count="1" type="stmt"/>
            <line complexity="1" visibility="public" signature="bean(JavaBean) : String" num="39" count="7" type="method"/>
            <line num="41" count="7" type="stmt"/>
            <line complexity="1" visibility="public" signature="valueObject(SocialSecurityNumber) : String" num="44" count="1" type="method"/>
            <line num="46" count="1" type="stmt"/>
            <line complexity="1" visibility="public" signature="customConverter(String) : String" num="49" count="1" type="method"/>
            <line num="51" count="1" type="stmt"/>
         </file>
         <file path="/home/aluno/spring-projects/maven/spring-mvc-showcase/src/main/java/org/springframework/samples/mvc/convert/JavaBean.java" name="JavaBean.java">
            <metrics coveredelements="60" coveredconditionals="14" complexity="22" loc="115" coveredmethods="15" methods="15" elements="60" classes="1" ncloc="86" statements="31" conditionals="14" coveredstatements="31"/>
            <class name="JavaBean">
               <metrics coveredelements="60" coveredconditionals="14" complexity="22" coveredmethods="15" methods="15" elements="60" statements="31" conditionals="14" coveredstatements="31"/>
            </class>
            <line complexity="1" visibility="public" signature="getPrimitive() : Integer" num="33" count="1" type="method"/>
            <line num="34" count="1" type="stmt"/>
            <line complexity="1" visibility="public" signature="setPrimitive(Integer) : void" num="37" count="1" type="method"/>
            <line num="38" count="1" type="stmt"/>
            <line complexity="1" visibility="public" signature="getDate() : Date" num="41" count="1" type="method"/>
            <line num="42" count="1" type="stmt"/>
            <line complexity="1" visibility="public" signature="setDate(Date) : void" num="45" count="1" type="method"/>
            <line num="46" count="1" type="stmt"/>
            <line complexity="1" visibility="public" signature="getMasked() : String" num="49" count="1" type="method"/>
            <line num="50" count="1" type="stmt"/>
            <line complexity="1" visibility="public" signature="setMasked(String) : void" num="53" count="1" type="method"/>
            <line num="54" count="1" type="stmt"/>
            <line complexity="1" visibility="public" signature="getList() : List&lt;Integer&gt;" num="57" count="5" type="method"/>
            <line num="58" count="5" type="stmt"/>
            <line complexity="1" visibility="public" signature="setList(List&lt;Integer&gt;) : void" num="61" count="1" type="method"/>
            <line num="62" count="1" type="stmt"/>
            <line complexity="1" visibility="public" signature="getFormattedList() : List&lt;Date&gt;" num="65" count="4" type="method"/>
            <line num="66" count="4" type="stmt"/>
            <line complexity="1" visibility="public" signature="setFormattedList(List&lt;Date&gt;) : void" num="69" count="1" type="method"/>
            <line num="70" count="1" type="stmt"/>
            <line complexity="1" visibility="public" signature="getMap() : Map&lt;Integer, String&gt;" num="73" count="4" type="method"/>
            <line num="74" count="4" type="stmt"/>
            <line complexity="1" visibility="public" signature="setMap(Map&lt;Integer, String&gt;) : void" num="77" count="1" type="method"/>
            <line num="78" count="1" type="stmt"/>
            <line complexity="1" visibility="public" signature="getNested() : NestedBean" num="81" count="5" type="method"/>
            <line num="82" count="5" type="stmt"/>
            <line complexity="1" visibility="public" signature="setNested(NestedBean) : void" num="85" count="1" type="method"/>
            <line num="86" count="1" type="stmt"/>
            <line complexity="8" visibility="public" signature="toString() : String" num="89" count="7" type="method"/>
            <line num="90" count="7" type="stmt"/>
            <line num="91" count="7" type="stmt"/>
            <line num="92" count="7" type="stmt"/>
            <line falsecount="6" truecount="1" num="92" type="cond"/>
            <line num="93" count="1" type="stmt"/>
            <line num="95" count="7" type="stmt"/>
            <line falsecount="6" truecount="1" num="95" type="cond"/>
            <line num="96" count="1" type="stmt"/>
            <line num="98" count="7" type="stmt"/>
            <line falsecount="6" truecount="1" num="98" type="cond"/>
            <line num="99" count="1" type="stmt"/>
            <line num="101" count="7" type="stmt"/>
            <line falsecount="6" truecount="1" num="101" type="cond"/>
            <line num="102" count="1" type="stmt"/>
            <line num="104" count="7" type="stmt"/>
            <line falsecount="6" truecount="1" num="104" type="cond"/>
            <line num="105" count="1" type="stmt"/>
            <line num="107" count="7" type="stmt"/>
            <line falsecount="6" truecount="1" num="107" type="cond"/>
            <line num="108" count="1" type="stmt"/>
            <line num="110" count="7" type="stmt"/>
            <line falsecount="6" truecount="1" num="110" type="cond"/>
            <line num="111" count="1" type="stmt"/>
            <line num="113" count="7" type="stmt"/>
         </file>
         <file path="/home/aluno/spring-projects/maven/spring-mvc-showcase/src/main/java/org/springframework/samples/mvc/convert/MaskFormat.java" name="MaskFormat.java">
            <metrics coveredelements="0" coveredconditionals="0" complexity="0" loc="14" coveredmethods="0" methods="0" elements="0" classes="1" ncloc="12" statements="0" conditionals="0" coveredstatements="0"/>
            <class name="MaskFormat">
               <metrics coveredelements="0" coveredconditionals="0" complexity="0" coveredmethods="0" methods="0" elements="0" statements="0" conditionals="0" coveredstatements="0"/>
            </class>
         </file>
         <file path="/home/aluno/spring-projects/maven/spring-mvc-showcase/src/main/java/org/springframework/samples/mvc/convert/MaskFormatAnnotationFormatterFactory.java" name="MaskFormatAnnotationFormatterFactory.java">
            <metrics coveredelements="12" coveredconditionals="0" complexity="8" loc="56" coveredmethods="4" methods="6" elements="19" classes="2" ncloc="43" statements="13" conditionals="0" coveredstatements="8"/>
            <class name="MaskFormatAnnotationFormatterFactory">
               <metrics coveredelements="6" coveredconditionals="0" complexity="3" coveredmethods="2" methods="3" elements="8" statements="5" conditionals="0" coveredstatements="4"/>
            </class>
            <class name="MaskFormatAnnotationFormatterFactory.MaskFormatter">
               <metrics coveredelements="6" coveredconditionals="0" complexity="5" coveredmethods="2" methods="3" elements="11" statements="8" conditionals="0" coveredstatements="4"/>
            </class>
            <line complexity="1" visibility="public" signature="getFieldTypes() : Set&lt;Class&lt;?&gt;&gt;" num="15" count="15" type="method"/>
            <line num="16" count="15" type="stmt"/>
            <line num="17" count="15" type="stmt"/>
            <line num="18" count="15" type="stmt"/>
            <line complexity="1" visibility="public" signature="getParser(MaskFormat,Class&lt;?&gt;) : Parser&lt;?&gt;" num="21" count="2" type="method"/>
            <line num="22" count="2" type="stmt"/>
            <line complexity="1" visibility="public" signature="getPrinter(MaskFormat,Class&lt;?&gt;) : Printer&lt;?&gt;" num="25" count="0" type="method"/>
            <line num="26" count="0" type="stmt"/>
            <line complexity="2" visibility="public" signature="MaskFormatter(String)" num="33" count="2" type="method"/>
            <line num="34" count="2" type="stmt"/>
            <line num="35" count="2" type="stmt"/>
            <line num="36" count="2" type="stmt"/>
            <line num="38" count="0" type="stmt"/>
            <line complexity="2" visibility="public" signature="print(String,Locale) : String" num="42" count="0" type="method"/>
            <line num="43" count="0" type="stmt"/>
            <line num="44" count="0" type="stmt"/>
            <line num="46" count="0" type="stmt"/>
            <line complexity="1" visibility="public" signature="parse(String,Locale) : String" num="50" count="2" type="method"/>
            <line num="51" count="2" type="stmt"/>
         </file>
         <file path="/home/aluno/spring-projects/maven/spring-mvc-showcase/src/main/java/org/springframework/samples/mvc/convert/NestedBean.java" name="NestedBean.java">
            <metrics coveredelements="28" coveredconditionals="6" complexity="10" loc="52" coveredmethods="7" methods="7" elements="28" classes="1" ncloc="39" statements="15" conditionals="6" coveredstatements="15"/>
            <class name="NestedBean">
               <metrics coveredelements="28" coveredconditionals="6" complexity="10" coveredmethods="7" methods="7" elements="28" statements="15" conditionals="6" coveredstatements="15"/>
            </class>
            <line complexity="1" visibility="public" signature="getFoo() : String" num="14" count="3" type="method"/>
            <line num="15" count="3" type="stmt"/>
            <line complexity="1" visibility="public" signature="setFoo(String) : void" num="18" count="3" type="method"/>
            <line num="19" count="3" type="stmt"/>
            <line complexity="1" visibility="public" signature="getList() : List&lt;NestedBean&gt;" num="22" count="6" type="method"/>
            <line num="23" count="6" type="stmt"/>
            <line complexity="1" visibility="public" signature="setList(List&lt;NestedBean&gt;) : void" num="26" count="2" type="method"/>
            <line num="27" count="2" type="stmt"/>
            <line complexity="1" visibility="public" signature="getMap() : Map&lt;String, NestedBean&gt;" num="30" count="5" type="method"/>
            <line num="31" count="5" type="stmt"/>
            <line complexity="1" visibility="public" signature="setMap(Map&lt;String, NestedBean&gt;) : void" num="34" count="1" type="method"/>
            <line num="35" count="1" type="stmt"/>
            <line complexity="4" visibility="public" signature="toString() : String" num="38" count="4" type="method"/>
            <line num="39" count="4" type="stmt"/>
            <line num="40" count="4" type="stmt"/>
            <line num="41" count="4" type="stmt"/>
            <line falsecount="1" truecount="3" num="41" type="cond"/>
            <line num="42" count="3" type="stmt"/>
            <line num="44" count="4" type="stmt"/>
            <line falsecount="2" truecount="2" num="44" type="cond"/>
            <line num="45" count="2" type="stmt"/>
            <line num="47" count="4" type="stmt"/>
            <line falsecount="3" truecount="1" num="47" type="cond"/>
            <line num="48" count="1" type="stmt"/>
            <line num="50" count="4" type="stmt"/>
         </file>
         <file path="/home/aluno/spring-projects/maven/spring-mvc-showcase/src/main/java/org/springframework/samples/mvc/convert/SocialSecurityNumber.java" name="SocialSecurityNumber.java">
            <metrics coveredelements="4" coveredconditionals="0" complexity="3" loc="20" coveredmethods="2" methods="3" elements="6" classes="1" ncloc="13" statements="3" conditionals="0" coveredstatements="2"/>
            <class name="SocialSecurityNumber">
               <metrics coveredelements="4" coveredconditionals="0" complexity="3" coveredmethods="2" methods="3" elements="6" statements="3" conditionals="0" coveredstatements="2"/>
            </class>
            <line complexity="1" visibility="public" signature="SocialSecurityNumber(String)" num="7" count="1" type="method"/>
            <line num="8" count="1" type="stmt"/>
            <line complexity="1" visibility="public" signature="getValue() : String" num="11" count="0" type="method"/>
            <line num="13" count="0" type="stmt"/>
            <line complexity="1" visibility="public" signature="valueOf(String) : SocialSecurityNumber" num="16" count="1" type="method"/>
            <line num="17" count="1" type="stmt"/>
         </file>
      </package>
      <package name="org.springframework.samples.mvc.fileupload">
         <metrics coveredelements="4" complexity="3" loc="33" methods="3" classes="1" statements="2" coveredconditionals="0" coveredmethods="2" elements="5" ncloc="26" files="1" conditionals="0" coveredstatements="2"/>
         <file path="/home/aluno/spring-projects/maven/spring-mvc-showcase/src/main/java/org/springframework/samples/mvc/fileupload/FileUploadController.java" name="FileUploadController.java">
            <metrics coveredelements="4" coveredconditionals="0" complexity="3" loc="33" coveredmethods="2" methods="3" elements="5" classes="1" ncloc="26" statements="2" conditionals="0" coveredstatements="2"/>
            <class name="FileUploadController">
               <metrics coveredelements="4" coveredconditionals="0" complexity="3" coveredmethods="2" methods="3" elements="5" statements="2" conditionals="0" coveredstatements="2"/>
            </class>
            <line complexity="1" visibility="public" signature="ajaxAttribute(WebRequest,Model) : void" num="19" count="1" type="method"/>
            <line num="21" count="1" type="stmt"/>
            <line complexity="1" visibility="public" signature="fileUploadForm() : void" num="24" count="0" type="method"/>
            <line complexity="1" visibility="public" signature="processUpload(MultipartFile,Model) : void" num="28" count="1" type="method"/>
            <line num="30" count="1" type="stmt"/>
         </file>
      </package>
      <package name="org.springframework.samples.mvc.mapping">
         <metrics coveredelements="30" complexity="24" loc="159" methods="24" classes="3" statements="24" coveredconditionals="0" coveredmethods="15" elements="48" ncloc="121" files="3" conditionals="0" coveredstatements="15"/>
         <file path="/home/aluno/spring-projects/maven/spring-mvc-showcase/src/main/java/org/springframework/samples/mvc/mapping/ClasslevelMappingController.java" name="ClasslevelMappingController.java">
            <metrics coveredelements="0" coveredconditionals="0" complexity="9" loc="61" coveredmethods="0" methods="9" elements="18" classes="1" ncloc="47" statements="9" conditionals="0" coveredstatements="0"/>
            <class name="ClasslevelMappingController">
               <metrics coveredelements="0" coveredconditionals="0" complexity="9" coveredmethods="0" methods="9" elements="18" statements="9" conditionals="0" coveredstatements="0"/>
            </class>
            <line complexity="1" visibility="public" signature="byPath() : String" num="15" count="0" type="method"/>
            <line num="17" count="0" type="stmt"/>
            <line complexity="1" visibility="public" signature="byPathPattern(HttpServletRequest) : String" num="20" count="0" type="method"/>
            <line num="22" count="0" type="stmt"/>
            <line complexity="1" visibility="public" signature="byMethod() : String" num="25" count="0" type="method"/>
            <line num="27" count="0" type="stmt"/>
            <line complexity="1" visibility="public" signature="byParameter() : String" num="30" count="0" type="method"/>
            <line num="32" count="0" type="stmt"/>
            <line complexity="1" visibility="public" signature="byParameterNegation() : String" num="35" count="0" type="method"/>
            <line num="37" count="0" type="stmt"/>
            <line complexity="1" visibility="public" signature="byHeader() : String" num="40" count="0" type="method"/>
            <line num="42" count="0" type="stmt"/>
            <line complexity="1" visibility="public" signature="byHeaderNegation() : String" num="45" count="0" type="method"/>
            <line num="47" count="0" type="stmt"/>
            <line complexity="1" visibility="public" signature="byConsumes(JavaBean) : String" num="51" count="0" type="method"/>
            <line num="53" count="0" type="stmt"/>
            <line complexity="1" visibility="public" signature="byProduces() : JavaBean" num="56" count="0" type="method"/>
            <line num="58" count="0" type="stmt"/>
         </file>
         <file path="/home/aluno/spring-projects/maven/spring-mvc-showcase/src/main/java/org/springframework/samples/mvc/mapping/JavaBean.java" name="JavaBean.java">
            <metrics coveredelements="10" coveredconditionals="0" complexity="5" loc="33" coveredmethods="5" methods="5" elements="10" classes="1" ncloc="23" statements="5" conditionals="0" coveredstatements="5"/>
            <class name="JavaBean">
               <metrics coveredelements="10" coveredconditionals="0" complexity="5" coveredmethods="5" methods="5" elements="10" statements="5" conditionals="0" coveredstatements="5"/>
            </class>
            <line complexity="1" visibility="public" signature="getFoo() : String" num="12" count="8" type="method"/>
            <line num="13" count="8" type="stmt"/>
            <line complexity="1" visibility="public" signature="setFoo(String) : void" num="16" count="1" type="method"/>
            <line num="17" count="1" type="stmt"/>
            <line complexity="1" visibility="public" signature="getFruit() : String" num="20" count="8" type="method"/>
            <line num="21" count="8" type="stmt"/>
            <line complexity="1" visibility="public" signature="setFruit(String) : void" num="24" count="1" type="method"/>
            <line num="25" count="1" type="stmt"/>
            <line complexity="1" visibility="public" signature="toString() : String" num="28" count="5" type="method"/>
            <line num="30" count="5" type="stmt"/>
         </file>
         <file path="/home/aluno/spring-projects/maven/spring-mvc-showcase/src/main/java/org/springframework/samples/mvc/mapping/MappingController.java" name="MappingController.java">
            <metrics coveredelements="20" coveredconditionals="0" complexity="10" loc="65" coveredmethods="10" methods="10" elements="20" classes="1" ncloc="51" statements="10" conditionals="0" coveredstatements="10"/>
            <class name="MappingController">
               <metrics coveredelements="20" coveredconditionals="0" complexity="10" coveredmethods="10" methods="10" elements="20" statements="10" conditionals="0" coveredstatements="10"/>
            </class>
            <line complexity="1" visibility="public" signature="byPath() : String" num="15" count="1" type="method"/>
            <line num="17" count="1" type="stmt"/>
            <line complexity="1" visibility="public" signature="byPathPattern(HttpServletRequest) : String" num="20" count="1" type="method"/>
            <line num="22" count="1" type="stmt"/>
            <line complexity="1" visibility="public" signature="byMethod() : String" num="25" count="1" type="method"/>
            <line num="27" count="1" type="stmt"/>
            <line complexity="1" visibility="public" signature="byParameter() : String" num="30" count="1" type="method"/>
            <line num="32" count="1" type="stmt"/>
            <line complexity="1" visibility="public" signature="byParameterNegation() : String" num="35" count="1" type="method"/>
            <line num="37" count="1" type="stmt"/>
            <line complexity="1" visibility="public" signature="byHeader() : String" num="40" count="1" type="method"/>
            <line num="42" count="1" type="stmt"/>
            <line complexity="1" visibility="public" signature="byHeaderNegation() : String" num="45" count="1" type="method"/>
            <line num="47" count="1" type="stmt"/>
            <line complexity="1" visibility="public" signature="byConsumes(JavaBean) : String" num="50" count="1" type="method"/>
            <line num="52" count="1" type="stmt"/>
            <line complexity="1" visibility="public" signature="byProducesJson() : JavaBean" num="55" count="2" type="method"/>
            <line num="57" count="2" type="stmt"/>
            <line complexity="1" visibility="public" signature="byProducesXml() : JavaBean" num="60" count="2" type="method"/>
            <line num="62" count="2" type="stmt"/>
         </file>
      </package>
      <package name="org.springframework.samples.mvc.views">
         <metrics coveredelements="9" complexity="8" loc="70" methods="8" classes="2" statements="11" coveredconditionals="0" coveredmethods="3" elements="19" ncloc="50" files="2" conditionals="0" coveredstatements="6"/>
         <file path="/home/aluno/spring-projects/maven/spring-mvc-showcase/src/main/java/org/springframework/samples/mvc/views/JavaBean.java" name="JavaBean.java">
            <metrics coveredelements="0" coveredconditionals="0" complexity="4" loc="29" coveredmethods="0" methods="4" elements="8" classes="1" ncloc="20" statements="4" conditionals="0" coveredstatements="0"/>
            <class name="JavaBean">
               <metrics coveredelements="0" coveredconditionals="0" complexity="4" coveredmethods="0" methods="4" elements="8" statements="4" conditionals="0" coveredstatements="0"/>
            </class>
            <line complexity="1" visibility="public" signature="getFoo() : String" num="13" count="0" type="method"/>
            <line num="14" count="0" type="stmt"/>
            <line complexity="1" visibility="public" signature="setFoo(String) : void" num="17" count="0" type="method"/>
            <line num="18" count="0" type="stmt"/>
            <line complexity="1" visibility="public" signature="getFruit() : String" num="21" count="0" type="method"/>
            <line num="22" count="0" type="stmt"/>
            <line complexity="1" visibility="public" signature="setFruit(String) : void" num="25" count="0" type="method"/>
            <line num="26" count="0" type="stmt"/>
         </file>
         <file path="/home/aluno/spring-projects/maven/spring-mvc-showcase/src/main/java/org/springframework/samples/mvc/views/ViewsController.java" name="ViewsController.java">
            <metrics coveredelements="9" coveredconditionals="0" complexity="4" loc="41" coveredmethods="3" methods="4" elements="11" classes="1" ncloc="30" statements="7" conditionals="0" coveredstatements="6"/>
            <class name="ViewsController">
               <metrics coveredelements="9" coveredconditionals="0" complexity="4" coveredmethods="3" methods="4" elements="11" statements="7" conditionals="0" coveredstatements="6"/>
            </class>
            <line complexity="1" visibility="public" signature="prepare(Model) : String" num="15" count="1" type="method"/>
            <line num="17" count="1" type="stmt"/>
            <line num="18" count="1" type="stmt"/>
            <line num="19" count="1" type="stmt"/>
            <line complexity="1" visibility="public" signature="usingRequestToViewNameTranslator(Model) : void" num="22" count="1" type="method"/>
            <line num="24" count="1" type="stmt"/>
            <line num="25" count="1" type="stmt"/>
            <line complexity="1" visibility="public" signature="pathVars(String,String) : String" num="28" count="1" type="method"/>
            <line num="32" count="1" type="stmt"/>
            <line complexity="1" visibility="public" signature="dataBinding(JavaBean,Model) : String" num="35" count="0" type="method"/>
            <line num="38" count="0" type="stmt"/>
         </file>
      </package>
      <package name="org.springframework.samples.mvc.messageconverters">
         <metrics coveredelements="49" complexity="19" loc="148" methods="19" classes="2" statements="30" coveredconditionals="0" coveredmethods="19" elements="49" ncloc="106" files="2" conditionals="0" coveredstatements="30"/>
         <file path="/home/aluno/spring-projects/maven/spring-mvc-showcase/src/main/java/org/springframework/samples/mvc/messageconverters/JavaBean.java" name="JavaBean.java">
            <metrics coveredelements="14" coveredconditionals="0" complexity="7" loc="44" coveredmethods="7" methods="7" elements="14" classes="1" ncloc="32" statements="7" conditionals="0" coveredstatements="7"/>
            <class name="JavaBean">
               <metrics coveredelements="14" coveredconditionals="0" complexity="7" coveredmethods="7" methods="7" elements="14" statements="7" conditionals="0" coveredstatements="7"/>
            </class>
            <line complexity="1" visibility="public" signature="JavaBean()" num="15" count="3" type="method"/>
            <line complexity="1" visibility="public" signature="JavaBean(String,String)" num="18" count="3" type="method"/>
            <line num="19" count="3" type="stmt"/>
            <line num="20" count="3" type="stmt"/>
            <line complexity="1" visibility="public" signature="getFoo() : String" num="23" count="6" type="method"/>
            <line num="24" count="6" type="stmt"/>
            <line complexity="1" visibility="public" signature="setFoo(String) : void" num="27" count="3" type="method"/>
            <line num="28" count="3" type="stmt"/>
            <line complexity="1" visibility="public" signature="getFruit() : String" num="31" count="6" type="method"/>
            <line num="32" count="6" type="stmt"/>
            <line complexity="1" visibility="public" signature="setFruit(String) : void" num="35" count="3" type="method"/>
            <line num="36" count="3" type="stmt"/>
            <line complexity="1" visibility="public" signature="toString() : String" num="39" count="6" type="method"/>
            <line num="41" count="6" type="stmt"/>
         </file>
         <file path="/home/aluno/spring-projects/maven/spring-mvc-showcase/src/main/java/org/springframework/samples/mvc/messageconverters/MessageConvertersController.java" name="MessageConvertersController.java">
            <metrics coveredelements="35" coveredconditionals="0" complexity="12" loc="104" coveredmethods="12" methods="12" elements="35" classes="1" ncloc="74" statements="23" conditionals="0" coveredstatements="23"/>
            <class name="MessageConvertersController">
               <metrics coveredelements="35" coveredconditionals="0" complexity="12" coveredmethods="12" methods="12" elements="35" statements="23" conditionals="0" coveredstatements="23"/>
            </class>
            <line complexity="1" visibility="public" signature="readString(String) : String" num="23" count="1" type="method"/>
            <line num="25" count="1" type="stmt"/>
            <line complexity="1" visibility="public" signature="writeString() : String" num="28" count="1" type="method"/>
            <line num="30" count="1" type="stmt"/>
            <line complexity="1" visibility="public" signature="readForm(JavaBean) : String" num="35" count="1" type="method"/>
            <line num="37" count="1" type="stmt"/>
            <line complexity="1" visibility="public" signature="writeForm() : MultiValueMap&lt;String, String&gt;" num="40" count="1" type="method"/>
            <line num="42" count="1" type="stmt"/>
            <line num="43" count="1" type="stmt"/>
            <line num="44" count="1" type="stmt"/>
            <line num="45" count="1" type="stmt"/>
            <line complexity="1" visibility="public" signature="readXml(JavaBean) : String" num="50" count="1" type="method"/>
            <line num="52" count="1" type="stmt"/>
            <line complexity="1" visibility="public" signature="writeXml() : JavaBean" num="55" count="1" type="method"/>
            <line num="57" count="1" type="stmt"/>
            <line complexity="1" visibility="public" signature="readJson(JavaBean) : String" num="62" count="1" type="method"/>
            <line num="64" count="1" type="stmt"/>
            <line complexity="1" visibility="public" signature="writeJson() : JavaBean" num="67" count="2" type="method"/>
            <line num="69" count="2" type="stmt"/>
            <line complexity="1" visibility="public" signature="readFeed(Feed) : String" num="74" count="1" type="method"/>
            <line num="76" count="1" type="stmt"/>
            <line complexity="1" visibility="public" signature="writeFeed() : Feed" num="79" count="1" type="method"/>
            <line num="81" count="1" type="stmt"/>
            <line num="82" count="1" type="stmt"/>
            <line num="83" count="1" type="stmt"/>
            <line num="84" count="1" type="stmt"/>
            <line complexity="1" visibility="public" signature="readChannel(Channel) : String" num="89" count="1" type="method"/>
            <line num="91" count="1" type="stmt"/>
            <line complexity="1" visibility="public" signature="writeChannel() : Channel" num="94" count="1" type="method"/>
            <line num="96" count="1" type="stmt"/>
            <line num="97" count="1" type="stmt"/>
            <line num="98" count="1" type="stmt"/>
            <line num="99" count="1" type="stmt"/>
            <line num="100" count="1" type="stmt"/>
            <line num="101" count="1" type="stmt"/>
         </file>
      </package>
      <package name="org.springframework.samples.mvc.validation">
         <metrics coveredelements="14" complexity="6" loc="63" methods="5" classes="2" statements="7" coveredconditionals="2" coveredmethods="5" elements="14" ncloc="45" files="2" conditionals="2" coveredstatements="7"/>
         <file path="/home/aluno/spring-projects/maven/spring-mvc-showcase/src/main/java/org/springframework/samples/mvc/validation/JavaBean.java" name="JavaBean.java">
            <metrics coveredelements="8" coveredconditionals="0" complexity="4" loc="39" coveredmethods="4" methods="4" elements="8" classes="1" ncloc="28" statements="4" conditionals="0" coveredstatements="4"/>
            <class name="JavaBean">
               <metrics coveredelements="8" coveredconditionals="0" complexity="4" coveredmethods="4" methods="4" elements="8" statements="4" conditionals="0" coveredstatements="4"/>
            </class>
            <line complexity="1" visibility="public" signature="getNumber() : Integer" num="23" count="2" type="method"/>
            <line num="24" count="2" type="stmt"/>
            <line complexity="1" visibility="public" signature="setNumber(Integer) : void" num="27" count="2" type="method"/>
            <line num="28" count="2" type="stmt"/>
            <line complexity="1" visibility="public" signature="getDate() : Date" num="31" count="2" type="method"/>
            <line num="32" count="2" type="stmt"/>
            <line complexity="1" visibility="public" signature="setDate(Date) : void" num="35" count="2" type="method"/>
            <line num="36" count="2" type="stmt"/>
         </file>
         <file path="/home/aluno/spring-projects/maven/spring-mvc-showcase/src/main/java/org/springframework/samples/mvc/validation/ValidationController.java" name="ValidationController.java">
            <metrics coveredelements="6" coveredconditionals="2" complexity="2" loc="24" coveredmethods="1" methods="1" elements="6" classes="1" ncloc="17" statements="3" conditionals="2" coveredstatements="3"/>
            <class name="ValidationController">
               <metrics coveredelements="6" coveredconditionals="2" complexity="2" coveredmethods="1" methods="1" elements="6" statements="3" conditionals="2" coveredstatements="3"/>
            </class>
            <line complexity="2" visibility="public" signature="validate(JavaBean,BindingResult) : String" num="15" count="2" type="method"/>
            <line num="17" count="2" type="stmt"/>
            <line falsecount="1" truecount="1" num="17" type="cond"/>
            <line num="18" count="1" type="stmt"/>
            <line num="20" count="1" type="stmt"/>
         </file>
      </package>
      <package name="org.springframework.samples.mvc.data">
         <metrics coveredelements="28" complexity="15" loc="103" methods="15" classes="2" statements="15" coveredconditionals="0" coveredmethods="14" elements="30" ncloc="78" files="2" conditionals="0" coveredstatements="14"/>
         <file path="/home/aluno/spring-projects/maven/spring-mvc-showcase/src/main/java/org/springframework/samples/mvc/data/JavaBean.java" name="JavaBean.java">
            <metrics coveredelements="12" coveredconditionals="0" complexity="6" loc="35" coveredmethods="6" methods="6" elements="12" classes="1" ncloc="23" statements="6" conditionals="0" coveredstatements="6"/>
            <class name="JavaBean">
               <metrics coveredelements="12" coveredconditionals="0" complexity="6" coveredmethods="6" methods="6" elements="12" statements="6" conditionals="0" coveredstatements="6"/>
            </class>
            <line complexity="1" visibility="public" signature="getParam1() : String" num="11" count="1" type="method"/>
            <line num="12" count="1" type="stmt"/>
            <line complexity="1" visibility="public" signature="setParam1(String) : void" num="15" count="1" type="method"/>
            <line num="16" count="1" type="stmt"/>
            <line complexity="1" visibility="public" signature="getParam2() : String" num="19" count="1" type="method"/>
            <line num="20" count="1" type="stmt"/>
            <line complexity="1" visibility="public" signature="setParam2(String) : void" num="23" count="1" type="method"/>
            <line num="24" count="1" type="stmt"/>
            <line complexity="1" visibility="public" signature="getParam3() : String" num="27" count="1" type="method"/>
            <line num="28" count="1" type="stmt"/>
            <line complexity="1" visibility="public" signature="setParam3(String) : void" num="31" count="1" type="method"/>
            <line num="32" count="1" type="stmt"/>
         </file>
         <file path="/home/aluno/spring-projects/maven/spring-mvc-showcase/src/main/java/org/springframework/samples/mvc/data/RequestDataController.java" name="RequestDataController.java">
            <metrics coveredelements="16" coveredconditionals="0" complexity="9" loc="68" coveredmethods="8" methods="9" elements="18" classes="1" ncloc="55" statements="9" conditionals="0" coveredstatements="8"/>
            <class name="RequestDataController">
               <metrics coveredelements="16" coveredconditionals="0" complexity="9" coveredmethods="8" methods="9" elements="18" statements="9" conditionals="0" coveredstatements="8"/>
            </class>
            <line complexity="1" visibility="public" signature="withParam(String) : String" num="19" count="1" type="method"/>
            <line num="21" count="1" type="stmt"/>
            <line complexity="1" visibility="public" signature="withParamGroup(JavaBean) : String" num="24" count="1" type="method"/>
            <line num="26" count="1" type="stmt"/>
            <line complexity="1" visibility="public" signature="withPathVariable(String) : String" num="29" count="1" type="method"/>
            <line num="31" count="1" type="stmt"/>
            <line complexity="1" visibility="public" signature="withMatrixVariable(String,String) : String" num="34" count="1" type="method"/>
            <line num="36" count="1" type="stmt"/>
            <line complexity="1" visibility="public" signature="withMatrixVariablesMultiple(String,String,String,String) : String" num="39" count="1" type="method"/>
            <line num="44" count="1" type="stmt"/>
            <line complexity="1" visibility="public" signature="withHeader(String) : String" num="48" count="1" type="method"/>
            <line num="50" count="1" type="stmt"/>
            <line complexity="1" visibility="public" signature="withCookie(String) : String" num="53" count="0" type="method"/>
            <line num="55" count="0" type="stmt"/>
            <line complexity="1" visibility="public" signature="withBody(String) : String" num="58" count="1" type="method"/>
            <line num="60" count="1" type="stmt"/>
            <line complexity="1" visibility="public" signature="withEntity(HttpEntity&lt;String&gt;) : String" num="63" count="1" type="method"/>
            <line num="65" count="1" type="stmt"/>
         </file>
      </package>
   </project>
   <testproject name="spring-mvc-showcase 1.0.0-BUILD-SNAPSHOT" timestamp="1477675803771">
      <metrics coveredelements="230" complexity="97" loc="1150" methods="97" classes="18" statements="133" packages="14" coveredconditionals="0" coveredmethods="97" elements="230" ncloc="948" files="18" conditionals="0" coveredstatements="133"/>
      <package name="org.springframework.samples.mvc.exceptions">
         <metrics coveredelements="6" complexity="3" loc="39" methods="3" classes="1" statements="3" coveredconditionals="0" coveredmethods="3" elements="6" ncloc="31" files="1" conditionals="0" coveredstatements="3"/>
         <file path="/home/aluno/spring-projects/maven/spring-mvc-showcase/src/test/java/org/springframework/samples/mvc/exceptions/ExceptionControllerTests.java" name="ExceptionControllerTests.java">
            <metrics coveredelements="6" coveredconditionals="0" complexity="3" loc="39" coveredmethods="3" methods="3" elements="6" classes="1" ncloc="31" statements="3" conditionals="0" coveredstatements="3"/>
            <class name="ExceptionControllerTests">
               <metrics coveredelements="6" complexity="3" methods="3" testruns="2" statements="3" coveredconditionals="0" coveredmethods="3" elements="6" testfailures="0" testduration="0.004" conditionals="0" coveredstatements="3" testpasses="2"/>
            </class>
            <line complexity="1" visibility="public" signature="setup() : void" num="20" count="2" type="method"/>
            <line num="22" count="2" type="stmt"/>
            <line complexity="1" visibility="public" signature="controllerExceptionHandler() : void" num="25" testsuccess="true" count="1" testduration="0.001" type="method"/>
            <line num="27" count="1" type="stmt"/>
            <line complexity="1" visibility="public" signature="globalExceptionHandler() : void" num="32" testsuccess="true" count="1" testduration="0.003" type="method"/>
            <line num="34" count="1" type="stmt"/>
         </file>
      </package>
      <package name="org.springframework.samples.mvc.simple">
         <metrics coveredelements="4" complexity="2" loc="43" methods="2" classes="2" statements="2" coveredconditionals="0" coveredmethods="2" elements="4" ncloc="33" files="2" conditionals="0" coveredstatements="2"/>
         <file path="/home/aluno/spring-projects/maven/spring-mvc-showcase/src/test/java/org/springframework/samples/mvc/simple/SimpleControllerRevisitedTests.java" name="SimpleControllerRevisitedTests.java">
            <metrics coveredelements="2" coveredconditionals="0" complexity="1" loc="22" coveredmethods="1" methods="1" elements="2" classes="1" ncloc="17" statements="1" conditionals="0" coveredstatements="1"/>
            <class name="SimpleControllerRevisitedTests">
               <metrics coveredelements="2" complexity="1" methods="1" testruns="1" statements="1" coveredconditionals="0" coveredmethods="1" elements="2" testfailures="0" testduration="0.012" conditionals="0" coveredstatements="1" testpasses="1"/>
            </class>
            <line complexity="1" visibility="public" signature="simple() : void" num="13" testsuccess="true" count="1" testduration="0.012" type="method"/>
            <line num="15" count="1" type="stmt"/>
         </file>
         <file path="/home/aluno/spring-projects/maven/spring-mvc-showcase/src/test/java/org/springframework/samples/mvc/simple/SimpleControllerTests.java" name="SimpleControllerTests.java">
            <metrics coveredelements="2" coveredconditionals="0" complexity="1" loc="21" coveredmethods="1" methods="1" elements="2" classes="1" ncloc="16" statements="1" conditionals="0" coveredstatements="1"/>
            <class name="SimpleControllerTests">
               <metrics coveredelements="2" complexity="1" methods="1" testruns="1" statements="1" coveredconditionals="0" coveredmethods="1" elements="2" testfailures="0" testduration="0.027" conditionals="0" coveredstatements="1" testpasses="1"/>
            </class>
            <line complexity="1" visibility="public" signature="simple() : void" num="12" testsuccess="true" count="1" testduration="0.027" type="method"/>
            <line num="14" count="1" type="stmt"/>
         </file>
      </package>
      <package name="org.springframework.samples.mvc.response">
         <metrics coveredelements="12" complexity="6" loc="66" methods="6" classes="1" statements="6" coveredconditionals="0" coveredmethods="6" elements="12" ncloc="54" files="1" conditionals="0" coveredstatements="6"/>
         <file path="/home/aluno/spring-projects/maven/spring-mvc-showcase/src/test/java/org/springframework/samples/mvc/response/ResponseControllerTests.java" name="ResponseControllerTests.java">
            <metrics coveredelements="12" coveredconditionals="0" complexity="6" loc="66" coveredmethods="6" methods="6" elements="12" classes="1" ncloc="54" statements="6" conditionals="0" coveredstatements="6"/>
            <class name="ResponseControllerTests">
               <metrics coveredelements="12" complexity="6" methods="6" testruns="5" statements="6" coveredconditionals="0" coveredmethods="6" elements="12" testfailures="0" testduration="0.008" conditionals="0" coveredstatements="6" testpasses="5"/>
            </class>
            <line complexity="1" visibility="public" signature="setup() : void" num="20" count="5" type="method"/>
            <line num="22" count="5" type="stmt"/>
            <line complexity="1" visibility="public" signature="responseBody() : void" num="25" testsuccess="true" count="1" testduration="0.002" type="method"/>
            <line num="27" count="1" type="stmt"/>
            <line complexity="1" visibility="public" signature="responseCharsetAccept() : void" num="32" testsuccess="true" count="1" testduration="0.001" type="method"/>
            <line num="34" count="1" type="stmt"/>
            <line complexity="1" visibility="public" signature="responseCharsetProduce() : void" num="42" testsuccess="true" count="1" testduration="0.001" type="method"/>
            <line num="44" count="1" type="stmt"/>
            <line complexity="1" visibility="public" signature="responseEntityStatus() : void" num="50" testsuccess="true" count="1" testduration="0.001" type="method"/>
            <line num="52" count="1" type="stmt"/>
            <line complexity="1" visibility="public" signature="responseEntityHeaders() : void" num="58" testsuccess="true" count="1" testduration="0.003" type="method"/>
            <line num="60" count="1" type="stmt"/>
         </file>
      </package>
      <package name="org.springframework.samples.mvc.redirect">
         <metrics coveredelements="6" complexity="3" loc="35" methods="3" classes="1" statements="3" coveredconditionals="0" coveredmethods="3" elements="6" ncloc="27" files="1" conditionals="0" coveredstatements="3"/>
         <file path="/home/aluno/spring-projects/maven/spring-mvc-showcase/src/test/java/org/springframework/samples/mvc/redirect/RedirectControllerTests.java" name="RedirectControllerTests.java">
            <metrics coveredelements="6" coveredconditionals="0" complexity="3" loc="35" coveredmethods="3" methods="3" elements="6" classes="1" ncloc="27" statements="3" conditionals="0" coveredstatements="3"/>
            <class name="RedirectControllerTests">
               <metrics coveredelements="6" complexity="3" methods="3" testruns="2" statements="3" coveredconditionals="0" coveredmethods="3" elements="6" testfailures="0" testduration="0.006" conditionals="0" coveredstatements="3" testpasses="2"/>
            </class>
            <line complexity="1" visibility="public" signature="setup() : void" num="17" count="2" type="method"/>
            <line num="19" count="2" type="stmt"/>
            <line complexity="1" visibility="public" signature="uriTemplate() : void" num="23" testsuccess="true" count="1" testduration="0.001" type="method"/>
            <line num="25" count="1" type="stmt"/>
            <line complexity="1" visibility="public" signature="uriComponentsBuilder() : void" num="29" testsuccess="true" count="1" testduration="0.005" type="method"/>
            <line num="31" count="1" type="stmt"/>
         </file>
      </package>
      <package name="org.springframework.samples.mvc.async">
         <metrics coveredelements="22" complexity="8" loc="145" methods="8" classes="2" statements="14" coveredconditionals="0" coveredmethods="8" elements="22" ncloc="121" files="2" conditionals="0" coveredstatements="14"/>
[...]
         <file path="/home/aluno/spring-projects/maven/spring-mvc-showcase/src/test/java/org/springframework/samples/mvc/fileupload/FileUploadControllerTests.java" name="FileUploadControllerTests.java">
            <metrics coveredelements="3" coveredconditionals="0" complexity="1" loc="26" coveredmethods="1" methods="1" elements="3" classes="1" ncloc="19" statements="2" conditionals="0" coveredstatements="2"/>
            <class name="FileUploadControllerTests">
               <metrics coveredelements="3" complexity="1" methods="1" testruns="1" statements="2" coveredconditionals="0" coveredmethods="1" elements="3" testfailures="0" testduration="0.006" conditionals="0" coveredstatements="2" testpasses="1"/>
            </class>
            <line complexity="1" visibility="public" signature="readString() : void" num="16" testsuccess="true" count="1" testduration="0.006" type="method"/>
            <line num="19" count="1" type="stmt"/>
            <line num="21" count="1" type="stmt"/>
         </file>
      </package>
      <package name="org.springframework.samples.mvc.mapping">
         <metrics coveredelements="26" complexity="13" loc="108" methods="13" classes="1" statements="13" coveredconditionals="0" coveredmethods="13" elements="26" ncloc="90" files="1" conditionals="0" coveredstatements="13"/>
         <file path="/home/aluno/spring-projects/maven/spring-mvc-showcase/src/test/java/org/springframework/samples/mvc/mapping/MappingControllerTests.java" name="MappingControllerTests.java">
            <metrics coveredelements="26" coveredconditionals="0" complexity="13" loc="108" coveredmethods="13" methods="13" elements="26" classes="1" ncloc="90" statements="13" conditionals="0" coveredstatements="13"/>
            <class name="MappingControllerTests">
               <metrics coveredelements="26" complexity="13" methods="13" testruns="12" statements="13" coveredconditionals="0" coveredmethods="13" elements="26" testfailures="0" testduration="0.24" conditionals="0" coveredstatements="13" testpasses="12"/>
            </class>
            <line complexity="1" visibility="public" signature="setup() : void" num="25" count="12" type="method"/>
            <line num="27" count="12" type="stmt"/>
            <line complexity="1" visibility="public" signature="byPath() : void" num="30" testsuccess="true" count="1" testduration="0.002" type="method"/>
            <line num="32" count="1" type="stmt"/>
            <line complexity="1" visibility="public" signature="byPathPattern() : void" num="35" testsuccess="true" count="1" testduration="0.047" type="method"/>
            <line num="37" count="1" type="stmt"/>
            <line complexity="1" visibility="public" signature="byMethod() : void" num="41" testsuccess="true" count="1" testduration="0.002" type="method"/>
            <line num="43" count="1" type="stmt"/>
            <line complexity="1" visibility="public" signature="byParameter() : void" num="47" testsuccess="true" count="1" testduration="0.002" type="method"/>
            <line num="49" count="1" type="stmt"/>
            <line complexity="1" visibility="public" signature="byNotParameter() : void" num="53" testsuccess="true" count="1" testduration="0.002" type="method"/>
            <line num="55" count="1" type="stmt"/>
            <line complexity="1" visibility="public" signature="byHeader() : void" num="59" testsuccess="true" count="1" testduration="0.002" type="method"/>
            <line num="61" count="1" type="stmt"/>
            <line complexity="1" visibility="public" signature="byHeaderNegation() : void" num="65" testsuccess="true" count="1" testduration="0.003" type="method"/>
            <line num="67" count="1" type="stmt"/>
            <line complexity="1" visibility="public" signature="byConsumes() : void" num="71" testsuccess="true" count="1" testduration="0.052" type="method"/>
            <line num="73" count="1" type="stmt"/>
            <line complexity="1" visibility="public" signature="byProducesAcceptJson() : void" num="80" testsuccess="true" count="1" testduration="0.059" type="method"/>
            <line num="82" count="1" type="stmt"/>
            <line complexity="1" visibility="public" signature="byProducesAcceptXml() : void" num="87" testsuccess="true" count="1" testduration="0.006" type="method"/>
            <line num="89" count="1" type="stmt"/>
            <line complexity="1" visibility="public" signature="byProducesJsonExtension() : void" num="94" testsuccess="true" count="1" testduration="0.003" type="method"/>
            <line num="96" count="1" type="stmt"/>
            <line complexity="1" visibility="public" signature="byProducesXmlExtension() : void" num="101" testsuccess="true" count="1" testduration="0.06" type="method"/>
            <line num="103" count="1" type="stmt"/>
         </file>
      </package>
      <package name="org.springframework.samples.mvc.views">
         <metrics coveredelements="8" complexity="4" loc="50" methods="4" classes="1" statements="4" coveredconditionals="0" coveredmethods="4" elements="8" ncloc="42" files="1" conditionals="0" coveredstatements="4"/>
         <file path="/home/aluno/spring-projects/maven/spring-mvc-showcase/src/test/java/org/springframework/samples/mvc/views/ViewsControllerTests.java" name="ViewsControllerTests.java">
            <metrics coveredelements="8" coveredconditionals="0" complexity="4" loc="50" coveredmethods="4" methods="4" elements="8" classes="1" ncloc="42" statements="4" conditionals="0" coveredstatements="4"/>
            <class name="ViewsControllerTests">
               <metrics coveredelements="8" complexity="4" methods="4" testruns="3" statements="4" coveredconditionals="0" coveredmethods="4" elements="8" testfailures="0" testduration="0.007" conditionals="0" coveredstatements="4" testpasses="3"/>
            </class>
            <line complexity="1" visibility="public" signature="setup() : void" num="22" count="3" type="method"/>
            <line num="24" count="3" type="stmt"/>
            <line complexity="1" visibility="public" signature="htmlView() : void" num="27" testsuccess="true" count="1" testduration="0.003" type="method"/>
            <line num="29" count="1" type="stmt"/>
            <line complexity="1" visibility="public" signature="viewName() : void" num="36" testsuccess="true" count="1" testduration="0.001" type="method"/>
            <line num="38" count="1" type="stmt"/>
            <line complexity="1" visibility="public" signature="uriTemplate() : void" num="45" testsuccess="true" count="1" testduration="0.003" type="method"/>
            <line num="47" count="1" type="stmt"/>
         </file>
      </package>
      <package name="org.springframework.samples.mvc.messageconverters">
         <metrics coveredelements="30" complexity="14" loc="144" methods="14" classes="1" statements="16" coveredconditionals="0" coveredmethods="14" elements="30" ncloc="118" files="1" conditionals="0" coveredstatements="16"/>
         <file path="/home/aluno/spring-projects/maven/spring-mvc-showcase/src/test/java/org/springframework/samples/mvc/messageconverters/MessageConvertersControllerTests.java" name="MessageConvertersControllerTests.java">
            <metrics coveredelements="30" coveredconditionals="0" complexity="14" loc="144" coveredmethods="14" methods="14" elements="30" classes="1" ncloc="118" statements="16" conditionals="0" coveredstatements="16"/>
            <class name="MessageConvertersControllerTests">
               <metrics coveredelements="30" complexity="14" methods="14" testruns="13" statements="16" coveredconditionals="0" coveredmethods="14" elements="30" testfailures="0" testduration="0.274" conditionals="0" coveredstatements="16" testpasses="13"/>
            </class>
            <line complexity="1" visibility="public" signature="setup() : void" num="26" count="13" type="method"/>
            <line num="28" count="13" type="stmt"/>
            <line complexity="1" visibility="public" signature="readString() : void" num="31" testsuccess="true" count="1" testduration="0.002" type="method"/>
            <line num="33" count="1" type="stmt"/>
            <line complexity="1" visibility="public" signature="writeString() : void" num="37" testsuccess="true" count="1" testduration="0.001" type="method"/>
            <line num="39" count="1" type="stmt"/>
            <line complexity="1" visibility="public" signature="readForm() : void" num="43" testsuccess="true" count="1" testduration="0.003" type="method"/>
            <line num="45" count="1" type="stmt"/>
            <line complexity="1" visibility="public" signature="writeForm() : void" num="53" testsuccess="true" count="1" testduration="0.005" type="method"/>
            <line num="55" count="1" type="stmt"/>
            <line complexity="1" visibility="public" signature="readXml() : void" num="64" testsuccess="true" count="1" testduration="0.007" type="method"/>
            <line num="66" count="1" type="stmt"/>
            <line complexity="1" visibility="public" signature="writeXml() : void" num="73" testsuccess="true" count="1" testduration="0.036" type="method"/>
            <line num="75" count="1" type="stmt"/>
            <line complexity="1" visibility="public" signature="readJson() : void" num="79" testsuccess="true" count="1" testduration="0.005" type="method"/>
            <line num="81" count="1" type="stmt"/>
            <line complexity="1" visibility="public" signature="writeJson() : void" num="88" testsuccess="true" count="1" testduration="0.002" type="method"/>
            <line num="90" count="1" type="stmt"/>
            <line complexity="1" visibility="public" signature="writeJson2() : void" num="95" testsuccess="true" count="1" testduration="0.007" type="method"/>
            <line num="97" count="1" type="stmt"/>
            <line complexity="1" visibility="public" signature="readAtom() : void" num="106" testsuccess="true" count="1" testduration="0.024" type="method"/>
            <line num="108" count="1" type="stmt"/>
            <line complexity="1" visibility="public" signature="writeAtom() : void" num="115" testsuccess="true" count="1" testduration="0.031" type="method"/>
            <line num="117" count="1" type="stmt"/>
            <line complexity="1" visibility="public" signature="readRss() : void" num="121" testsuccess="true" count="1" testduration="0.003" type="method"/>
            <line num="124" count="1" type="stmt"/>
            <line num="127" count="1" type="stmt"/>
            <line complexity="1" visibility="public" signature="writeRss() : void" num="134" testsuccess="true" count="1" testduration="0.148" type="method"/>
            <line num="137" count="1" type="stmt"/>
            <line num="140" count="1" type="stmt"/>
         </file>
      </package>
      <package name="org.springframework.samples.mvc.validation">
         <metrics coveredelements="6" complexity="3" loc="33" methods="3" classes="1" statements="3" coveredconditionals="0" coveredmethods="3" elements="6" ncloc="25" files="1" conditionals="0" coveredstatements="3"/>
         <file path="/home/aluno/spring-projects/maven/spring-mvc-showcase/src/test/java/org/springframework/samples/mvc/validation/ValidationControllerTests.java" name="ValidationControllerTests.java">
            <metrics coveredelements="6" coveredconditionals="0" complexity="3" loc="33" coveredmethods="3" methods="3" elements="6" classes="1" ncloc="25" statements="3" conditionals="0" coveredstatements="3"/>
            <class name="ValidationControllerTests">
               <metrics coveredelements="6" complexity="3" methods="3" testruns="2" statements="3" coveredconditionals="0" coveredmethods="3" elements="6" testfailures="0" testduration="0.10200000000000001" conditionals="0" coveredstatements="3" testpasses="2"/>
            </class>
            <line complexity="1" visibility="public" signature="setup() : void" num="16" count="2" type="method"/>
            <line num="18" count="2" type="stmt"/>
            <line complexity="1" visibility="public" signature="validateSuccess() : void" num="21" testsuccess="true" count="1" testduration="0.094" type="method"/>
            <line num="23" count="1" type="stmt"/>
            <line complexity="1" visibility="public" signature="validateErrors() : void" num="27" testsuccess="true" count="1" testduration="0.008" type="method"/>
            <line num="29" count="1" type="stmt"/>
         </file>
      </package>
      <package name="org.springframework.samples.mvc.data">
         <metrics coveredelements="38" complexity="19" loc="188" methods="19" classes="3" statements="19" coveredconditionals="0" coveredmethods="19" elements="38" ncloc="156" files="3" conditionals="0" coveredstatements="19"/>
         <file path="/home/aluno/spring-projects/maven/spring-mvc-showcase/src/test/java/org/springframework/samples/mvc/data/CustomArgumentControllerTests.java" name="CustomArgumentControllerTests.java">
            <metrics coveredelements="4" coveredconditionals="0" complexity="2" loc="28" coveredmethods="2" methods="2" elements="4" classes="1" ncloc="22" statements="2" conditionals="0" coveredstatements="2"/>
            <class name="CustomArgumentControllerTests">
               <metrics coveredelements="4" complexity="2" methods="2" testruns="1" statements="2" coveredconditionals="0" coveredmethods="2" elements="4" testfailures="0" testduration="0.006" conditionals="0" coveredstatements="2" testpasses="1"/>
            </class>
            <line complexity="1" visibility="public" signature="setup() : void" num="16" count="1" type="method"/>
            <line num="18" count="1" type="stmt"/>
            <line complexity="1" visibility="public" signature="param() : void" num="22" testsuccess="true" count="1" testduration="0.006" type="method"/>
            <line num="24" count="1" type="stmt"/>
         </file>
         <file path="/home/aluno/spring-projects/maven/spring-mvc-showcase/src/test/java/org/springframework/samples/mvc/data/DataControllerTests.java" name="DataControllerTests.java">
            <metrics coveredelements="18" coveredconditionals="0" complexity="9" loc="85" coveredmethods="9" methods="9" elements="18" classes="1" ncloc="71" statements="9" conditionals="0" coveredstatements="9"/>
            <class name="DataControllerTests">
               <metrics coveredelements="18" complexity="9" methods="9" testruns="8" statements="9" coveredconditionals="0" coveredmethods="9" elements="18" testfailures="0" testduration="0.026000000000000002" conditionals="0" coveredstatements="9" testpasses="8"/>
            </class>
            <line complexity="1" visibility="public" signature="setup() : void" num="24" count="8" type="method"/>
            <line num="26" count="8" type="stmt"/>
            <line complexity="1" visibility="public" signature="param() : void" num="29" testsuccess="true" count="1" testduration="0.001" type="method"/>
            <line num="31" count="1" type="stmt"/>
            <line complexity="1" visibility="public" signature="group() : void" num="35" testsuccess="true" count="1" testduration="0.004" type="method"/>
            <line num="37" count="1" type="stmt"/>
            <line complexity="1" visibility="public" signature="pathVar() : void" num="42" testsuccess="true" count="1" testduration="0.004" type="method"/>
            <line num="44" count="1" type="stmt"/>
            <line complexity="1" visibility="public" signature="matrixVar() : void" num="48" testsuccess="true" count="1" testduration="0.006" type="method"/>
            <line num="50" count="1" type="stmt"/>
            <line complexity="1" visibility="public" signature="matrixVarMultiple() : void" num="54" testsuccess="true" count="1" testduration="0.002" type="method"/>
            <line num="56" count="1" type="stmt"/>
            <line complexity="1" visibility="public" signature="header() : void" num="60" testsuccess="true" count="1" testduration="0.005" type="method"/>
            <line num="62" count="1" type="stmt"/>
            <line complexity="1" visibility="public" signature="requestBody() : void" num="66" testsuccess="true" count="1" testduration="0.002" type="method"/>
            <line num="68" count="1" type="stmt"/>
            <line complexity="1" visibility="public" signature="requestBodyAndHeaders() : void" num="75" testsuccess="true" count="1" testduration="0.002" type="method"/>
            <line num="77" count="1" type="stmt"/>
         </file>
         <file path="/home/aluno/spring-projects/maven/spring-mvc-showcase/src/test/java/org/springframework/samples/mvc/data/StandardArgumentsControllerTests.java" name="StandardArgumentsControllerTests.java">
            <metrics coveredelements="16" coveredconditionals="0" complexity="8" loc="75" coveredmethods="8" methods="8" elements="16" classes="1" ncloc="63" statements="8" conditionals="0" coveredstatements="8"/>
            <class name="StandardArgumentsControllerTests">
               <metrics coveredelements="16" complexity="8" methods="8" testruns="7" statements="8" coveredconditionals="0" coveredmethods="8" elements="16" testfailures="0" testduration="0.011000000000000001" conditionals="0" coveredstatements="8" testpasses="7"/>
            </class>
            <line complexity="1" visibility="public" signature="setup() : void" num="19" count="7" type="method"/>
            <line num="21" count="7" type="stmt"/>
            <line complexity="1" visibility="public" signature="request() : void" num="24" testsuccess="true" count="1" testduration="0.001" type="method"/>
            <line num="26" count="1" type="stmt"/>
            <line complexity="1" visibility="public" signature="requestReader() : void" num="31" testsuccess="true" count="1" testduration="0.002" type="method"/>
            <line num="33" count="1" type="stmt"/>
            <line complexity="1" visibility="public" signature="requestIs() : void" num="40" testsuccess="true" count="1" testduration="0.003" type="method"/>
            <line num="42" count="1" type="stmt"/>
            <line complexity="1" visibility="public" signature="response() : void" num="49" testsuccess="true" count="1" testduration="0.001" type="method"/>
            <line num="51" count="1" type="stmt"/>
            <line complexity="1" visibility="public" signature="writer() : void" num="56" testsuccess="true" count="1" testduration="0.001" type="method"/>
            <line num="58" count="1" type="stmt"/>
            <line complexity="1" visibility="public" signature="os() : void" num="62" testsuccess="true" count="1" testduration="0.001" type="method"/>
            <line num="64" count="1" type="stmt"/>
            <line complexity="1" visibility="public" signature="session() : void" num="68" testsuccess="true" count="1" testduration="0.002" type="method"/>
            <line num="70" count="1" type="stmt"/>
         </file>
      </package>
      <package name="org.springframework.samples.mvc">
         <metrics coveredelements="0" complexity="0" loc="15" methods="0" classes="1" statements="0" coveredconditionals="0" coveredmethods="0" elements="0" ncloc="11" files="1" conditionals="0" coveredstatements="0"/>
         <file path="/home/aluno/spring-projects/maven/spring-mvc-showcase/src/test/java/org/springframework/samples/mvc/AbstractContextControllerTests.java" name="AbstractContextControllerTests.java">
            <metrics coveredelements="0" coveredconditionals="0" complexity="0" loc="15" coveredmethods="0" methods="0" elements="0" classes="1" ncloc="11" statements="0" conditionals="0" coveredstatements="0"/>
            <class name="AbstractContextControllerTests">
               <metrics coveredelements="0" coveredconditionals="0" complexity="0" coveredmethods="0" methods="0" elements="0" statements="0" conditionals="0" coveredstatements="0"/>
            </class>
         </file>
      </package>
   </testproject>
</coverage>