testHome(sample.actuator.ServletPathInsecureSampleActuatorApplicationTests)  Time elapsed: 0.037 sec  <<< FAILURE!
	at sample.actuator.ServletPathInsecureSampleActuatorApplicationTests.testHome(ServletPathInsecureSampleActuatorApplicationTests.java:55)

testMetricsIsSecure(sample.actuator.ServletPathInsecureSampleActuatorApplicationTests)  Time elapsed: 0.015 sec  <<< FAILURE!
	at sample.actuator.ServletPathInsecureSampleActuatorApplicationTests.testMetricsIsSecure(ServletPathInsecureSampleActuatorApplicationTests.java:67)

Tests run: 3, Failures: 2, Errors: 0, Skipped: 0, Time elapsed: 0.911 sec <<< FAILURE! - in sample.actuator.ServletPathSampleActuatorApplicationTests
	at sample.actuator.ServletPathSampleActuatorApplicationTests.testErrorPath(ServletPathSampleActuatorApplicationTests.java:54)

testHealth(sample.actuator.ServletPathSampleActuatorApplicationTests)  Time elapsed: 0.009 sec  <<< FAILURE!
	at sample.actuator.ServletPathSampleActuatorApplicationTests.testHealth(ServletPathSampleActuatorApplicationTests.java:65)