[INFO] Scanning for projects...
[WARNING] 
[WARNING] Some problems were encountered while building the effective model for org.springframework.webflow.issues:SWF-1516:war:1.0-SNAPSHOT
[WARNING] 'build.plugins.plugin.version' for org.apache.maven.plugins:maven-compiler-plugin is missing. @ line 219, column 12
[WARNING] 'build.plugins.plugin.version' for org.apache.maven.plugins:maven-surefire-plugin is missing. @ line 239, column 12
[WARNING] 
[WARNING] It is highly recommended to fix these problems because they threaten the stability of your build.
[WARNING] 
[WARNING] For this reason, future Maven versions might no longer support building such malformed projects.
[WARNING] 
[INFO]                                                                         
[INFO] ------------------------------------------------------------------------
[INFO] Building Spring Web Flow Issue Reproduction Project 1.0-SNAPSHOT
[INFO] ------------------------------------------------------------------------
[INFO] 
[INFO] --- maven-resources-plugin:2.6:resources (default-resources) @ SWF-1516 ---
[WARNING] Using platform encoding (UTF-8 actually) to copy filtered resources, i.e. build is platform dependent!
[INFO] Copying 1 resource
[INFO] 
[INFO] --- maven-compiler-plugin:3.1:compile (default-compile) @ SWF-1516 ---
[INFO] Nothing to compile - all classes are up to date
[INFO] 
[INFO] --- maven-resources-plugin:2.6:testResources (default-testResources) @ SWF-1516 ---
[WARNING] Using platform encoding (UTF-8 actually) to copy filtered resources, i.e. build is platform dependent!
[INFO] Copying 1 resource
[INFO] 
[INFO] --- maven-compiler-plugin:3.1:testCompile (default-testCompile) @ SWF-1516 ---
[INFO] Nothing to compile - all classes are up to date
[INFO] 
[INFO] --- maven-surefire-plugin:2.12.4:test (default-test) @ SWF-1516 ---
[INFO] Surefire report directory: /home/guilherme/spring-projects/maven/spring-webflow-issues/SWF-1516/target/surefire-reports

-------------------------------------------------------
 T E S T S
-------------------------------------------------------
Running org.springframework.webflow.issues.PhonebookFlowExecutionTests
2017-03-03 11:18:31,768 INFO [org.springframework.context.support.StaticApplicationContext] - <Refreshing org.springframework.context.support.StaticApplicationContext@146ba0ac: startup date [Fri Mar 03 11:18:31 BRT 2017]; root of context hierarchy>
2017-03-03 11:18:31,777 INFO [org.springframework.beans.factory.support.DefaultListableBeanFactory] - <Pre-instantiating singletons in org.springframework.beans.factory.support.DefaultListableBeanFactory@610694f1: defining beans []; root of factory hierarchy>
2017-03-03 11:18:31,893 INFO [org.springframework.context.support.GenericApplicationContext] - <Refreshing Flow ApplicationContext [phonebook-flow]: startup date [Fri Mar 03 11:18:31 BRT 2017]; parent: org.springframework.context.support.StaticApplicationContext@146ba0ac>
2017-03-03 11:18:31,917 INFO [org.springframework.beans.factory.support.DefaultListableBeanFactory] - <Pre-instantiating singletons in org.springframework.beans.factory.support.DefaultListableBeanFactory@543c6f6d: defining beans [org.springframework.context.annotation.internalConfigurationAnnotationProcessor,org.springframework.context.annotation.internalAutowiredAnnotationProcessor,org.springframework.context.annotation.internalRequiredAnnotationProcessor,org.springframework.context.annotation.internalCommonAnnotationProcessor]; parent: org.springframework.beans.factory.support.DefaultListableBeanFactory@610694f1>
2017-03-03 11:18:31,969 DEBUG [org.springframework.webflow.engine.impl.FlowExecutionImplFactory] - <Creating new execution of 'phonebook-flow'>
2017-03-03 11:18:31,979 INFO [org.springframework.context.support.StaticApplicationContext] - <Refreshing org.springframework.context.support.StaticApplicationContext@1e67a849: startup date [Fri Mar 03 11:18:31 BRT 2017]; root of context hierarchy>
2017-03-03 11:18:31,980 INFO [org.springframework.beans.factory.support.DefaultListableBeanFactory] - <Pre-instantiating singletons in org.springframework.beans.factory.support.DefaultListableBeanFactory@667a738: defining beans []; root of factory hierarchy>
2017-03-03 11:18:32,006 INFO [org.springframework.context.support.GenericApplicationContext] - <Refreshing Flow ApplicationContext [phonebook-flow]: startup date [Fri Mar 03 11:18:32 BRT 2017]; parent: org.springframework.context.support.StaticApplicationContext@1e67a849>
2017-03-03 11:18:32,007 INFO [org.springframework.beans.factory.support.DefaultListableBeanFactory] - <Pre-instantiating singletons in org.springframework.beans.factory.support.DefaultListableBeanFactory@275710fc: defining beans [org.springframework.context.annotation.internalConfigurationAnnotationProcessor,org.springframework.context.annotation.internalAutowiredAnnotationProcessor,org.springframework.context.annotation.internalRequiredAnnotationProcessor,org.springframework.context.annotation.internalCommonAnnotationProcessor]; parent: org.springframework.beans.factory.support.DefaultListableBeanFactory@667a738>
2017-03-03 11:18:32,008 DEBUG [org.springframework.webflow.engine.impl.FlowExecutionImplFactory] - <Creating new execution of 'phonebook-flow'>
2017-03-03 11:18:32,008 DEBUG [org.springframework.webflow.engine.impl.FlowExecutionImpl] - <Starting in org.springframework.webflow.test.MockExternalContext@525f1e4e with input map[[empty]]>
2017-03-03 11:18:32,012 DEBUG [org.springframework.webflow.engine.Flow] - <Creating [FlowVariable@341b80b2 name = 'phoneForm', valueFactory = [BeanFactoryVariableValueFactory@55a1c291 type = PhoneModel]]>
2017-03-03 11:18:32,024 DEBUG [org.springframework.webflow.engine.ViewState] - <Entering state 'addNumbers' of flow 'phonebook-flow'>
2017-03-03 11:18:32,025 DEBUG [org.springframework.webflow.engine.impl.FlowExecutionImpl] - <Assigned key 1>
2017-03-03 11:18:32,028 DEBUG [org.springframework.webflow.engine.ViewState] - <Rendering + [MockViewFactoryCreator.MockView@6646153 viewId = 'addNumbers']>
2017-03-03 11:18:32,028 DEBUG [org.springframework.webflow.engine.ViewState] - <  Flash scope = map[[empty]]>
2017-03-03 11:18:32,028 DEBUG [org.springframework.webflow.engine.ViewState] - <  Messages = [DefaultMessageContext@21507a04 sourceMessages = map[[null] -> list[[empty]]]]>
Tests run: 2, Failures: 1, Errors: 1, Skipped: 0, Time elapsed: 0.456 sec <<< FAILURE!
testEndFlow(org.springframework.webflow.issues.PhonebookFlowExecutionTests)  Time elapsed: 0.354 sec  <<< ERROR!
java.lang.IllegalArgumentException: Cannot find state with id 'showNumbers' in flow 'phonebook-flow' -- Known state ids are 'array<String>['addNumbers', 'done']'
	at org.springframework.webflow.engine.Flow.getStateInstance(Flow.java:348)
	at org.springframework.webflow.engine.impl.FlowExecutionImpl.setCurrentState(FlowExecutionImpl.java:299)
	at org.springframework.webflow.test.execution.AbstractFlowExecutionTests.setCurrentState(AbstractFlowExecutionTests.java:151)
	at org.springframework.webflow.issues.PhonebookFlowExecutionTests.testEndFlow(PhonebookFlowExecutionTests.java:35)
	at sun.reflect.NativeMethodAccessorImpl.invoke0(Native Method)
	at sun.reflect.NativeMethodAccessorImpl.invoke(NativeMethodAccessorImpl.java:62)
	at sun.reflect.DelegatingMethodAccessorImpl.invoke(DelegatingMethodAccessorImpl.java:43)
	at java.lang.reflect.Method.invoke(Method.java:498)
	at junit.framework.TestCase.runTest(TestCase.java:168)
	at junit.framework.TestCase.runBare(TestCase.java:134)
	at junit.framework.TestResult$1.protect(TestResult.java:110)
	at junit.framework.TestResult.runProtected(TestResult.java:128)
	at junit.framework.TestResult.run(TestResult.java:113)
	at junit.framework.TestCase.run(TestCase.java:124)
	at junit.framework.TestSuite.runTest(TestSuite.java:232)
	at junit.framework.TestSuite.run(TestSuite.java:227)
	at org.junit.internal.runners.JUnit38ClassRunner.run(JUnit38ClassRunner.java:83)
	at org.apache.maven.surefire.junit4.JUnit4Provider.execute(JUnit4Provider.java:252)
	at org.apache.maven.surefire.junit4.JUnit4Provider.executeTestSet(JUnit4Provider.java:141)
	at org.apache.maven.surefire.junit4.JUnit4Provider.invoke(JUnit4Provider.java:112)
	at sun.reflect.NativeMethodAccessorImpl.invoke0(Native Method)
	at sun.reflect.NativeMethodAccessorImpl.invoke(NativeMethodAccessorImpl.java:62)
	at sun.reflect.DelegatingMethodAccessorImpl.invoke(DelegatingMethodAccessorImpl.java:43)
	at java.lang.reflect.Method.invoke(Method.java:498)
	at org.apache.maven.surefire.util.ReflectionUtils.invokeMethodWithArray(ReflectionUtils.java:189)
	at org.apache.maven.surefire.booter.ProviderFactory$ProviderProxy.invoke(ProviderFactory.java:165)
	at org.apache.maven.surefire.booter.ProviderFactory.invokeProvider(ProviderFactory.java:85)
	at org.apache.maven.surefire.booter.ForkedBooter.runSuitesInProcess(ForkedBooter.java:115)
	at org.apache.maven.surefire.booter.ForkedBooter.main(ForkedBooter.java:75)

testStartFlow(org.springframework.webflow.issues.PhonebookFlowExecutionTests)  Time elapsed: 0.052 sec  <<< FAILURE!
junit.framework.ComparisonFailure: The current state 'addNumbers' does not equal the expected state 'showNumbers' expected:<[show]Numbers> but was:<[add]Numbers>
	at junit.framework.Assert.assertEquals(Assert.java:81)
	at org.springframework.webflow.test.execution.AbstractFlowExecutionTests.assertCurrentStateEquals(AbstractFlowExecutionTests.java:332)
	at org.springframework.webflow.issues.PhonebookFlowExecutionTests.testStartFlow(PhonebookFlowExecutionTests.java:30)
	at sun.reflect.NativeMethodAccessorImpl.invoke0(Native Method)
	at sun.reflect.NativeMethodAccessorImpl.invoke(NativeMethodAccessorImpl.java:62)
	at sun.reflect.DelegatingMethodAccessorImpl.invoke(DelegatingMethodAccessorImpl.java:43)
	at java.lang.reflect.Method.invoke(Method.java:498)
	at junit.framework.TestCase.runTest(TestCase.java:168)
	at junit.framework.TestCase.runBare(TestCase.java:134)
	at junit.framework.TestResult$1.protect(TestResult.java:110)
	at junit.framework.TestResult.runProtected(TestResult.java:128)
	at junit.framework.TestResult.run(TestResult.java:113)
	at junit.framework.TestCase.run(TestCase.java:124)
	at junit.framework.TestSuite.runTest(TestSuite.java:232)
	at junit.framework.TestSuite.run(TestSuite.java:227)
	at org.junit.internal.runners.JUnit38ClassRunner.run(JUnit38ClassRunner.java:83)
	at org.apache.maven.surefire.junit4.JUnit4Provider.execute(JUnit4Provider.java:252)
	at org.apache.maven.surefire.junit4.JUnit4Provider.executeTestSet(JUnit4Provider.java:141)
	at org.apache.maven.surefire.junit4.JUnit4Provider.invoke(JUnit4Provider.java:112)
	at sun.reflect.NativeMethodAccessorImpl.invoke0(Native Method)
	at sun.reflect.NativeMethodAccessorImpl.invoke(NativeMethodAccessorImpl.java:62)
	at sun.reflect.DelegatingMethodAccessorImpl.invoke(DelegatingMethodAccessorImpl.java:43)
	at java.lang.reflect.Method.invoke(Method.java:498)
	at org.apache.maven.surefire.util.ReflectionUtils.invokeMethodWithArray(ReflectionUtils.java:189)
	at org.apache.maven.surefire.booter.ProviderFactory$ProviderProxy.invoke(ProviderFactory.java:165)
	at org.apache.maven.surefire.booter.ProviderFactory.invokeProvider(ProviderFactory.java:85)
	at org.apache.maven.surefire.booter.ForkedBooter.runSuitesInProcess(ForkedBooter.java:115)
	at org.apache.maven.surefire.booter.ForkedBooter.main(ForkedBooter.java:75)


Results :

Failed tests:   testStartFlow(org.springframework.webflow.issues.PhonebookFlowExecutionTests): The current state 'addNumbers' does not equal the expected state 'showNumbers' expected:<[show]Numbers> but was:<[add]Numbers>

Tests in error: 
  testEndFlow(org.springframework.webflow.issues.PhonebookFlowExecutionTests): Cannot find state with id 'showNumbers' in flow 'phonebook-flow' -- Known state ids are 'array<String>['addNumbers', 'done']'

Tests run: 2, Failures: 1, Errors: 1, Skipped: 0

[INFO] ------------------------------------------------------------------------
[INFO] BUILD FAILURE
[INFO] ------------------------------------------------------------------------
[INFO] Total time: 1.836 s
[INFO] Finished at: 2017-03-03T11:18:32-03:00
[INFO] Final Memory: 10M/150M
[INFO] ------------------------------------------------------------------------
[ERROR] Failed to execute goal org.apache.maven.plugins:maven-surefire-plugin:2.12.4:test (default-test) on project SWF-1516: There are test failures.
[ERROR] 
[ERROR] Please refer to /home/guilherme/spring-projects/maven/spring-webflow-issues/SWF-1516/target/surefire-reports for the individual test results.
[ERROR] -> [Help 1]
[ERROR] 
[ERROR] To see the full stack trace of the errors, re-run Maven with the -e switch.
[ERROR] Re-run Maven using the -X switch to enable full debug logging.
[ERROR] 
[ERROR] For more information about the errors and possible solutions, please read the following articles:
[ERROR] [Help 1] http://cwiki.apache.org/confluence/display/MAVEN/MojoFailureException
