[INFO] Scanning for projects...
[INFO]                                                                         
[INFO] ------------------------------------------------------------------------
[INFO] Building OAuth2 for Spring Security 2.0.12.BUILD-SNAPSHOT
[INFO] ------------------------------------------------------------------------
[INFO] 
[INFO] --- maven-resources-plugin:2.6:resources (default-resources) @ spring-security-oauth2 ---
[INFO] Using 'UTF-8' encoding to copy filtered resources.
[INFO] Copying 4 resources
[INFO] 
[INFO] --- maven-compiler-plugin:2.3.2:compile (default-compile) @ spring-security-oauth2 ---
[INFO] Nothing to compile - all classes are up to date
[INFO] 
[INFO] --- maven-resources-plugin:2.6:testResources (default-testResources) @ spring-security-oauth2 ---
[INFO] Using 'UTF-8' encoding to copy filtered resources.
[INFO] Copying 18 resources
[INFO] 
[INFO] --- maven-compiler-plugin:2.3.2:testCompile (default-testCompile) @ spring-security-oauth2 ---
[INFO] Nothing to compile - all classes are up to date
[INFO] 
[INFO] --- maven-surefire-plugin:2.16:test (default-test) @ spring-security-oauth2 ---
[INFO] Surefire report directory: /home/guilherme/spring-projects/maven/spring-security-oauth/spring-security-oauth2/target/surefire-reports

-------------------------------------------------------
 T E S T S
-------------------------------------------------------

Results :

Tests run: 0, Failures: 0, Errors: 0, Skipped: 0

[INFO] ------------------------------------------------------------------------
[INFO] BUILD FAILURE
[INFO] ------------------------------------------------------------------------
[INFO] Total time: 1.742 s
[INFO] Finished at: 2017-03-03T11:09:21-03:00
[INFO] Final Memory: 11M/212M
[INFO] ------------------------------------------------------------------------
[ERROR] Failed to execute goal org.apache.maven.plugins:maven-surefire-plugin:2.16:test (default-test) on project spring-security-oauth2: Execution default-test of goal org.apache.maven.plugins:maven-surefire-plugin:2.16:test failed: There was an error in the forked process
[ERROR] java.lang.NoClassDefFoundError: com_atlassian_clover/TestNameSniffer
[ERROR] at java.lang.Class.getDeclaredMethods0(Native Method)
[ERROR] at java.lang.Class.privateGetDeclaredMethods(Class.java:2701)
[ERROR] at java.lang.Class.privateGetMethodRecursive(Class.java:3048)
[ERROR] at java.lang.Class.getMethod0(Class.java:3018)
[ERROR] at java.lang.Class.getMethod(Class.java:1784)
[ERROR] at org.apache.maven.surefire.util.ReflectionUtils.tryGetMethod(ReflectionUtils.java:57)
[ERROR] at org.apache.maven.surefire.common.junit3.JUnit3TestChecker.isSuiteOnly(JUnit3TestChecker.java:64)
[ERROR] at org.apache.maven.surefire.common.junit3.JUnit3TestChecker.isValidJUnit3Test(JUnit3TestChecker.java:59)
[ERROR] at org.apache.maven.surefire.common.junit3.JUnit3TestChecker.accept(JUnit3TestChecker.java:54)
[ERROR] at org.apache.maven.surefire.common.junit4.JUnit4TestChecker.accept(JUnit4TestChecker.java:52)
[ERROR] at org.apache.maven.surefire.util.DefaultScanResult.applyFilter(DefaultScanResult.java:97)
[ERROR] at org.apache.maven.surefire.junit4.JUnit4Provider.scanClassPath(JUnit4Provider.java:206)
[ERROR] at org.apache.maven.surefire.junit4.JUnit4Provider.invoke(JUnit4Provider.java:103)
[ERROR] at org.apache.maven.surefire.booter.ForkedBooter.invokeProviderInSameClassLoader(ForkedBooter.java:200)
[ERROR] at org.apache.maven.surefire.booter.ForkedBooter.runSuitesInProcess(ForkedBooter.java:153)
[ERROR] at org.apache.maven.surefire.booter.ForkedBooter.main(ForkedBooter.java:103)
[ERROR] Caused by: java.lang.ClassNotFoundException: com_atlassian_clover.TestNameSniffer
[ERROR] at java.net.URLClassLoader.findClass(URLClassLoader.java:381)
[ERROR] at java.lang.ClassLoader.loadClass(ClassLoader.java:424)
[ERROR] at sun.misc.Launcher$AppClassLoader.loadClass(Launcher.java:331)
[ERROR] at java.lang.ClassLoader.loadClass(ClassLoader.java:357)
[ERROR] ... 16 more
[ERROR] -> [Help 1]
[ERROR] 
[ERROR] To see the full stack trace of the errors, re-run Maven with the -e switch.
[ERROR] Re-run Maven using the -X switch to enable full debug logging.
[ERROR] 
[ERROR] For more information about the errors and possible solutions, please read the following articles:
[ERROR] [Help 1] http://cwiki.apache.org/confluence/display/MAVEN/PluginExecutionException
