[INFO] Scanning for projects...
[WARNING] 
[WARNING] Some problems were encountered while building the effective model for org.springframework.webflow.issues:SWF-1483:war:1.0-SNAPSHOT
[WARNING] 'build.plugins.plugin.version' for org.apache.maven.plugins:maven-compiler-plugin is missing. @ line 206, column 12
[WARNING] 'build.plugins.plugin.version' for org.apache.maven.plugins:maven-surefire-plugin is missing. @ line 226, column 12
[WARNING] 
[WARNING] It is highly recommended to fix these problems because they threaten the stability of your build.
[WARNING] 
[WARNING] For this reason, future Maven versions might no longer support building such malformed projects.
[WARNING] 
[INFO]                                                                         
[INFO] ------------------------------------------------------------------------
[INFO] Building Spring Web Flow Issue Reproduction Project 1.0-SNAPSHOT
[INFO] ------------------------------------------------------------------------
[INFO] 
[INFO] --- maven-resources-plugin:2.6:resources (default-resources) @ SWF-1483 ---
[WARNING] Using platform encoding (UTF-8 actually) to copy filtered resources, i.e. build is platform dependent!
[INFO] Copying 1 resource
[INFO] 
[INFO] --- maven-compiler-plugin:3.1:compile (default-compile) @ SWF-1483 ---
[INFO] No sources to compile
[INFO] 
[INFO] --- maven-resources-plugin:2.6:testResources (default-testResources) @ SWF-1483 ---
[WARNING] Using platform encoding (UTF-8 actually) to copy filtered resources, i.e. build is platform dependent!
[INFO] Copying 1 resource
[INFO] 
[INFO] --- maven-compiler-plugin:3.1:testCompile (default-testCompile) @ SWF-1483 ---
[INFO] Nothing to compile - all classes are up to date
[INFO] 
[INFO] --- maven-surefire-plugin:2.12.4:test (default-test) @ SWF-1483 ---
[INFO] Surefire report directory: /home/guilherme/spring-projects/maven/spring-webflow-issues/SWF-1483/target/surefire-reports

-------------------------------------------------------
 T E S T S
-------------------------------------------------------
Running org.springframework.webflow.issues.MyFlowExecutionTests
2017-03-03 11:17:56,029 INFO [org.springframework.context.support.StaticApplicationContext] - <Refreshing org.springframework.context.support.StaticApplicationContext@5700d6b1: startup date [Fri Mar 03 11:17:56 BRT 2017]; root of context hierarchy>
2017-03-03 11:17:56,036 INFO [org.springframework.beans.factory.support.DefaultListableBeanFactory] - <Pre-instantiating singletons in org.springframework.beans.factory.support.DefaultListableBeanFactory@5a1c0542: defining beans []; root of factory hierarchy>
2017-03-03 11:17:56,149 INFO [org.springframework.context.support.GenericApplicationContext] - <Refreshing Flow ApplicationContext [myflow]: startup date [Fri Mar 03 11:17:56 BRT 2017]; parent: org.springframework.context.support.StaticApplicationContext@5700d6b1>
2017-03-03 11:17:56,177 INFO [org.springframework.beans.factory.support.DefaultListableBeanFactory] - <Pre-instantiating singletons in org.springframework.beans.factory.support.DefaultListableBeanFactory@5579bb86: defining beans [org.springframework.context.annotation.internalConfigurationAnnotationProcessor,org.springframework.context.annotation.internalAutowiredAnnotationProcessor,org.springframework.context.annotation.internalRequiredAnnotationProcessor,org.springframework.context.annotation.internalCommonAnnotationProcessor,org.springframework.context.annotation.ConfigurationClassPostProcessor$ImportAwareBeanPostProcessor#0]; parent: org.springframework.beans.factory.support.DefaultListableBeanFactory@5a1c0542>
2017-03-03 11:17:56,226 DEBUG [org.springframework.webflow.engine.impl.FlowExecutionImplFactory] - <Creating new execution of 'myflow'>
2017-03-03 11:17:56,229 DEBUG [org.springframework.webflow.engine.impl.FlowExecutionImpl] - <Starting in org.springframework.webflow.test.MockExternalContext@780cb77 with input map[[empty]]>
2017-03-03 11:17:56,232 DEBUG [org.springframework.webflow.engine.ViewState] - <Entering state 'view' of flow 'myflow'>
2017-03-03 11:17:56,232 DEBUG [org.springframework.webflow.engine.impl.FlowExecutionImpl] - <Assigned key 1>
2017-03-03 11:17:56,235 DEBUG [org.springframework.webflow.engine.ViewState] - <Rendering + [MockViewFactoryCreator.MockView@2b6856dd viewId = 'view']>
2017-03-03 11:17:56,235 DEBUG [org.springframework.webflow.engine.ViewState] - <  Flash scope = map[[empty]]>
2017-03-03 11:17:56,235 DEBUG [org.springframework.webflow.engine.ViewState] - <  Messages = [DefaultMessageContext@5db45159 sourceMessages = map[[null] -> list[[empty]]]]>
2017-03-03 11:17:56,238 INFO [org.springframework.context.support.StaticApplicationContext] - <Refreshing org.springframework.context.support.StaticApplicationContext@15761df8: startup date [Fri Mar 03 11:17:56 BRT 2017]; root of context hierarchy>
2017-03-03 11:17:56,239 INFO [org.springframework.beans.factory.support.DefaultListableBeanFactory] - <Pre-instantiating singletons in org.springframework.beans.factory.support.DefaultListableBeanFactory@327b636c: defining beans []; root of factory hierarchy>
2017-03-03 11:17:56,262 INFO [org.springframework.context.support.GenericApplicationContext] - <Refreshing Flow ApplicationContext [myflow]: startup date [Fri Mar 03 11:17:56 BRT 2017]; parent: org.springframework.context.support.StaticApplicationContext@15761df8>
2017-03-03 11:17:56,265 INFO [org.springframework.beans.factory.support.DefaultListableBeanFactory] - <Pre-instantiating singletons in org.springframework.beans.factory.support.DefaultListableBeanFactory@1a0dcaa: defining beans [org.springframework.context.annotation.internalConfigurationAnnotationProcessor,org.springframework.context.annotation.internalAutowiredAnnotationProcessor,org.springframework.context.annotation.internalRequiredAnnotationProcessor,org.springframework.context.annotation.internalCommonAnnotationProcessor,org.springframework.context.annotation.ConfigurationClassPostProcessor$ImportAwareBeanPostProcessor#0]; parent: org.springframework.beans.factory.support.DefaultListableBeanFactory@327b636c>
2017-03-03 11:17:56,266 DEBUG [org.springframework.webflow.engine.impl.FlowExecutionImplFactory] - <Creating new execution of 'myflow'>
2017-03-03 11:17:56,266 DEBUG [org.springframework.webflow.engine.impl.FlowExecutionImpl] - <Resuming in org.springframework.webflow.test.MockExternalContext@3bd40a57>
2017-03-03 11:17:56,267 DEBUG [org.springframework.webflow.engine.ViewState] - <Event 'continue' returned from view [MockViewFactoryCreator.MockView@a4102b8 viewId = 'view']>
2017-03-03 11:17:56,267 DEBUG [org.springframework.webflow.engine.Transition] - <Executing [Transition@11dc3715 on = continue, to = doSomething]>
2017-03-03 11:17:56,267 DEBUG [org.springframework.webflow.engine.Transition] - <Exiting state 'view'>
2017-03-03 11:17:56,267 DEBUG [org.springframework.webflow.engine.ActionState] - <Entering state 'doSomething' of flow 'myflow'>
2017-03-03 11:17:56,268 DEBUG [org.springframework.webflow.execution.ActionExecutor] - <Executing [EvaluateAction@79ca92b9 expression = 'someone', resultExpression = flowScope.name]>
2017-03-03 11:17:56,268 DEBUG [org.springframework.webflow.execution.AnnotatedAction] - <Putting action execution attributes map[[empty]]>
2017-03-03 11:17:56,273 DEBUG [org.springframework.webflow.execution.AnnotatedAction] - <Clearing action execution attributes map[[empty]]>
2017-03-03 11:17:56,273 DEBUG [org.springframework.webflow.execution.ActionExecutor] - <Finished executing [EvaluateAction@79ca92b9 expression = 'someone', resultExpression = flowScope.name]; result = someone>
2017-03-03 11:17:56,274 DEBUG [org.springframework.webflow.engine.ActionState] - <Action execution [1] resulted in no matching transition on event 'someone': proceeding to the next action in the list>
2017-03-03 11:17:56,274 DEBUG [org.springframework.webflow.execution.ActionExecutor] - <Executing [EvaluateAction@79ad8b2f expression = 'somewhere', resultExpression = flowScope.address]>
2017-03-03 11:17:56,274 DEBUG [org.springframework.webflow.execution.AnnotatedAction] - <Putting action execution attributes map[[empty]]>
2017-03-03 11:17:56,275 DEBUG [org.springframework.webflow.execution.AnnotatedAction] - <Clearing action execution attributes map[[empty]]>
2017-03-03 11:17:56,275 DEBUG [org.springframework.webflow.execution.ActionExecutor] - <Finished executing [EvaluateAction@79ad8b2f expression = 'somewhere', resultExpression = flowScope.address]; result = somewhere>
2017-03-03 11:17:56,275 DEBUG [org.springframework.webflow.engine.Transition] - <Executing [Transition@1df82230 on = flowScope.address, to = view]>
2017-03-03 11:17:56,275 DEBUG [org.springframework.webflow.engine.Transition] - <Exiting state 'doSomething'>
2017-03-03 11:17:56,275 DEBUG [org.springframework.webflow.engine.ViewState] - <Entering state 'view' of flow 'myflow'>
2017-03-03 11:17:56,275 DEBUG [org.springframework.webflow.engine.impl.FlowExecutionImpl] - <Assigned key 1>
2017-03-03 11:17:56,275 DEBUG [org.springframework.webflow.engine.ViewState] - <Rendering + [MockViewFactoryCreator.MockView@22635ba0 viewId = 'view']>
2017-03-03 11:17:56,275 DEBUG [org.springframework.webflow.engine.ViewState] - <  Flash scope = map[[empty]]>
2017-03-03 11:17:56,275 DEBUG [org.springframework.webflow.engine.ViewState] - <  Messages = [DefaultMessageContext@13c10b87 sourceMessages = map[[null] -> list[[empty]]]]>
2017-03-03 11:17:56,275 DEBUG [org.springframework.webflow.engine.Transition] - <Completed transition execution.  As a result, the new state is 'view' in flow 'myflow'>
2017-03-03 11:17:56,275 DEBUG [org.springframework.webflow.engine.Transition] - <Completed transition execution.  As a result, the new state is 'view' in flow 'myflow'>
Tests run: 2, Failures: 1, Errors: 0, Skipped: 0, Time elapsed: 0.44 sec <<< FAILURE!
testEndFlow(org.springframework.webflow.issues.MyFlowExecutionTests)  Time elapsed: 0.041 sec  <<< FAILURE!
junit.framework.AssertionFailedError: The flow execution is still active but it should have ended
	at junit.framework.Assert.fail(Assert.java:47)
	at junit.framework.Assert.assertTrue(Assert.java:20)
	at org.springframework.webflow.test.execution.AbstractFlowExecutionTests.assertFlowExecutionEnded(AbstractFlowExecutionTests.java:315)
	at org.springframework.webflow.issues.MyFlowExecutionTests.testEndFlow(MyFlowExecutionTests.java:43)
	at sun.reflect.NativeMethodAccessorImpl.invoke0(Native Method)
	at sun.reflect.NativeMethodAccessorImpl.invoke(NativeMethodAccessorImpl.java:62)
	at sun.reflect.DelegatingMethodAccessorImpl.invoke(DelegatingMethodAccessorImpl.java:43)
	at java.lang.reflect.Method.invoke(Method.java:498)
	at junit.framework.TestCase.runTest(TestCase.java:168)
	at junit.framework.TestCase.runBare(TestCase.java:134)
	at junit.framework.TestResult$1.protect(TestResult.java:110)
	at junit.framework.TestResult.runProtected(TestResult.java:128)
	at junit.framework.TestResult.run(TestResult.java:113)
	at junit.framework.TestCase.run(TestCase.java:124)
	at junit.framework.TestSuite.runTest(TestSuite.java:232)
	at junit.framework.TestSuite.run(TestSuite.java:227)
	at org.junit.internal.runners.JUnit38ClassRunner.run(JUnit38ClassRunner.java:83)
	at org.apache.maven.surefire.junit4.JUnit4Provider.execute(JUnit4Provider.java:252)
	at org.apache.maven.surefire.junit4.JUnit4Provider.executeTestSet(JUnit4Provider.java:141)
	at org.apache.maven.surefire.junit4.JUnit4Provider.invoke(JUnit4Provider.java:112)
	at sun.reflect.NativeMethodAccessorImpl.invoke0(Native Method)
	at sun.reflect.NativeMethodAccessorImpl.invoke(NativeMethodAccessorImpl.java:62)
	at sun.reflect.DelegatingMethodAccessorImpl.invoke(DelegatingMethodAccessorImpl.java:43)
	at java.lang.reflect.Method.invoke(Method.java:498)
	at org.apache.maven.surefire.util.ReflectionUtils.invokeMethodWithArray(ReflectionUtils.java:189)
	at org.apache.maven.surefire.booter.ProviderFactory$ProviderProxy.invoke(ProviderFactory.java:165)
	at org.apache.maven.surefire.booter.ProviderFactory.invokeProvider(ProviderFactory.java:85)
	at org.apache.maven.surefire.booter.ForkedBooter.runSuitesInProcess(ForkedBooter.java:115)
	at org.apache.maven.surefire.booter.ForkedBooter.main(ForkedBooter.java:75)


Results :

Failed tests:   testEndFlow(org.springframework.webflow.issues.MyFlowExecutionTests): The flow execution is still active but it should have ended

Tests run: 2, Failures: 1, Errors: 0, Skipped: 0

[INFO] ------------------------------------------------------------------------
[INFO] BUILD FAILURE
[INFO] ------------------------------------------------------------------------
[INFO] Total time: 1.703 s
[INFO] Finished at: 2017-03-03T11:17:56-03:00
[INFO] Final Memory: 10M/150M
[INFO] ------------------------------------------------------------------------
[ERROR] Failed to execute goal org.apache.maven.plugins:maven-surefire-plugin:2.12.4:test (default-test) on project SWF-1483: There are test failures.
[ERROR] 
[ERROR] Please refer to /home/guilherme/spring-projects/maven/spring-webflow-issues/SWF-1483/target/surefire-reports for the individual test results.
[ERROR] -> [Help 1]
[ERROR] 
[ERROR] To see the full stack trace of the errors, re-run Maven with the -e switch.
[ERROR] Re-run Maven using the -X switch to enable full debug logging.
[ERROR] 
[ERROR] For more information about the errors and possible solutions, please read the following articles:
[ERROR] [Help 1] http://cwiki.apache.org/confluence/display/MAVEN/MojoFailureException
