<?xml version="1.0" encoding="UTF-8"?>
<testsuite xmlns:xsi="http://www.w3.org/2001/XMLSchema-instance" xsi:schemaLocation="https://maven.apache.org/surefire/maven-surefire-plugin/xsd/surefire-test-report.xsd" name="org.springframework.data.redis.core.DefaultValueOperationsTests" time="1.27" tests="339" errors="339" skipped="0" failures="0">
  <properties>
[...]
</properties>
  <testcase name="testSetAndGetBit[0]" classname="org.springframework.data.redis.core.DefaultValueOperationsTests" time="0.034">
    <error message="Cannot get Jedis connection; nested exception is redis.clients.jedis.exceptions.JedisConnectionException: Could not get a resource from the pool" type="org.springframework.data.redis.RedisConnectionFailureException">org.springframework.data.redis.RedisConnectionFailureException: Cannot get Jedis connection; nested exception is redis.clients.jedis.exceptions.JedisConnectionException: Could not get a resource from the pool
	at org.springframework.data.redis.core.DefaultValueOperationsTests.testSetAndGetBit(DefaultValueOperationsTests.java:300)
Caused by: redis.clients.jedis.exceptions.JedisConnectionException: Could not get a resource from the pool
	at org.springframework.data.redis.core.DefaultValueOperationsTests.testSetAndGetBit(DefaultValueOperationsTests.java:300)
Caused by: redis.clients.jedis.exceptions.JedisConnectionException: java.net.ConnectException: Conexão recusada
	at org.springframework.data.redis.core.DefaultValueOperationsTests.testSetAndGetBit(DefaultValueOperationsTests.java:300)
Caused by: java.net.ConnectException: Conexão recusada
	at org.springframework.data.redis.core.DefaultValueOperationsTests.testSetAndGetBit(DefaultValueOperationsTests.java:300)
</error>
  </testcase>
  <testcase name="testSetAndGetBit[0]" classname="org.springframework.data.redis.core.DefaultValueOperationsTests" time="0.038">
    <error message="Cannot get Jedis connection; nested exception is redis.clients.jedis.exceptions.JedisConnectionException: Could not get a resource from the pool" type="org.springframework.data.redis.RedisConnectionFailureException">org.springframework.data.redis.RedisConnectionFailureException: Cannot get Jedis connection; nested exception is redis.clients.jedis.exceptions.JedisConnectionException: Could not get a resource from the pool
	at org.springframework.data.redis.core.DefaultValueOperationsTests.tearDown(DefaultValueOperationsTests.java:91)
Caused by: redis.clients.jedis.exceptions.JedisConnectionException: Could not get a resource from the pool
	at org.springframework.data.redis.core.DefaultValueOperationsTests.tearDown(DefaultValueOperationsTests.java:91)
Caused by: redis.clients.jedis.exceptions.JedisConnectionException: java.net.ConnectException: Conexão recusada
	at org.springframework.data.redis.core.DefaultValueOperationsTests.tearDown(DefaultValueOperationsTests.java:91)
Caused by: java.net.ConnectException: Conexão recusada
	at org.springframework.data.redis.core.DefaultValueOperationsTests.tearDown(DefaultValueOperationsTests.java:91)
</error>
  </testcase>
  <testcase name="testGetRange[0]" classname="org.springframework.data.redis.core.DefaultValueOperationsTests" time="0.004">
    <error message="Cannot get Jedis connection; nested exception is redis.clients.jedis.exceptions.JedisConnectionException: Could not get a resource from the pool" type="org.springframework.data.redis.RedisConnectionFailureException">org.springframework.data.redis.RedisConnectionFailureException: Cannot get Jedis connection; nested exception is redis.clients.jedis.exceptions.JedisConnectionException: Could not get a resource from the pool
	at org.springframework.data.redis.core.DefaultValueOperationsTests.testGetRange(DefaultValueOperationsTests.java:232)
Caused by: redis.clients.jedis.exceptions.JedisConnectionException: Could not get a resource from the pool
	at org.springframework.data.redis.core.DefaultValueOperationsTests.testGetRange(DefaultValueOperationsTests.java:232)
Caused by: redis.clients.jedis.exceptions.JedisConnectionException: java.net.ConnectException: Conexão recusada
	at org.springframework.data.redis.core.DefaultValueOperationsTests.testGetRange(DefaultValueOperationsTests.java:232)
Caused by: java.net.ConnectException: Conexão recusada
	at org.springframework.data.redis.core.DefaultValueOperationsTests.testGetRange(DefaultValueOperationsTests.java:232)
</error>
  </testcase>
  <testcase name="testGetRange[0]" classname="org.springframework.data.redis.core.DefaultValueOperationsTests" time="0.004">
    <error message="Cannot get Jedis connection; nested exception is redis.clients.jedis.exceptions.JedisConnectionException: Could not get a resource from the pool" type="org.springframework.data.redis.RedisConnectionFailureException">org.springframework.data.redis.RedisConnectionFailureException: Cannot get Jedis connection; nested exception is redis.clients.jedis.exceptions.JedisConnectionException: Could not get a resource from the pool
	at org.springframework.data.redis.core.DefaultValueOperationsTests.tearDown(DefaultValueOperationsTests.java:91)
Caused by: redis.clients.jedis.exceptions.JedisConnectionException: Could not get a resource from the pool
	at org.springframework.data.redis.core.DefaultValueOperationsTests.tearDown(DefaultValueOperationsTests.java:91)
Caused by: redis.clients.jedis.exceptions.JedisConnectionException: java.net.ConnectException: Conexão recusada
	at org.springframework.data.redis.core.DefaultValueOperationsTests.tearDown(DefaultValueOperationsTests.java:91)
Caused by: java.net.ConnectException: Conexão recusada
	at org.springframework.data.redis.core.DefaultValueOperationsTests.tearDown(DefaultValueOperationsTests.java:91)
</error>
  </testcase>
  <testcase name="testSize[0]" classname="org.springframework.data.redis.core.DefaultValueOperationsTests" time="0.001">
    <error message="Cannot get Jedis connection; nested exception is redis.clients.jedis.exceptions.JedisConnectionException: Could not get a resource from the pool" type="org.springframework.data.redis.RedisConnectionFailureException">org.springframework.data.redis.RedisConnectionFailureException: Cannot get Jedis connection; nested exception is redis.clients.jedis.exceptions.JedisConnectionException: Could not get a resource from the pool
	at org.springframework.data.redis.core.DefaultValueOperationsTests.testSize(DefaultValueOperationsTests.java:260)
Caused by: redis.clients.jedis.exceptions.JedisConnectionException: Could not get a resource from the pool
	at org.springframework.data.redis.core.DefaultValueOperationsTests.testSize(DefaultValueOperationsTests.java:260)
Caused by: redis.clients.jedis.exceptions.JedisConnectionException: java.net.ConnectException: Conexão recusada
	at org.springframework.data.redis.core.DefaultValueOperationsTests.testSize(DefaultValueOperationsTests.java:260)
Caused by: java.net.ConnectException: Conexão recusada
	at org.springframework.data.redis.core.DefaultValueOperationsTests.testSize(DefaultValueOperationsTests.java:260)
</error>
  </testcase>
  <testcase name="testSize[0]" classname="org.springframework.data.redis.core.DefaultValueOperationsTests" time="0.001">
    <error message="Cannot get Jedis connection; nested exception is redis.clients.jedis.exceptions.JedisConnectionException: Could not get a resource from the pool" type="org.springframework.data.redis.RedisConnectionFailureException">org.springframework.data.redis.RedisConnectionFailureException: Cannot get Jedis connection; nested exception is redis.clients.jedis.exceptions.JedisConnectionException: Could not get a resource from the pool
	at org.springframework.data.redis.core.DefaultValueOperationsTests.tearDown(DefaultValueOperationsTests.java:91)
Caused by: redis.clients.jedis.exceptions.JedisConnectionException: Could not get a resource from the pool
	at org.springframework.data.redis.core.DefaultValueOperationsTests.tearDown(DefaultValueOperationsTests.java:91)
Caused by: redis.clients.jedis.exceptions.JedisConnectionException: java.net.ConnectException: Conexão recusada
	at org.springframework.data.redis.core.DefaultValueOperationsTests.tearDown(DefaultValueOperationsTests.java:91)
Caused by: java.net.ConnectException: Conexão recusada
	at org.springframework.data.redis.core.DefaultValueOperationsTests.tearDown(DefaultValueOperationsTests.java:91)
</error>
  </testcase>
  <testcase name="testMultiSetIfAbsentFailure[0]" classname="org.springframework.data.redis.core.DefaultValueOperationsTests" time="0.002">
    <error message="Cannot get Jedis connection; nested exception is redis.clients.jedis.exceptions.JedisConnectionException: Could not get a resource from the pool" type="org.springframework.data.redis.RedisConnectionFailureException">org.springframework.data.redis.RedisConnectionFailureException: Cannot get Jedis connection; nested exception is redis.clients.jedis.exceptions.JedisConnectionException: Could not get a resource from the pool
	at org.springframework.data.redis.core.DefaultValueOperationsTests.testMultiSetIfAbsentFailure(DefaultValueOperationsTests.java:150)
Caused by: redis.clients.jedis.exceptions.JedisConnectionException: Could not get a resource from the pool
	at org.springframework.data.redis.core.DefaultValueOperationsTests.testMultiSetIfAbsentFailure(DefaultValueOperationsTests.java:150)
Caused by: redis.clients.jedis.exceptions.JedisConnectionException: java.net.ConnectException: Conexão recusada
	at org.springframework.data.redis.core.DefaultValueOperationsTests.testMultiSetIfAbsentFailure(DefaultValueOperationsTests.java:150)
Caused by: java.net.ConnectException: Conexão recusada
	at org.springframework.data.redis.core.DefaultValueOperationsTests.testMultiSetIfAbsentFailure(DefaultValueOperationsTests.java:150)
</error>
  </testcase>
  <testcase name="testMultiSetIfAbsentFailure[0]" classname="org.springframework.data.redis.core.DefaultValueOperationsTests" time="0.002">
    <error message="Cannot get Jedis connection; nested exception is redis.clients.jedis.exceptions.JedisConnectionException: Could not get a resource from the pool" type="org.springframework.data.redis.RedisConnectionFailureException">org.springframework.data.redis.RedisConnectionFailureException: Cannot get Jedis connection; nested exception is redis.clients.jedis.exceptions.JedisConnectionException: Could not get a resource from the pool
	at org.springframework.data.redis.core.DefaultValueOperationsTests.tearDown(DefaultValueOperationsTests.java:91)
Caused by: redis.clients.jedis.exceptions.JedisConnectionException: Could not get a resource from the pool
	at org.springframework.data.redis.core.DefaultValueOperationsTests.tearDown(DefaultValueOperationsTests.java:91)
Caused by: redis.clients.jedis.exceptions.JedisConnectionException: java.net.ConnectException: Conexão recusada
	at org.springframework.data.redis.core.DefaultValueOperationsTests.tearDown(DefaultValueOperationsTests.java:91)
Caused by: java.net.ConnectException: Conexão recusada
	at org.springframework.data.redis.core.DefaultValueOperationsTests.tearDown(DefaultValueOperationsTests.java:91)
</error>
  </testcase>
  <testcase name="testIncrementDouble[0]" classname="org.springframework.data.redis.core.DefaultValueOperationsTests" time="0.01">
    <error type="java.lang.ExceptionInInitializerError">java.lang.ExceptionInInitializerError
	at org.springframework.data.redis.core.DefaultValueOperationsTests.testIncrementDouble(DefaultValueOperationsTests.java:117)
Caused by: redis.clients.jedis.exceptions.JedisConnectionException: java.net.ConnectException: Conexão recusada
	at org.springframework.data.redis.core.DefaultValueOperationsTests.testIncrementDouble(DefaultValueOperationsTests.java:117)
Caused by: java.net.ConnectException: Conexão recusada
	at org.springframework.data.redis.core.DefaultValueOperationsTests.testIncrementDouble(DefaultValueOperationsTests.java:117)
</error>
  </testcase>
  <testcase name="testIncrementDouble[0]" classname="org.springframework.data.redis.core.DefaultValueOperationsTests" time="0.015">
    <error message="Cannot get Jedis connection; nested exception is redis.clients.jedis.exceptions.JedisConnectionException: Could not get a resource from the pool" type="org.springframework.data.redis.RedisConnectionFailureException">org.springframework.data.redis.RedisConnectionFailureException: Cannot get Jedis connection; nested exception is redis.clients.jedis.exceptions.JedisConnectionException: Could not get a resource from the pool
	at org.springframework.data.redis.core.DefaultValueOperationsTests.tearDown(DefaultValueOperationsTests.java:91)
Caused by: redis.clients.jedis.exceptions.JedisConnectionException: Could not get a resource from the pool
	at org.springframework.data.redis.core.DefaultValueOperationsTests.tearDown(DefaultValueOperationsTests.java:91)
Caused by: redis.clients.jedis.exceptions.JedisConnectionException: java.net.ConnectException: Conexão recusada
	at org.springframework.data.redis.core.DefaultValueOperationsTests.tearDown(DefaultValueOperationsTests.java:91)
Caused by: java.net.ConnectException: Conexão recusada
	at org.springframework.data.redis.core.DefaultValueOperationsTests.tearDown(DefaultValueOperationsTests.java:91)
</error>
  </testcase>
  <testcase name="testSetWithExpirationWithTimeUnitMilliseconds[0]" classname="org.springframework.data.redis.core.DefaultValueOperationsTests" time="0.002">
    <error message="Could not initialize class org.springframework.data.redis.RedisTestProfileValueSource" type="java.lang.NoClassDefFoundError">java.lang.NoClassDefFoundError: Could not initialize class org.springframework.data.redis.RedisTestProfileValueSource
	at org.springframework.data.redis.core.DefaultValueOperationsTests.testSetWithExpirationWithTimeUnitMilliseconds(DefaultValueOperationsTests.java:206)
</error>
  </testcase>
  <testcase name="testSetWithExpirationWithTimeUnitMilliseconds[0]" classname="org.springframework.data.redis.core.DefaultValueOperationsTests" time="0.002">
    <error message="Cannot get Jedis connection; nested exception is redis.clients.jedis.exceptions.JedisConnectionException: Could not get a resource from the pool" type="org.springframework.data.redis.RedisConnectionFailureException">org.springframework.data.redis.RedisConnectionFailureException: Cannot get Jedis connection; nested exception is redis.clients.jedis.exceptions.JedisConnectionException: Could not get a resource from the pool
	at org.springframework.data.redis.core.DefaultValueOperationsTests.tearDown(DefaultValueOperationsTests.java:91)
Caused by: redis.clients.jedis.exceptions.JedisConnectionException: Could not get a resource from the pool
	at org.springframework.data.redis.core.DefaultValueOperationsTests.tearDown(DefaultValueOperationsTests.java:91)
Caused by: redis.clients.jedis.exceptions.JedisConnectionException: java.net.ConnectException: Conexão recusada
	at org.springframework.data.redis.core.DefaultValueOperationsTests.tearDown(DefaultValueOperationsTests.java:91)
Caused by: java.net.ConnectException: Conexão recusada
	at org.springframework.data.redis.core.DefaultValueOperationsTests.tearDown(DefaultValueOperationsTests.java:91)
</error>
  </testcase>
  <testcase name="testRawKeys[0]" classname="org.springframework.data.redis.core.DefaultValueOperationsTests" time="0">
    <error message="Cannot get Jedis connection; nested exception is redis.clients.jedis.exceptions.JedisConnectionException: Could not get a resource from the pool" type="org.springframework.data.redis.RedisConnectionFailureException">org.springframework.data.redis.RedisConnectionFailureException: Cannot get Jedis connection; nested exception is redis.clients.jedis.exceptions.JedisConnectionException: Could not get a resource from the pool
	at org.springframework.data.redis.core.DefaultValueOperationsTests.tearDown(DefaultValueOperationsTests.java:91)
Caused by: redis.clients.jedis.exceptions.JedisConnectionException: Could not get a resource from the pool
	at org.springframework.data.redis.core.DefaultValueOperationsTests.tearDown(DefaultValueOperationsTests.java:91)
Caused by: redis.clients.jedis.exceptions.JedisConnectionException: java.net.ConnectException: Conexão recusada
	at org.springframework.data.redis.core.DefaultValueOperationsTests.tearDown(DefaultValueOperationsTests.java:91)
Caused by: java.net.ConnectException: Conexão recusada
	at org.springframework.data.redis.core.DefaultValueOperationsTests.tearDown(DefaultValueOperationsTests.java:91)
</error>
  </testcase>
  <testcase name="testGetAndSet[0]" classname="org.springframework.data.redis.core.DefaultValueOperationsTests" time="0">
    <error message="Cannot get Jedis connection; nested exception is redis.clients.jedis.exceptions.JedisConnectionException: Could not get a resource from the pool" type="org.springframework.data.redis.RedisConnectionFailureException">org.springframework.data.redis.RedisConnectionFailureException: Cannot get Jedis connection; nested exception is redis.clients.jedis.exceptions.JedisConnectionException: Could not get a resource from the pool
	at org.springframework.data.redis.core.DefaultValueOperationsTests.testGetAndSet(DefaultValueOperationsTests.java:183)
Caused by: redis.clients.jedis.exceptions.JedisConnectionException: Could not get a resource from the pool
	at org.springframework.data.redis.core.DefaultValueOperationsTests.testGetAndSet(DefaultValueOperationsTests.java:183)
Caused by: redis.clients.jedis.exceptions.JedisConnectionException: java.net.ConnectException: Conexão recusada
	at org.springframework.data.redis.core.DefaultValueOperationsTests.testGetAndSet(DefaultValueOperationsTests.java:183)
Caused by: java.net.ConnectException: Conexão recusada
	at org.springframework.data.redis.core.DefaultValueOperationsTests.testGetAndSet(DefaultValueOperationsTests.java:183)
</error>
  </testcase>
  <testcase name="testGetAndSet[0]" classname="org.springframework.data.redis.core.DefaultValueOperationsTests" time="0.006">
    <error message="Cannot get Jedis connection; nested exception is redis.clients.jedis.exceptions.JedisConnectionException: Could not get a resource from the pool" type="org.springframework.data.redis.RedisConnectionFailureException">org.springframework.data.redis.RedisConnectionFailureException: Cannot get Jedis connection; nested exception is redis.clients.jedis.exceptions.JedisConnectionException: Could not get a resource from the pool
	at org.springframework.data.redis.core.DefaultValueOperationsTests.tearDown(DefaultValueOperationsTests.java:91)
Caused by: redis.clients.jedis.exceptions.JedisConnectionException: Could not get a resource from the pool
	at org.springframework.data.redis.core.DefaultValueOperationsTests.tearDown(DefaultValueOperationsTests.java:91)
Caused by: redis.clients.jedis.exceptions.JedisConnectionException: java.net.ConnectException: Conexão recusada
	at org.springframework.data.redis.core.DefaultValueOperationsTests.tearDown(DefaultValueOperationsTests.java:91)
Caused by: java.net.ConnectException: Conexão recusada
	at org.springframework.data.redis.core.DefaultValueOperationsTests.tearDown(DefaultValueOperationsTests.java:91)
</error>
  </testcase>
  <testcase name="testDeserializeKey[0]" classname="org.springframework.data.redis.core.DefaultValueOperationsTests" time="0">
    <error message="got: &lt;false&gt;, expected: is &lt;true&gt;" type="org.junit.AssumptionViolatedException"><![CDATA[org.junit.AssumptionViolatedException: got: <false>, expected: is <true>
	at org.springframework.data.redis.core.DefaultValueOperationsTests.testDeserializeKey(DefaultValueOperationsTests.java:286)
]]></error>
  </testcase>
  <testcase name="testDeserializeKey[0]" classname="org.springframework.data.redis.core.DefaultValueOperationsTests" time="0">
    <error message="Cannot get Jedis connection; nested exception is redis.clients.jedis.exceptions.JedisConnectionException: Could not get a resource from the pool" type="org.springframework.data.redis.RedisConnectionFailureException">org.springframework.data.redis.RedisConnectionFailureException: Cannot get Jedis connection; nested exception is redis.clients.jedis.exceptions.JedisConnectionException: Could not get a resource from the pool
	at org.springframework.data.redis.core.DefaultValueOperationsTests.tearDown(DefaultValueOperationsTests.java:91)
Caused by: redis.clients.jedis.exceptions.JedisConnectionException: Could not get a resource from the pool
	at org.springframework.data.redis.core.DefaultValueOperationsTests.tearDown(DefaultValueOperationsTests.java:91)
Caused by: redis.clients.jedis.exceptions.JedisConnectionException: java.net.ConnectException: Conexão recusada
	at org.springframework.data.redis.core.DefaultValueOperationsTests.tearDown(DefaultValueOperationsTests.java:91)
Caused by: java.net.ConnectException: Conexão recusada
	at org.springframework.data.redis.core.DefaultValueOperationsTests.tearDown(DefaultValueOperationsTests.java:91)
</error>
  </testcase>
  <testcase name="testSetWithExpiration[0]" classname="org.springframework.data.redis.core.DefaultValueOperationsTests" time="0.001">
    <error message="Could not initialize class org.springframework.data.redis.RedisTestProfileValueSource" type="java.lang.NoClassDefFoundError">java.lang.NoClassDefFoundError: Could not initialize class org.springframework.data.redis.RedisTestProfileValueSource
	at org.springframework.data.redis.core.DefaultValueOperationsTests.testSetWithExpiration(DefaultValueOperationsTests.java:189)
</error>
  </testcase>
  <testcase name="testSetWithExpiration[0]" classname="org.springframework.data.redis.core.DefaultValueOperationsTests" time="0.002">
    <error message="Cannot get Jedis connection; nested exception is redis.clients.jedis.exceptions.JedisConnectionException: Could not get a resource from the pool" type="org.springframework.data.redis.RedisConnectionFailureException">org.springframework.data.redis.RedisConnectionFailureException: Cannot get Jedis connection; nested exception is redis.clients.jedis.exceptions.JedisConnectionException: Could not get a resource from the pool
	at org.springframework.data.redis.core.DefaultValueOperationsTests.tearDown(DefaultValueOperationsTests.java:91)
Caused by: redis.clients.jedis.exceptions.JedisConnectionException: Could not get a resource from the pool
	at org.springframework.data.redis.core.DefaultValueOperationsTests.tearDown(DefaultValueOperationsTests.java:91)
Caused by: redis.clients.jedis.exceptions.JedisConnectionException: java.net.ConnectException: Conexão recusada
	at org.springframework.data.redis.core.DefaultValueOperationsTests.tearDown(DefaultValueOperationsTests.java:91)
Caused by: java.net.ConnectException: Conexão recusada
	at org.springframework.data.redis.core.DefaultValueOperationsTests.tearDown(DefaultValueOperationsTests.java:91)
</error>
  </testcase>
  <testcase name="testAppend[0]" classname="org.springframework.data.redis.core.DefaultValueOperationsTests" time="0.001">
    <error message="Cannot get Jedis connection; nested exception is redis.clients.jedis.exceptions.JedisConnectionException: Could not get a resource from the pool" type="org.springframework.data.redis.RedisConnectionFailureException">org.springframework.data.redis.RedisConnectionFailureException: Cannot get Jedis connection; nested exception is redis.clients.jedis.exceptions.JedisConnectionException: Could not get a resource from the pool
	at org.springframework.data.redis.core.DefaultValueOperationsTests.testAppend(DefaultValueOperationsTests.java:222)
Caused by: redis.clients.jedis.exceptions.JedisConnectionException: Could not get a resource from the pool
	at org.springframework.data.redis.core.DefaultValueOperationsTests.testAppend(DefaultValueOperationsTests.java:222)
Caused by: redis.clients.jedis.exceptions.JedisConnectionException: java.net.ConnectException: Conexão recusada
	at org.springframework.data.redis.core.DefaultValueOperationsTests.testAppend(DefaultValueOperationsTests.java:222)
Caused by: java.net.ConnectException: Conexão recusada
	at org.springframework.data.redis.core.DefaultValueOperationsTests.testAppend(DefaultValueOperationsTests.java:222)
</error>
  </testcase>
  <testcase name="testAppend[0]" classname="org.springframework.data.redis.core.DefaultValueOperationsTests" time="0.001">
    <error message="Cannot get Jedis connection; nested exception is redis.clients.jedis.exceptions.JedisConnectionException: Could not get a resource from the pool" type="org.springframework.data.redis.RedisConnectionFailureException">org.springframework.data.redis.RedisConnectionFailureException: Cannot get Jedis connection; nested exception is redis.clients.jedis.exceptions.JedisConnectionException: Could not get a resource from the pool
	at org.springframework.data.redis.core.DefaultValueOperationsTests.tearDown(DefaultValueOperationsTests.java:91)
Caused by: redis.clients.jedis.exceptions.JedisConnectionException: Could not get a resource from the pool
	at org.springframework.data.redis.core.DefaultValueOperationsTests.tearDown(DefaultValueOperationsTests.java:91)
Caused by: redis.clients.jedis.exceptions.JedisConnectionException: java.net.ConnectException: Conexão recusada
	at org.springframework.data.redis.core.DefaultValueOperationsTests.tearDown(DefaultValueOperationsTests.java:91)
Caused by: java.net.ConnectException: Conexão recusada
	at org.springframework.data.redis.core.DefaultValueOperationsTests.tearDown(DefaultValueOperationsTests.java:91)
</error>
  </testcase>
  <testcase name="testIncrementLong[0]" classname="org.springframework.data.redis.core.DefaultValueOperationsTests" time="0.004">
    <error message="got: &lt;false&gt;, expected: is &lt;true&gt;" type="org.junit.AssumptionViolatedException"><![CDATA[org.junit.AssumptionViolatedException: got: <false>, expected: is <true>
	at org.springframework.data.redis.core.DefaultValueOperationsTests.testIncrementLong(DefaultValueOperationsTests.java:103)
]]></error>
  </testcase>
  <testcase name="testIncrementLong[0]" classname="org.springframework.data.redis.core.DefaultValueOperationsTests" time="0.005">
    <error message="Cannot get Jedis connection; nested exception is redis.clients.jedis.exceptions.JedisConnectionException: Could not get a resource from the pool" type="org.springframework.data.redis.RedisConnectionFailureException">org.springframework.data.redis.RedisConnectionFailureException: Cannot get Jedis connection; nested exception is redis.clients.jedis.exceptions.JedisConnectionException: Could not get a resource from the pool
	at org.springframework.data.redis.core.DefaultValueOperationsTests.tearDown(DefaultValueOperationsTests.java:91)
Caused by: redis.clients.jedis.exceptions.JedisConnectionException: Could not get a resource from the pool
	at org.springframework.data.redis.core.DefaultValueOperationsTests.tearDown(DefaultValueOperationsTests.java:91)
Caused by: redis.clients.jedis.exceptions.JedisConnectionException: java.net.ConnectException: Conexão recusada
	at org.springframework.data.redis.core.DefaultValueOperationsTests.tearDown(DefaultValueOperationsTests.java:91)
Caused by: java.net.ConnectException: Conexão recusada
	at org.springframework.data.redis.core.DefaultValueOperationsTests.tearDown(DefaultValueOperationsTests.java:91)
</error>
  </testcase>
  <testcase name="testMultiSet[0]" classname="org.springframework.data.redis.core.DefaultValueOperationsTests" time="0">
    <error message="Cannot get Jedis connection; nested exception is redis.clients.jedis.exceptions.JedisConnectionException: Could not get a resource from the pool" type="org.springframework.data.redis.RedisConnectionFailureException">org.springframework.data.redis.RedisConnectionFailureException: Cannot get Jedis connection; nested exception is redis.clients.jedis.exceptions.JedisConnectionException: Could not get a resource from the pool
	at org.springframework.data.redis.core.DefaultValueOperationsTests.testMultiSet(DefaultValueOperationsTests.java:166)
Caused by: redis.clients.jedis.exceptions.JedisConnectionException: Could not get a resource from the pool
	at org.springframework.data.redis.core.DefaultValueOperationsTests.testMultiSet(DefaultValueOperationsTests.java:166)
Caused by: redis.clients.jedis.exceptions.JedisConnectionException: java.net.ConnectException: Conexão recusada
	at org.springframework.data.redis.core.DefaultValueOperationsTests.testMultiSet(DefaultValueOperationsTests.java:166)
Caused by: java.net.ConnectException: Conexão recusada
	at org.springframework.data.redis.core.DefaultValueOperationsTests.testMultiSet(DefaultValueOperationsTests.java:166)
</error>
  </testcase>
  <testcase name="testMultiSet[0]" classname="org.springframework.data.redis.core.DefaultValueOperationsTests" time="0">
    <error message="Cannot get Jedis connection; nested exception is redis.clients.jedis.exceptions.JedisConnectionException: Could not get a resource from the pool" type="org.springframework.data.redis.RedisConnectionFailureException">org.springframework.data.redis.RedisConnectionFailureException: Cannot get Jedis connection; nested exception is redis.clients.jedis.exceptions.JedisConnectionException: Could not get a resource from the pool
	at org.springframework.data.redis.core.DefaultValueOperationsTests.tearDown(DefaultValueOperationsTests.java:91)
Caused by: redis.clients.jedis.exceptions.JedisConnectionException: Could not get a resource from the pool
	at org.springframework.data.redis.core.DefaultValueOperationsTests.tearDown(DefaultValueOperationsTests.java:91)
Caused by: redis.clients.jedis.exceptions.JedisConnectionException: java.net.ConnectException: Conexão recusada
	at org.springframework.data.redis.core.DefaultValueOperationsTests.tearDown(DefaultValueOperationsTests.java:91)
Caused by: java.net.ConnectException: Conexão recusada
	at org.springframework.data.redis.core.DefaultValueOperationsTests.tearDown(DefaultValueOperationsTests.java:91)
</error>
  </testcase>
  <testcase name="testGetSet[0]" classname="org.springframework.data.redis.core.DefaultValueOperationsTests" time="0">
    <error message="Cannot get Jedis connection; nested exception is redis.clients.jedis.exceptions.JedisConnectionException: Could not get a resource from the pool" type="org.springframework.data.redis.RedisConnectionFailureException">org.springframework.data.redis.RedisConnectionFailureException: Cannot get Jedis connection; nested exception is redis.clients.jedis.exceptions.JedisConnectionException: Could not get a resource from the pool
	at org.springframework.data.redis.core.DefaultValueOperationsTests.testGetSet(DefaultValueOperationsTests.java:174)
Caused by: redis.clients.jedis.exceptions.JedisConnectionException: Could not get a resource from the pool
	at org.springframework.data.redis.core.DefaultValueOperationsTests.testGetSet(DefaultValueOperationsTests.java:174)
Caused by: redis.clients.jedis.exceptions.JedisConnectionException: java.net.ConnectException: Conexão recusada
	at org.springframework.data.redis.core.DefaultValueOperationsTests.testGetSet(DefaultValueOperationsTests.java:174)
Caused by: java.net.ConnectException: Conexão recusada
	at org.springframework.data.redis.core.DefaultValueOperationsTests.testGetSet(DefaultValueOperationsTests.java:174)
</error>
  </testcase>
  <testcase name="testGetSet[0]" classname="org.springframework.data.redis.core.DefaultValueOperationsTests" time="0.003">
    <error message="Cannot get Jedis connection; nested exception is redis.clients.jedis.exceptions.JedisConnectionException: Could not get a resource from the pool" type="org.springframework.data.redis.RedisConnectionFailureException">org.springframework.data.redis.RedisConnectionFailureException: Cannot get Jedis connection; nested exception is redis.clients.jedis.exceptions.JedisConnectionException: Could not get a resource from the pool
	at org.springframework.data.redis.core.DefaultValueOperationsTests.tearDown(DefaultValueOperationsTests.java:91)
Caused by: redis.clients.jedis.exceptions.JedisConnectionException: Could not get a resource from the pool
	at org.springframework.data.redis.core.DefaultValueOperationsTests.tearDown(DefaultValueOperationsTests.java:91)
Caused by: redis.clients.jedis.exceptions.JedisConnectionException: java.net.ConnectException: Conexão recusada
	at org.springframework.data.redis.core.DefaultValueOperationsTests.tearDown(DefaultValueOperationsTests.java:91)
Caused by: java.net.ConnectException: Conexão recusada
	at org.springframework.data.redis.core.DefaultValueOperationsTests.tearDown(DefaultValueOperationsTests.java:91)
</error>
  </testcase>
  <testcase name="testMultiSetIfAbsent[0]" classname="org.springframework.data.redis.core.DefaultValueOperationsTests" time="0">
    <error message="Cannot get Jedis connection; nested exception is redis.clients.jedis.exceptions.JedisConnectionException: Could not get a resource from the pool" type="org.springframework.data.redis.RedisConnectionFailureException">org.springframework.data.redis.RedisConnectionFailureException: Cannot get Jedis connection; nested exception is redis.clients.jedis.exceptions.JedisConnectionException: Could not get a resource from the pool
	at org.springframework.data.redis.core.DefaultValueOperationsTests.testMultiSetIfAbsent(DefaultValueOperationsTests.java:139)
Caused by: redis.clients.jedis.exceptions.JedisConnectionException: Could not get a resource from the pool
	at org.springframework.data.redis.core.DefaultValueOperationsTests.testMultiSetIfAbsent(DefaultValueOperationsTests.java:139)
Caused by: redis.clients.jedis.exceptions.JedisConnectionException: java.net.ConnectException: Conexão recusada
	at org.springframework.data.redis.core.DefaultValueOperationsTests.testMultiSetIfAbsent(DefaultValueOperationsTests.java:139)
Caused by: java.net.ConnectException: Conexão recusada
	at org.springframework.data.redis.core.DefaultValueOperationsTests.testMultiSetIfAbsent(DefaultValueOperationsTests.java:139)
</error>
  </testcase>
  <testcase name="testMultiSetIfAbsent[0]" classname="org.springframework.data.redis.core.DefaultValueOperationsTests" time="0.001">
    <error message="Cannot get Jedis connection; nested exception is redis.clients.jedis.exceptions.JedisConnectionException: Could not get a resource from the pool" type="org.springframework.data.redis.RedisConnectionFailureException">org.springframework.data.redis.RedisConnectionFailureException: Cannot get Jedis connection; nested exception is redis.clients.jedis.exceptions.JedisConnectionException: Could not get a resource from the pool
	at org.springframework.data.redis.core.DefaultValueOperationsTests.tearDown(DefaultValueOperationsTests.java:91)
Caused by: redis.clients.jedis.exceptions.JedisConnectionException: Could not get a resource from the pool
	at org.springframework.data.redis.core.DefaultValueOperationsTests.tearDown(DefaultValueOperationsTests.java:91)
Caused by: redis.clients.jedis.exceptions.JedisConnectionException: java.net.ConnectException: Conexão recusada
	at org.springframework.data.redis.core.DefaultValueOperationsTests.tearDown(DefaultValueOperationsTests.java:91)
Caused by: java.net.ConnectException: Conexão recusada
	at org.springframework.data.redis.core.DefaultValueOperationsTests.tearDown(DefaultValueOperationsTests.java:91)
</error>
  </testcase>
  <testcase name="testSetIfAbsent[0]" classname="org.springframework.data.redis.core.DefaultValueOperationsTests" time="0.001">
    <error message="Cannot get Jedis connection; nested exception is redis.clients.jedis.exceptions.JedisConnectionException: Could not get a resource from the pool" type="org.springframework.data.redis.RedisConnectionFailureException">org.springframework.data.redis.RedisConnectionFailureException: Cannot get Jedis connection; nested exception is redis.clients.jedis.exceptions.JedisConnectionException: Could not get a resource from the pool
	at org.springframework.data.redis.core.DefaultValueOperationsTests.testSetIfAbsent(DefaultValueOperationsTests.java:252)
Caused by: redis.clients.jedis.exceptions.JedisConnectionException: Could not get a resource from the pool
	at org.springframework.data.redis.core.DefaultValueOperationsTests.testSetIfAbsent(DefaultValueOperationsTests.java:252)
Caused by: redis.clients.jedis.exceptions.JedisConnectionException: java.net.ConnectException: Conexão recusada
	at org.springframework.data.redis.core.DefaultValueOperationsTests.testSetIfAbsent(DefaultValueOperationsTests.java:252)
Caused by: java.net.ConnectException: Conexão recusada
	at org.springframework.data.redis.core.DefaultValueOperationsTests.testSetIfAbsent(DefaultValueOperationsTests.java:252)
</error>
  </testcase>
  <testcase name="testSetIfAbsent[0]" classname="org.springframework.data.redis.core.DefaultValueOperationsTests" time="0.001">
    <error message="Cannot get Jedis connection; nested exception is redis.clients.jedis.exceptions.JedisConnectionException: Could not get a resource from the pool" type="org.springframework.data.redis.RedisConnectionFailureException">org.springframework.data.redis.RedisConnectionFailureException: Cannot get Jedis connection; nested exception is redis.clients.jedis.exceptions.JedisConnectionException: Could not get a resource from the pool
	at org.springframework.data.redis.core.DefaultValueOperationsTests.tearDown(DefaultValueOperationsTests.java:91)
Caused by: redis.clients.jedis.exceptions.JedisConnectionException: Could not get a resource from the pool
	at org.springframework.data.redis.core.DefaultValueOperationsTests.tearDown(DefaultValueOperationsTests.java:91)
Caused by: redis.clients.jedis.exceptions.JedisConnectionException: java.net.ConnectException: Conexão recusada
	at org.springframework.data.redis.core.DefaultValueOperationsTests.tearDown(DefaultValueOperationsTests.java:91)
Caused by: java.net.ConnectException: Conexão recusada
	at org.springframework.data.redis.core.DefaultValueOperationsTests.tearDown(DefaultValueOperationsTests.java:91)
</error>
  </testcase>
  <testcase name="testRawKeysCollection[0]" classname="org.springframework.data.redis.core.DefaultValueOperationsTests" time="0.001">
    <error message="Cannot get Jedis connection; nested exception is redis.clients.jedis.exceptions.JedisConnectionException: Could not get a resource from the pool" type="org.springframework.data.redis.RedisConnectionFailureException">org.springframework.data.redis.RedisConnectionFailureException: Cannot get Jedis connection; nested exception is redis.clients.jedis.exceptions.JedisConnectionException: Could not get a resource from the pool
	at org.springframework.data.redis.core.DefaultValueOperationsTests.tearDown(DefaultValueOperationsTests.java:91)
Caused by: redis.clients.jedis.exceptions.JedisConnectionException: Could not get a resource from the pool
	at org.springframework.data.redis.core.DefaultValueOperationsTests.tearDown(DefaultValueOperationsTests.java:91)
Caused by: redis.clients.jedis.exceptions.JedisConnectionException: java.net.ConnectException: Conexão recusada
	at org.springframework.data.redis.core.DefaultValueOperationsTests.tearDown(DefaultValueOperationsTests.java:91)
Caused by: java.net.ConnectException: Conexão recusada
	at org.springframework.data.redis.core.DefaultValueOperationsTests.tearDown(DefaultValueOperationsTests.java:91)
</error>
  </testcase>
  <testcase name="testSetRange[0]" classname="org.springframework.data.redis.core.DefaultValueOperationsTests" time="0.001">
    <error message="Cannot get Jedis connection; nested exception is redis.clients.jedis.exceptions.JedisConnectionException: Could not get a resource from the pool" type="org.springframework.data.redis.RedisConnectionFailureException">org.springframework.data.redis.RedisConnectionFailureException: Cannot get Jedis connection; nested exception is redis.clients.jedis.exceptions.JedisConnectionException: Could not get a resource from the pool
	at org.springframework.data.redis.core.DefaultValueOperationsTests.testSetRange(DefaultValueOperationsTests.java:242)
Caused by: redis.clients.jedis.exceptions.JedisConnectionException: Could not get a resource from the pool
	at org.springframework.data.redis.core.DefaultValueOperationsTests.testSetRange(DefaultValueOperationsTests.java:242)
Caused by: redis.clients.jedis.exceptions.JedisConnectionException: java.net.ConnectException: Conexão recusada
	at org.springframework.data.redis.core.DefaultValueOperationsTests.testSetRange(DefaultValueOperationsTests.java:242)
Caused by: java.net.ConnectException: Conexão recusada
	at org.springframework.data.redis.core.DefaultValueOperationsTests.testSetRange(DefaultValueOperationsTests.java:242)
</error>
  </testcase>
  <testcase name="testSetRange[0]" classname="org.springframework.data.redis.core.DefaultValueOperationsTests" time="0.001">
    <error message="Cannot get Jedis connection; nested exception is redis.clients.jedis.exceptions.JedisConnectionException: Could not get a resource from the pool" type="org.springframework.data.redis.RedisConnectionFailureException">org.springframework.data.redis.RedisConnectionFailureException: Cannot get Jedis connection; nested exception is redis.clients.jedis.exceptions.JedisConnectionException: Could not get a resource from the pool
	at org.springframework.data.redis.core.DefaultValueOperationsTests.tearDown(DefaultValueOperationsTests.java:91)
Caused by: redis.clients.jedis.exceptions.JedisConnectionException: Could not get a resource from the pool
	at org.springframework.data.redis.core.DefaultValueOperationsTests.tearDown(DefaultValueOperationsTests.java:91)
Caused by: redis.clients.jedis.exceptions.JedisConnectionException: java.net.ConnectException: Conexão recusada
	at org.springframework.data.redis.core.DefaultValueOperationsTests.tearDown(DefaultValueOperationsTests.java:91)
Caused by: java.net.ConnectException: Conexão recusada
	at org.springframework.data.redis.core.DefaultValueOperationsTests.tearDown(DefaultValueOperationsTests.java:91)
</error>
  </testcase>
  <testcase name="testSetAndGetBit[1]" classname="org.springframework.data.redis.core.DefaultValueOperationsTests" time="0.003">
    <error message="got: &lt;false&gt;, expected: is &lt;true&gt;" type="org.junit.AssumptionViolatedException"><![CDATA[org.junit.AssumptionViolatedException: got: <false>, expected: is <true>
	at org.springframework.data.redis.core.DefaultValueOperationsTests.testSetAndGetBit(DefaultValueOperationsTests.java:296)
]]></error>
  </testcase>
  <testcase name="testSetAndGetBit[1]" classname="org.springframework.data.redis.core.DefaultValueOperationsTests" time="0.003">
    <error message="Cannot get Jedis connection; nested exception is redis.clients.jedis.exceptions.JedisConnectionException: Could not get a resource from the pool" type="org.springframework.data.redis.RedisConnectionFailureException">org.springframework.data.redis.RedisConnectionFailureException: Cannot get Jedis connection; nested exception is redis.clients.jedis.exceptions.JedisConnectionException: Could not get a resource from the pool
	at org.springframework.data.redis.core.DefaultValueOperationsTests.tearDown(DefaultValueOperationsTests.java:91)
Caused by: redis.clients.jedis.exceptions.JedisConnectionException: Could not get a resource from the pool
	at org.springframework.data.redis.core.DefaultValueOperationsTests.tearDown(DefaultValueOperationsTests.java:91)
Caused by: redis.clients.jedis.exceptions.JedisConnectionException: java.net.ConnectException: Conexão recusada
	at org.springframework.data.redis.core.DefaultValueOperationsTests.tearDown(DefaultValueOperationsTests.java:91)
Caused by: java.net.ConnectException: Conexão recusada
	at org.springframework.data.redis.core.DefaultValueOperationsTests.tearDown(DefaultValueOperationsTests.java:91)
</error>
  </testcase>
  <testcase name="testGetRange[1]" classname="org.springframework.data.redis.core.DefaultValueOperationsTests" time="0">
    <error message="got: &lt;false&gt;, expected: is &lt;true&gt;" type="org.junit.AssumptionViolatedException"><![CDATA[org.junit.AssumptionViolatedException: got: <false>, expected: is <true>
	at org.springframework.data.redis.core.DefaultValueOperationsTests.testGetRange(DefaultValueOperationsTests.java:231)
]]></error>
  </testcase>
  <testcase name="testGetRange[1]" classname="org.springframework.data.redis.core.DefaultValueOperationsTests" time="0">
    <error message="Cannot get Jedis connection; nested exception is redis.clients.jedis.exceptions.JedisConnectionException: Could not get a resource from the pool" type="org.springframework.data.redis.RedisConnectionFailureException">org.springframework.data.redis.RedisConnectionFailureException: Cannot get Jedis connection; nested exception is redis.clients.jedis.exceptions.JedisConnectionException: Could not get a resource from the pool
	at org.springframework.data.redis.core.DefaultValueOperationsTests.tearDown(DefaultValueOperationsTests.java:91)
Caused by: redis.clients.jedis.exceptions.JedisConnectionException: Could not get a resource from the pool
	at org.springframework.data.redis.core.DefaultValueOperationsTests.tearDown(DefaultValueOperationsTests.java:91)
Caused by: redis.clients.jedis.exceptions.JedisConnectionException: java.net.ConnectException: Conexão recusada
	at org.springframework.data.redis.core.DefaultValueOperationsTests.tearDown(DefaultValueOperationsTests.java:91)
Caused by: java.net.ConnectException: Conexão recusada
	at org.springframework.data.redis.core.DefaultValueOperationsTests.tearDown(DefaultValueOperationsTests.java:91)
</error>
  </testcase>
  <testcase name="testSize[1]" classname="org.springframework.data.redis.core.DefaultValueOperationsTests" time="0.005">
    <error message="Cannot get Jedis connection; nested exception is redis.clients.jedis.exceptions.JedisConnectionException: Could not get a resource from the pool" type="org.springframework.data.redis.RedisConnectionFailureException">org.springframework.data.redis.RedisConnectionFailureException: Cannot get Jedis connection; nested exception is redis.clients.jedis.exceptions.JedisConnectionException: Could not get a resource from the pool
	at org.springframework.data.redis.core.DefaultValueOperationsTests.testSize(DefaultValueOperationsTests.java:260)
Caused by: redis.clients.jedis.exceptions.JedisConnectionException: Could not get a resource from the pool
	at org.springframework.data.redis.core.DefaultValueOperationsTests.testSize(DefaultValueOperationsTests.java:260)
Caused by: redis.clients.jedis.exceptions.JedisConnectionException: java.net.ConnectException: Conexão recusada
	at org.springframework.data.redis.core.DefaultValueOperationsTests.testSize(DefaultValueOperationsTests.java:260)
Caused by: java.net.ConnectException: Conexão recusada
	at org.springframework.data.redis.core.DefaultValueOperationsTests.testSize(DefaultValueOperationsTests.java:260)
</error>
  </testcase>
  <testcase name="testSize[1]" classname="org.springframework.data.redis.core.DefaultValueOperationsTests" time="0.006">
    <error message="Cannot get Jedis connection; nested exception is redis.clients.jedis.exceptions.JedisConnectionException: Could not get a resource from the pool" type="org.springframework.data.redis.RedisConnectionFailureException">org.springframework.data.redis.RedisConnectionFailureException: Cannot get Jedis connection; nested exception is redis.clients.jedis.exceptions.JedisConnectionException: Could not get a resource from the pool
	at org.springframework.data.redis.core.DefaultValueOperationsTests.tearDown(DefaultValueOperationsTests.java:91)
Caused by: redis.clients.jedis.exceptions.JedisConnectionException: Could not get a resource from the pool
	at org.springframework.data.redis.core.DefaultValueOperationsTests.tearDown(DefaultValueOperationsTests.java:91)
Caused by: redis.clients.jedis.exceptions.JedisConnectionException: java.net.ConnectException: Conexão recusada
	at org.springframework.data.redis.core.DefaultValueOperationsTests.tearDown(DefaultValueOperationsTests.java:91)
Caused by: java.net.ConnectException: Conexão recusada
	at org.springframework.data.redis.core.DefaultValueOperationsTests.tearDown(DefaultValueOperationsTests.java:91)
</error>
  </testcase>
  <testcase name="testMultiSetIfAbsentFailure[1]" classname="org.springframework.data.redis.core.DefaultValueOperationsTests" time="0">
    <error message="Cannot get Jedis connection; nested exception is redis.clients.jedis.exceptions.JedisConnectionException: Could not get a resource from the pool" type="org.springframework.data.redis.RedisConnectionFailureException">org.springframework.data.redis.RedisConnectionFailureException: Cannot get Jedis connection; nested exception is redis.clients.jedis.exceptions.JedisConnectionException: Could not get a resource from the pool
	at org.springframework.data.redis.core.DefaultValueOperationsTests.testMultiSetIfAbsentFailure(DefaultValueOperationsTests.java:150)
Caused by: redis.clients.jedis.exceptions.JedisConnectionException: Could not get a resource from the pool
	at org.springframework.data.redis.core.DefaultValueOperationsTests.testMultiSetIfAbsentFailure(DefaultValueOperationsTests.java:150)
Caused by: redis.clients.jedis.exceptions.JedisConnectionException: java.net.ConnectException: Conexão recusada
	at org.springframework.data.redis.core.DefaultValueOperationsTests.testMultiSetIfAbsentFailure(DefaultValueOperationsTests.java:150)
Caused by: java.net.ConnectException: Conexão recusada
	at org.springframework.data.redis.core.DefaultValueOperationsTests.testMultiSetIfAbsentFailure(DefaultValueOperationsTests.java:150)
</error>
  </testcase>
  <testcase name="testMultiSetIfAbsentFailure[1]" classname="org.springframework.data.redis.core.DefaultValueOperationsTests" time="0">
    <error message="Cannot get Jedis connection; nested exception is redis.clients.jedis.exceptions.JedisConnectionException: Could not get a resource from the pool" type="org.springframework.data.redis.RedisConnectionFailureException">org.springframework.data.redis.RedisConnectionFailureException: Cannot get Jedis connection; nested exception is redis.clients.jedis.exceptions.JedisConnectionException: Could not get a resource from the pool
	at org.springframework.data.redis.core.DefaultValueOperationsTests.tearDown(DefaultValueOperationsTests.java:91)
Caused by: redis.clients.jedis.exceptions.JedisConnectionException: Could not get a resource from the pool
	at org.springframework.data.redis.core.DefaultValueOperationsTests.tearDown(DefaultValueOperationsTests.java:91)
Caused by: redis.clients.jedis.exceptions.JedisConnectionException: java.net.ConnectException: Conexão recusada
	at org.springframework.data.redis.core.DefaultValueOperationsTests.tearDown(DefaultValueOperationsTests.java:91)
Caused by: java.net.ConnectException: Conexão recusada
	at org.springframework.data.redis.core.DefaultValueOperationsTests.tearDown(DefaultValueOperationsTests.java:91)
</error>
  </testcase>
  <testcase name="testIncrementDouble[1]" classname="org.springframework.data.redis.core.DefaultValueOperationsTests" time="0">
    <error message="Could not initialize class org.springframework.data.redis.RedisTestProfileValueSource" type="java.lang.NoClassDefFoundError">java.lang.NoClassDefFoundError: Could not initialize class org.springframework.data.redis.RedisTestProfileValueSource
	at org.springframework.data.redis.core.DefaultValueOperationsTests.testIncrementDouble(DefaultValueOperationsTests.java:117)
</error>
  </testcase>
  <testcase name="testIncrementDouble[1]" classname="org.springframework.data.redis.core.DefaultValueOperationsTests" time="0">
    <error message="Cannot get Jedis connection; nested exception is redis.clients.jedis.exceptions.JedisConnectionException: Could not get a resource from the pool" type="org.springframework.data.redis.RedisConnectionFailureException">org.springframework.data.redis.RedisConnectionFailureException: Cannot get Jedis connection; nested exception is redis.clients.jedis.exceptions.JedisConnectionException: Could not get a resource from the pool
	at org.springframework.data.redis.core.DefaultValueOperationsTests.tearDown(DefaultValueOperationsTests.java:91)
Caused by: redis.clients.jedis.exceptions.JedisConnectionException: Could not get a resource from the pool
	at org.springframework.data.redis.core.DefaultValueOperationsTests.tearDown(DefaultValueOperationsTests.java:91)
Caused by: redis.clients.jedis.exceptions.JedisConnectionException: java.net.ConnectException: Conexão recusada
	at org.springframework.data.redis.core.DefaultValueOperationsTests.tearDown(DefaultValueOperationsTests.java:91)
Caused by: java.net.ConnectException: Conexão recusada
	at org.springframework.data.redis.core.DefaultValueOperationsTests.tearDown(DefaultValueOperationsTests.java:91)
</error>
  </testcase>
  <testcase name="testSetWithExpirationWithTimeUnitMilliseconds[1]" classname="org.springframework.data.redis.core.DefaultValueOperationsTests" time="0">
    <error message="Could not initialize class org.springframework.data.redis.RedisTestProfileValueSource" type="java.lang.NoClassDefFoundError">java.lang.NoClassDefFoundError: Could not initialize class org.springframework.data.redis.RedisTestProfileValueSource
	at org.springframework.data.redis.core.DefaultValueOperationsTests.testSetWithExpirationWithTimeUnitMilliseconds(DefaultValueOperationsTests.java:206)
</error>
  </testcase>
  <testcase name="testSetWithExpirationWithTimeUnitMilliseconds[1]" classname="org.springframework.data.redis.core.DefaultValueOperationsTests" time="0.001">
    <error message="Cannot get Jedis connection; nested exception is redis.clients.jedis.exceptions.JedisConnectionException: Could not get a resource from the pool" type="org.springframework.data.redis.RedisConnectionFailureException">org.springframework.data.redis.RedisConnectionFailureException: Cannot get Jedis connection; nested exception is redis.clients.jedis.exceptions.JedisConnectionException: Could not get a resource from the pool
	at org.springframework.data.redis.core.DefaultValueOperationsTests.tearDown(DefaultValueOperationsTests.java:91)
Caused by: redis.clients.jedis.exceptions.JedisConnectionException: Could not get a resource from the pool
	at org.springframework.data.redis.core.DefaultValueOperationsTests.tearDown(DefaultValueOperationsTests.java:91)
Caused by: redis.clients.jedis.exceptions.JedisConnectionException: java.net.ConnectException: Conexão recusada
	at org.springframework.data.redis.core.DefaultValueOperationsTests.tearDown(DefaultValueOperationsTests.java:91)
Caused by: java.net.ConnectException: Conexão recusada
	at org.springframework.data.redis.core.DefaultValueOperationsTests.tearDown(DefaultValueOperationsTests.java:91)
</error>
  </testcase>
  <testcase name="testRawKeys[1]" classname="org.springframework.data.redis.core.DefaultValueOperationsTests" time="0">
    <error message="Cannot get Jedis connection; nested exception is redis.clients.jedis.exceptions.JedisConnectionException: Could not get a resource from the pool" type="org.springframework.data.redis.RedisConnectionFailureException">org.springframework.data.redis.RedisConnectionFailureException: Cannot get Jedis connection; nested exception is redis.clients.jedis.exceptions.JedisConnectionException: Could not get a resource from the pool
	at org.springframework.data.redis.core.DefaultValueOperationsTests.tearDown(DefaultValueOperationsTests.java:91)
Caused by: redis.clients.jedis.exceptions.JedisConnectionException: Could not get a resource from the pool
	at org.springframework.data.redis.core.DefaultValueOperationsTests.tearDown(DefaultValueOperationsTests.java:91)
Caused by: redis.clients.jedis.exceptions.JedisConnectionException: java.net.ConnectException: Conexão recusada
	at org.springframework.data.redis.core.DefaultValueOperationsTests.tearDown(DefaultValueOperationsTests.java:91)
Caused by: java.net.ConnectException: Conexão recusada
	at org.springframework.data.redis.core.DefaultValueOperationsTests.tearDown(DefaultValueOperationsTests.java:91)
</error>
  </testcase>
  <testcase name="testGetAndSet[1]" classname="org.springframework.data.redis.core.DefaultValueOperationsTests" time="0.001">
    <error message="Cannot get Jedis connection; nested exception is redis.clients.jedis.exceptions.JedisConnectionException: Could not get a resource from the pool" type="org.springframework.data.redis.RedisConnectionFailureException">org.springframework.data.redis.RedisConnectionFailureException: Cannot get Jedis connection; nested exception is redis.clients.jedis.exceptions.JedisConnectionException: Could not get a resource from the pool
	at org.springframework.data.redis.core.DefaultValueOperationsTests.testGetAndSet(DefaultValueOperationsTests.java:183)
Caused by: redis.clients.jedis.exceptions.JedisConnectionException: Could not get a resource from the pool
	at org.springframework.data.redis.core.DefaultValueOperationsTests.testGetAndSet(DefaultValueOperationsTests.java:183)
Caused by: redis.clients.jedis.exceptions.JedisConnectionException: java.net.ConnectException: Conexão recusada
	at org.springframework.data.redis.core.DefaultValueOperationsTests.testGetAndSet(DefaultValueOperationsTests.java:183)
Caused by: java.net.ConnectException: Conexão recusada
	at org.springframework.data.redis.core.DefaultValueOperationsTests.testGetAndSet(DefaultValueOperationsTests.java:183)
</error>
  </testcase>
  <testcase name="testGetAndSet[1]" classname="org.springframework.data.redis.core.DefaultValueOperationsTests" time="0.001">
    <error message="Cannot get Jedis connection; nested exception is redis.clients.jedis.exceptions.JedisConnectionException: Could not get a resource from the pool" type="org.springframework.data.redis.RedisConnectionFailureException">org.springframework.data.redis.RedisConnectionFailureException: Cannot get Jedis connection; nested exception is redis.clients.jedis.exceptions.JedisConnectionException: Could not get a resource from the pool
	at org.springframework.data.redis.core.DefaultValueOperationsTests.tearDown(DefaultValueOperationsTests.java:91)
Caused by: redis.clients.jedis.exceptions.JedisConnectionException: Could not get a resource from the pool
	at org.springframework.data.redis.core.DefaultValueOperationsTests.tearDown(DefaultValueOperationsTests.java:91)
Caused by: redis.clients.jedis.exceptions.JedisConnectionException: java.net.ConnectException: Conexão recusada
	at org.springframework.data.redis.core.DefaultValueOperationsTests.tearDown(DefaultValueOperationsTests.java:91)
Caused by: java.net.ConnectException: Conexão recusada
	at org.springframework.data.redis.core.DefaultValueOperationsTests.tearDown(DefaultValueOperationsTests.java:91)
</error>
  </testcase>
  <testcase name="testDeserializeKey[1]" classname="org.springframework.data.redis.core.DefaultValueOperationsTests" time="0.001">
    <error message="got: &lt;false&gt;, expected: is &lt;true&gt;" type="org.junit.AssumptionViolatedException"><![CDATA[org.junit.AssumptionViolatedException: got: <false>, expected: is <true>
	at org.springframework.data.redis.core.DefaultValueOperationsTests.testDeserializeKey(DefaultValueOperationsTests.java:286)
]]></error>
  </testcase>
  <testcase name="testDeserializeKey[1]" classname="org.springframework.data.redis.core.DefaultValueOperationsTests" time="0.001">
    <error message="Cannot get Jedis connection; nested exception is redis.clients.jedis.exceptions.JedisConnectionException: Could not get a resource from the pool" type="org.springframework.data.redis.RedisConnectionFailureException">org.springframework.data.redis.RedisConnectionFailureException: Cannot get Jedis connection; nested exception is redis.clients.jedis.exceptions.JedisConnectionException: Could not get a resource from the pool
	at org.springframework.data.redis.core.DefaultValueOperationsTests.tearDown(DefaultValueOperationsTests.java:91)
Caused by: redis.clients.jedis.exceptions.JedisConnectionException: Could not get a resource from the pool
	at org.springframework.data.redis.core.DefaultValueOperationsTests.tearDown(DefaultValueOperationsTests.java:91)
Caused by: redis.clients.jedis.exceptions.JedisConnectionException: java.net.ConnectException: Conexão recusada
	at org.springframework.data.redis.core.DefaultValueOperationsTests.tearDown(DefaultValueOperationsTests.java:91)
Caused by: java.net.ConnectException: Conexão recusada
	at org.springframework.data.redis.core.DefaultValueOperationsTests.tearDown(DefaultValueOperationsTests.java:91)
</error>
  </testcase>
  <testcase name="testSetWithExpiration[1]" classname="org.springframework.data.redis.core.DefaultValueOperationsTests" time="0.001">
    <error message="Could not initialize class org.springframework.data.redis.RedisTestProfileValueSource" type="java.lang.NoClassDefFoundError">java.lang.NoClassDefFoundError: Could not initialize class org.springframework.data.redis.RedisTestProfileValueSource
	at org.springframework.data.redis.core.DefaultValueOperationsTests.testSetWithExpiration(DefaultValueOperationsTests.java:189)
</error>
  </testcase>
  <testcase name="testSetWithExpiration[1]" classname="org.springframework.data.redis.core.DefaultValueOperationsTests" time="0.001">
    <error message="Cannot get Jedis connection; nested exception is redis.clients.jedis.exceptions.JedisConnectionException: Could not get a resource from the pool" type="org.springframework.data.redis.RedisConnectionFailureException">org.springframework.data.redis.RedisConnectionFailureException: Cannot get Jedis connection; nested exception is redis.clients.jedis.exceptions.JedisConnectionException: Could not get a resource from the pool
	at org.springframework.data.redis.core.DefaultValueOperationsTests.tearDown(DefaultValueOperationsTests.java:91)
Caused by: redis.clients.jedis.exceptions.JedisConnectionException: Could not get a resource from the pool
	at org.springframework.data.redis.core.DefaultValueOperationsTests.tearDown(DefaultValueOperationsTests.java:91)
Caused by: redis.clients.jedis.exceptions.JedisConnectionException: java.net.ConnectException: Conexão recusada
	at org.springframework.data.redis.core.DefaultValueOperationsTests.tearDown(DefaultValueOperationsTests.java:91)
Caused by: java.net.ConnectException: Conexão recusada
	at org.springframework.data.redis.core.DefaultValueOperationsTests.tearDown(DefaultValueOperationsTests.java:91)
</error>
  </testcase>
  <testcase name="testAppend[1]" classname="org.springframework.data.redis.core.DefaultValueOperationsTests" time="0.001">
    <error message="got: &lt;false&gt;, expected: is &lt;true&gt;" type="org.junit.AssumptionViolatedException"><![CDATA[org.junit.AssumptionViolatedException: got: <false>, expected: is <true>
	at org.springframework.data.redis.core.DefaultValueOperationsTests.testAppend(DefaultValueOperationsTests.java:221)
]]></error>
  </testcase>
  <testcase name="testAppend[1]" classname="org.springframework.data.redis.core.DefaultValueOperationsTests" time="0.001">
    <error message="Cannot get Jedis connection; nested exception is redis.clients.jedis.exceptions.JedisConnectionException: Could not get a resource from the pool" type="org.springframework.data.redis.RedisConnectionFailureException">org.springframework.data.redis.RedisConnectionFailureException: Cannot get Jedis connection; nested exception is redis.clients.jedis.exceptions.JedisConnectionException: Could not get a resource from the pool
	at org.springframework.data.redis.core.DefaultValueOperationsTests.tearDown(DefaultValueOperationsTests.java:91)
Caused by: redis.clients.jedis.exceptions.JedisConnectionException: Could not get a resource from the pool
	at org.springframework.data.redis.core.DefaultValueOperationsTests.tearDown(DefaultValueOperationsTests.java:91)
Caused by: redis.clients.jedis.exceptions.JedisConnectionException: java.net.ConnectException: Conexão recusada
	at org.springframework.data.redis.core.DefaultValueOperationsTests.tearDown(DefaultValueOperationsTests.java:91)
Caused by: java.net.ConnectException: Conexão recusada
	at org.springframework.data.redis.core.DefaultValueOperationsTests.tearDown(DefaultValueOperationsTests.java:91)
</error>
  </testcase>
  <testcase name="testIncrementLong[1]" classname="org.springframework.data.redis.core.DefaultValueOperationsTests" time="0.001">
    <error message="Cannot get Jedis connection; nested exception is redis.clients.jedis.exceptions.JedisConnectionException: Could not get a resource from the pool" type="org.springframework.data.redis.RedisConnectionFailureException">org.springframework.data.redis.RedisConnectionFailureException: Cannot get Jedis connection; nested exception is redis.clients.jedis.exceptions.JedisConnectionException: Could not get a resource from the pool
	at org.springframework.data.redis.core.DefaultValueOperationsTests.testIncrementLong(DefaultValueOperationsTests.java:104)
Caused by: redis.clients.jedis.exceptions.JedisConnectionException: Could not get a resource from the pool
	at org.springframework.data.redis.core.DefaultValueOperationsTests.testIncrementLong(DefaultValueOperationsTests.java:104)
Caused by: redis.clients.jedis.exceptions.JedisConnectionException: java.net.ConnectException: Conexão recusada
	at org.springframework.data.redis.core.DefaultValueOperationsTests.testIncrementLong(DefaultValueOperationsTests.java:104)
Caused by: java.net.ConnectException: Conexão recusada
	at org.springframework.data.redis.core.DefaultValueOperationsTests.testIncrementLong(DefaultValueOperationsTests.java:104)
</error>
  </testcase>
  <testcase name="testIncrementLong[1]" classname="org.springframework.data.redis.core.DefaultValueOperationsTests" time="0.001">
    <error message="Cannot get Jedis connection; nested exception is redis.clients.jedis.exceptions.JedisConnectionException: Could not get a resource from the pool" type="org.springframework.data.redis.RedisConnectionFailureException">org.springframework.data.redis.RedisConnectionFailureException: Cannot get Jedis connection; nested exception is redis.clients.jedis.exceptions.JedisConnectionException: Could not get a resource from the pool
	at org.springframework.data.redis.core.DefaultValueOperationsTests.tearDown(DefaultValueOperationsTests.java:91)
Caused by: redis.clients.jedis.exceptions.JedisConnectionException: Could not get a resource from the pool
	at org.springframework.data.redis.core.DefaultValueOperationsTests.tearDown(DefaultValueOperationsTests.java:91)
Caused by: redis.clients.jedis.exceptions.JedisConnectionException: java.net.ConnectException: Conexão recusada
	at org.springframework.data.redis.core.DefaultValueOperationsTests.tearDown(DefaultValueOperationsTests.java:91)
Caused by: java.net.ConnectException: Conexão recusada
	at org.springframework.data.redis.core.DefaultValueOperationsTests.tearDown(DefaultValueOperationsTests.java:91)
</error>
  </testcase>
  <testcase name="testMultiSet[1]" classname="org.springframework.data.redis.core.DefaultValueOperationsTests" time="0.001">
    <error message="Cannot get Jedis connection; nested exception is redis.clients.jedis.exceptions.JedisConnectionException: Could not get a resource from the pool" type="org.springframework.data.redis.RedisConnectionFailureException">org.springframework.data.redis.RedisConnectionFailureException: Cannot get Jedis connection; nested exception is redis.clients.jedis.exceptions.JedisConnectionException: Could not get a resource from the pool
	at org.springframework.data.redis.core.DefaultValueOperationsTests.testMultiSet(DefaultValueOperationsTests.java:166)
Caused by: redis.clients.jedis.exceptions.JedisConnectionException: Could not get a resource from the pool
	at org.springframework.data.redis.core.DefaultValueOperationsTests.testMultiSet(DefaultValueOperationsTests.java:166)
Caused by: redis.clients.jedis.exceptions.JedisConnectionException: java.net.ConnectException: Conexão recusada
	at org.springframework.data.redis.core.DefaultValueOperationsTests.testMultiSet(DefaultValueOperationsTests.java:166)
Caused by: java.net.ConnectException: Conexão recusada
	at org.springframework.data.redis.core.DefaultValueOperationsTests.testMultiSet(DefaultValueOperationsTests.java:166)
</error>
  </testcase>
  <testcase name="testMultiSet[1]" classname="org.springframework.data.redis.core.DefaultValueOperationsTests" time="0.002">
    <error message="Cannot get Jedis connection; nested exception is redis.clients.jedis.exceptions.JedisConnectionException: Could not get a resource from the pool" type="org.springframework.data.redis.RedisConnectionFailureException">org.springframework.data.redis.RedisConnectionFailureException: Cannot get Jedis connection; nested exception is redis.clients.jedis.exceptions.JedisConnectionException: Could not get a resource from the pool
	at org.springframework.data.redis.core.DefaultValueOperationsTests.tearDown(DefaultValueOperationsTests.java:91)
Caused by: redis.clients.jedis.exceptions.JedisConnectionException: Could not get a resource from the pool
	at org.springframework.data.redis.core.DefaultValueOperationsTests.tearDown(DefaultValueOperationsTests.java:91)
Caused by: redis.clients.jedis.exceptions.JedisConnectionException: java.net.ConnectException: Conexão recusada
	at org.springframework.data.redis.core.DefaultValueOperationsTests.tearDown(DefaultValueOperationsTests.java:91)
Caused by: java.net.ConnectException: Conexão recusada
	at org.springframework.data.redis.core.DefaultValueOperationsTests.tearDown(DefaultValueOperationsTests.java:91)
</error>
  </testcase>
  <testcase name="testGetSet[1]" classname="org.springframework.data.redis.core.DefaultValueOperationsTests" time="0.001">
    <error message="Cannot get Jedis connection; nested exception is redis.clients.jedis.exceptions.JedisConnectionException: Could not get a resource from the pool" type="org.springframework.data.redis.RedisConnectionFailureException">org.springframework.data.redis.RedisConnectionFailureException: Cannot get Jedis connection; nested exception is redis.clients.jedis.exceptions.JedisConnectionException: Could not get a resource from the pool
	at org.springframework.data.redis.core.DefaultValueOperationsTests.testGetSet(DefaultValueOperationsTests.java:174)
Caused by: redis.clients.jedis.exceptions.JedisConnectionException: Could not get a resource from the pool
	at org.springframework.data.redis.core.DefaultValueOperationsTests.testGetSet(DefaultValueOperationsTests.java:174)
Caused by: redis.clients.jedis.exceptions.JedisConnectionException: java.net.ConnectException: Conexão recusada
	at org.springframework.data.redis.core.DefaultValueOperationsTests.testGetSet(DefaultValueOperationsTests.java:174)
Caused by: java.net.ConnectException: Conexão recusada
	at org.springframework.data.redis.core.DefaultValueOperationsTests.testGetSet(DefaultValueOperationsTests.java:174)
</error>
  </testcase>
  <testcase name="testGetSet[1]" classname="org.springframework.data.redis.core.DefaultValueOperationsTests" time="0.002">
    <error message="Cannot get Jedis connection; nested exception is redis.clients.jedis.exceptions.JedisConnectionException: Could not get a resource from the pool" type="org.springframework.data.redis.RedisConnectionFailureException">org.springframework.data.redis.RedisConnectionFailureException: Cannot get Jedis connection; nested exception is redis.clients.jedis.exceptions.JedisConnectionException: Could not get a resource from the pool
	at org.springframework.data.redis.core.DefaultValueOperationsTests.tearDown(DefaultValueOperationsTests.java:91)
Caused by: redis.clients.jedis.exceptions.JedisConnectionException: Could not get a resource from the pool
	at org.springframework.data.redis.core.DefaultValueOperationsTests.tearDown(DefaultValueOperationsTests.java:91)
Caused by: redis.clients.jedis.exceptions.JedisConnectionException: java.net.ConnectException: Conexão recusada
	at org.springframework.data.redis.core.DefaultValueOperationsTests.tearDown(DefaultValueOperationsTests.java:91)
Caused by: java.net.ConnectException: Conexão recusada
	at org.springframework.data.redis.core.DefaultValueOperationsTests.tearDown(DefaultValueOperationsTests.java:91)
</error>
  </testcase>
  <testcase name="testMultiSetIfAbsent[1]" classname="org.springframework.data.redis.core.DefaultValueOperationsTests" time="0.002">
    <error message="Cannot get Jedis connection; nested exception is redis.clients.jedis.exceptions.JedisConnectionException: Could not get a resource from the pool" type="org.springframework.data.redis.RedisConnectionFailureException">org.springframework.data.redis.RedisConnectionFailureException: Cannot get Jedis connection; nested exception is redis.clients.jedis.exceptions.JedisConnectionException: Could not get a resource from the pool
	at org.springframework.data.redis.core.DefaultValueOperationsTests.testMultiSetIfAbsent(DefaultValueOperationsTests.java:139)
Caused by: redis.clients.jedis.exceptions.JedisConnectionException: Could not get a resource from the pool
	at org.springframework.data.redis.core.DefaultValueOperationsTests.testMultiSetIfAbsent(DefaultValueOperationsTests.java:139)
Caused by: redis.clients.jedis.exceptions.JedisConnectionException: java.net.ConnectException: Conexão recusada
	at org.springframework.data.redis.core.DefaultValueOperationsTests.testMultiSetIfAbsent(DefaultValueOperationsTests.java:139)
Caused by: java.net.ConnectException: Conexão recusada
	at org.springframework.data.redis.core.DefaultValueOperationsTests.testMultiSetIfAbsent(DefaultValueOperationsTests.java:139)
</error>
  </testcase>
  <testcase name="testMultiSetIfAbsent[1]" classname="org.springframework.data.redis.core.DefaultValueOperationsTests" time="0.003">
    <error message="Cannot get Jedis connection; nested exception is redis.clients.jedis.exceptions.JedisConnectionException: Could not get a resource from the pool" type="org.springframework.data.redis.RedisConnectionFailureException">org.springframework.data.redis.RedisConnectionFailureException: Cannot get Jedis connection; nested exception is redis.clients.jedis.exceptions.JedisConnectionException: Could not get a resource from the pool
	at org.springframework.data.redis.core.DefaultValueOperationsTests.tearDown(DefaultValueOperationsTests.java:91)
Caused by: redis.clients.jedis.exceptions.JedisConnectionException: Could not get a resource from the pool
	at org.springframework.data.redis.core.DefaultValueOperationsTests.tearDown(DefaultValueOperationsTests.java:91)
Caused by: redis.clients.jedis.exceptions.JedisConnectionException: java.net.ConnectException: Conexão recusada
	at org.springframework.data.redis.core.DefaultValueOperationsTests.tearDown(DefaultValueOperationsTests.java:91)
Caused by: java.net.ConnectException: Conexão recusada
	at org.springframework.data.redis.core.DefaultValueOperationsTests.tearDown(DefaultValueOperationsTests.java:91)
</error>
  </testcase>
  <testcase name="testSetIfAbsent[1]" classname="org.springframework.data.redis.core.DefaultValueOperationsTests" time="0.001">
    <error message="Cannot get Jedis connection; nested exception is redis.clients.jedis.exceptions.JedisConnectionException: Could not get a resource from the pool" type="org.springframework.data.redis.RedisConnectionFailureException">org.springframework.data.redis.RedisConnectionFailureException: Cannot get Jedis connection; nested exception is redis.clients.jedis.exceptions.JedisConnectionException: Could not get a resource from the pool
	at org.springframework.data.redis.core.DefaultValueOperationsTests.testSetIfAbsent(DefaultValueOperationsTests.java:252)
Caused by: redis.clients.jedis.exceptions.JedisConnectionException: Could not get a resource from the pool
	at org.springframework.data.redis.core.DefaultValueOperationsTests.testSetIfAbsent(DefaultValueOperationsTests.java:252)
Caused by: redis.clients.jedis.exceptions.JedisConnectionException: java.net.ConnectException: Conexão recusada
	at org.springframework.data.redis.core.DefaultValueOperationsTests.testSetIfAbsent(DefaultValueOperationsTests.java:252)
Caused by: java.net.ConnectException: Conexão recusada
	at org.springframework.data.redis.core.DefaultValueOperationsTests.testSetIfAbsent(DefaultValueOperationsTests.java:252)
</error>
  </testcase>
  <testcase name="testSetIfAbsent[1]" classname="org.springframework.data.redis.core.DefaultValueOperationsTests" time="0.001">
    <error message="Cannot get Jedis connection; nested exception is redis.clients.jedis.exceptions.JedisConnectionException: Could not get a resource from the pool" type="org.springframework.data.redis.RedisConnectionFailureException">org.springframework.data.redis.RedisConnectionFailureException: Cannot get Jedis connection; nested exception is redis.clients.jedis.exceptions.JedisConnectionException: Could not get a resource from the pool
	at org.springframework.data.redis.core.DefaultValueOperationsTests.tearDown(DefaultValueOperationsTests.java:91)
Caused by: redis.clients.jedis.exceptions.JedisConnectionException: Could not get a resource from the pool
	at org.springframework.data.redis.core.DefaultValueOperationsTests.tearDown(DefaultValueOperationsTests.java:91)
Caused by: redis.clients.jedis.exceptions.JedisConnectionException: java.net.ConnectException: Conexão recusada
	at org.springframework.data.redis.core.DefaultValueOperationsTests.tearDown(DefaultValueOperationsTests.java:91)
Caused by: java.net.ConnectException: Conexão recusada
	at org.springframework.data.redis.core.DefaultValueOperationsTests.tearDown(DefaultValueOperationsTests.java:91)
</error>
  </testcase>
  <testcase name="testRawKeysCollection[1]" classname="org.springframework.data.redis.core.DefaultValueOperationsTests" time="0.001">
    <error message="Cannot get Jedis connection; nested exception is redis.clients.jedis.exceptions.JedisConnectionException: Could not get a resource from the pool" type="org.springframework.data.redis.RedisConnectionFailureException">org.springframework.data.redis.RedisConnectionFailureException: Cannot get Jedis connection; nested exception is redis.clients.jedis.exceptions.JedisConnectionException: Could not get a resource from the pool
	at org.springframework.data.redis.core.DefaultValueOperationsTests.tearDown(DefaultValueOperationsTests.java:91)
Caused by: redis.clients.jedis.exceptions.JedisConnectionException: Could not get a resource from the pool
	at org.springframework.data.redis.core.DefaultValueOperationsTests.tearDown(DefaultValueOperationsTests.java:91)
Caused by: redis.clients.jedis.exceptions.JedisConnectionException: java.net.ConnectException: Conexão recusada
	at org.springframework.data.redis.core.DefaultValueOperationsTests.tearDown(DefaultValueOperationsTests.java:91)
Caused by: java.net.ConnectException: Conexão recusada
	at org.springframework.data.redis.core.DefaultValueOperationsTests.tearDown(DefaultValueOperationsTests.java:91)
</error>
  </testcase>
  <testcase name="testSetRange[1]" classname="org.springframework.data.redis.core.DefaultValueOperationsTests" time="0.001">
    <error message="got: &lt;false&gt;, expected: is &lt;true&gt;" type="org.junit.AssumptionViolatedException"><![CDATA[org.junit.AssumptionViolatedException: got: <false>, expected: is <true>
	at org.springframework.data.redis.core.DefaultValueOperationsTests.testSetRange(DefaultValueOperationsTests.java:241)
]]></error>
  </testcase>
  <testcase name="testSetRange[1]" classname="org.springframework.data.redis.core.DefaultValueOperationsTests" time="0.001">
[...]
Caused by: redis.clients.jedis.exceptions.JedisConnectionException: Could not get a resource from the pool
	at org.springframework.data.redis.core.DefaultValueOperationsTests.tearDown(DefaultValueOperationsTests.java:91)
Caused by: redis.clients.jedis.exceptions.JedisConnectionException: java.net.ConnectException: Conexão recusada
	at org.springframework.data.redis.core.DefaultValueOperationsTests.tearDown(DefaultValueOperationsTests.java:91)
Caused by: java.net.ConnectException: Conexão recusada
	at org.springframework.data.redis.core.DefaultValueOperationsTests.tearDown(DefaultValueOperationsTests.java:91)
</error>
  </testcase>
  <testcase name="testSetWithExpiration[9]" classname="org.springframework.data.redis.core.DefaultValueOperationsTests" time="0">
    <error message="Could not initialize class org.springframework.data.redis.RedisTestProfileValueSource" type="java.lang.NoClassDefFoundError">java.lang.NoClassDefFoundError: Could not initialize class org.springframework.data.redis.RedisTestProfileValueSource
	at org.springframework.data.redis.core.DefaultValueOperationsTests.testSetWithExpiration(DefaultValueOperationsTests.java:189)
</error>
  </testcase>
  <testcase name="testSetWithExpiration[9]" classname="org.springframework.data.redis.core.DefaultValueOperationsTests" time="0">
    <error message="Cannot get Jedis connection; nested exception is redis.clients.jedis.exceptions.JedisConnectionException: Could not get a resource from the pool" type="org.springframework.data.redis.RedisConnectionFailureException">org.springframework.data.redis.RedisConnectionFailureException: Cannot get Jedis connection; nested exception is redis.clients.jedis.exceptions.JedisConnectionException: Could not get a resource from the pool
	at org.springframework.data.redis.core.DefaultValueOperationsTests.tearDown(DefaultValueOperationsTests.java:91)
Caused by: redis.clients.jedis.exceptions.JedisConnectionException: Could not get a resource from the pool
	at org.springframework.data.redis.core.DefaultValueOperationsTests.tearDown(DefaultValueOperationsTests.java:91)
Caused by: redis.clients.jedis.exceptions.JedisConnectionException: java.net.ConnectException: Conexão recusada
	at org.springframework.data.redis.core.DefaultValueOperationsTests.tearDown(DefaultValueOperationsTests.java:91)
Caused by: java.net.ConnectException: Conexão recusada
	at org.springframework.data.redis.core.DefaultValueOperationsTests.tearDown(DefaultValueOperationsTests.java:91)
</error>
  </testcase>
  <testcase name="testAppend[9]" classname="org.springframework.data.redis.core.DefaultValueOperationsTests" time="0.001">
    <error message="got: &lt;false&gt;, expected: is &lt;true&gt;" type="org.junit.AssumptionViolatedException"><![CDATA[org.junit.AssumptionViolatedException: got: <false>, expected: is <true>
	at org.springframework.data.redis.core.DefaultValueOperationsTests.testAppend(DefaultValueOperationsTests.java:221)
]]></error>
  </testcase>
  <testcase name="testAppend[9]" classname="org.springframework.data.redis.core.DefaultValueOperationsTests" time="0.001">
    <error message="Cannot get Jedis connection; nested exception is redis.clients.jedis.exceptions.JedisConnectionException: Could not get a resource from the pool" type="org.springframework.data.redis.RedisConnectionFailureException">org.springframework.data.redis.RedisConnectionFailureException: Cannot get Jedis connection; nested exception is redis.clients.jedis.exceptions.JedisConnectionException: Could not get a resource from the pool
	at org.springframework.data.redis.core.DefaultValueOperationsTests.tearDown(DefaultValueOperationsTests.java:91)
Caused by: redis.clients.jedis.exceptions.JedisConnectionException: Could not get a resource from the pool
	at org.springframework.data.redis.core.DefaultValueOperationsTests.tearDown(DefaultValueOperationsTests.java:91)
Caused by: redis.clients.jedis.exceptions.JedisConnectionException: java.net.ConnectException: Conexão recusada
	at org.springframework.data.redis.core.DefaultValueOperationsTests.tearDown(DefaultValueOperationsTests.java:91)
Caused by: java.net.ConnectException: Conexão recusada
	at org.springframework.data.redis.core.DefaultValueOperationsTests.tearDown(DefaultValueOperationsTests.java:91)
</error>
  </testcase>
  <testcase name="testIncrementLong[9]" classname="org.springframework.data.redis.core.DefaultValueOperationsTests" time="0">
    <error message="got: &lt;false&gt;, expected: is &lt;true&gt;" type="org.junit.AssumptionViolatedException"><![CDATA[org.junit.AssumptionViolatedException: got: <false>, expected: is <true>
	at org.springframework.data.redis.core.DefaultValueOperationsTests.testIncrementLong(DefaultValueOperationsTests.java:103)
]]></error>
  </testcase>
  <testcase name="testIncrementLong[9]" classname="org.springframework.data.redis.core.DefaultValueOperationsTests" time="0">
    <error message="Cannot get Jedis connection; nested exception is redis.clients.jedis.exceptions.JedisConnectionException: Could not get a resource from the pool" type="org.springframework.data.redis.RedisConnectionFailureException">org.springframework.data.redis.RedisConnectionFailureException: Cannot get Jedis connection; nested exception is redis.clients.jedis.exceptions.JedisConnectionException: Could not get a resource from the pool
	at org.springframework.data.redis.core.DefaultValueOperationsTests.tearDown(DefaultValueOperationsTests.java:91)
Caused by: redis.clients.jedis.exceptions.JedisConnectionException: Could not get a resource from the pool
	at org.springframework.data.redis.core.DefaultValueOperationsTests.tearDown(DefaultValueOperationsTests.java:91)
Caused by: redis.clients.jedis.exceptions.JedisConnectionException: java.net.ConnectException: Conexão recusada
	at org.springframework.data.redis.core.DefaultValueOperationsTests.tearDown(DefaultValueOperationsTests.java:91)
Caused by: java.net.ConnectException: Conexão recusada
	at org.springframework.data.redis.core.DefaultValueOperationsTests.tearDown(DefaultValueOperationsTests.java:91)
</error>
  </testcase>
  <testcase name="testMultiSet[9]" classname="org.springframework.data.redis.core.DefaultValueOperationsTests" time="0.001">
    <error message="Cannot get Jedis connection; nested exception is redis.clients.jedis.exceptions.JedisConnectionException: Could not get a resource from the pool" type="org.springframework.data.redis.RedisConnectionFailureException">org.springframework.data.redis.RedisConnectionFailureException: Cannot get Jedis connection; nested exception is redis.clients.jedis.exceptions.JedisConnectionException: Could not get a resource from the pool
	at org.springframework.data.redis.core.DefaultValueOperationsTests.testMultiSet(DefaultValueOperationsTests.java:166)
Caused by: redis.clients.jedis.exceptions.JedisConnectionException: Could not get a resource from the pool
	at org.springframework.data.redis.core.DefaultValueOperationsTests.testMultiSet(DefaultValueOperationsTests.java:166)
Caused by: redis.clients.jedis.exceptions.JedisConnectionException: java.net.ConnectException: Conexão recusada
	at org.springframework.data.redis.core.DefaultValueOperationsTests.testMultiSet(DefaultValueOperationsTests.java:166)
Caused by: java.net.ConnectException: Conexão recusada
	at org.springframework.data.redis.core.DefaultValueOperationsTests.testMultiSet(DefaultValueOperationsTests.java:166)
</error>
  </testcase>
  <testcase name="testMultiSet[9]" classname="org.springframework.data.redis.core.DefaultValueOperationsTests" time="0.002">
    <error message="Cannot get Jedis connection; nested exception is redis.clients.jedis.exceptions.JedisConnectionException: Could not get a resource from the pool" type="org.springframework.data.redis.RedisConnectionFailureException">org.springframework.data.redis.RedisConnectionFailureException: Cannot get Jedis connection; nested exception is redis.clients.jedis.exceptions.JedisConnectionException: Could not get a resource from the pool
	at org.springframework.data.redis.core.DefaultValueOperationsTests.tearDown(DefaultValueOperationsTests.java:91)
Caused by: redis.clients.jedis.exceptions.JedisConnectionException: Could not get a resource from the pool
	at org.springframework.data.redis.core.DefaultValueOperationsTests.tearDown(DefaultValueOperationsTests.java:91)
Caused by: redis.clients.jedis.exceptions.JedisConnectionException: java.net.ConnectException: Conexão recusada
	at org.springframework.data.redis.core.DefaultValueOperationsTests.tearDown(DefaultValueOperationsTests.java:91)
Caused by: java.net.ConnectException: Conexão recusada
	at org.springframework.data.redis.core.DefaultValueOperationsTests.tearDown(DefaultValueOperationsTests.java:91)
</error>
  </testcase>
  <testcase name="testGetSet[9]" classname="org.springframework.data.redis.core.DefaultValueOperationsTests" time="0.001">
    <error message="Cannot get Jedis connection; nested exception is redis.clients.jedis.exceptions.JedisConnectionException: Could not get a resource from the pool" type="org.springframework.data.redis.RedisConnectionFailureException">org.springframework.data.redis.RedisConnectionFailureException: Cannot get Jedis connection; nested exception is redis.clients.jedis.exceptions.JedisConnectionException: Could not get a resource from the pool
	at org.springframework.data.redis.core.DefaultValueOperationsTests.testGetSet(DefaultValueOperationsTests.java:174)
Caused by: redis.clients.jedis.exceptions.JedisConnectionException: Could not get a resource from the pool
	at org.springframework.data.redis.core.DefaultValueOperationsTests.testGetSet(DefaultValueOperationsTests.java:174)
Caused by: redis.clients.jedis.exceptions.JedisConnectionException: java.net.ConnectException: Conexão recusada
	at org.springframework.data.redis.core.DefaultValueOperationsTests.testGetSet(DefaultValueOperationsTests.java:174)
Caused by: java.net.ConnectException: Conexão recusada
	at org.springframework.data.redis.core.DefaultValueOperationsTests.testGetSet(DefaultValueOperationsTests.java:174)
</error>
  </testcase>
  <testcase name="testGetSet[9]" classname="org.springframework.data.redis.core.DefaultValueOperationsTests" time="0.001">
    <error message="Cannot get Jedis connection; nested exception is redis.clients.jedis.exceptions.JedisConnectionException: Could not get a resource from the pool" type="org.springframework.data.redis.RedisConnectionFailureException">org.springframework.data.redis.RedisConnectionFailureException: Cannot get Jedis connection; nested exception is redis.clients.jedis.exceptions.JedisConnectionException: Could not get a resource from the pool
	at org.springframework.data.redis.core.DefaultValueOperationsTests.tearDown(DefaultValueOperationsTests.java:91)
Caused by: redis.clients.jedis.exceptions.JedisConnectionException: Could not get a resource from the pool
	at org.springframework.data.redis.core.DefaultValueOperationsTests.tearDown(DefaultValueOperationsTests.java:91)
Caused by: redis.clients.jedis.exceptions.JedisConnectionException: java.net.ConnectException: Conexão recusada
	at org.springframework.data.redis.core.DefaultValueOperationsTests.tearDown(DefaultValueOperationsTests.java:91)
Caused by: java.net.ConnectException: Conexão recusada
	at org.springframework.data.redis.core.DefaultValueOperationsTests.tearDown(DefaultValueOperationsTests.java:91)
</error>
  </testcase>
  <testcase name="testMultiSetIfAbsent[9]" classname="org.springframework.data.redis.core.DefaultValueOperationsTests" time="0.001">
    <error message="Cannot get Jedis connection; nested exception is redis.clients.jedis.exceptions.JedisConnectionException: Could not get a resource from the pool" type="org.springframework.data.redis.RedisConnectionFailureException">org.springframework.data.redis.RedisConnectionFailureException: Cannot get Jedis connection; nested exception is redis.clients.jedis.exceptions.JedisConnectionException: Could not get a resource from the pool
	at org.springframework.data.redis.core.DefaultValueOperationsTests.testMultiSetIfAbsent(DefaultValueOperationsTests.java:139)
Caused by: redis.clients.jedis.exceptions.JedisConnectionException: Could not get a resource from the pool
	at org.springframework.data.redis.core.DefaultValueOperationsTests.testMultiSetIfAbsent(DefaultValueOperationsTests.java:139)
Caused by: redis.clients.jedis.exceptions.JedisConnectionException: java.net.ConnectException: Conexão recusada
	at org.springframework.data.redis.core.DefaultValueOperationsTests.testMultiSetIfAbsent(DefaultValueOperationsTests.java:139)
Caused by: java.net.ConnectException: Conexão recusada
	at org.springframework.data.redis.core.DefaultValueOperationsTests.testMultiSetIfAbsent(DefaultValueOperationsTests.java:139)
</error>
  </testcase>
  <testcase name="testMultiSetIfAbsent[9]" classname="org.springframework.data.redis.core.DefaultValueOperationsTests" time="0.001">
    <error message="Cannot get Jedis connection; nested exception is redis.clients.jedis.exceptions.JedisConnectionException: Could not get a resource from the pool" type="org.springframework.data.redis.RedisConnectionFailureException">org.springframework.data.redis.RedisConnectionFailureException: Cannot get Jedis connection; nested exception is redis.clients.jedis.exceptions.JedisConnectionException: Could not get a resource from the pool
	at org.springframework.data.redis.core.DefaultValueOperationsTests.tearDown(DefaultValueOperationsTests.java:91)
Caused by: redis.clients.jedis.exceptions.JedisConnectionException: Could not get a resource from the pool
	at org.springframework.data.redis.core.DefaultValueOperationsTests.tearDown(DefaultValueOperationsTests.java:91)
Caused by: redis.clients.jedis.exceptions.JedisConnectionException: java.net.ConnectException: Conexão recusada
	at org.springframework.data.redis.core.DefaultValueOperationsTests.tearDown(DefaultValueOperationsTests.java:91)
Caused by: java.net.ConnectException: Conexão recusada
	at org.springframework.data.redis.core.DefaultValueOperationsTests.tearDown(DefaultValueOperationsTests.java:91)
</error>
  </testcase>
  <testcase name="testSetIfAbsent[9]" classname="org.springframework.data.redis.core.DefaultValueOperationsTests" time="0.001">
    <error message="Cannot get Jedis connection; nested exception is redis.clients.jedis.exceptions.JedisConnectionException: Could not get a resource from the pool" type="org.springframework.data.redis.RedisConnectionFailureException">org.springframework.data.redis.RedisConnectionFailureException: Cannot get Jedis connection; nested exception is redis.clients.jedis.exceptions.JedisConnectionException: Could not get a resource from the pool
	at org.springframework.data.redis.core.DefaultValueOperationsTests.testSetIfAbsent(DefaultValueOperationsTests.java:252)
Caused by: redis.clients.jedis.exceptions.JedisConnectionException: Could not get a resource from the pool
	at org.springframework.data.redis.core.DefaultValueOperationsTests.testSetIfAbsent(DefaultValueOperationsTests.java:252)
Caused by: redis.clients.jedis.exceptions.JedisConnectionException: java.net.ConnectException: Conexão recusada
	at org.springframework.data.redis.core.DefaultValueOperationsTests.testSetIfAbsent(DefaultValueOperationsTests.java:252)
Caused by: java.net.ConnectException: Conexão recusada
	at org.springframework.data.redis.core.DefaultValueOperationsTests.testSetIfAbsent(DefaultValueOperationsTests.java:252)
</error>
  </testcase>
  <testcase name="testSetIfAbsent[9]" classname="org.springframework.data.redis.core.DefaultValueOperationsTests" time="0.001">
    <error message="Cannot get Jedis connection; nested exception is redis.clients.jedis.exceptions.JedisConnectionException: Could not get a resource from the pool" type="org.springframework.data.redis.RedisConnectionFailureException">org.springframework.data.redis.RedisConnectionFailureException: Cannot get Jedis connection; nested exception is redis.clients.jedis.exceptions.JedisConnectionException: Could not get a resource from the pool
	at org.springframework.data.redis.core.DefaultValueOperationsTests.tearDown(DefaultValueOperationsTests.java:91)
Caused by: redis.clients.jedis.exceptions.JedisConnectionException: Could not get a resource from the pool
	at org.springframework.data.redis.core.DefaultValueOperationsTests.tearDown(DefaultValueOperationsTests.java:91)
Caused by: redis.clients.jedis.exceptions.JedisConnectionException: java.net.ConnectException: Conexão recusada
	at org.springframework.data.redis.core.DefaultValueOperationsTests.tearDown(DefaultValueOperationsTests.java:91)
Caused by: java.net.ConnectException: Conexão recusada
	at org.springframework.data.redis.core.DefaultValueOperationsTests.tearDown(DefaultValueOperationsTests.java:91)
</error>
  </testcase>
  <testcase name="testRawKeysCollection[9]" classname="org.springframework.data.redis.core.DefaultValueOperationsTests" time="0">
    <error message="Cannot get Jedis connection; nested exception is redis.clients.jedis.exceptions.JedisConnectionException: Could not get a resource from the pool" type="org.springframework.data.redis.RedisConnectionFailureException">org.springframework.data.redis.RedisConnectionFailureException: Cannot get Jedis connection; nested exception is redis.clients.jedis.exceptions.JedisConnectionException: Could not get a resource from the pool
	at org.springframework.data.redis.core.DefaultValueOperationsTests.tearDown(DefaultValueOperationsTests.java:91)
Caused by: redis.clients.jedis.exceptions.JedisConnectionException: Could not get a resource from the pool
	at org.springframework.data.redis.core.DefaultValueOperationsTests.tearDown(DefaultValueOperationsTests.java:91)
Caused by: redis.clients.jedis.exceptions.JedisConnectionException: java.net.ConnectException: Conexão recusada
	at org.springframework.data.redis.core.DefaultValueOperationsTests.tearDown(DefaultValueOperationsTests.java:91)
Caused by: java.net.ConnectException: Conexão recusada
	at org.springframework.data.redis.core.DefaultValueOperationsTests.tearDown(DefaultValueOperationsTests.java:91)
</error>
  </testcase>
  <testcase name="testSetRange[9]" classname="org.springframework.data.redis.core.DefaultValueOperationsTests" time="0">
    <error message="got: &lt;false&gt;, expected: is &lt;true&gt;" type="org.junit.AssumptionViolatedException"><![CDATA[org.junit.AssumptionViolatedException: got: <false>, expected: is <true>
	at org.springframework.data.redis.core.DefaultValueOperationsTests.testSetRange(DefaultValueOperationsTests.java:241)
]]></error>
  </testcase>
  <testcase name="testSetRange[9]" classname="org.springframework.data.redis.core.DefaultValueOperationsTests" time="0">
    <error message="Cannot get Jedis connection; nested exception is redis.clients.jedis.exceptions.JedisConnectionException: Could not get a resource from the pool" type="org.springframework.data.redis.RedisConnectionFailureException">org.springframework.data.redis.RedisConnectionFailureException: Cannot get Jedis connection; nested exception is redis.clients.jedis.exceptions.JedisConnectionException: Could not get a resource from the pool
	at org.springframework.data.redis.core.DefaultValueOperationsTests.tearDown(DefaultValueOperationsTests.java:91)
Caused by: redis.clients.jedis.exceptions.JedisConnectionException: Could not get a resource from the pool
	at org.springframework.data.redis.core.DefaultValueOperationsTests.tearDown(DefaultValueOperationsTests.java:91)
Caused by: redis.clients.jedis.exceptions.JedisConnectionException: java.net.ConnectException: Conexão recusada
	at org.springframework.data.redis.core.DefaultValueOperationsTests.tearDown(DefaultValueOperationsTests.java:91)
Caused by: java.net.ConnectException: Conexão recusada
	at org.springframework.data.redis.core.DefaultValueOperationsTests.tearDown(DefaultValueOperationsTests.java:91)
</error>
  </testcase>
</testsuite>