<?xml version="1.0" encoding="UTF-8"?>
<testsuite xmlns:xsi="http://www.w3.org/2001/XMLSchema-instance" xsi:schemaLocation="https://maven.apache.org/surefire/maven-surefire-plugin/xsd/surefire-test-report.xsd" name="org.springframework.data.redis.core.DefaultSetOperationsTests" time="0.651" tests="110" errors="110" skipped="0" failures="0">
  <properties>
[...]
</properties>
  <testcase name="testRandomMembersNegative[0]" classname="org.springframework.data.redis.core.DefaultSetOperationsTests" time="0.003">
    <error type="java.lang.ExceptionInInitializerError"><![CDATA[java.lang.ExceptionInInitializerError
	at org.springframework.data.redis.core.DefaultSetOperationsTests.<init>(DefaultSetOperationsTests.java:64)
Caused by: redis.clients.jedis.exceptions.JedisConnectionException: java.net.ConnectException: Conexão recusada
	at org.springframework.data.redis.core.DefaultSetOperationsTests.<init>(DefaultSetOperationsTests.java:64)
Caused by: java.net.ConnectException: Conexão recusada
	at org.springframework.data.redis.core.DefaultSetOperationsTests.<init>(DefaultSetOperationsTests.java:64)
]]></error>
  </testcase>
  <testcase name="testAdd[0]" classname="org.springframework.data.redis.core.DefaultSetOperationsTests" time="0.001">
    <error message="Could not initialize class org.springframework.data.redis.test.util.MinimumRedisVersionRule" type="java.lang.NoClassDefFoundError"><![CDATA[java.lang.NoClassDefFoundError: Could not initialize class org.springframework.data.redis.test.util.MinimumRedisVersionRule
	at org.springframework.data.redis.core.DefaultSetOperationsTests.<init>(DefaultSetOperationsTests.java:64)
]]></error>
  </testcase>
  <testcase name="testPop[0]" classname="org.springframework.data.redis.core.DefaultSetOperationsTests" time="0">
    <error message="Could not initialize class org.springframework.data.redis.test.util.MinimumRedisVersionRule" type="java.lang.NoClassDefFoundError"><![CDATA[java.lang.NoClassDefFoundError: Could not initialize class org.springframework.data.redis.test.util.MinimumRedisVersionRule
	at org.springframework.data.redis.core.DefaultSetOperationsTests.<init>(DefaultSetOperationsTests.java:64)
]]></error>
  </testcase>
  <testcase name="testMove[0]" classname="org.springframework.data.redis.core.DefaultSetOperationsTests" time="0.001">
    <error message="Could not initialize class org.springframework.data.redis.test.util.MinimumRedisVersionRule" type="java.lang.NoClassDefFoundError"><![CDATA[java.lang.NoClassDefFoundError: Could not initialize class org.springframework.data.redis.test.util.MinimumRedisVersionRule
	at org.springframework.data.redis.core.DefaultSetOperationsTests.<init>(DefaultSetOperationsTests.java:64)
]]></error>
  </testcase>
  <testcase name="testDistinctRandomMembersNegative[0]" classname="org.springframework.data.redis.core.DefaultSetOperationsTests" time="0">
    <error message="Could not initialize class org.springframework.data.redis.test.util.MinimumRedisVersionRule" type="java.lang.NoClassDefFoundError"><![CDATA[java.lang.NoClassDefFoundError: Could not initialize class org.springframework.data.redis.test.util.MinimumRedisVersionRule
	at org.springframework.data.redis.core.DefaultSetOperationsTests.<init>(DefaultSetOperationsTests.java:64)
]]></error>
  </testcase>
  <testcase name="testSSCanReadsValuesFully[0]" classname="org.springframework.data.redis.core.DefaultSetOperationsTests" time="0">
    <error message="Could not initialize class org.springframework.data.redis.test.util.MinimumRedisVersionRule" type="java.lang.NoClassDefFoundError"><![CDATA[java.lang.NoClassDefFoundError: Could not initialize class org.springframework.data.redis.test.util.MinimumRedisVersionRule
	at org.springframework.data.redis.core.DefaultSetOperationsTests.<init>(DefaultSetOperationsTests.java:64)
]]></error>
  </testcase>
  <testcase name="intersectAndStoreShouldReturnNumberOfElementsInDestination[0]" classname="org.springframework.data.redis.core.DefaultSetOperationsTests" time="0">
    <error message="Could not initialize class org.springframework.data.redis.test.util.MinimumRedisVersionRule" type="java.lang.NoClassDefFoundError"><![CDATA[java.lang.NoClassDefFoundError: Could not initialize class org.springframework.data.redis.test.util.MinimumRedisVersionRule
	at org.springframework.data.redis.core.DefaultSetOperationsTests.<init>(DefaultSetOperationsTests.java:64)
]]></error>
  </testcase>
  <testcase name="testRandomMember[0]" classname="org.springframework.data.redis.core.DefaultSetOperationsTests" time="0">
    <error message="Could not initialize class org.springframework.data.redis.test.util.MinimumRedisVersionRule" type="java.lang.NoClassDefFoundError"><![CDATA[java.lang.NoClassDefFoundError: Could not initialize class org.springframework.data.redis.test.util.MinimumRedisVersionRule
	at org.springframework.data.redis.core.DefaultSetOperationsTests.<init>(DefaultSetOperationsTests.java:64)
]]></error>
  </testcase>
  <testcase name="testDistinctRandomMembers[0]" classname="org.springframework.data.redis.core.DefaultSetOperationsTests" time="0">
    <error message="Could not initialize class org.springframework.data.redis.test.util.MinimumRedisVersionRule" type="java.lang.NoClassDefFoundError"><![CDATA[java.lang.NoClassDefFoundError: Could not initialize class org.springframework.data.redis.test.util.MinimumRedisVersionRule
	at org.springframework.data.redis.core.DefaultSetOperationsTests.<init>(DefaultSetOperationsTests.java:64)
]]></error>
  </testcase>
  <testcase name="testRemove[0]" classname="org.springframework.data.redis.core.DefaultSetOperationsTests" time="0.001">
    <error message="Could not initialize class org.springframework.data.redis.test.util.MinimumRedisVersionRule" type="java.lang.NoClassDefFoundError"><![CDATA[java.lang.NoClassDefFoundError: Could not initialize class org.springframework.data.redis.test.util.MinimumRedisVersionRule
	at org.springframework.data.redis.core.DefaultSetOperationsTests.<init>(DefaultSetOperationsTests.java:64)
]]></error>
  </testcase>
  <testcase name="testRandomMembersWithDuplicates[0]" classname="org.springframework.data.redis.core.DefaultSetOperationsTests" time="0">
    <error message="Could not initialize class org.springframework.data.redis.test.util.MinimumRedisVersionRule" type="java.lang.NoClassDefFoundError"><![CDATA[java.lang.NoClassDefFoundError: Could not initialize class org.springframework.data.redis.test.util.MinimumRedisVersionRule
	at org.springframework.data.redis.core.DefaultSetOperationsTests.<init>(DefaultSetOperationsTests.java:64)
]]></error>
  </testcase>
  <testcase name="testRandomMembersNegative[1]" classname="org.springframework.data.redis.core.DefaultSetOperationsTests" time="0">
    <error message="Could not initialize class org.springframework.data.redis.test.util.MinimumRedisVersionRule" type="java.lang.NoClassDefFoundError"><![CDATA[java.lang.NoClassDefFoundError: Could not initialize class org.springframework.data.redis.test.util.MinimumRedisVersionRule
	at org.springframework.data.redis.core.DefaultSetOperationsTests.<init>(DefaultSetOperationsTests.java:64)
]]></error>
  </testcase>
  <testcase name="testAdd[1]" classname="org.springframework.data.redis.core.DefaultSetOperationsTests" time="0.001">
    <error message="Could not initialize class org.springframework.data.redis.test.util.MinimumRedisVersionRule" type="java.lang.NoClassDefFoundError"><![CDATA[java.lang.NoClassDefFoundError: Could not initialize class org.springframework.data.redis.test.util.MinimumRedisVersionRule
	at org.springframework.data.redis.core.DefaultSetOperationsTests.<init>(DefaultSetOperationsTests.java:64)
]]></error>
  </testcase>
  <testcase name="testPop[1]" classname="org.springframework.data.redis.core.DefaultSetOperationsTests" time="0">
    <error message="Could not initialize class org.springframework.data.redis.test.util.MinimumRedisVersionRule" type="java.lang.NoClassDefFoundError"><![CDATA[java.lang.NoClassDefFoundError: Could not initialize class org.springframework.data.redis.test.util.MinimumRedisVersionRule
	at org.springframework.data.redis.core.DefaultSetOperationsTests.<init>(DefaultSetOperationsTests.java:64)
]]></error>
  </testcase>
  <testcase name="testMove[1]" classname="org.springframework.data.redis.core.DefaultSetOperationsTests" time="0">
    <error message="Could not initialize class org.springframework.data.redis.test.util.MinimumRedisVersionRule" type="java.lang.NoClassDefFoundError"><![CDATA[java.lang.NoClassDefFoundError: Could not initialize class org.springframework.data.redis.test.util.MinimumRedisVersionRule
	at org.springframework.data.redis.core.DefaultSetOperationsTests.<init>(DefaultSetOperationsTests.java:64)
]]></error>
  </testcase>
  <testcase name="testDistinctRandomMembersNegative[1]" classname="org.springframework.data.redis.core.DefaultSetOperationsTests" time="0">
    <error message="Could not initialize class org.springframework.data.redis.test.util.MinimumRedisVersionRule" type="java.lang.NoClassDefFoundError"><![CDATA[java.lang.NoClassDefFoundError: Could not initialize class org.springframework.data.redis.test.util.MinimumRedisVersionRule
	at org.springframework.data.redis.core.DefaultSetOperationsTests.<init>(DefaultSetOperationsTests.java:64)
]]></error>
  </testcase>
  <testcase name="testSSCanReadsValuesFully[1]" classname="org.springframework.data.redis.core.DefaultSetOperationsTests" time="0">
    <error message="Could not initialize class org.springframework.data.redis.test.util.MinimumRedisVersionRule" type="java.lang.NoClassDefFoundError"><![CDATA[java.lang.NoClassDefFoundError: Could not initialize class org.springframework.data.redis.test.util.MinimumRedisVersionRule
	at org.springframework.data.redis.core.DefaultSetOperationsTests.<init>(DefaultSetOperationsTests.java:64)
]]></error>
  </testcase>
  <testcase name="intersectAndStoreShouldReturnNumberOfElementsInDestination[1]" classname="org.springframework.data.redis.core.DefaultSetOperationsTests" time="0.001">
    <error message="Could not initialize class org.springframework.data.redis.test.util.MinimumRedisVersionRule" type="java.lang.NoClassDefFoundError"><![CDATA[java.lang.NoClassDefFoundError: Could not initialize class org.springframework.data.redis.test.util.MinimumRedisVersionRule
	at org.springframework.data.redis.core.DefaultSetOperationsTests.<init>(DefaultSetOperationsTests.java:64)
]]></error>
  </testcase>
  <testcase name="testRandomMember[1]" classname="org.springframework.data.redis.core.DefaultSetOperationsTests" time="0">
    <error message="Could not initialize class org.springframework.data.redis.test.util.MinimumRedisVersionRule" type="java.lang.NoClassDefFoundError"><![CDATA[java.lang.NoClassDefFoundError: Could not initialize class org.springframework.data.redis.test.util.MinimumRedisVersionRule
	at org.springframework.data.redis.core.DefaultSetOperationsTests.<init>(DefaultSetOperationsTests.java:64)
]]></error>
  </testcase>
  <testcase name="testDistinctRandomMembers[1]" classname="org.springframework.data.redis.core.DefaultSetOperationsTests" time="0">
    <error message="Could not initialize class org.springframework.data.redis.test.util.MinimumRedisVersionRule" type="java.lang.NoClassDefFoundError"><![CDATA[java.lang.NoClassDefFoundError: Could not initialize class org.springframework.data.redis.test.util.MinimumRedisVersionRule
	at org.springframework.data.redis.core.DefaultSetOperationsTests.<init>(DefaultSetOperationsTests.java:64)
]]></error>
  </testcase>
  <testcase name="testRemove[1]" classname="org.springframework.data.redis.core.DefaultSetOperationsTests" time="0">
    <error message="Could not initialize class org.springframework.data.redis.test.util.MinimumRedisVersionRule" type="java.lang.NoClassDefFoundError"><![CDATA[java.lang.NoClassDefFoundError: Could not initialize class org.springframework.data.redis.test.util.MinimumRedisVersionRule
	at org.springframework.data.redis.core.DefaultSetOperationsTests.<init>(DefaultSetOperationsTests.java:64)
]]></error>
  </testcase>
  <testcase name="testRandomMembersWithDuplicates[1]" classname="org.springframework.data.redis.core.DefaultSetOperationsTests" time="0.001">
    <error message="Could not initialize class org.springframework.data.redis.test.util.MinimumRedisVersionRule" type="java.lang.NoClassDefFoundError"><![CDATA[java.lang.NoClassDefFoundError: Could not initialize class org.springframework.data.redis.test.util.MinimumRedisVersionRule
	at org.springframework.data.redis.core.DefaultSetOperationsTests.<init>(DefaultSetOperationsTests.java:64)
]]></error>
  </testcase>
  <testcase name="testRandomMembersNegative[2]" classname="org.springframework.data.redis.core.DefaultSetOperationsTests" time="0">
    <error message="Could not initialize class org.springframework.data.redis.test.util.MinimumRedisVersionRule" type="java.lang.NoClassDefFoundError"><![CDATA[java.lang.NoClassDefFoundError: Could not initialize class org.springframework.data.redis.test.util.MinimumRedisVersionRule
	at org.springframework.data.redis.core.DefaultSetOperationsTests.<init>(DefaultSetOperationsTests.java:64)
]]></error>
  </testcase>
  <testcase name="testAdd[2]" classname="org.springframework.data.redis.core.DefaultSetOperationsTests" time="0">
    <error message="Could not initialize class org.springframework.data.redis.test.util.MinimumRedisVersionRule" type="java.lang.NoClassDefFoundError"><![CDATA[java.lang.NoClassDefFoundError: Could not initialize class org.springframework.data.redis.test.util.MinimumRedisVersionRule
	at org.springframework.data.redis.core.DefaultSetOperationsTests.<init>(DefaultSetOperationsTests.java:64)
]]></error>
  </testcase>
  <testcase name="testPop[2]" classname="org.springframework.data.redis.core.DefaultSetOperationsTests" time="0">
    <error message="Could not initialize class org.springframework.data.redis.test.util.MinimumRedisVersionRule" type="java.lang.NoClassDefFoundError"><![CDATA[java.lang.NoClassDefFoundError: Could not initialize class org.springframework.data.redis.test.util.MinimumRedisVersionRule
	at org.springframework.data.redis.core.DefaultSetOperationsTests.<init>(DefaultSetOperationsTests.java:64)
]]></error>
  </testcase>
  <testcase name="testMove[2]" classname="org.springframework.data.redis.core.DefaultSetOperationsTests" time="0.001">
    <error message="Could not initialize class org.springframework.data.redis.test.util.MinimumRedisVersionRule" type="java.lang.NoClassDefFoundError"><![CDATA[java.lang.NoClassDefFoundError: Could not initialize class org.springframework.data.redis.test.util.MinimumRedisVersionRule
	at org.springframework.data.redis.core.DefaultSetOperationsTests.<init>(DefaultSetOperationsTests.java:64)
]]></error>
  </testcase>
  <testcase name="testDistinctRandomMembersNegative[2]" classname="org.springframework.data.redis.core.DefaultSetOperationsTests" time="0">
    <error message="Could not initialize class org.springframework.data.redis.test.util.MinimumRedisVersionRule" type="java.lang.NoClassDefFoundError"><![CDATA[java.lang.NoClassDefFoundError: Could not initialize class org.springframework.data.redis.test.util.MinimumRedisVersionRule
	at org.springframework.data.redis.core.DefaultSetOperationsTests.<init>(DefaultSetOperationsTests.java:64)
]]></error>
  </testcase>
  <testcase name="testSSCanReadsValuesFully[2]" classname="org.springframework.data.redis.core.DefaultSetOperationsTests" time="0">
    <error message="Could not initialize class org.springframework.data.redis.test.util.MinimumRedisVersionRule" type="java.lang.NoClassDefFoundError"><![CDATA[java.lang.NoClassDefFoundError: Could not initialize class org.springframework.data.redis.test.util.MinimumRedisVersionRule
	at org.springframework.data.redis.core.DefaultSetOperationsTests.<init>(DefaultSetOperationsTests.java:64)
]]></error>
  </testcase>
  <testcase name="intersectAndStoreShouldReturnNumberOfElementsInDestination[2]" classname="org.springframework.data.redis.core.DefaultSetOperationsTests" time="0.001">
    <error message="Could not initialize class org.springframework.data.redis.test.util.MinimumRedisVersionRule" type="java.lang.NoClassDefFoundError"><![CDATA[java.lang.NoClassDefFoundError: Could not initialize class org.springframework.data.redis.test.util.MinimumRedisVersionRule
	at org.springframework.data.redis.core.DefaultSetOperationsTests.<init>(DefaultSetOperationsTests.java:64)
]]></error>
  </testcase>
  <testcase name="testRandomMember[2]" classname="org.springframework.data.redis.core.DefaultSetOperationsTests" time="0">
    <error message="Could not initialize class org.springframework.data.redis.test.util.MinimumRedisVersionRule" type="java.lang.NoClassDefFoundError"><![CDATA[java.lang.NoClassDefFoundError: Could not initialize class org.springframework.data.redis.test.util.MinimumRedisVersionRule
	at org.springframework.data.redis.core.DefaultSetOperationsTests.<init>(DefaultSetOperationsTests.java:64)
]]></error>
  </testcase>
  <testcase name="testDistinctRandomMembers[2]" classname="org.springframework.data.redis.core.DefaultSetOperationsTests" time="0">
    <error message="Could not initialize class org.springframework.data.redis.test.util.MinimumRedisVersionRule" type="java.lang.NoClassDefFoundError"><![CDATA[java.lang.NoClassDefFoundError: Could not initialize class org.springframework.data.redis.test.util.MinimumRedisVersionRule
	at org.springframework.data.redis.core.DefaultSetOperationsTests.<init>(DefaultSetOperationsTests.java:64)
]]></error>
  </testcase>
  <testcase name="testRemove[2]" classname="org.springframework.data.redis.core.DefaultSetOperationsTests" time="0">
    <error message="Could not initialize class org.springframework.data.redis.test.util.MinimumRedisVersionRule" type="java.lang.NoClassDefFoundError"><![CDATA[java.lang.NoClassDefFoundError: Could not initialize class org.springframework.data.redis.test.util.MinimumRedisVersionRule
	at org.springframework.data.redis.core.DefaultSetOperationsTests.<init>(DefaultSetOperationsTests.java:64)
]]></error>
  </testcase>
  <testcase name="testRandomMembersWithDuplicates[2]" classname="org.springframework.data.redis.core.DefaultSetOperationsTests" time="0.001">
    <error message="Could not initialize class org.springframework.data.redis.test.util.MinimumRedisVersionRule" type="java.lang.NoClassDefFoundError"><![CDATA[java.lang.NoClassDefFoundError: Could not initialize class org.springframework.data.redis.test.util.MinimumRedisVersionRule
	at org.springframework.data.redis.core.DefaultSetOperationsTests.<init>(DefaultSetOperationsTests.java:64)
]]></error>
  </testcase>
  <testcase name="testRandomMembersNegative[3]" classname="org.springframework.data.redis.core.DefaultSetOperationsTests" time="0">
    <error message="Could not initialize class org.springframework.data.redis.test.util.MinimumRedisVersionRule" type="java.lang.NoClassDefFoundError"><![CDATA[java.lang.NoClassDefFoundError: Could not initialize class org.springframework.data.redis.test.util.MinimumRedisVersionRule
	at org.springframework.data.redis.core.DefaultSetOperationsTests.<init>(DefaultSetOperationsTests.java:64)
]]></error>
  </testcase>
  <testcase name="testAdd[3]" classname="org.springframework.data.redis.core.DefaultSetOperationsTests" time="0">
    <error message="Could not initialize class org.springframework.data.redis.test.util.MinimumRedisVersionRule" type="java.lang.NoClassDefFoundError"><![CDATA[java.lang.NoClassDefFoundError: Could not initialize class org.springframework.data.redis.test.util.MinimumRedisVersionRule
	at org.springframework.data.redis.core.DefaultSetOperationsTests.<init>(DefaultSetOperationsTests.java:64)
]]></error>
  </testcase>
  <testcase name="testPop[3]" classname="org.springframework.data.redis.core.DefaultSetOperationsTests" time="0">
    <error message="Could not initialize class org.springframework.data.redis.test.util.MinimumRedisVersionRule" type="java.lang.NoClassDefFoundError"><![CDATA[java.lang.NoClassDefFoundError: Could not initialize class org.springframework.data.redis.test.util.MinimumRedisVersionRule
	at org.springframework.data.redis.core.DefaultSetOperationsTests.<init>(DefaultSetOperationsTests.java:64)
]]></error>
  </testcase>
  <testcase name="testMove[3]" classname="org.springframework.data.redis.core.DefaultSetOperationsTests" time="0.001">
    <error message="Could not initialize class org.springframework.data.redis.test.util.MinimumRedisVersionRule" type="java.lang.NoClassDefFoundError"><![CDATA[java.lang.NoClassDefFoundError: Could not initialize class org.springframework.data.redis.test.util.MinimumRedisVersionRule
	at org.springframework.data.redis.core.DefaultSetOperationsTests.<init>(DefaultSetOperationsTests.java:64)
]]></error>
  </testcase>
  <testcase name="testDistinctRandomMembersNegative[3]" classname="org.springframework.data.redis.core.DefaultSetOperationsTests" time="0">
    <error message="Could not initialize class org.springframework.data.redis.test.util.MinimumRedisVersionRule" type="java.lang.NoClassDefFoundError"><![CDATA[java.lang.NoClassDefFoundError: Could not initialize class org.springframework.data.redis.test.util.MinimumRedisVersionRule
	at org.springframework.data.redis.core.DefaultSetOperationsTests.<init>(DefaultSetOperationsTests.java:64)
]]></error>
  </testcase>
  <testcase name="testSSCanReadsValuesFully[3]" classname="org.springframework.data.redis.core.DefaultSetOperationsTests" time="0">
    <error message="Could not initialize class org.springframework.data.redis.test.util.MinimumRedisVersionRule" type="java.lang.NoClassDefFoundError"><![CDATA[java.lang.NoClassDefFoundError: Could not initialize class org.springframework.data.redis.test.util.MinimumRedisVersionRule
	at org.springframework.data.redis.core.DefaultSetOperationsTests.<init>(DefaultSetOperationsTests.java:64)
]]></error>
  </testcase>
  <testcase name="intersectAndStoreShouldReturnNumberOfElementsInDestination[3]" classname="org.springframework.data.redis.core.DefaultSetOperationsTests" time="0">
    <error message="Could not initialize class org.springframework.data.redis.test.util.MinimumRedisVersionRule" type="java.lang.NoClassDefFoundError"><![CDATA[java.lang.NoClassDefFoundError: Could not initialize class org.springframework.data.redis.test.util.MinimumRedisVersionRule
	at org.springframework.data.redis.core.DefaultSetOperationsTests.<init>(DefaultSetOperationsTests.java:64)
]]></error>
  </testcase>
  <testcase name="testRandomMember[3]" classname="org.springframework.data.redis.core.DefaultSetOperationsTests" time="0.001">
    <error message="Could not initialize class org.springframework.data.redis.test.util.MinimumRedisVersionRule" type="java.lang.NoClassDefFoundError"><![CDATA[java.lang.NoClassDefFoundError: Could not initialize class org.springframework.data.redis.test.util.MinimumRedisVersionRule
	at org.springframework.data.redis.core.DefaultSetOperationsTests.<init>(DefaultSetOperationsTests.java:64)
]]></error>
  </testcase>
  <testcase name="testDistinctRandomMembers[3]" classname="org.springframework.data.redis.core.DefaultSetOperationsTests" time="0">
    <error message="Could not initialize class org.springframework.data.redis.test.util.MinimumRedisVersionRule" type="java.lang.NoClassDefFoundError"><![CDATA[java.lang.NoClassDefFoundError: Could not initialize class org.springframework.data.redis.test.util.MinimumRedisVersionRule
	at org.springframework.data.redis.core.DefaultSetOperationsTests.<init>(DefaultSetOperationsTests.java:64)
]]></error>
  </testcase>
  <testcase name="testRemove[3]" classname="org.springframework.data.redis.core.DefaultSetOperationsTests" time="0">
    <error message="Could not initialize class org.springframework.data.redis.test.util.MinimumRedisVersionRule" type="java.lang.NoClassDefFoundError"><![CDATA[java.lang.NoClassDefFoundError: Could not initialize class org.springframework.data.redis.test.util.MinimumRedisVersionRule
	at org.springframework.data.redis.core.DefaultSetOperationsTests.<init>(DefaultSetOperationsTests.java:64)
]]></error>
  </testcase>
  <testcase name="testRandomMembersWithDuplicates[3]" classname="org.springframework.data.redis.core.DefaultSetOperationsTests" time="0">
    <error message="Could not initialize class org.springframework.data.redis.test.util.MinimumRedisVersionRule" type="java.lang.NoClassDefFoundError"><![CDATA[java.lang.NoClassDefFoundError: Could not initialize class org.springframework.data.redis.test.util.MinimumRedisVersionRule
	at org.springframework.data.redis.core.DefaultSetOperationsTests.<init>(DefaultSetOperationsTests.java:64)
]]></error>
  </testcase>
  <testcase name="testRandomMembersNegative[4]" classname="org.springframework.data.redis.core.DefaultSetOperationsTests" time="0.001">
    <error message="Could not initialize class org.springframework.data.redis.test.util.MinimumRedisVersionRule" type="java.lang.NoClassDefFoundError"><![CDATA[java.lang.NoClassDefFoundError: Could not initialize class org.springframework.data.redis.test.util.MinimumRedisVersionRule
	at org.springframework.data.redis.core.DefaultSetOperationsTests.<init>(DefaultSetOperationsTests.java:64)
]]></error>
  </testcase>
  <testcase name="testAdd[4]" classname="org.springframework.data.redis.core.DefaultSetOperationsTests" time="0">
    <error message="Could not initialize class org.springframework.data.redis.test.util.MinimumRedisVersionRule" type="java.lang.NoClassDefFoundError"><![CDATA[java.lang.NoClassDefFoundError: Could not initialize class org.springframework.data.redis.test.util.MinimumRedisVersionRule
	at org.springframework.data.redis.core.DefaultSetOperationsTests.<init>(DefaultSetOperationsTests.java:64)
]]></error>
  </testcase>
  <testcase name="testPop[4]" classname="org.springframework.data.redis.core.DefaultSetOperationsTests" time="0">
    <error message="Could not initialize class org.springframework.data.redis.test.util.MinimumRedisVersionRule" type="java.lang.NoClassDefFoundError"><![CDATA[java.lang.NoClassDefFoundError: Could not initialize class org.springframework.data.redis.test.util.MinimumRedisVersionRule
	at org.springframework.data.redis.core.DefaultSetOperationsTests.<init>(DefaultSetOperationsTests.java:64)
]]></error>
  </testcase>
  <testcase name="testMove[4]" classname="org.springframework.data.redis.core.DefaultSetOperationsTests" time="0">
    <error message="Could not initialize class org.springframework.data.redis.test.util.MinimumRedisVersionRule" type="java.lang.NoClassDefFoundError"><![CDATA[java.lang.NoClassDefFoundError: Could not initialize class org.springframework.data.redis.test.util.MinimumRedisVersionRule
	at org.springframework.data.redis.core.DefaultSetOperationsTests.<init>(DefaultSetOperationsTests.java:64)
]]></error>
  </testcase>
  <testcase name="testDistinctRandomMembersNegative[4]" classname="org.springframework.data.redis.core.DefaultSetOperationsTests" time="0">
    <error message="Could not initialize class org.springframework.data.redis.test.util.MinimumRedisVersionRule" type="java.lang.NoClassDefFoundError"><![CDATA[java.lang.NoClassDefFoundError: Could not initialize class org.springframework.data.redis.test.util.MinimumRedisVersionRule
	at org.springframework.data.redis.core.DefaultSetOperationsTests.<init>(DefaultSetOperationsTests.java:64)
]]></error>
  </testcase>
  <testcase name="testSSCanReadsValuesFully[4]" classname="org.springframework.data.redis.core.DefaultSetOperationsTests" time="0">
    <error message="Could not initialize class org.springframework.data.redis.test.util.MinimumRedisVersionRule" type="java.lang.NoClassDefFoundError"><![CDATA[java.lang.NoClassDefFoundError: Could not initialize class org.springframework.data.redis.test.util.MinimumRedisVersionRule
	at org.springframework.data.redis.core.DefaultSetOperationsTests.<init>(DefaultSetOperationsTests.java:64)
]]></error>
  </testcase>
  <testcase name="intersectAndStoreShouldReturnNumberOfElementsInDestination[4]" classname="org.springframework.data.redis.core.DefaultSetOperationsTests" time="0">
    <error message="Could not initialize class org.springframework.data.redis.test.util.MinimumRedisVersionRule" type="java.lang.NoClassDefFoundError"><![CDATA[java.lang.NoClassDefFoundError: Could not initialize class org.springframework.data.redis.test.util.MinimumRedisVersionRule
	at org.springframework.data.redis.core.DefaultSetOperationsTests.<init>(DefaultSetOperationsTests.java:64)
]]></error>
  </testcase>
  <testcase name="testRandomMember[4]" classname="org.springframework.data.redis.core.DefaultSetOperationsTests" time="0">
    <error message="Could not initialize class org.springframework.data.redis.test.util.MinimumRedisVersionRule" type="java.lang.NoClassDefFoundError"><![CDATA[java.lang.NoClassDefFoundError: Could not initialize class org.springframework.data.redis.test.util.MinimumRedisVersionRule
	at org.springframework.data.redis.core.DefaultSetOperationsTests.<init>(DefaultSetOperationsTests.java:64)
]]></error>
  </testcase>
  <testcase name="testDistinctRandomMembers[4]" classname="org.springframework.data.redis.core.DefaultSetOperationsTests" time="0">
    <error message="Could not initialize class org.springframework.data.redis.test.util.MinimumRedisVersionRule" type="java.lang.NoClassDefFoundError"><![CDATA[java.lang.NoClassDefFoundError: Could not initialize class org.springframework.data.redis.test.util.MinimumRedisVersionRule
	at org.springframework.data.redis.core.DefaultSetOperationsTests.<init>(DefaultSetOperationsTests.java:64)
]]></error>
  </testcase>
  <testcase name="testRemove[4]" classname="org.springframework.data.redis.core.DefaultSetOperationsTests" time="0.001">
    <error message="Could not initialize class org.springframework.data.redis.test.util.MinimumRedisVersionRule" type="java.lang.NoClassDefFoundError"><![CDATA[java.lang.NoClassDefFoundError: Could not initialize class org.springframework.data.redis.test.util.MinimumRedisVersionRule
	at org.springframework.data.redis.core.DefaultSetOperationsTests.<init>(DefaultSetOperationsTests.java:64)
]]></error>
  </testcase>
  <testcase name="testRandomMembersWithDuplicates[4]" classname="org.springframework.data.redis.core.DefaultSetOperationsTests" time="0">
    <error message="Could not initialize class org.springframework.data.redis.test.util.MinimumRedisVersionRule" type="java.lang.NoClassDefFoundError"><![CDATA[java.lang.NoClassDefFoundError: Could not initialize class org.springframework.data.redis.test.util.MinimumRedisVersionRule
	at org.springframework.data.redis.core.DefaultSetOperationsTests.<init>(DefaultSetOperationsTests.java:64)
]]></error>
  </testcase>
  <testcase name="testRandomMembersNegative[5]" classname="org.springframework.data.redis.core.DefaultSetOperationsTests" time="0">
    <error message="Could not initialize class org.springframework.data.redis.test.util.MinimumRedisVersionRule" type="java.lang.NoClassDefFoundError"><![CDATA[java.lang.NoClassDefFoundError: Could not initialize class org.springframework.data.redis.test.util.MinimumRedisVersionRule
	at org.springframework.data.redis.core.DefaultSetOperationsTests.<init>(DefaultSetOperationsTests.java:64)
]]></error>
  </testcase>
  <testcase name="testAdd[5]" classname="org.springframework.data.redis.core.DefaultSetOperationsTests" time="0">
    <error message="Could not initialize class org.springframework.data.redis.test.util.MinimumRedisVersionRule" type="java.lang.NoClassDefFoundError"><![CDATA[java.lang.NoClassDefFoundError: Could not initialize class org.springframework.data.redis.test.util.MinimumRedisVersionRule
	at org.springframework.data.redis.core.DefaultSetOperationsTests.<init>(DefaultSetOperationsTests.java:64)
]]></error>
  </testcase>
  <testcase name="testPop[5]" classname="org.springframework.data.redis.core.DefaultSetOperationsTests" time="0.001">
    <error message="Could not initialize class org.springframework.data.redis.test.util.MinimumRedisVersionRule" type="java.lang.NoClassDefFoundError"><![CDATA[java.lang.NoClassDefFoundError: Could not initialize class org.springframework.data.redis.test.util.MinimumRedisVersionRule
	at org.springframework.data.redis.core.DefaultSetOperationsTests.<init>(DefaultSetOperationsTests.java:64)
]]></error>
  </testcase>
  <testcase name="testMove[5]" classname="org.springframework.data.redis.core.DefaultSetOperationsTests" time="0">
    <error message="Could not initialize class org.springframework.data.redis.test.util.MinimumRedisVersionRule" type="java.lang.NoClassDefFoundError"><![CDATA[java.lang.NoClassDefFoundError: Could not initialize class org.springframework.data.redis.test.util.MinimumRedisVersionRule
	at org.springframework.data.redis.core.DefaultSetOperationsTests.<init>(DefaultSetOperationsTests.java:64)
]]></error>
  </testcase>
  <testcase name="testDistinctRandomMembersNegative[5]" classname="org.springframework.data.redis.core.DefaultSetOperationsTests" time="0">
    <error message="Could not initialize class org.springframework.data.redis.test.util.MinimumRedisVersionRule" type="java.lang.NoClassDefFoundError"><![CDATA[java.lang.NoClassDefFoundError: Could not initialize class org.springframework.data.redis.test.util.MinimumRedisVersionRule
	at org.springframework.data.redis.core.DefaultSetOperationsTests.<init>(DefaultSetOperationsTests.java:64)
]]></error>
  </testcase>
  <testcase name="testSSCanReadsValuesFully[5]" classname="org.springframework.data.redis.core.DefaultSetOperationsTests" time="0">
    <error message="Could not initialize class org.springframework.data.redis.test.util.MinimumRedisVersionRule" type="java.lang.NoClassDefFoundError"><![CDATA[java.lang.NoClassDefFoundError: Could not initialize class org.springframework.data.redis.test.util.MinimumRedisVersionRule
	at org.springframework.data.redis.core.DefaultSetOperationsTests.<init>(DefaultSetOperationsTests.java:64)
]]></error>
  </testcase>
  <testcase name="intersectAndStoreShouldReturnNumberOfElementsInDestination[5]" classname="org.springframework.data.redis.core.DefaultSetOperationsTests" time="0.001">
    <error message="Could not initialize class org.springframework.data.redis.test.util.MinimumRedisVersionRule" type="java.lang.NoClassDefFoundError"><![CDATA[java.lang.NoClassDefFoundError: Could not initialize class org.springframework.data.redis.test.util.MinimumRedisVersionRule
	at org.springframework.data.redis.core.DefaultSetOperationsTests.<init>(DefaultSetOperationsTests.java:64)
]]></error>
  </testcase>
  <testcase name="testRandomMember[5]" classname="org.springframework.data.redis.core.DefaultSetOperationsTests" time="0">
    <error message="Could not initialize class org.springframework.data.redis.test.util.MinimumRedisVersionRule" type="java.lang.NoClassDefFoundError"><![CDATA[java.lang.NoClassDefFoundError: Could not initialize class org.springframework.data.redis.test.util.MinimumRedisVersionRule
	at org.springframework.data.redis.core.DefaultSetOperationsTests.<init>(DefaultSetOperationsTests.java:64)
]]></error>
  </testcase>
  <testcase name="testDistinctRandomMembers[5]" classname="org.springframework.data.redis.core.DefaultSetOperationsTests" time="0">
    <error message="Could not initialize class org.springframework.data.redis.test.util.MinimumRedisVersionRule" type="java.lang.NoClassDefFoundError"><![CDATA[java.lang.NoClassDefFoundError: Could not initialize class org.springframework.data.redis.test.util.MinimumRedisVersionRule
	at org.springframework.data.redis.core.DefaultSetOperationsTests.<init>(DefaultSetOperationsTests.java:64)
]]></error>
  </testcase>
  <testcase name="testRemove[5]" classname="org.springframework.data.redis.core.DefaultSetOperationsTests" time="0">
    <error message="Could not initialize class org.springframework.data.redis.test.util.MinimumRedisVersionRule" type="java.lang.NoClassDefFoundError"><![CDATA[java.lang.NoClassDefFoundError: Could not initialize class org.springframework.data.redis.test.util.MinimumRedisVersionRule
	at org.springframework.data.redis.core.DefaultSetOperationsTests.<init>(DefaultSetOperationsTests.java:64)
]]></error>
  </testcase>
  <testcase name="testRandomMembersWithDuplicates[5]" classname="org.springframework.data.redis.core.DefaultSetOperationsTests" time="0">
    <error message="Could not initialize class org.springframework.data.redis.test.util.MinimumRedisVersionRule" type="java.lang.NoClassDefFoundError"><![CDATA[java.lang.NoClassDefFoundError: Could not initialize class org.springframework.data.redis.test.util.MinimumRedisVersionRule
	at org.springframework.data.redis.core.DefaultSetOperationsTests.<init>(DefaultSetOperationsTests.java:64)
]]></error>
  </testcase>
  <testcase name="testRandomMembersNegative[6]" classname="org.springframework.data.redis.core.DefaultSetOperationsTests" time="0">
    <error message="Could not initialize class org.springframework.data.redis.test.util.MinimumRedisVersionRule" type="java.lang.NoClassDefFoundError"><![CDATA[java.lang.NoClassDefFoundError: Could not initialize class org.springframework.data.redis.test.util.MinimumRedisVersionRule
	at org.springframework.data.redis.core.DefaultSetOperationsTests.<init>(DefaultSetOperationsTests.java:64)
]]></error>
  </testcase>
  <testcase name="testAdd[6]" classname="org.springframework.data.redis.core.DefaultSetOperationsTests" time="0">
    <error message="Could not initialize class org.springframework.data.redis.test.util.MinimumRedisVersionRule" type="java.lang.NoClassDefFoundError"><![CDATA[java.lang.NoClassDefFoundError: Could not initialize class org.springframework.data.redis.test.util.MinimumRedisVersionRule
	at org.springframework.data.redis.core.DefaultSetOperationsTests.<init>(DefaultSetOperationsTests.java:64)
]]></error>
  </testcase>
  <testcase name="testPop[6]" classname="org.springframework.data.redis.core.DefaultSetOperationsTests" time="0.001">
    <error message="Could not initialize class org.springframework.data.redis.test.util.MinimumRedisVersionRule" type="java.lang.NoClassDefFoundError"><![CDATA[java.lang.NoClassDefFoundError: Could not initialize class org.springframework.data.redis.test.util.MinimumRedisVersionRule
	at org.springframework.data.redis.core.DefaultSetOperationsTests.<init>(DefaultSetOperationsTests.java:64)
]]></error>
  </testcase>
  <testcase name="testMove[6]" classname="org.springframework.data.redis.core.DefaultSetOperationsTests" time="0">
    <error message="Could not initialize class org.springframework.data.redis.test.util.MinimumRedisVersionRule" type="java.lang.NoClassDefFoundError"><![CDATA[java.lang.NoClassDefFoundError: Could not initialize class org.springframework.data.redis.test.util.MinimumRedisVersionRule
	at org.springframework.data.redis.core.DefaultSetOperationsTests.<init>(DefaultSetOperationsTests.java:64)
]]></error>
  </testcase>
  <testcase name="testDistinctRandomMembersNegative[6]" classname="org.springframework.data.redis.core.DefaultSetOperationsTests" time="0">
    <error message="Could not initialize class org.springframework.data.redis.test.util.MinimumRedisVersionRule" type="java.lang.NoClassDefFoundError"><![CDATA[java.lang.NoClassDefFoundError: Could not initialize class org.springframework.data.redis.test.util.MinimumRedisVersionRule
	at org.springframework.data.redis.core.DefaultSetOperationsTests.<init>(DefaultSetOperationsTests.java:64)
]]></error>
  </testcase>
  <testcase name="testSSCanReadsValuesFully[6]" classname="org.springframework.data.redis.core.DefaultSetOperationsTests" time="0">
    <error message="Could not initialize class org.springframework.data.redis.test.util.MinimumRedisVersionRule" type="java.lang.NoClassDefFoundError"><![CDATA[java.lang.NoClassDefFoundError: Could not initialize class org.springframework.data.redis.test.util.MinimumRedisVersionRule
	at org.springframework.data.redis.core.DefaultSetOperationsTests.<init>(DefaultSetOperationsTests.java:64)
]]></error>
  </testcase>
  <testcase name="intersectAndStoreShouldReturnNumberOfElementsInDestination[6]" classname="org.springframework.data.redis.core.DefaultSetOperationsTests" time="0.001">
    <error message="Could not initialize class org.springframework.data.redis.test.util.MinimumRedisVersionRule" type="java.lang.NoClassDefFoundError"><![CDATA[java.lang.NoClassDefFoundError: Could not initialize class org.springframework.data.redis.test.util.MinimumRedisVersionRule
	at org.springframework.data.redis.core.DefaultSetOperationsTests.<init>(DefaultSetOperationsTests.java:64)
]]></error>
  </testcase>
  <testcase name="testRandomMember[6]" classname="org.springframework.data.redis.core.DefaultSetOperationsTests" time="0">
    <error message="Could not initialize class org.springframework.data.redis.test.util.MinimumRedisVersionRule" type="java.lang.NoClassDefFoundError"><![CDATA[java.lang.NoClassDefFoundError: Could not initialize class org.springframework.data.redis.test.util.MinimumRedisVersionRule
	at org.springframework.data.redis.core.DefaultSetOperationsTests.<init>(DefaultSetOperationsTests.java:64)
]]></error>
  </testcase>
  <testcase name="testDistinctRandomMembers[6]" classname="org.springframework.data.redis.core.DefaultSetOperationsTests" time="0">
    <error message="Could not initialize class org.springframework.data.redis.test.util.MinimumRedisVersionRule" type="java.lang.NoClassDefFoundError"><![CDATA[java.lang.NoClassDefFoundError: Could not initialize class org.springframework.data.redis.test.util.MinimumRedisVersionRule
	at org.springframework.data.redis.core.DefaultSetOperationsTests.<init>(DefaultSetOperationsTests.java:64)
]]></error>
  </testcase>
  <testcase name="testRemove[6]" classname="org.springframework.data.redis.core.DefaultSetOperationsTests" time="0">
    <error message="Could not initialize class org.springframework.data.redis.test.util.MinimumRedisVersionRule" type="java.lang.NoClassDefFoundError"><![CDATA[java.lang.NoClassDefFoundError: Could not initialize class org.springframework.data.redis.test.util.MinimumRedisVersionRule
	at org.springframework.data.redis.core.DefaultSetOperationsTests.<init>(DefaultSetOperationsTests.java:64)
]]></error>
  </testcase>
  <testcase name="testRandomMembersWithDuplicates[6]" classname="org.springframework.data.redis.core.DefaultSetOperationsTests" time="0.001">
    <error message="Could not initialize class org.springframework.data.redis.test.util.MinimumRedisVersionRule" type="java.lang.NoClassDefFoundError"><![CDATA[java.lang.NoClassDefFoundError: Could not initialize class org.springframework.data.redis.test.util.MinimumRedisVersionRule
	at org.springframework.data.redis.core.DefaultSetOperationsTests.<init>(DefaultSetOperationsTests.java:64)
]]></error>
  </testcase>
  <testcase name="testRandomMembersNegative[7]" classname="org.springframework.data.redis.core.DefaultSetOperationsTests" time="0">
    <error message="Could not initialize class org.springframework.data.redis.test.util.MinimumRedisVersionRule" type="java.lang.NoClassDefFoundError"><![CDATA[java.lang.NoClassDefFoundError: Could not initialize class org.springframework.data.redis.test.util.MinimumRedisVersionRule
	at org.springframework.data.redis.core.DefaultSetOperationsTests.<init>(DefaultSetOperationsTests.java:64)
]]></error>
  </testcase>
  <testcase name="testAdd[7]" classname="org.springframework.data.redis.core.DefaultSetOperationsTests" time="0">
    <error message="Could not initialize class org.springframework.data.redis.test.util.MinimumRedisVersionRule" type="java.lang.NoClassDefFoundError"><![CDATA[java.lang.NoClassDefFoundError: Could not initialize class org.springframework.data.redis.test.util.MinimumRedisVersionRule
	at org.springframework.data.redis.core.DefaultSetOperationsTests.<init>(DefaultSetOperationsTests.java:64)
]]></error>
  </testcase>
  <testcase name="testPop[7]" classname="org.springframework.data.redis.core.DefaultSetOperationsTests" time="0.003">
    <error message="Could not initialize class org.springframework.data.redis.test.util.MinimumRedisVersionRule" type="java.lang.NoClassDefFoundError"><![CDATA[java.lang.NoClassDefFoundError: Could not initialize class org.springframework.data.redis.test.util.MinimumRedisVersionRule
	at org.springframework.data.redis.core.DefaultSetOperationsTests.<init>(DefaultSetOperationsTests.java:64)
]]></error>
  </testcase>
  <testcase name="testMove[7]" classname="org.springframework.data.redis.core.DefaultSetOperationsTests" time="0">
    <error message="Could not initialize class org.springframework.data.redis.test.util.MinimumRedisVersionRule" type="java.lang.NoClassDefFoundError"><![CDATA[java.lang.NoClassDefFoundError: Could not initialize class org.springframework.data.redis.test.util.MinimumRedisVersionRule
	at org.springframework.data.redis.core.DefaultSetOperationsTests.<init>(DefaultSetOperationsTests.java:64)
]]></error>
  </testcase>
  <testcase name="testDistinctRandomMembersNegative[7]" classname="org.springframework.data.redis.core.DefaultSetOperationsTests" time="0">
    <error message="Could not initialize class org.springframework.data.redis.test.util.MinimumRedisVersionRule" type="java.lang.NoClassDefFoundError"><![CDATA[java.lang.NoClassDefFoundError: Could not initialize class org.springframework.data.redis.test.util.MinimumRedisVersionRule
	at org.springframework.data.redis.core.DefaultSetOperationsTests.<init>(DefaultSetOperationsTests.java:64)
]]></error>
  </testcase>
  <testcase name="testSSCanReadsValuesFully[7]" classname="org.springframework.data.redis.core.DefaultSetOperationsTests" time="0">
    <error message="Could not initialize class org.springframework.data.redis.test.util.MinimumRedisVersionRule" type="java.lang.NoClassDefFoundError"><![CDATA[java.lang.NoClassDefFoundError: Could not initialize class org.springframework.data.redis.test.util.MinimumRedisVersionRule
	at org.springframework.data.redis.core.DefaultSetOperationsTests.<init>(DefaultSetOperationsTests.java:64)
]]></error>
  </testcase>
  <testcase name="intersectAndStoreShouldReturnNumberOfElementsInDestination[7]" classname="org.springframework.data.redis.core.DefaultSetOperationsTests" time="0">
    <error message="Could not initialize class org.springframework.data.redis.test.util.MinimumRedisVersionRule" type="java.lang.NoClassDefFoundError"><![CDATA[java.lang.NoClassDefFoundError: Could not initialize class org.springframework.data.redis.test.util.MinimumRedisVersionRule
	at org.springframework.data.redis.core.DefaultSetOperationsTests.<init>(DefaultSetOperationsTests.java:64)
]]></error>
  </testcase>
  <testcase name="testRandomMember[7]" classname="org.springframework.data.redis.core.DefaultSetOperationsTests" time="0">
    <error message="Could not initialize class org.springframework.data.redis.test.util.MinimumRedisVersionRule" type="java.lang.NoClassDefFoundError"><![CDATA[java.lang.NoClassDefFoundError: Could not initialize class org.springframework.data.redis.test.util.MinimumRedisVersionRule
	at org.springframework.data.redis.core.DefaultSetOperationsTests.<init>(DefaultSetOperationsTests.java:64)
]]></error>
  </testcase>
  <testcase name="testDistinctRandomMembers[7]" classname="org.springframework.data.redis.core.DefaultSetOperationsTests" time="0">
    <error message="Could not initialize class org.springframework.data.redis.test.util.MinimumRedisVersionRule" type="java.lang.NoClassDefFoundError"><![CDATA[java.lang.NoClassDefFoundError: Could not initialize class org.springframework.data.redis.test.util.MinimumRedisVersionRule
	at org.springframework.data.redis.core.DefaultSetOperationsTests.<init>(DefaultSetOperationsTests.java:64)
]]></error>
  </testcase>
  <testcase name="testRemove[7]" classname="org.springframework.data.redis.core.DefaultSetOperationsTests" time="0">
    <error message="Could not initialize class org.springframework.data.redis.test.util.MinimumRedisVersionRule" type="java.lang.NoClassDefFoundError"><![CDATA[java.lang.NoClassDefFoundError: Could not initialize class org.springframework.data.redis.test.util.MinimumRedisVersionRule
	at org.springframework.data.redis.core.DefaultSetOperationsTests.<init>(DefaultSetOperationsTests.java:64)
]]></error>
  </testcase>
  <testcase name="testRandomMembersWithDuplicates[7]" classname="org.springframework.data.redis.core.DefaultSetOperationsTests" time="0">
    <error message="Could not initialize class org.springframework.data.redis.test.util.MinimumRedisVersionRule" type="java.lang.NoClassDefFoundError"><![CDATA[java.lang.NoClassDefFoundError: Could not initialize class org.springframework.data.redis.test.util.MinimumRedisVersionRule
	at org.springframework.data.redis.core.DefaultSetOperationsTests.<init>(DefaultSetOperationsTests.java:64)
]]></error>
  </testcase>
  <testcase name="testRandomMembersNegative[8]" classname="org.springframework.data.redis.core.DefaultSetOperationsTests" time="0">
    <error message="Could not initialize class org.springframework.data.redis.test.util.MinimumRedisVersionRule" type="java.lang.NoClassDefFoundError"><![CDATA[java.lang.NoClassDefFoundError: Could not initialize class org.springframework.data.redis.test.util.MinimumRedisVersionRule
	at org.springframework.data.redis.core.DefaultSetOperationsTests.<init>(DefaultSetOperationsTests.java:64)
]]></error>
  </testcase>
  <testcase name="testAdd[8]" classname="org.springframework.data.redis.core.DefaultSetOperationsTests" time="0">
    <error message="Could not initialize class org.springframework.data.redis.test.util.MinimumRedisVersionRule" type="java.lang.NoClassDefFoundError"><![CDATA[java.lang.NoClassDefFoundError: Could not initialize class org.springframework.data.redis.test.util.MinimumRedisVersionRule
	at org.springframework.data.redis.core.DefaultSetOperationsTests.<init>(DefaultSetOperationsTests.java:64)
]]></error>
  </testcase>
  <testcase name="testPop[8]" classname="org.springframework.data.redis.core.DefaultSetOperationsTests" time="0">
    <error message="Could not initialize class org.springframework.data.redis.test.util.MinimumRedisVersionRule" type="java.lang.NoClassDefFoundError"><![CDATA[java.lang.NoClassDefFoundError: Could not initialize class org.springframework.data.redis.test.util.MinimumRedisVersionRule
	at org.springframework.data.redis.core.DefaultSetOperationsTests.<init>(DefaultSetOperationsTests.java:64)
]]></error>
  </testcase>
  <testcase name="testMove[8]" classname="org.springframework.data.redis.core.DefaultSetOperationsTests" time="0">
    <error message="Could not initialize class org.springframework.data.redis.test.util.MinimumRedisVersionRule" type="java.lang.NoClassDefFoundError"><![CDATA[java.lang.NoClassDefFoundError: Could not initialize class org.springframework.data.redis.test.util.MinimumRedisVersionRule
	at org.springframework.data.redis.core.DefaultSetOperationsTests.<init>(DefaultSetOperationsTests.java:64)
]]></error>
  </testcase>
  <testcase name="testDistinctRandomMembersNegative[8]" classname="org.springframework.data.redis.core.DefaultSetOperationsTests" time="0">
    <error message="Could not initialize class org.springframework.data.redis.test.util.MinimumRedisVersionRule" type="java.lang.NoClassDefFoundError"><![CDATA[java.lang.NoClassDefFoundError: Could not initialize class org.springframework.data.redis.test.util.MinimumRedisVersionRule
	at org.springframework.data.redis.core.DefaultSetOperationsTests.<init>(DefaultSetOperationsTests.java:64)
]]></error>
  </testcase>
  <testcase name="testSSCanReadsValuesFully[8]" classname="org.springframework.data.redis.core.DefaultSetOperationsTests" time="0">
    <error message="Could not initialize class org.springframework.data.redis.test.util.MinimumRedisVersionRule" type="java.lang.NoClassDefFoundError"><![CDATA[java.lang.NoClassDefFoundError: Could not initialize class org.springframework.data.redis.test.util.MinimumRedisVersionRule
	at org.springframework.data.redis.core.DefaultSetOperationsTests.<init>(DefaultSetOperationsTests.java:64)
]]></error>
  </testcase>
  <testcase name="intersectAndStoreShouldReturnNumberOfElementsInDestination[8]" classname="org.springframework.data.redis.core.DefaultSetOperationsTests" time="0">
    <error message="Could not initialize class org.springframework.data.redis.test.util.MinimumRedisVersionRule" type="java.lang.NoClassDefFoundError"><![CDATA[java.lang.NoClassDefFoundError: Could not initialize class org.springframework.data.redis.test.util.MinimumRedisVersionRule
	at org.springframework.data.redis.core.DefaultSetOperationsTests.<init>(DefaultSetOperationsTests.java:64)
]]></error>
  </testcase>
  <testcase name="testRandomMember[8]" classname="org.springframework.data.redis.core.DefaultSetOperationsTests" time="0">
    <error message="Could not initialize class org.springframework.data.redis.test.util.MinimumRedisVersionRule" type="java.lang.NoClassDefFoundError"><![CDATA[java.lang.NoClassDefFoundError: Could not initialize class org.springframework.data.redis.test.util.MinimumRedisVersionRule
	at org.springframework.data.redis.core.DefaultSetOperationsTests.<init>(DefaultSetOperationsTests.java:64)
]]></error>
  </testcase>
  <testcase name="testDistinctRandomMembers[8]" classname="org.springframework.data.redis.core.DefaultSetOperationsTests" time="0">
    <error message="Could not initialize class org.springframework.data.redis.test.util.MinimumRedisVersionRule" type="java.lang.NoClassDefFoundError"><![CDATA[java.lang.NoClassDefFoundError: Could not initialize class org.springframework.data.redis.test.util.MinimumRedisVersionRule
	at org.springframework.data.redis.core.DefaultSetOperationsTests.<init>(DefaultSetOperationsTests.java:64)
]]></error>
  </testcase>
  <testcase name="testRemove[8]" classname="org.springframework.data.redis.core.DefaultSetOperationsTests" time="0.001">
    <error message="Could not initialize class org.springframework.data.redis.test.util.MinimumRedisVersionRule" type="java.lang.NoClassDefFoundError"><![CDATA[java.lang.NoClassDefFoundError: Could not initialize class org.springframework.data.redis.test.util.MinimumRedisVersionRule
	at org.springframework.data.redis.core.DefaultSetOperationsTests.<init>(DefaultSetOperationsTests.java:64)
]]></error>
  </testcase>
  <testcase name="testRandomMembersWithDuplicates[8]" classname="org.springframework.data.redis.core.DefaultSetOperationsTests" time="0">
    <error message="Could not initialize class org.springframework.data.redis.test.util.MinimumRedisVersionRule" type="java.lang.NoClassDefFoundError"><![CDATA[java.lang.NoClassDefFoundError: Could not initialize class org.springframework.data.redis.test.util.MinimumRedisVersionRule
	at org.springframework.data.redis.core.DefaultSetOperationsTests.<init>(DefaultSetOperationsTests.java:64)
]]></error>
  </testcase>
  <testcase name="testRandomMembersNegative[9]" classname="org.springframework.data.redis.core.DefaultSetOperationsTests" time="0">
    <error message="Could not initialize class org.springframework.data.redis.test.util.MinimumRedisVersionRule" type="java.lang.NoClassDefFoundError"><![CDATA[java.lang.NoClassDefFoundError: Could not initialize class org.springframework.data.redis.test.util.MinimumRedisVersionRule
	at org.springframework.data.redis.core.DefaultSetOperationsTests.<init>(DefaultSetOperationsTests.java:64)
]]></error>
  </testcase>
  <testcase name="testAdd[9]" classname="org.springframework.data.redis.core.DefaultSetOperationsTests" time="0">
    <error message="Could not initialize class org.springframework.data.redis.test.util.MinimumRedisVersionRule" type="java.lang.NoClassDefFoundError"><![CDATA[java.lang.NoClassDefFoundError: Could not initialize class org.springframework.data.redis.test.util.MinimumRedisVersionRule
	at org.springframework.data.redis.core.DefaultSetOperationsTests.<init>(DefaultSetOperationsTests.java:64)
]]></error>
  </testcase>
  <testcase name="testPop[9]" classname="org.springframework.data.redis.core.DefaultSetOperationsTests" time="0">
    <error message="Could not initialize class org.springframework.data.redis.test.util.MinimumRedisVersionRule" type="java.lang.NoClassDefFoundError"><![CDATA[java.lang.NoClassDefFoundError: Could not initialize class org.springframework.data.redis.test.util.MinimumRedisVersionRule
	at org.springframework.data.redis.core.DefaultSetOperationsTests.<init>(DefaultSetOperationsTests.java:64)
]]></error>
  </testcase>
  <testcase name="testMove[9]" classname="org.springframework.data.redis.core.DefaultSetOperationsTests" time="0">
    <error message="Could not initialize class org.springframework.data.redis.test.util.MinimumRedisVersionRule" type="java.lang.NoClassDefFoundError"><![CDATA[java.lang.NoClassDefFoundError: Could not initialize class org.springframework.data.redis.test.util.MinimumRedisVersionRule
	at org.springframework.data.redis.core.DefaultSetOperationsTests.<init>(DefaultSetOperationsTests.java:64)
]]></error>
  </testcase>
  <testcase name="testDistinctRandomMembersNegative[9]" classname="org.springframework.data.redis.core.DefaultSetOperationsTests" time="0">
    <error message="Could not initialize class org.springframework.data.redis.test.util.MinimumRedisVersionRule" type="java.lang.NoClassDefFoundError"><![CDATA[java.lang.NoClassDefFoundError: Could not initialize class org.springframework.data.redis.test.util.MinimumRedisVersionRule
	at org.springframework.data.redis.core.DefaultSetOperationsTests.<init>(DefaultSetOperationsTests.java:64)
]]></error>
  </testcase>
  <testcase name="testSSCanReadsValuesFully[9]" classname="org.springframework.data.redis.core.DefaultSetOperationsTests" time="0">
    <error message="Could not initialize class org.springframework.data.redis.test.util.MinimumRedisVersionRule" type="java.lang.NoClassDefFoundError"><![CDATA[java.lang.NoClassDefFoundError: Could not initialize class org.springframework.data.redis.test.util.MinimumRedisVersionRule
	at org.springframework.data.redis.core.DefaultSetOperationsTests.<init>(DefaultSetOperationsTests.java:64)
]]></error>
  </testcase>
  <testcase name="intersectAndStoreShouldReturnNumberOfElementsInDestination[9]" classname="org.springframework.data.redis.core.DefaultSetOperationsTests" time="0">
    <error message="Could not initialize class org.springframework.data.redis.test.util.MinimumRedisVersionRule" type="java.lang.NoClassDefFoundError"><![CDATA[java.lang.NoClassDefFoundError: Could not initialize class org.springframework.data.redis.test.util.MinimumRedisVersionRule
	at org.springframework.data.redis.core.DefaultSetOperationsTests.<init>(DefaultSetOperationsTests.java:64)
]]></error>
  </testcase>
  <testcase name="testRandomMember[9]" classname="org.springframework.data.redis.core.DefaultSetOperationsTests" time="0">
    <error message="Could not initialize class org.springframework.data.redis.test.util.MinimumRedisVersionRule" type="java.lang.NoClassDefFoundError"><![CDATA[java.lang.NoClassDefFoundError: Could not initialize class org.springframework.data.redis.test.util.MinimumRedisVersionRule
	at org.springframework.data.redis.core.DefaultSetOperationsTests.<init>(DefaultSetOperationsTests.java:64)
]]></error>
  </testcase>
  <testcase name="testDistinctRandomMembers[9]" classname="org.springframework.data.redis.core.DefaultSetOperationsTests" time="0">
    <error message="Could not initialize class org.springframework.data.redis.test.util.MinimumRedisVersionRule" type="java.lang.NoClassDefFoundError"><![CDATA[java.lang.NoClassDefFoundError: Could not initialize class org.springframework.data.redis.test.util.MinimumRedisVersionRule
	at org.springframework.data.redis.core.DefaultSetOperationsTests.<init>(DefaultSetOperationsTests.java:64)
]]></error>
  </testcase>
  <testcase name="testRemove[9]" classname="org.springframework.data.redis.core.DefaultSetOperationsTests" time="0">
    <error message="Could not initialize class org.springframework.data.redis.test.util.MinimumRedisVersionRule" type="java.lang.NoClassDefFoundError"><![CDATA[java.lang.NoClassDefFoundError: Could not initialize class org.springframework.data.redis.test.util.MinimumRedisVersionRule
	at org.springframework.data.redis.core.DefaultSetOperationsTests.<init>(DefaultSetOperationsTests.java:64)
]]></error>
  </testcase>
  <testcase name="testRandomMembersWithDuplicates[9]" classname="org.springframework.data.redis.core.DefaultSetOperationsTests" time="0">
    <error message="Could not initialize class org.springframework.data.redis.test.util.MinimumRedisVersionRule" type="java.lang.NoClassDefFoundError"><![CDATA[java.lang.NoClassDefFoundError: Could not initialize class org.springframework.data.redis.test.util.MinimumRedisVersionRule
	at org.springframework.data.redis.core.DefaultSetOperationsTests.<init>(DefaultSetOperationsTests.java:64)
]]></error>
  </testcase>
</testsuite>