<?xml version="1.0" encoding="UTF-8"?>
<testsuite xmlns:xsi="http://www.w3.org/2001/XMLSchema-instance" xsi:schemaLocation="https://maven.apache.org/surefire/maven-surefire-plugin/xsd/surefire-test-report.xsd" name="org.springframework.data.solr.core.DefaultQueryParserTests" time="0.046" tests="129" errors="0" skipped="0" failures="0">
  <properties>
[...]
</properties>
  <testcase name="testWithSortAscMultipleFields" classname="org.springframework.data.solr.core.DefaultQueryParserTests" time="0"/>
  <testcase name="testEmptyCriteriaShouldBeDefaultedToNotNUll" classname="org.springframework.data.solr.core.DefaultQueryParserTests" time="0"/>
  <testcase name="testBetweenExcludeLowerBound" classname="org.springframework.data.solr.core.DefaultQueryParserTests" time="0"/>
  <testcase name="testCriteriaWithDoubleQuotes" classname="org.springframework.data.solr.core.DefaultQueryParserTests" time="0"/>
  <testcase name="testConstructSolrQueryWithSelectiveStatsCountDistinct" classname="org.springframework.data.solr.core.DefaultQueryParserTests" time="0"/>
  <testcase name="testCircleForWithinMustNotBeNull" classname="org.springframework.data.solr.core.DefaultQueryParserTests" time="0"/>
  <testcase name="testWithoutTimeAllowed" classname="org.springframework.data.solr.core.DefaultQueryParserTests" time="0"/>
  <testcase name="testWithSimpleStringCriteria" classname="org.springframework.data.solr.core.DefaultQueryParserTests" time="0"/>
  <testcase name="testConstructSolrQueryWithCustomFieldFacetParameters" classname="org.springframework.data.solr.core.DefaultQueryParserTests" time="0"/>
  <testcase name="testEndsWith" classname="org.springframework.data.solr.core.DefaultQueryParserTests" time="0"/>
  <testcase name="testNestedOrPartWithAnd" classname="org.springframework.data.solr.core.DefaultQueryParserTests" time="0"/>
  <testcase name="testFuzzyWithDistance" classname="org.springframework.data.solr.core.DefaultQueryParserTests" time="0"/>
  <testcase name="testBoostMultipleValues" classname="org.springframework.data.solr.core.DefaultQueryParserTests" time="0"/>
  <testcase name="testConstructSolrQueryWithFieldFacetParameters" classname="org.springframework.data.solr.core.DefaultQueryParserTests" time="0"/>
  <testcase name="testWithinCircleWorksCorrectly" classname="org.springframework.data.solr.core.DefaultQueryParserTests" time="0"/>
  <testcase name="shouldNotEnableSpellcheckWennNoSpellcheckOptionsPresent" classname="org.springframework.data.solr.core.DefaultQueryParserTests" time="0"/>
  <testcase name="testWithoutDefaultOperator" classname="org.springframework.data.solr.core.DefaultQueryParserTests" time="0"/>
  <testcase name="testConstructSorlQueryWithHighlightOptionFragsize" classname="org.springframework.data.solr.core.DefaultQueryParserTests" time="0"/>
  <testcase name="testAnd" classname="org.springframework.data.solr.core.DefaultQueryParserTests" time="0"/>
  <testcase name="testConstructSolrQueryWithSingleFacetOnField" classname="org.springframework.data.solr.core.DefaultQueryParserTests" time="0.001"/>
  <testcase name="testNotCritieraCarriedOnPorperlyForNullAndNotNull" classname="org.springframework.data.solr.core.DefaultQueryParserTests" time="0"/>
  <testcase name="testConstructSolrQueryWithSinglePivot" classname="org.springframework.data.solr.core.DefaultQueryParserTests" time="0"/>
  <testcase name="notOperatorShouldWrapNestedExpressionCorrectlyReverseWithDoubleNegation" classname="org.springframework.data.solr.core.DefaultQueryParserTests" time="0"/>
  <testcase name="testWithLuceneDefType" classname="org.springframework.data.solr.core.DefaultQueryParserTests" time="0"/>
  <testcase name="testRegularDateRangeFacets" classname="org.springframework.data.solr.core.DefaultQueryParserTests" time="0"/>
  <testcase name="testConstructGroupQueryWithMultipleQueries" classname="org.springframework.data.solr.core.DefaultQueryParserTests" time="0"/>
  <testcase name="testWithJoinTwoCoresOperator" classname="org.springframework.data.solr.core.DefaultQueryParserTests" time="0"/>
  <testcase name="testWithSortMixedDirections" classname="org.springframework.data.solr.core.DefaultQueryParserTests" time="0"/>
  <testcase name="testBoost" classname="org.springframework.data.solr.core.DefaultQueryParserTests" time="0"/>
  <testcase name="testFuzzy" classname="org.springframework.data.solr.core.DefaultQueryParserTests" time="0"/>
  <testcase name="testIsNot" classname="org.springframework.data.solr.core.DefaultQueryParserTests" time="0"/>
  <testcase name="testWithANDDefaultOperator" classname="org.springframework.data.solr.core.DefaultQueryParserTests" time="0"/>
  <testcase name="testNear" classname="org.springframework.data.solr.core.DefaultQueryParserTests" time="0"/>
  <testcase name="testConstructSorlQueryWithHighlightOptionFormatter" classname="org.springframework.data.solr.core.DefaultQueryParserTests" time="0"/>
  <testcase name="testWithFilterQuery" classname="org.springframework.data.solr.core.DefaultQueryParserTests" time="0"/>
  <testcase name="connectShouldAllowConcatinationOfCriteriaWithOrPreservingDesiredBracketing" classname="org.springframework.data.solr.core.DefaultQueryParserTests" time="0"/>
  <testcase name="notOperatorShouldWrapWholeExpression" classname="org.springframework.data.solr.core.DefaultQueryParserTests" time="0"/>
  <testcase name="testIn" classname="org.springframework.data.solr.core.DefaultQueryParserTests" time="0"/>
  <testcase name="testIs" classname="org.springframework.data.solr.core.DefaultQueryParserTests" time="0"/>
  <testcase name="testOr" classname="org.springframework.data.solr.core.DefaultQueryParserTests" time="0"/>
  <testcase name="testCircleForNearMustNotBeNull" classname="org.springframework.data.solr.core.DefaultQueryParserTests" time="0"/>
  <testcase name="testConstructSolrQueryWithFacetPrefix" classname="org.springframework.data.solr.core.DefaultQueryParserTests" time="0"/>
  <testcase name="testRegularNumericRangeFacets" classname="org.springframework.data.solr.core.DefaultQueryParserTests" time="0"/>
  <testcase name="testStringCriteria" classname="org.springframework.data.solr.core.DefaultQueryParserTests" time="0.007"/>
  <testcase name="connectShouldAllowConcatinationOfCriteriaWithAndPreservingDesiredBracketing" classname="org.springframework.data.solr.core.DefaultQueryParserTests" time="0"/>
  <testcase name="testConstructGroupQueryWithLimitSetToNegative1" classname="org.springframework.data.solr.core.DefaultQueryParserTests" time="0"/>
  <testcase name="testWithSortAscOnSingleField" classname="org.springframework.data.solr.core.DefaultQueryParserTests" time="0"/>
  <testcase name="testBetweenExcludeUpperBound" classname="org.springframework.data.solr.core.DefaultQueryParserTests" time="0"/>
  <testcase name="testBetweenWithDateValue" classname="org.springframework.data.solr.core.DefaultQueryParserTests" time="0"/>
  <testcase name="testBetween" classname="org.springframework.data.solr.core.DefaultQueryParserTests" time="0"/>
  <testcase name="testNegativeFacetLimitUsingFacetOptions_setFacetLimit" classname="org.springframework.data.solr.core.DefaultQueryParserTests" time="0"/>
  <testcase name="testIsWithNegativeNumner" classname="org.springframework.data.solr.core.DefaultQueryParserTests" time="0"/>
  <testcase name="testWithTimeAllowed" classname="org.springframework.data.solr.core.DefaultQueryParserTests" time="0"/>
  <testcase name="testConstructSolrQueryWithPagination" classname="org.springframework.data.solr.core.DefaultQueryParserTests" time="0"/>
  <testcase name="testConstructSolrQueryWithStatFieldsAndFacets" classname="org.springframework.data.solr.core.DefaultQueryParserTests" time="0"/>
  <testcase name="testConstructSimpleSolrQuery" classname="org.springframework.data.solr.core.DefaultQueryParserTests" time="0"/>
  <testcase name="testConstructSorlQueryWithFieldSpecificHighlightOptions" classname="org.springframework.data.solr.core.DefaultQueryParserTests" time="0.003"/>
  <testcase name="testConstructSorlQueryWithHighlightOptionsAndAnySolrParameter" classname="org.springframework.data.solr.core.DefaultQueryParserTests" time="0"/>
  <testcase name="testNearWithCoords" classname="org.springframework.data.solr.core.DefaultQueryParserTests" time="0"/>
  <testcase name="testCriteriaWithWhiteSpace" classname="org.springframework.data.solr.core.DefaultQueryParserTests" time="0"/>
  <testcase name="testConstructSolrQueryWithMultipleFacetOnFields" classname="org.springframework.data.solr.core.DefaultQueryParserTests" time="0"/>
  <testcase name="testMultipleAnd" classname="org.springframework.data.solr.core.DefaultQueryParserTests" time="0"/>
  <testcase name="connectShouldAllowConcatinationOfCriteriaWithAndPreservingDesiredBracketingReverse" classname="org.springframework.data.solr.core.DefaultQueryParserTests" time="0"/>
  <testcase name="testCriteriaChain" classname="org.springframework.data.solr.core.DefaultQueryParserTests" time="0.001"/>
  <testcase name="shouldEnableSpellcheckWennSpellcheckOptionsPresent" classname="org.springframework.data.solr.core.DefaultQueryParserTests" time="0"/>
  <testcase name="testNearWithDistanceUnitMiles" classname="org.springframework.data.solr.core.DefaultQueryParserTests" time="0.001"/>
  <testcase name="testConstructSolrQueryWithSingleGroupBy" classname="org.springframework.data.solr.core.DefaultQueryParserTests" time="0"/>
  <testcase name="testConstructSorlQueryWithHighlightOptionNrSnipplets" classname="org.springframework.data.solr.core.DefaultQueryParserTests" time="0.001"/>
  <testcase name="testContains" classname="org.springframework.data.solr.core.DefaultQueryParserTests" time="0.002"/>
  <testcase name="testIsWithJodaDateTime" classname="org.springframework.data.solr.core.DefaultQueryParserTests" time="0"/>
  <testcase name="testConstructSolrQueryWithStatField" classname="org.springframework.data.solr.core.DefaultQueryParserTests" time="0"/>
  <testcase name="testBetweenWithoutLowerBound" classname="org.springframework.data.solr.core.DefaultQueryParserTests" time="0"/>
  <testcase name="pageableUsingZeroShouldBeParsedCorrectlyWhenSetUsingExplititMethods" classname="org.springframework.data.solr.core.DefaultQueryParserTests" time="0.001"/>
  <testcase name="testNoRangeFacetAssignmentWhenNoRangeFacetsPresent" classname="org.springframework.data.solr.core.DefaultQueryParserTests" time="0"/>
  <testcase name="testWithSortDescOnSingleField" classname="org.springframework.data.solr.core.DefaultQueryParserTests" time="0"/>
  <testcase name="testEndsWithMulitpleValues" classname="org.springframework.data.solr.core.DefaultQueryParserTests" time="0"/>
  <testcase name="testNestedOrPartWithAndSomeOtherThings" classname="org.springframework.data.solr.core.DefaultQueryParserTests" time="0.001"/>
  <testcase name="testIsWithJavaDateValue" classname="org.springframework.data.solr.core.DefaultQueryParserTests" time="0.001"/>
  <testcase name="testContainsWithMultipleValues" classname="org.springframework.data.solr.core.DefaultQueryParserTests" time="0"/>
  <testcase name="testConstructSolrQueryWithFacetSort" classname="org.springframework.data.solr.core.DefaultQueryParserTests" time="0.001"/>
  <testcase name="testMultipleIs" classname="org.springframework.data.solr.core.DefaultQueryParserTests" time="0"/>
  <testcase name="testMultipleOr" classname="org.springframework.data.solr.core.DefaultQueryParserTests" time="0.001"/>
  <testcase name="testDeepNesting" classname="org.springframework.data.solr.core.DefaultQueryParserTests" time="0"/>
  <testcase name="testWithinWithDistanceUnitMiles" classname="org.springframework.data.solr.core.DefaultQueryParserTests" time="0"/>
  <testcase name="testConstructSolrQueryWithStatsConfig" classname="org.springframework.data.solr.core.DefaultQueryParserTests" time="0.001"/>
  <testcase name="testConstructGroupQueryWithMultipleFunctions" classname="org.springframework.data.solr.core.DefaultQueryParserTests" time="0"/>
  <testcase name="testNegativeFacetLimitUsingFacetOptions_setPageable" classname="org.springframework.data.solr.core.DefaultQueryParserTests" time="0"/>
  <testcase name="testConstructSimpleSolrQueryWithProjection" classname="org.springframework.data.solr.core.DefaultQueryParserTests" time="0.004"/>
  <testcase name="testWithORDefaultOperator" classname="org.springframework.data.solr.core.DefaultQueryParserTests" time="0"/>
  <testcase name="testBoostMultipleCriteriasValues" classname="org.springframework.data.solr.core.DefaultQueryParserTests" time="0"/>
  <testcase name="testWithinWithDistanceUnitKilometers" classname="org.springframework.data.solr.core.DefaultQueryParserTests" time="0.001"/>
  <testcase name="testRegisterAlternateConverter" classname="org.springframework.data.solr.core.DefaultQueryParserTests" time="0"/>
  <testcase name="testWithFooRequestHandler" classname="org.springframework.data.solr.core.DefaultQueryParserTests" time="0.001"/>
  <testcase name="testIsWithJodaLocalDateTime" classname="org.springframework.data.solr.core.DefaultQueryParserTests" time="0"/>
  <testcase name="testConstructSolrQueryWithMultipleFacetFilterQuerues" classname="org.springframework.data.solr.core.DefaultQueryParserTests" time="0"/>
  <testcase name="testWithUndefindedDefType" classname="org.springframework.data.solr.core.DefaultQueryParserTests" time="0"/>
  <testcase name="testWithEmptyFilterQuery" classname="org.springframework.data.solr.core.DefaultQueryParserTests" time="0"/>
  <testcase name="testWithNullDefaultOperator" classname="org.springframework.data.solr.core.DefaultQueryParserTests" time="0.001"/>
  <testcase name="testWithNONEDefaultOperator" classname="org.springframework.data.solr.core.DefaultQueryParserTests" time="0"/>
  <testcase name="testWithJoinOperator" classname="org.springframework.data.solr.core.DefaultQueryParserTests" time="0"/>
  <testcase name="testConstructSolrQueryWithEmptyHighlightOption" classname="org.springframework.data.solr.core.DefaultQueryParserTests" time="0"/>
  <testcase name="testConstructSolrQueryWithMultiplePivot" classname="org.springframework.data.solr.core.DefaultQueryParserTests" time="0"/>
  <testcase name="testNegativeFacetOffsetAndFacetLimitUsingFacetOptions_setPageable" classname="org.springframework.data.solr.core.DefaultQueryParserTests" time="0"/>
  <testcase name="connectShouldAllowConcatinationOfCriteriaWithOrPreservingDesiredBracketingReverse" classname="org.springframework.data.solr.core.DefaultQueryParserTests" time="0"/>
  <testcase name="shouldApplySpellcheckOptionsCorrectly" classname="org.springframework.data.solr.core.DefaultQueryParserTests" time="0.001"/>
  <testcase name="testStartsWithMultipleValues" classname="org.springframework.data.solr.core.DefaultQueryParserTests" time="0"/>
  <testcase name="testWithinWithNullDistance" classname="org.springframework.data.solr.core.DefaultQueryParserTests" time="0"/>
  <testcase name="testConstructSolrQueryWithStatFacets" classname="org.springframework.data.solr.core.DefaultQueryParserTests" time="0"/>
  <testcase name="testConstructSolrQueryWithStatFields" classname="org.springframework.data.solr.core.DefaultQueryParserTests" time="0"/>
  <testcase name="notOperatorShouldWrapNestedExpressionCorrectlyReverse" classname="org.springframework.data.solr.core.DefaultQueryParserTests" time="0.001"/>
  <testcase name="testWithSortDescMultipleFields" classname="org.springframework.data.solr.core.DefaultQueryParserTests" time="0"/>
  <testcase name="testWithNullSort" classname="org.springframework.data.solr.core.DefaultQueryParserTests" time="0"/>
  <testcase name="testBetweenWithoutUpperBound" classname="org.springframework.data.solr.core.DefaultQueryParserTests" time="0"/>
  <testcase name="testConstructSolrQueryWithSingleFacetFilterQuery" classname="org.springframework.data.solr.core.DefaultQueryParserTests" time="0"/>
  <testcase name="testSloppy" classname="org.springframework.data.solr.core.DefaultQueryParserTests" time="0"/>
  <testcase name="testExpression" classname="org.springframework.data.solr.core.DefaultQueryParserTests" time="0.001"/>
  <testcase name="testNearWithDistanceUnitKilometers" classname="org.springframework.data.solr.core.DefaultQueryParserTests" time="0"/>
  <testcase name="notOperatorShouldWrapNestedExpressionCorrectly" classname="org.springframework.data.solr.core.DefaultQueryParserTests" time="0.004"/>
  <testcase name="testConstructSolrQueryWithoutHighlightOption" classname="org.springframework.data.solr.core.DefaultQueryParserTests" time="0"/>
  <testcase name="testConstructSolrQueryWithHighlightOptionHavingFields" classname="org.springframework.data.solr.core.DefaultQueryParserTests" time="0"/>
  <testcase name="testConstructGroupQueryWithoutPagingParameters" classname="org.springframework.data.solr.core.DefaultQueryParserTests" time="0.001"/>
  <testcase name="testStringCriteriaWithMoreFragments" classname="org.springframework.data.solr.core.DefaultQueryParserTests" time="0"/>
  <testcase name="testConstructGroupQueryWithAllPossibleParameters" classname="org.springframework.data.solr.core.DefaultQueryParserTests" time="0"/>
  <testcase name="pageableUsingZeroShouldBeParsedCorrectlyWhenSetUsingPageable" classname="org.springframework.data.solr.core.DefaultQueryParserTests" time="0"/>
  <testcase name="testBetweenNegativeNumber" classname="org.springframework.data.solr.core.DefaultQueryParserTests" time="0"/>
  <testcase name="testStartsWith" classname="org.springframework.data.solr.core.DefaultQueryParserTests" time="0"/>
  <testcase name="testConstructSolrQueryWithSelectiveStatsFacet" classname="org.springframework.data.solr.core.DefaultQueryParserTests" time="0"/>
  <testcase name="testWithUndefinedRequestHandler" classname="org.springframework.data.solr.core.DefaultQueryParserTests" time="0.001"/>
  <testcase name="testWithEdismaxDefType" classname="org.springframework.data.solr.core.DefaultQueryParserTests" time="0"/>
</testsuite>