<?xml version="1.0" encoding="UTF-8"?>
<testsuite name="org.springframework.data.keyvalue.repository.query.AerospikeQueryCreatorUnitTests" time="0.004" tests="1" errors="1" skipped="0" failures="0">
  <properties>
[...]
</properties>
  <testcase name="createsQueryCorrectly" classname="org.springframework.data.keyvalue.repository.query.AerospikeQueryCreatorUnitTests" time="0.004">
    <error message="Failed to load ApplicationContext" type="java.lang.IllegalStateException"><![CDATA[java.lang.IllegalStateException: Failed to load ApplicationContext
	at org.springframework.test.context.DefaultCacheAwareContextLoaderDelegate.loadContext(DefaultCacheAwareContextLoaderDelegate.java:94)
	at org.springframework.test.context.DefaultTestContext.getApplicationContext(DefaultTestContext.java:72)
	at org.springframework.test.context.support.DependencyInjectionTestExecutionListener.injectDependencies(DependencyInjectionTestExecutionListener.java:117)
	at org.springframework.test.context.support.DependencyInjectionTestExecutionListener.prepareTestInstance(DependencyInjectionTestExecutionListener.java:83)
	at org.springframework.test.context.TestContextManager.prepareTestInstance(TestContextManager.java:212)
	at org.springframework.test.context.junit4.SpringJUnit4ClassRunner.createTest(SpringJUnit4ClassRunner.java:200)
	at org.springframework.test.context.junit4.SpringJUnit4ClassRunner$1.runReflectiveCall(SpringJUnit4ClassRunner.java:259)
	at org.junit.internal.runners.model.ReflectiveCallable.run(ReflectiveCallable.java:12)
	at org.springframework.test.context.junit4.SpringJUnit4ClassRunner.methodBlock(SpringJUnit4ClassRunner.java:261)
	at org.springframework.test.context.junit4.SpringJUnit4ClassRunner.runChild(SpringJUnit4ClassRunner.java:219)
	at org.springframework.test.context.junit4.SpringJUnit4ClassRunner.runChild(SpringJUnit4ClassRunner.java:83)
	at org.junit.runners.ParentRunner$3.run(ParentRunner.java:290)
	at org.junit.runners.ParentRunner$1.schedule(ParentRunner.java:71)
	at org.junit.runners.ParentRunner.runChildren(ParentRunner.java:288)
	at org.junit.runners.ParentRunner.access$000(ParentRunner.java:58)
	at org.junit.runners.ParentRunner$2.evaluate(ParentRunner.java:268)
	at org.springframework.test.context.junit4.statements.RunBeforeTestClassCallbacks.evaluate(RunBeforeTestClassCallbacks.java:61)
	at org.springframework.test.context.junit4.statements.RunAfterTestClassCallbacks.evaluate(RunAfterTestClassCallbacks.java:68)
	at org.junit.runners.ParentRunner.run(ParentRunner.java:363)
	at org.springframework.test.context.junit4.SpringJUnit4ClassRunner.run(SpringJUnit4ClassRunner.java:163)
	at org.apache.maven.surefire.junit4.JUnit4Provider.execute(JUnit4Provider.java:283)
	at org.apache.maven.surefire.junit4.JUnit4Provider.executeWithRerun(JUnit4Provider.java:173)
	at org.apache.maven.surefire.junit4.JUnit4Provider.executeTestSet(JUnit4Provider.java:153)
	at org.apache.maven.surefire.junit4.JUnit4Provider.invoke(JUnit4Provider.java:128)
	at org.apache.maven.surefire.booter.ForkedBooter.invokeProviderInSameClassLoader(ForkedBooter.java:203)
	at org.apache.maven.surefire.booter.ForkedBooter.runSuitesInProcess(ForkedBooter.java:155)
	at org.apache.maven.surefire.booter.ForkedBooter.main(ForkedBooter.java:103)
Caused by: org.springframework.beans.factory.BeanCreationException: Error creating bean with name 'aerospikeTemplate' defined in org.springframework.data.aerospike.config.TestConfig: Bean instantiation via factory method failed; nested exception is org.springframework.beans.BeanInstantiationException: Failed to instantiate [org.springframework.data.aerospike.core.AerospikeTemplate]: Factory method 'aerospikeTemplate' threw exception; nested exception is com.aerospike.helper.query.ClusterRefreshError: Cannot find UDF modules
	at org.springframework.beans.factory.support.ConstructorResolver.instantiateUsingFactoryMethod(ConstructorResolver.java:599)
	at org.springframework.beans.factory.support.AbstractAutowireCapableBeanFactory.instantiateUsingFactoryMethod(AbstractAutowireCapableBeanFactory.java:1119)
	at org.springframework.beans.factory.support.AbstractAutowireCapableBeanFactory.createBeanInstance(AbstractAutowireCapableBeanFactory.java:1014)
	at org.springframework.beans.factory.support.AbstractAutowireCapableBeanFactory.doCreateBean(AbstractAutowireCapableBeanFactory.java:504)
	at org.springframework.beans.factory.support.AbstractAutowireCapableBeanFactory.createBean(AbstractAutowireCapableBeanFactory.java:476)
	at org.springframework.beans.factory.support.AbstractBeanFactory$1.getObject(AbstractBeanFactory.java:303)
	at org.springframework.beans.factory.support.DefaultSingletonBeanRegistry.getSingleton(DefaultSingletonBeanRegistry.java:230)
	at org.springframework.beans.factory.support.AbstractBeanFactory.doGetBean(AbstractBeanFactory.java:299)
	at org.springframework.beans.factory.support.AbstractBeanFactory.getBean(AbstractBeanFactory.java:194)
	at org.springframework.beans.factory.support.DefaultListableBeanFactory.preInstantiateSingletons(DefaultListableBeanFactory.java:755)
	at org.springframework.context.support.AbstractApplicationContext.finishBeanFactoryInitialization(AbstractApplicationContext.java:757)
	at org.springframework.context.support.AbstractApplicationContext.refresh(AbstractApplicationContext.java:480)
	at org.springframework.test.context.support.AbstractGenericContextLoader.loadContext(AbstractGenericContextLoader.java:125)
	at org.springframework.test.context.support.AbstractGenericContextLoader.loadContext(AbstractGenericContextLoader.java:60)
	at org.springframework.test.context.support.AbstractDelegatingSmartContextLoader.delegateLoading(AbstractDelegatingSmartContextLoader.java:109)
	at org.springframework.test.context.support.AbstractDelegatingSmartContextLoader.loadContext(AbstractDelegatingSmartContextLoader.java:261)
	at org.springframework.test.context.DefaultCacheAwareContextLoaderDelegate.loadContextInternal(DefaultCacheAwareContextLoaderDelegate.java:68)
	at org.springframework.test.context.DefaultCacheAwareContextLoaderDelegate.loadContext(DefaultCacheAwareContextLoaderDelegate.java:86)
	at org.springframework.test.context.DefaultTestContext.getApplicationContext(DefaultTestContext.java:72)
	at org.springframework.test.context.support.DependencyInjectionTestExecutionListener.injectDependencies(DependencyInjectionTestExecutionListener.java:117)
	at org.springframework.test.context.support.DependencyInjectionTestExecutionListener.prepareTestInstance(DependencyInjectionTestExecutionListener.java:83)
	at org.springframework.test.context.TestContextManager.prepareTestInstance(TestContextManager.java:212)
	at org.springframework.test.context.junit4.SpringJUnit4ClassRunner.createTest(SpringJUnit4ClassRunner.java:200)
	at org.springframework.test.context.junit4.SpringJUnit4ClassRunner$1.runReflectiveCall(SpringJUnit4ClassRunner.java:259)
	at org.junit.internal.runners.model.ReflectiveCallable.run(ReflectiveCallable.java:12)
	at org.springframework.test.context.junit4.SpringJUnit4ClassRunner.methodBlock(SpringJUnit4ClassRunner.java:261)
	at org.springframework.test.context.junit4.SpringJUnit4ClassRunner.runChild(SpringJUnit4ClassRunner.java:219)
	at org.springframework.test.context.junit4.SpringJUnit4ClassRunner.runChild(SpringJUnit4ClassRunner.java:83)
	at org.junit.runners.ParentRunner$3.run(ParentRunner.java:290)
	at org.junit.runners.ParentRunner$1.schedule(ParentRunner.java:71)
	at org.junit.runners.ParentRunner.runChildren(ParentRunner.java:288)
	at org.junit.runners.ParentRunner.access$000(ParentRunner.java:58)
	at org.junit.runners.ParentRunner$2.evaluate(ParentRunner.java:268)
	at org.springframework.test.context.junit4.statements.RunBeforeTestClassCallbacks.evaluate(RunBeforeTestClassCallbacks.java:61)
	at org.springframework.test.context.junit4.statements.RunAfterTestClassCallbacks.evaluate(RunAfterTestClassCallbacks.java:68)
	at org.junit.runners.ParentRunner.run(ParentRunner.java:363)
	at org.springframework.test.context.junit4.SpringJUnit4ClassRunner.run(SpringJUnit4ClassRunner.java:163)
	at org.apache.maven.surefire.junit4.JUnit4Provider.execute(JUnit4Provider.java:283)
	at org.apache.maven.surefire.junit4.JUnit4Provider.executeWithRerun(JUnit4Provider.java:173)
	at org.apache.maven.surefire.junit4.JUnit4Provider.executeTestSet(JUnit4Provider.java:153)
	at org.apache.maven.surefire.junit4.JUnit4Provider.invoke(JUnit4Provider.java:128)
	at org.apache.maven.surefire.booter.ForkedBooter.invokeProviderInSameClassLoader(ForkedBooter.java:203)
	at org.apache.maven.surefire.booter.ForkedBooter.runSuitesInProcess(ForkedBooter.java:155)
	at org.apache.maven.surefire.booter.ForkedBooter.main(ForkedBooter.java:103)
Caused by: org.springframework.beans.BeanInstantiationException: Failed to instantiate [org.springframework.data.aerospike.core.AerospikeTemplate]: Factory method 'aerospikeTemplate' threw exception; nested exception is com.aerospike.helper.query.ClusterRefreshError: Cannot find UDF modules
	at org.springframework.beans.factory.support.SimpleInstantiationStrategy.instantiate(SimpleInstantiationStrategy.java:189)
	at org.springframework.beans.factory.support.ConstructorResolver.instantiateUsingFactoryMethod(ConstructorResolver.java:588)
	at org.springframework.beans.factory.support.AbstractAutowireCapableBeanFactory.instantiateUsingFactoryMethod(AbstractAutowireCapableBeanFactory.java:1119)
	at org.springframework.beans.factory.support.AbstractAutowireCapableBeanFactory.createBeanInstance(AbstractAutowireCapableBeanFactory.java:1014)
	at org.springframework.beans.factory.support.AbstractAutowireCapableBeanFactory.doCreateBean(AbstractAutowireCapableBeanFactory.java:504)
	at org.springframework.beans.factory.support.AbstractAutowireCapableBeanFactory.createBean(AbstractAutowireCapableBeanFactory.java:476)
	at org.springframework.beans.factory.support.AbstractBeanFactory$1.getObject(AbstractBeanFactory.java:303)
	at org.springframework.beans.factory.support.DefaultSingletonBeanRegistry.getSingleton(DefaultSingletonBeanRegistry.java:230)
	at org.springframework.beans.factory.support.AbstractBeanFactory.doGetBean(AbstractBeanFactory.java:299)
	at org.springframework.beans.factory.support.AbstractBeanFactory.getBean(AbstractBeanFactory.java:194)
	at org.springframework.beans.factory.support.DefaultListableBeanFactory.preInstantiateSingletons(DefaultListableBeanFactory.java:755)
	at org.springframework.context.support.AbstractApplicationContext.finishBeanFactoryInitialization(AbstractApplicationContext.java:757)
	at org.springframework.context.support.AbstractApplicationContext.refresh(AbstractApplicationContext.java:480)
	at org.springframework.test.context.support.AbstractGenericContextLoader.loadContext(AbstractGenericContextLoader.java:125)
	at org.springframework.test.context.support.AbstractGenericContextLoader.loadContext(AbstractGenericContextLoader.java:60)
	at org.springframework.test.context.support.AbstractDelegatingSmartContextLoader.delegateLoading(AbstractDelegatingSmartContextLoader.java:109)
	at org.springframework.test.context.support.AbstractDelegatingSmartContextLoader.loadContext(AbstractDelegatingSmartContextLoader.java:261)
	at org.springframework.test.context.DefaultCacheAwareContextLoaderDelegate.loadContextInternal(DefaultCacheAwareContextLoaderDelegate.java:68)
	at org.springframework.test.context.DefaultCacheAwareContextLoaderDelegate.loadContext(DefaultCacheAwareContextLoaderDelegate.java:86)
	at org.springframework.test.context.DefaultTestContext.getApplicationContext(DefaultTestContext.java:72)
	at org.springframework.test.context.support.DependencyInjectionTestExecutionListener.injectDependencies(DependencyInjectionTestExecutionListener.java:117)
	at org.springframework.test.context.support.DependencyInjectionTestExecutionListener.prepareTestInstance(DependencyInjectionTestExecutionListener.java:83)
	at org.springframework.test.context.TestContextManager.prepareTestInstance(TestContextManager.java:212)
	at org.springframework.test.context.junit4.SpringJUnit4ClassRunner.createTest(SpringJUnit4ClassRunner.java:200)
	at org.springframework.test.context.junit4.SpringJUnit4ClassRunner$1.runReflectiveCall(SpringJUnit4ClassRunner.java:259)
	at org.junit.internal.runners.model.ReflectiveCallable.run(ReflectiveCallable.java:12)
	at org.springframework.test.context.junit4.SpringJUnit4ClassRunner.methodBlock(SpringJUnit4ClassRunner.java:261)
	at org.springframework.test.context.junit4.SpringJUnit4ClassRunner.runChild(SpringJUnit4ClassRunner.java:219)
	at org.springframework.test.context.junit4.SpringJUnit4ClassRunner.runChild(SpringJUnit4ClassRunner.java:83)
	at org.junit.runners.ParentRunner$3.run(ParentRunner.java:290)
	at org.junit.runners.ParentRunner$1.schedule(ParentRunner.java:71)
	at org.junit.runners.ParentRunner.runChildren(ParentRunner.java:288)
	at org.junit.runners.ParentRunner.access$000(ParentRunner.java:58)
	at org.junit.runners.ParentRunner$2.evaluate(ParentRunner.java:268)
	at org.springframework.test.context.junit4.statements.RunBeforeTestClassCallbacks.evaluate(RunBeforeTestClassCallbacks.java:61)
	at org.springframework.test.context.junit4.statements.RunAfterTestClassCallbacks.evaluate(RunAfterTestClassCallbacks.java:68)
	at org.junit.runners.ParentRunner.run(ParentRunner.java:363)
	at org.springframework.test.context.junit4.SpringJUnit4ClassRunner.run(SpringJUnit4ClassRunner.java:163)
	at org.apache.maven.surefire.junit4.JUnit4Provider.execute(JUnit4Provider.java:283)
	at org.apache.maven.surefire.junit4.JUnit4Provider.executeWithRerun(JUnit4Provider.java:173)
	at org.apache.maven.surefire.junit4.JUnit4Provider.executeTestSet(JUnit4Provider.java:153)
	at org.apache.maven.surefire.junit4.JUnit4Provider.invoke(JUnit4Provider.java:128)
	at org.apache.maven.surefire.booter.ForkedBooter.invokeProviderInSameClassLoader(ForkedBooter.java:203)
	at org.apache.maven.surefire.booter.ForkedBooter.runSuitesInProcess(ForkedBooter.java:155)
	at org.apache.maven.surefire.booter.ForkedBooter.main(ForkedBooter.java:103)
Caused by: com.aerospike.helper.query.ClusterRefreshError: Cannot find UDF modules
	at com.aerospike.helper.query.QueryEngine.refreshModules(QueryEngine.java:678)
	at com.aerospike.helper.query.QueryEngine.refreshCluster(QueryEngine.java:536)
	at com.aerospike.helper.query.QueryEngine.setClient(QueryEngine.java:129)
	at com.aerospike.helper.query.QueryEngine.<init>(QueryEngine.java:110)
	at org.springframework.data.aerospike.core.AerospikeTemplate.<init>(AerospikeTemplate.java:132)
	at org.springframework.data.aerospike.config.TestConfig.aerospikeTemplate(TestConfig.java:39)
	at org.springframework.data.aerospike.config.TestConfig$$EnhancerBySpringCGLIB$$d926e9ed.CGLIB$aerospikeTemplate$0(<generated>)
	at org.springframework.data.aerospike.config.TestConfig$$EnhancerBySpringCGLIB$$d926e9ed$$FastClassBySpringCGLIB$$56523ccb.invoke(<generated>)
	at org.springframework.cglib.proxy.MethodProxy.invokeSuper(MethodProxy.java:228)
	at org.springframework.context.annotation.ConfigurationClassEnhancer$BeanMethodInterceptor.intercept(ConfigurationClassEnhancer.java:309)
	at org.springframework.data.aerospike.config.TestConfig$$EnhancerBySpringCGLIB$$d926e9ed.aerospikeTemplate(<generated>)
	at sun.reflect.NativeMethodAccessorImpl.invoke0(Native Method)
	at sun.reflect.NativeMethodAccessorImpl.invoke(NativeMethodAccessorImpl.java:62)
	at sun.reflect.DelegatingMethodAccessorImpl.invoke(DelegatingMethodAccessorImpl.java:43)
	at java.lang.reflect.Method.invoke(Method.java:498)
	at org.springframework.beans.factory.support.SimpleInstantiationStrategy.instantiate(SimpleInstantiationStrategy.java:162)
	at org.springframework.beans.factory.support.ConstructorResolver.instantiateUsingFactoryMethod(ConstructorResolver.java:588)
	at org.springframework.beans.factory.support.AbstractAutowireCapableBeanFactory.instantiateUsingFactoryMethod(AbstractAutowireCapableBeanFactory.java:1119)
	at org.springframework.beans.factory.support.AbstractAutowireCapableBeanFactory.createBeanInstance(AbstractAutowireCapableBeanFactory.java:1014)
	at org.springframework.beans.factory.support.AbstractAutowireCapableBeanFactory.doCreateBean(AbstractAutowireCapableBeanFactory.java:504)
	at org.springframework.beans.factory.support.AbstractAutowireCapableBeanFactory.createBean(AbstractAutowireCapableBeanFactory.java:476)
	at org.springframework.beans.factory.support.AbstractBeanFactory$1.getObject(AbstractBeanFactory.java:303)
	at org.springframework.beans.factory.support.DefaultSingletonBeanRegistry.getSingleton(DefaultSingletonBeanRegistry.java:230)
	at org.springframework.beans.factory.support.AbstractBeanFactory.doGetBean(AbstractBeanFactory.java:299)
	at org.springframework.beans.factory.support.AbstractBeanFactory.getBean(AbstractBeanFactory.java:194)
	at org.springframework.beans.factory.support.DefaultListableBeanFactory.preInstantiateSingletons(DefaultListableBeanFactory.java:755)
	at org.springframework.context.support.AbstractApplicationContext.finishBeanFactoryInitialization(AbstractApplicationContext.java:757)
	at org.springframework.context.support.AbstractApplicationContext.refresh(AbstractApplicationContext.java:480)
	at org.springframework.test.context.support.AbstractGenericContextLoader.loadContext(AbstractGenericContextLoader.java:125)
	at org.springframework.test.context.support.AbstractGenericContextLoader.loadContext(AbstractGenericContextLoader.java:60)
	at org.springframework.test.context.support.AbstractDelegatingSmartContextLoader.delegateLoading(AbstractDelegatingSmartContextLoader.java:109)
	at org.springframework.test.context.support.AbstractDelegatingSmartContextLoader.loadContext(AbstractDelegatingSmartContextLoader.java:261)
	at org.springframework.test.context.DefaultCacheAwareContextLoaderDelegate.loadContextInternal(DefaultCacheAwareContextLoaderDelegate.java:68)
	at org.springframework.test.context.DefaultCacheAwareContextLoaderDelegate.loadContext(DefaultCacheAwareContextLoaderDelegate.java:86)
	at org.springframework.test.context.DefaultTestContext.getApplicationContext(DefaultTestContext.java:72)
	at org.springframework.test.context.support.DependencyInjectionTestExecutionListener.injectDependencies(DependencyInjectionTestExecutionListener.java:117)
	at org.springframework.test.context.support.DependencyInjectionTestExecutionListener.prepareTestInstance(DependencyInjectionTestExecutionListener.java:83)
	at org.springframework.test.context.TestContextManager.prepareTestInstance(TestContextManager.java:212)
	at org.springframework.test.context.junit4.SpringJUnit4ClassRunner.createTest(SpringJUnit4ClassRunner.java:200)
	at org.springframework.test.context.junit4.SpringJUnit4ClassRunner$1.runReflectiveCall(SpringJUnit4ClassRunner.java:259)
	at org.junit.internal.runners.model.ReflectiveCallable.run(ReflectiveCallable.java:12)
	at org.springframework.test.context.junit4.SpringJUnit4ClassRunner.methodBlock(SpringJUnit4ClassRunner.java:261)
	at org.springframework.test.context.junit4.SpringJUnit4ClassRunner.runChild(SpringJUnit4ClassRunner.java:219)
	at org.springframework.test.context.junit4.SpringJUnit4ClassRunner.runChild(SpringJUnit4ClassRunner.java:83)
	at org.junit.runners.ParentRunner$3.run(ParentRunner.java:290)
	at org.junit.runners.ParentRunner$1.schedule(ParentRunner.java:71)
	at org.junit.runners.ParentRunner.runChildren(ParentRunner.java:288)
	at org.junit.runners.ParentRunner.access$000(ParentRunner.java:58)
	at org.junit.runners.ParentRunner$2.evaluate(ParentRunner.java:268)
	at org.springframework.test.context.junit4.statements.RunBeforeTestClassCallbacks.evaluate(RunBeforeTestClassCallbacks.java:61)
	at org.springframework.test.context.junit4.statements.RunAfterTestClassCallbacks.evaluate(RunAfterTestClassCallbacks.java:68)
	at org.junit.runners.ParentRunner.run(ParentRunner.java:363)
	at org.springframework.test.context.junit4.SpringJUnit4ClassRunner.run(SpringJUnit4ClassRunner.java:163)
	at org.apache.maven.surefire.junit4.JUnit4Provider.execute(JUnit4Provider.java:283)
	at org.apache.maven.surefire.junit4.JUnit4Provider.executeWithRerun(JUnit4Provider.java:173)
	at org.apache.maven.surefire.junit4.JUnit4Provider.executeTestSet(JUnit4Provider.java:153)
	at org.apache.maven.surefire.junit4.JUnit4Provider.invoke(JUnit4Provider.java:128)
	at org.apache.maven.surefire.booter.ForkedBooter.invokeProviderInSameClassLoader(ForkedBooter.java:203)
	at org.apache.maven.surefire.booter.ForkedBooter.runSuitesInProcess(ForkedBooter.java:155)
	at org.apache.maven.surefire.booter.ForkedBooter.main(ForkedBooter.java:103)
]]></error>
    <system-out><![CDATA[16:28:56.909 [main] DEBUG o.s.t.c.s.DirtiesContextTestExecutionListener - After test class: context [DefaultTestContext@fdefd3f testClass = SpelQueryCreatorUnitTests, testInstance = [null], testMethod = [null], testException = [null], mergedContextConfiguration = [MergedContextConfiguration@a4102b8 testClass = SpelQueryCreatorUnitTests, locations = '{}', classes = '{class org.springframework.data.aerospike.config.TestConfig}', contextInitializerClasses = '[]', activeProfiles = '{}', propertySourceLocations = '{}', propertySourceProperties = '{}', contextLoader = 'org.springframework.test.context.support.DelegatingSmartContextLoader', parent = [null]]], dirtiesContext [false].
16:28:56.910 [main] DEBUG o.s.t.c.j.SpringJUnit4ClassRunner - SpringJUnit4ClassRunner constructor called with [class org.springframework.data.keyvalue.repository.query.AerospikeQueryCreatorUnitTests].
16:28:56.910 [main] DEBUG o.s.test.context.BootstrapUtils - Instantiating TestContextBootstrapper from class [org.springframework.test.context.support.DefaultTestContextBootstrapper]
16:28:56.910 [main] DEBUG o.s.t.c.s.AbstractDelegatingSmartContextLoader - Delegating to AnnotationConfigContextLoader to process context configuration [ContextConfigurationAttributes@928763c declaringClass = 'org.springframework.data.keyvalue.repository.query.AerospikeQueryCreatorUnitTests', classes = '{class org.springframework.data.aerospike.config.TestConfig}', locations = '{}', inheritLocations = true, initializers = '{}', inheritInitializers = true, name = [null], contextLoaderClass = 'org.springframework.test.context.ContextLoader'].
16:28:56.911 [main] DEBUG o.s.t.c.support.ActiveProfilesUtils - Could not find an 'annotation declaring class' for annotation type [org.springframework.test.context.ActiveProfiles] and class [org.springframework.data.keyvalue.repository.query.AerospikeQueryCreatorUnitTests]
16:28:56.912 [main] DEBUG o.s.t.c.s.DefaultTestContextBootstrapper - @TestExecutionListeners is not present for class [org.springframework.data.keyvalue.repository.query.AerospikeQueryCreatorUnitTests]: using defaults.
16:28:56.913 [main] INFO  o.s.t.c.s.DefaultTestContextBootstrapper - Loaded default TestExecutionListener class names from location [META-INF/spring.factories]: [org.springframework.test.context.web.ServletTestExecutionListener, org.springframework.test.context.support.DependencyInjectionTestExecutionListener, org.springframework.test.context.support.DirtiesContextTestExecutionListener, org.springframework.test.context.transaction.TransactionalTestExecutionListener, org.springframework.test.context.jdbc.SqlScriptsTestExecutionListener]
16:28:56.913 [main] INFO  o.s.t.c.s.DefaultTestContextBootstrapper - Could not instantiate TestExecutionListener [org.springframework.test.context.web.ServletTestExecutionListener]. Specify custom listener classes or make the default listener classes (and their required dependencies) available. Offending class: [javax/servlet/ServletContext]
16:28:56.914 [main] INFO  o.s.t.c.s.DefaultTestContextBootstrapper - Using TestExecutionListeners: [org.springframework.test.context.support.DependencyInjectionTestExecutionListener@a1f72f5, org.springframework.test.context.support.DirtiesContextTestExecutionListener@4b2c5e02, org.springframework.test.context.transaction.TransactionalTestExecutionListener@57a3e26a, org.springframework.test.context.jdbc.SqlScriptsTestExecutionListener@75c56eb9]
16:28:56.914 [main] DEBUG o.s.t.annotation.ProfileValueUtils - Retrieved @ProfileValueSourceConfiguration [null] for test class [org.springframework.data.keyvalue.repository.query.AerospikeQueryCreatorUnitTests]
16:28:56.914 [main] DEBUG o.s.t.annotation.ProfileValueUtils - Retrieved ProfileValueSource type [class org.springframework.test.annotation.SystemProfileValueSource] for class [org.springframework.data.keyvalue.repository.query.AerospikeQueryCreatorUnitTests]
16:28:56.914 [main] DEBUG o.s.t.annotation.ProfileValueUtils - Retrieved @ProfileValueSourceConfiguration [null] for test class [org.springframework.data.keyvalue.repository.query.AerospikeQueryCreatorUnitTests]
16:28:56.914 [main] DEBUG o.s.t.annotation.ProfileValueUtils - Retrieved ProfileValueSource type [class org.springframework.test.annotation.SystemProfileValueSource] for class [org.springframework.data.keyvalue.repository.query.AerospikeQueryCreatorUnitTests]
16:28:56.914 [main] DEBUG o.s.t.annotation.ProfileValueUtils - Retrieved @ProfileValueSourceConfiguration [null] for test class [org.springframework.data.keyvalue.repository.query.AerospikeQueryCreatorUnitTests]
16:28:56.914 [main] DEBUG o.s.t.annotation.ProfileValueUtils - Retrieved ProfileValueSource type [class org.springframework.test.annotation.SystemProfileValueSource] for class [org.springframework.data.keyvalue.repository.query.AerospikeQueryCreatorUnitTests]
16:28:56.914 [main] DEBUG o.s.t.c.s.DependencyInjectionTestExecutionListener - Performing dependency injection for test context [[DefaultTestContext@4bc222e testClass = AerospikeQueryCreatorUnitTests, testInstance = org.springframework.data.keyvalue.repository.query.AerospikeQueryCreatorUnitTests@2dc9b0f5, testMethod = [null], testException = [null], mergedContextConfiguration = [MergedContextConfiguration@6531a794 testClass = AerospikeQueryCreatorUnitTests, locations = '{}', classes = '{class org.springframework.data.aerospike.config.TestConfig}', contextInitializerClasses = '[]', activeProfiles = '{}', propertySourceLocations = '{}', propertySourceProperties = '{}', contextLoader = 'org.springframework.test.context.support.DelegatingSmartContextLoader', parent = [null]]]].
16:28:56.915 [main] DEBUG o.s.t.c.s.AbstractDelegatingSmartContextLoader - Delegating to AnnotationConfigContextLoader to load context from [MergedContextConfiguration@6531a794 testClass = AerospikeQueryCreatorUnitTests, locations = '{}', classes = '{class org.springframework.data.aerospike.config.TestConfig}', contextInitializerClasses = '[]', activeProfiles = '{}', propertySourceLocations = '{}', propertySourceProperties = '{}', contextLoader = 'org.springframework.test.context.support.DelegatingSmartContextLoader', parent = [null]].
16:28:56.915 [main] DEBUG o.s.t.c.s.AbstractGenericContextLoader - Loading ApplicationContext for merged context configuration [[MergedContextConfiguration@6531a794 testClass = AerospikeQueryCreatorUnitTests, locations = '{}', classes = '{class org.springframework.data.aerospike.config.TestConfig}', contextInitializerClasses = '[]', activeProfiles = '{}', propertySourceLocations = '{}', propertySourceProperties = '{}', contextLoader = 'org.springframework.test.context.support.DelegatingSmartContextLoader', parent = [null]]].
16:28:56.915 [main] DEBUG o.s.core.env.StandardEnvironment - Adding [systemProperties] PropertySource with lowest search precedence
16:28:56.915 [main] DEBUG o.s.core.env.StandardEnvironment - Adding [systemEnvironment] PropertySource with lowest search precedence
16:28:56.915 [main] DEBUG o.s.core.env.StandardEnvironment - Initialized StandardEnvironment with PropertySources [systemProperties,systemEnvironment]
16:28:56.915 [main] DEBUG o.s.t.c.s.AnnotationConfigContextLoader - Registering annotated classes: {class org.springframework.data.aerospike.config.TestConfig}
16:28:56.916 [main] INFO  o.s.c.s.GenericApplicationContext - Refreshing org.springframework.context.support.GenericApplicationContext@3b5fad2d: startup date [Tue Oct 04 16:28:56 BRT 2016]; root of context hierarchy
16:28:56.916 [main] DEBUG o.s.c.s.GenericApplicationContext - Bean factory for org.springframework.context.support.GenericApplicationContext@3b5fad2d: org.springframework.beans.factory.support.DefaultListableBeanFactory@5e17553a: defining beans [org.springframework.context.annotation.internalConfigurationAnnotationProcessor,org.springframework.context.annotation.internalAutowiredAnnotationProcessor,org.springframework.context.annotation.internalRequiredAnnotationProcessor,org.springframework.context.annotation.internalCommonAnnotationProcessor,testConfig]; root of factory hierarchy
16:28:56.917 [main] DEBUG o.s.b.f.s.DefaultListableBeanFactory - Creating shared instance of singleton bean 'org.springframework.context.annotation.internalConfigurationAnnotationProcessor'
16:28:56.917 [main] DEBUG o.s.b.f.s.DefaultListableBeanFactory - Creating instance of bean 'org.springframework.context.annotation.internalConfigurationAnnotationProcessor'
16:28:56.917 [main] DEBUG o.s.b.f.s.DefaultListableBeanFactory - Eagerly caching bean 'org.springframework.context.annotation.internalConfigurationAnnotationProcessor' to allow for resolving potential circular references
16:28:56.917 [main] DEBUG o.s.b.f.s.DefaultListableBeanFactory - Finished creating instance of bean 'org.springframework.context.annotation.internalConfigurationAnnotationProcessor'
16:28:56.919 [main] DEBUG o.s.c.a.ConfigurationClassBeanDefinitionReader - Registering bean definition for @Bean method org.springframework.data.aerospike.config.TestConfig.aerospikeTemplate()
16:28:56.919 [main] DEBUG o.s.c.a.ConfigurationClassBeanDefinitionReader - Registering bean definition for @Bean method org.springframework.data.aerospike.config.TestConfig.aerospikeClient()
16:28:56.920 [main] DEBUG o.s.core.env.StandardEnvironment - Adding [systemProperties] PropertySource with lowest search precedence
16:28:56.920 [main] DEBUG o.s.core.env.StandardEnvironment - Adding [systemEnvironment] PropertySource with lowest search precedence
16:28:56.922 [main] DEBUG o.s.core.env.StandardEnvironment - Initialized StandardEnvironment with PropertySources [systemProperties,systemEnvironment]
16:28:56.923 [main] DEBUG o.s.c.i.s.PathMatchingResourcePatternResolver - Looking for matching resources in directory tree [/home/aluno/spring-projects/maven/spring-data-aerospike/target/test-classes/org/springframework/data]
16:28:56.923 [main] DEBUG o.s.c.i.s.PathMatchingResourcePatternResolver - Searching directory [/home/aluno/spring-projects/maven/spring-data-aerospike/target/test-classes/org/springframework/data] for files matching pattern [/home/aluno/spring-projects/maven/spring-data-aerospike/target/test-classes/org/springframework/data/**/repository/support/**/*.class]
16:28:56.924 [main] DEBUG o.s.c.i.s.PathMatchingResourcePatternResolver - Searching directory [/home/aluno/spring-projects/maven/spring-data-aerospike/target/test-classes/org/springframework/data/keyvalue] for files matching pattern [/home/aluno/spring-projects/maven/spring-data-aerospike/target/test-classes/org/springframework/data/**/repository/support/**/*.class]
16:28:56.924 [main] DEBUG o.s.c.i.s.PathMatchingResourcePatternResolver - Searching directory [/home/aluno/spring-projects/maven/spring-data-aerospike/target/test-classes/org/springframework/data/keyvalue/repository] for files matching pattern [/home/aluno/spring-projects/maven/spring-data-aerospike/target/test-classes/org/springframework/data/**/repository/support/**/*.class]
16:28:56.924 [main] DEBUG o.s.c.i.s.PathMatchingResourcePatternResolver - Searching directory [/home/aluno/spring-projects/maven/spring-data-aerospike/target/test-classes/org/springframework/data/keyvalue/repository/query] for files matching pattern [/home/aluno/spring-projects/maven/spring-data-aerospike/target/test-classes/org/springframework/data/**/repository/support/**/*.class]
16:28:56.924 [main] DEBUG o.s.c.i.s.PathMatchingResourcePatternResolver - Searching directory [/home/aluno/spring-projects/maven/spring-data-aerospike/target/test-classes/org/springframework/data/aerospike] for files matching pattern [/home/aluno/spring-projects/maven/spring-data-aerospike/target/test-classes/org/springframework/data/**/repository/support/**/*.class]
16:28:56.924 [main] DEBUG o.s.c.i.s.PathMatchingResourcePatternResolver - Searching directory [/home/aluno/spring-projects/maven/spring-data-aerospike/target/test-classes/org/springframework/data/aerospike/mapping] for files matching pattern [/home/aluno/spring-projects/maven/spring-data-aerospike/target/test-classes/org/springframework/data/**/repository/support/**/*.class]
16:28:56.925 [main] DEBUG o.s.c.i.s.PathMatchingResourcePatternResolver - Searching directory [/home/aluno/spring-projects/maven/spring-data-aerospike/target/test-classes/org/springframework/data/aerospike/core] for files matching pattern [/home/aluno/spring-projects/maven/spring-data-aerospike/target/test-classes/org/springframework/data/**/repository/support/**/*.class]
16:28:56.925 [main] DEBUG o.s.c.i.s.PathMatchingResourcePatternResolver - Searching directory [/home/aluno/spring-projects/maven/spring-data-aerospike/target/test-classes/org/springframework/data/aerospike/convert] for files matching pattern [/home/aluno/spring-projects/maven/spring-data-aerospike/target/test-classes/org/springframework/data/**/repository/support/**/*.class]
16:28:56.927 [main] DEBUG o.s.c.i.s.PathMatchingResourcePatternResolver - Searching directory [/home/aluno/spring-projects/maven/spring-data-aerospike/target/test-classes/org/springframework/data/aerospike/sample] for files matching pattern [/home/aluno/spring-projects/maven/spring-data-aerospike/target/test-classes/org/springframework/data/**/repository/support/**/*.class]
16:28:56.927 [main] DEBUG o.s.c.i.s.PathMatchingResourcePatternResolver - Searching directory [/home/aluno/spring-projects/maven/spring-data-aerospike/target/test-classes/org/springframework/data/aerospike/repository] for files matching pattern [/home/aluno/spring-projects/maven/spring-data-aerospike/target/test-classes/org/springframework/data/**/repository/support/**/*.class]
16:28:56.932 [main] DEBUG o.s.c.i.s.PathMatchingResourcePatternResolver - Searching directory [/home/aluno/spring-projects/maven/spring-data-aerospike/target/test-classes/org/springframework/data/aerospike/repository/support] for files matching pattern [/home/aluno/spring-projects/maven/spring-data-aerospike/target/test-classes/org/springframework/data/**/repository/support/**/*.class]
16:28:56.932 [main] DEBUG o.s.c.i.s.PathMatchingResourcePatternResolver - Searching directory [/home/aluno/spring-projects/maven/spring-data-aerospike/target/test-classes/org/springframework/data/aerospike/repository/query] for files matching pattern [/home/aluno/spring-projects/maven/spring-data-aerospike/target/test-classes/org/springframework/data/**/repository/support/**/*.class]
16:28:56.932 [main] DEBUG o.s.c.i.s.PathMatchingResourcePatternResolver - Searching directory [/home/aluno/spring-projects/maven/spring-data-aerospike/target/test-classes/org/springframework/data/aerospike/config] for files matching pattern [/home/aluno/spring-projects/maven/spring-data-aerospike/target/test-classes/org/springframework/data/**/repository/support/**/*.class]
16:28:56.932 [main] DEBUG o.s.c.i.s.PathMatchingResourcePatternResolver - Searching directory [/home/aluno/spring-projects/maven/spring-data-aerospike/target/test-classes/org/springframework/data/aerospike/cache] for files matching pattern [/home/aluno/spring-projects/maven/spring-data-aerospike/target/test-classes/org/springframework/data/**/repository/support/**/*.class]
16:28:56.933 [main] DEBUG o.s.c.i.s.PathMatchingResourcePatternResolver - Looking for matching resources in directory tree [/home/aluno/spring-projects/maven/spring-data-aerospike/target/classes/org/springframework/data]
16:28:56.933 [main] DEBUG o.s.c.i.s.PathMatchingResourcePatternResolver - Searching directory [/home/aluno/spring-projects/maven/spring-data-aerospike/target/classes/org/springframework/data] for files matching pattern [/home/aluno/spring-projects/maven/spring-data-aerospike/target/classes/org/springframework/data/**/repository/support/**/*.class]
16:28:56.933 [main] DEBUG o.s.c.i.s.PathMatchingResourcePatternResolver - Searching directory [/home/aluno/spring-projects/maven/spring-data-aerospike/target/classes/org/springframework/data/aerospike] for files matching pattern [/home/aluno/spring-projects/maven/spring-data-aerospike/target/classes/org/springframework/data/**/repository/support/**/*.class]
16:28:56.933 [main] DEBUG o.s.c.i.s.PathMatchingResourcePatternResolver - Searching directory [/home/aluno/spring-projects/maven/spring-data-aerospike/target/classes/org/springframework/data/aerospike/mapping] for files matching pattern [/home/aluno/spring-projects/maven/spring-data-aerospike/target/classes/org/springframework/data/**/repository/support/**/*.class]
16:28:56.933 [main] DEBUG o.s.c.i.s.PathMatchingResourcePatternResolver - Searching directory [/home/aluno/spring-projects/maven/spring-data-aerospike/target/classes/org/springframework/data/aerospike/core] for files matching pattern [/home/aluno/spring-projects/maven/spring-data-aerospike/target/classes/org/springframework/data/**/repository/support/**/*.class]
16:28:56.934 [main] DEBUG o.s.c.i.s.PathMatchingResourcePatternResolver - Searching directory [/home/aluno/spring-projects/maven/spring-data-aerospike/target/classes/org/springframework/data/aerospike/convert] for files matching pattern [/home/aluno/spring-projects/maven/spring-data-aerospike/target/classes/org/springframework/data/**/repository/support/**/*.class]
16:28:56.934 [main] DEBUG o.s.c.i.s.PathMatchingResourcePatternResolver - Searching directory [/home/aluno/spring-projects/maven/spring-data-aerospike/target/classes/org/springframework/data/aerospike/example] for files matching pattern [/home/aluno/spring-projects/maven/spring-data-aerospike/target/classes/org/springframework/data/**/repository/support/**/*.class]
16:28:56.934 [main] DEBUG o.s.c.i.s.PathMatchingResourcePatternResolver - Searching directory [/home/aluno/spring-projects/maven/spring-data-aerospike/target/classes/org/springframework/data/aerospike/example/data] for files matching pattern [/home/aluno/spring-projects/maven/spring-data-aerospike/target/classes/org/springframework/data/**/repository/support/**/*.class]
16:28:56.934 [main] DEBUG o.s.c.i.s.PathMatchingResourcePatternResolver - Searching directory [/home/aluno/spring-projects/maven/spring-data-aerospike/target/classes/org/springframework/data/aerospike/example/config] for files matching pattern [/home/aluno/spring-projects/maven/spring-data-aerospike/target/classes/org/springframework/data/**/repository/support/**/*.class]
16:28:56.934 [main] DEBUG o.s.c.i.s.PathMatchingResourcePatternResolver - Searching directory [/home/aluno/spring-projects/maven/spring-data-aerospike/target/classes/org/springframework/data/aerospike/annotation] for files matching pattern [/home/aluno/spring-projects/maven/spring-data-aerospike/target/classes/org/springframework/data/**/repository/support/**/*.class]
16:28:56.934 [main] DEBUG o.s.c.i.s.PathMatchingResourcePatternResolver - Searching directory [/home/aluno/spring-projects/maven/spring-data-aerospike/target/classes/org/springframework/data/aerospike/repository] for files matching pattern [/home/aluno/spring-projects/maven/spring-data-aerospike/target/classes/org/springframework/data/**/repository/support/**/*.class]
16:28:56.935 [main] DEBUG o.s.c.i.s.PathMatchingResourcePatternResolver - Searching directory [/home/aluno/spring-projects/maven/spring-data-aerospike/target/classes/org/springframework/data/aerospike/repository/support] for files matching pattern [/home/aluno/spring-projects/maven/spring-data-aerospike/target/classes/org/springframework/data/**/repository/support/**/*.class]
16:28:56.935 [main] DEBUG o.s.c.i.s.PathMatchingResourcePatternResolver - Searching directory [/home/aluno/spring-projects/maven/spring-data-aerospike/target/classes/org/springframework/data/aerospike/repository/config] for files matching pattern [/home/aluno/spring-projects/maven/spring-data-aerospike/target/classes/org/springframework/data/**/repository/support/**/*.class]
16:28:56.935 [main] DEBUG o.s.c.i.s.PathMatchingResourcePatternResolver - Searching directory [/home/aluno/spring-projects/maven/spring-data-aerospike/target/classes/org/springframework/data/aerospike/repository/query] for files matching pattern [/home/aluno/spring-projects/maven/spring-data-aerospike/target/classes/org/springframework/data/**/repository/support/**/*.class]
16:28:56.935 [main] DEBUG o.s.c.i.s.PathMatchingResourcePatternResolver - Searching directory [/home/aluno/spring-projects/maven/spring-data-aerospike/target/classes/org/springframework/data/aerospike/config] for files matching pattern [/home/aluno/spring-projects/maven/spring-data-aerospike/target/classes/org/springframework/data/**/repository/support/**/*.class]
16:28:56.935 [main] DEBUG o.s.c.i.s.PathMatchingResourcePatternResolver - Searching directory [/home/aluno/spring-projects/maven/spring-data-aerospike/target/classes/org/springframework/data/aerospike/cache] for files matching pattern [/home/aluno/spring-projects/maven/spring-data-aerospike/target/classes/org/springframework/data/**/repository/support/**/*.class]
16:28:56.940 [main] DEBUG o.s.c.i.s.PathMatchingResourcePatternResolver - Searching directory [/home/aluno/spring-projects/maven/spring-data-aerospike/target/classes/org/springframework/data/aerospike/utility] for files matching pattern [/home/aluno/spring-projects/maven/spring-data-aerospike/target/classes/org/springframework/data/**/repository/support/**/*.class]
16:28:56.940 [main] DEBUG o.s.c.i.s.PathMatchingResourcePatternResolver - Looking for matching resources in jar file [file:/home/aluno/.m2/repository/org/springframework/data/spring-data-commons/1.11.0.RELEASE/spring-data-commons-1.11.0.RELEASE.jar]
16:28:56.944 [main] DEBUG o.s.c.i.s.PathMatchingResourcePatternResolver - Looking for matching resources in jar file [file:/home/aluno/.m2/repository/org/springframework/data/spring-data-keyvalue/1.0.0.M1/spring-data-keyvalue-1.0.0.M1.jar]
16:28:56.944 [main] DEBUG o.s.c.i.s.PathMatchingResourcePatternResolver - Resolved location pattern [classpath*:org/springframework/data/**/repository/support/**/*.class] to resources [file [/home/aluno/spring-projects/maven/spring-data-aerospike/target/test-classes/org/springframework/data/aerospike/repository/support/SimpleAerospikeRepositoryTest$5.class], file [/home/aluno/spring-projects/maven/spring-data-aerospike/target/test-classes/org/springframework/data/aerospike/repository/support/SimpleAerospikeRepositoryTest$9.class], file [/home/aluno/spring-projects/maven/spring-data-aerospike/target/test-classes/org/springframework/data/aerospike/repository/support/SimpleAerospikeRepositoryTest$4.class], file [/home/aluno/spring-projects/maven/spring-data-aerospike/target/test-classes/org/springframework/data/aerospike/repository/support/AerospikeRepositoryFactoryTest.class], file [/home/aluno/spring-projects/maven/spring-data-aerospike/target/test-classes/org/springframework/data/aerospike/repository/support/SimpleAerospikeRepositoryTest.class], file [/home/aluno/spring-projects/maven/spring-data-aerospike/target/test-classes/org/springframework/data/aerospike/repository/support/SimpleAerospikeRepositoryTest$1.class], file [/home/aluno/spring-projects/maven/spring-data-aerospike/target/test-classes/org/springframework/data/aerospike/repository/support/SimpleAerospikeRepositoryTest$3.class], file [/home/aluno/spring-projects/maven/spring-data-aerospike/target/test-classes/org/springframework/data/aerospike/repository/support/SimpleAerospikeRepositoryTest$8.class], file [/home/aluno/spring-projects/maven/spring-data-aerospike/target/test-classes/org/springframework/data/aerospike/repository/support/SimpleAerospikeRepositoryTest$6.class], file [/home/aluno/spring-projects/maven/spring-data-aerospike/target/test-classes/org/springframework/data/aerospike/repository/support/SimpleAerospikeRepositoryTest$2.class], file [/home/aluno/spring-projects/maven/spring-data-aerospike/target/test-classes/org/springframework/data/aerospike/repository/support/AllTests.class], file [/home/aluno/spring-projects/maven/spring-data-aerospike/target/test-classes/org/springframework/data/aerospike/repository/support/SimpleAerospikeRepositoryTest$7.class], file [/home/aluno/spring-projects/maven/spring-data-aerospike/target/classes/org/springframework/data/aerospike/repository/support/AerospikeRepositoryFactoryBean.class], file [/home/aluno/spring-projects/maven/spring-data-aerospike/target/classes/org/springframework/data/aerospike/repository/support/AerospikeRepositoryFactory$AerospikeQueryLookupStrategy.class], file [/home/aluno/spring-projects/maven/spring-data-aerospike/target/classes/org/springframework/data/aerospike/repository/support/AerospikeRepositoryFactory.class], file [/home/aluno/spring-projects/maven/spring-data-aerospike/target/classes/org/springframework/data/aerospike/repository/support/SimpleAerospikeRepository.class], URL [jar:file:/home/aluno/.m2/repository/org/springframework/data/spring-data-commons/1.11.0.RELEASE/spring-data-commons-1.11.0.RELEASE.jar!/org/springframework/data/repository/support/DomainClassConverter$ConversionMatchAbbreviationException.class], URL [jar:file:/home/aluno/.m2/repository/org/springframework/data/spring-data-commons/1.11.0.RELEASE/spring-data-commons-1.11.0.RELEASE.jar!/org/springframework/data/repository/support/DomainClassConverter$ToIdConverter.class], URL [jar:file:/home/aluno/.m2/repository/org/springframework/data/spring-data-commons/1.11.0.RELEASE/spring-data-commons-1.11.0.RELEASE.jar!/org/springframework/data/repository/support/Repositories$EmptyRepositoryFactoryInformation.class], URL [jar:file:/home/aluno/.m2/repository/org/springframework/data/spring-data-commons/1.11.0.RELEASE/spring-data-commons-1.11.0.RELEASE.jar!/org/springframework/data/repository/support/PagingAndSortingRepositoryInvoker.class], URL [jar:file:/home/aluno/.m2/repository/org/springframework/data/spring-data-commons/1.11.0.RELEASE/spring-data-commons-1.11.0.RELEASE.jar!/org/springframework/data/repository/support/QueryMethodParameterConversionException.class], URL [jar:file:/home/aluno/.m2/repository/org/springframework/data/spring-data-commons/1.11.0.RELEASE/spring-data-commons-1.11.0.RELEASE.jar!/org/springframework/data/repository/support/MethodParameters.class], URL [jar:file:/home/aluno/.m2/repository/org/springframework/data/spring-data-commons/1.11.0.RELEASE/spring-data-commons-1.11.0.RELEASE.jar!/org/springframework/data/repository/support/RepositoryInvoker.class], URL [jar:file:/home/aluno/.m2/repository/org/springframework/data/spring-data-commons/1.11.0.RELEASE/spring-data-commons-1.11.0.RELEASE.jar!/org/springframework/data/repository/support/RepositoryInvokerFactory.class], URL [jar:file:/home/aluno/.m2/repository/org/springframework/data/spring-data-commons/1.11.0.RELEASE/spring-data-commons-1.11.0.RELEASE.jar!/org/springframework/data/repository/support/DomainClassPropertyEditorRegistrar.class], URL [jar:file:/home/aluno/.m2/repository/org/springframework/data/spring-data-commons/1.11.0.RELEASE/spring-data-commons-1.11.0.RELEASE.jar!/org/springframework/data/repository/support/AnnotationAttribute.class], URL [jar:file:/home/aluno/.m2/repository/org/springframework/data/spring-data-commons/1.11.0.RELEASE/spring-data-commons-1.11.0.RELEASE.jar!/org/springframework/data/repository/support/DefaultRepositoryInvokerFactory.class], URL [jar:file:/home/aluno/.m2/repository/org/springframework/data/spring-data-commons/1.11.0.RELEASE/spring-data-commons-1.11.0.RELEASE.jar!/org/springframework/data/repository/support/MethodParameters$AnnotationNamingMethodParameter.class], URL [jar:file:/home/aluno/.m2/repository/org/springframework/data/spring-data-commons/1.11.0.RELEASE/spring-data-commons-1.11.0.RELEASE.jar!/org/springframework/data/repository/support/CrudRepositoryInvoker.class], URL [jar:file:/home/aluno/.m2/repository/org/springframework/data/spring-data-commons/1.11.0.RELEASE/spring-data-commons-1.11.0.RELEASE.jar!/org/springframework/data/repository/support/Repositories.class], URL [jar:file:/home/aluno/.m2/repository/org/springframework/data/spring-data-commons/1.11.0.RELEASE/spring-data-commons-1.11.0.RELEASE.jar!/org/springframework/data/repository/support/DomainClassConverter$ToEntityConverter.class], URL [jar:file:/home/aluno/.m2/repository/org/springframework/data/spring-data-commons/1.11.0.RELEASE/spring-data-commons-1.11.0.RELEASE.jar!/org/springframework/data/repository/support/ReflectionRepositoryInvoker.class], URL [jar:file:/home/aluno/.m2/repository/org/springframework/data/spring-data-commons/1.11.0.RELEASE/spring-data-commons-1.11.0.RELEASE.jar!/org/springframework/data/repository/support/DomainClassPropertyEditor.class], URL [jar:file:/home/aluno/.m2/repository/org/springframework/data/spring-data-commons/1.11.0.RELEASE/spring-data-commons-1.11.0.RELEASE.jar!/org/springframework/data/repository/support/DomainClassConverter.class], URL [jar:file:/home/aluno/.m2/repository/org/springframework/data/spring-data-commons/1.11.0.RELEASE/spring-data-commons-1.11.0.RELEASE.jar!/org/springframework/data/repository/support/DomainClassConverter$1.class], URL [jar:file:/home/aluno/.m2/repository/org/springframework/data/spring-data-commons/1.11.0.RELEASE/spring-data-commons-1.11.0.RELEASE.jar!/org/springframework/data/repository/support/RepositoryInvocationInformation.class], URL [jar:file:/home/aluno/.m2/repository/org/springframework/data/spring-data-keyvalue/1.0.0.M1/spring-data-keyvalue-1.0.0.M1.jar!/org/springframework/data/keyvalue/repository/support/KeyValueRepositoryFactory$KeyValueQueryLookupStrategy.class], URL [jar:file:/home/aluno/.m2/repository/org/springframework/data/spring-data-keyvalue/1.0.0.M1/spring-data-keyvalue-1.0.0.M1.jar!/org/springframework/data/keyvalue/repository/support/QuerydslKeyValueRepository.class], URL [jar:file:/home/aluno/.m2/repository/org/springframework/data/spring-data-keyvalue/1.0.0.M1/spring-data-keyvalue-1.0.0.M1.jar!/org/springframework/data/keyvalue/repository/support/KeyValueRepositoryFactoryBean.class], URL [jar:file:/home/aluno/.m2/repository/org/springframework/data/spring-data-keyvalue/1.0.0.M1/spring-data-keyvalue-1.0.0.M1.jar!/org/springframework/data/keyvalue/repository/support/KeyValueQuerydslUtils$1.class], URL [jar:file:/home/aluno/.m2/repository/org/springframework/data/spring-data-keyvalue/1.0.0.M1/spring-data-keyvalue-1.0.0.M1.jar!/org/springframework/data/keyvalue/repository/support/KeyValueQuerydslUtils.class], URL [jar:file:/home/aluno/.m2/repository/org/springframework/data/spring-data-keyvalue/1.0.0.M1/spring-data-keyvalue-1.0.0.M1.jar!/org/springframework/data/keyvalue/repository/support/KeyValueRepositoryFactory.class], URL [jar:file:/home/aluno/.m2/repository/org/springframework/data/spring-data-keyvalue/1.0.0.M1/spring-data-keyvalue-1.0.0.M1.jar!/org/springframework/data/keyvalue/repository/support/SimpleKeyValueRepository.class]]
16:28:56.948 [main] DEBUG o.s.c.a.ClassPathScanningCandidateComponentProvider - Identified candidate component class: file [/home/aluno/spring-projects/maven/spring-data-aerospike/target/classes/org/springframework/data/aerospike/repository/support/AerospikeRepositoryFactory.class]
16:28:56.960 [main] DEBUG o.s.c.a.ClassPathScanningCandidateComponentProvider - Identified candidate component class: URL [jar:file:/home/aluno/.m2/repository/org/springframework/data/spring-data-keyvalue/1.0.0.M1/spring-data-keyvalue-1.0.0.M1.jar!/org/springframework/data/keyvalue/repository/support/KeyValueRepositoryFactory.class]
16:28:56.961 [main] DEBUG o.s.d.r.c.RepositoryConfigurationDelegate - Multiple Spring Data modules found, entering strict repository configuration mode!
16:28:56.961 [main] DEBUG o.s.core.env.StandardEnvironment - Adding [systemProperties] PropertySource with lowest search precedence
16:28:56.962 [main] DEBUG o.s.core.env.StandardEnvironment - Adding [systemEnvironment] PropertySource with lowest search precedence
16:28:56.962 [main] DEBUG o.s.core.env.StandardEnvironment - Initialized StandardEnvironment with PropertySources [systemProperties,systemEnvironment]
16:28:56.962 [main] DEBUG o.s.c.i.s.PathMatchingResourcePatternResolver - Looking for matching resources in directory tree [/home/aluno/spring-projects/maven/spring-data-aerospike/target/test-classes/org/springframework/data/aerospike/repository]
16:28:56.962 [main] DEBUG o.s.c.i.s.PathMatchingResourcePatternResolver - Searching directory [/home/aluno/spring-projects/maven/spring-data-aerospike/target/test-classes/org/springframework/data/aerospike/repository] for files matching pattern [/home/aluno/spring-projects/maven/spring-data-aerospike/target/test-classes/org/springframework/data/aerospike/repository/**/*.class]
16:28:56.962 [main] DEBUG o.s.c.i.s.PathMatchingResourcePatternResolver - Searching directory [/home/aluno/spring-projects/maven/spring-data-aerospike/target/test-classes/org/springframework/data/aerospike/repository/support] for files matching pattern [/home/aluno/spring-projects/maven/spring-data-aerospike/target/test-classes/org/springframework/data/aerospike/repository/**/*.class]
16:28:56.963 [main] DEBUG o.s.c.i.s.PathMatchingResourcePatternResolver - Searching directory [/home/aluno/spring-projects/maven/spring-data-aerospike/target/test-classes/org/springframework/data/aerospike/repository/query] for files matching pattern [/home/aluno/spring-projects/maven/spring-data-aerospike/target/test-classes/org/springframework/data/aerospike/repository/**/*.class]
16:28:56.963 [main] DEBUG o.s.c.i.s.PathMatchingResourcePatternResolver - Looking for matching resources in directory tree [/home/aluno/spring-projects/maven/spring-data-aerospike/target/classes/org/springframework/data/aerospike/repository]
16:28:56.963 [main] DEBUG o.s.c.i.s.PathMatchingResourcePatternResolver - Searching directory [/home/aluno/spring-projects/maven/spring-data-aerospike/target/classes/org/springframework/data/aerospike/repository] for files matching pattern [/home/aluno/spring-projects/maven/spring-data-aerospike/target/classes/org/springframework/data/aerospike/repository/**/*.class]
16:28:56.963 [main] DEBUG o.s.c.i.s.PathMatchingResourcePatternResolver - Searching directory [/home/aluno/spring-projects/maven/spring-data-aerospike/target/classes/org/springframework/data/aerospike/repository/support] for files matching pattern [/home/aluno/spring-projects/maven/spring-data-aerospike/target/classes/org/springframework/data/aerospike/repository/**/*.class]
16:28:56.963 [main] DEBUG o.s.c.i.s.PathMatchingResourcePatternResolver - Searching directory [/home/aluno/spring-projects/maven/spring-data-aerospike/target/classes/org/springframework/data/aerospike/repository/config] for files matching pattern [/home/aluno/spring-projects/maven/spring-data-aerospike/target/classes/org/springframework/data/aerospike/repository/**/*.class]
16:28:56.964 [main] DEBUG o.s.c.i.s.PathMatchingResourcePatternResolver - Searching directory [/home/aluno/spring-projects/maven/spring-data-aerospike/target/classes/org/springframework/data/aerospike/repository/query] for files matching pattern [/home/aluno/spring-projects/maven/spring-data-aerospike/target/classes/org/springframework/data/aerospike/repository/**/*.class]
16:28:56.964 [main] DEBUG o.s.c.i.s.PathMatchingResourcePatternResolver - Resolved location pattern [classpath*:org/springframework/data/aerospike/repository/**/*.class] to resources [file [/home/aluno/spring-projects/maven/spring-data-aerospike/target/test-classes/org/springframework/data/aerospike/repository/Credentials.class], file [/home/aluno/spring-projects/maven/spring-data-aerospike/target/test-classes/org/springframework/data/aerospike/repository/AbstractPersonRepositoryIntegrationTests$1.class], file [/home/aluno/spring-projects/maven/spring-data-aerospike/target/test-classes/org/springframework/data/aerospike/repository/PersonRepository.class], file [/home/aluno/spring-projects/maven/spring-data-aerospike/target/test-classes/org/springframework/data/aerospike/repository/TestConfigPerson.class], file [/home/aluno/spring-projects/maven/spring-data-aerospike/target/test-classes/org/springframework/data/aerospike/repository/Address.class], file [/home/aluno/spring-projects/maven/spring-data-aerospike/target/test-classes/org/springframework/data/aerospike/repository/Person$Sex.class], file [/home/aluno/spring-projects/maven/spring-data-aerospike/target/test-classes/org/springframework/data/aerospike/repository/Person.class], file [/home/aluno/spring-projects/maven/spring-data-aerospike/target/test-classes/org/springframework/data/aerospike/repository/ContactRepository.class], file [/home/aluno/spring-projects/maven/spring-data-aerospike/target/test-classes/org/springframework/data/aerospike/repository/AbstractPersonRepositoryIntegrationTests.class], file [/home/aluno/spring-projects/maven/spring-data-aerospike/target/test-classes/org/springframework/data/aerospike/repository/User.class], file [/home/aluno/spring-projects/maven/spring-data-aerospike/target/test-classes/org/springframework/data/aerospike/repository/CustomerRepositoriesIntegrationTests$Config.class], file [/home/aluno/spring-projects/maven/spring-data-aerospike/target/test-classes/org/springframework/data/aerospike/repository/AnnotatedPerson.class], file [/home/aluno/spring-projects/maven/spring-data-aerospike/target/test-classes/org/springframework/data/aerospike/repository/support/SimpleAerospikeRepositoryTest$5.class], file [/home/aluno/spring-projects/maven/spring-data-aerospike/target/test-classes/org/springframework/data/aerospike/repository/support/SimpleAerospikeRepositoryTest$9.class], file [/home/aluno/spring-projects/maven/spring-data-aerospike/target/test-classes/org/springframework/data/aerospike/repository/support/SimpleAerospikeRepositoryTest$4.class], file [/home/aluno/spring-projects/maven/spring-data-aerospike/target/test-classes/org/springframework/data/aerospike/repository/support/AerospikeRepositoryFactoryTest.class], file [/home/aluno/spring-projects/maven/spring-data-aerospike/target/test-classes/org/springframework/data/aerospike/repository/support/SimpleAerospikeRepositoryTest.class], file [/home/aluno/spring-projects/maven/spring-data-aerospike/target/test-classes/org/springframework/data/aerospike/repository/support/SimpleAerospikeRepositoryTest$1.class], file [/home/aluno/spring-projects/maven/spring-data-aerospike/target/test-classes/org/springframework/data/aerospike/repository/support/SimpleAerospikeRepositoryTest$3.class], file [/home/aluno/spring-projects/maven/spring-data-aerospike/target/test-classes/org/springframework/data/aerospike/repository/support/SimpleAerospikeRepositoryTest$8.class], file [/home/aluno/spring-projects/maven/spring-data-aerospike/target/test-classes/org/springframework/data/aerospike/repository/support/SimpleAerospikeRepositoryTest$6.class], file [/home/aluno/spring-projects/maven/spring-data-aerospike/target/test-classes/org/springframework/data/aerospike/repository/support/SimpleAerospikeRepositoryTest$2.class], file [/home/aluno/spring-projects/maven/spring-data-aerospike/target/test-classes/org/springframework/data/aerospike/repository/support/AllTests.class], file [/home/aluno/spring-projects/maven/spring-data-aerospike/target/test-classes/org/springframework/data/aerospike/repository/support/SimpleAerospikeRepositoryTest$7.class], file [/home/aluno/spring-projects/maven/spring-data-aerospike/target/test-classes/org/springframework/data/aerospike/repository/Contact.class], file [/home/aluno/spring-projects/maven/spring-data-aerospike/target/test-classes/org/springframework/data/aerospike/repository/AllTests.class], file [/home/aluno/spring-projects/maven/spring-data-aerospike/target/test-classes/org/springframework/data/aerospike/repository/PersonRepositoryIntegrationTests.class], file [/home/aluno/spring-projects/maven/spring-data-aerospike/target/test-classes/org/springframework/data/aerospike/repository/query/StubParameterAccessor.class], file [/home/aluno/spring-projects/maven/spring-data-aerospike/target/test-classes/org/springframework/data/aerospike/repository/query/AllTests.class], file [/home/aluno/spring-projects/maven/spring-data-aerospike/target/test-classes/org/springframework/data/aerospike/repository/query/AerospikePartTreeQueryTest.class], file [/home/aluno/spring-projects/maven/spring-data-aerospike/target/test-classes/org/springframework/data/aerospike/repository/CustomerRepositoriesIntegrationTests.class], file [/home/aluno/spring-projects/maven/spring-data-aerospike/target/classes/org/springframework/data/aerospike/repository/AerospikeRepository.class], file [/home/aluno/spring-projects/maven/spring-data-aerospike/target/classes/org/springframework/data/aerospike/repository/support/AerospikeRepositoryFactoryBean.class], file [/home/aluno/spring-projects/maven/spring-data-aerospike/target/classes/org/springframework/data/aerospike/repository/support/AerospikeRepositoryFactory$AerospikeQueryLookupStrategy.class], file [/home/aluno/spring-projects/maven/spring-data-aerospike/target/classes/org/springframework/data/aerospike/repository/support/AerospikeRepositoryFactory.class], file [/home/aluno/spring-projects/maven/spring-data-aerospike/target/classes/org/springframework/data/aerospike/repository/support/SimpleAerospikeRepository.class], file [/home/aluno/spring-projects/maven/spring-data-aerospike/target/classes/org/springframework/data/aerospike/repository/config/AerospikeRepositoriesRegistrar.class], file [/home/aluno/spring-projects/maven/spring-data-aerospike/target/classes/org/springframework/data/aerospike/repository/config/EnableAerospikeRepositories.class], file [/home/aluno/spring-projects/maven/spring-data-aerospike/target/classes/org/springframework/data/aerospike/repository/config/AerospikeRepositoriesRegistrar$1.class], file [/home/aluno/spring-projects/maven/spring-data-aerospike/target/classes/org/springframework/data/aerospike/repository/config/AerospikeRepositoriesRegistrar$AerospikeRepositoryConfigurationExtension.class], file [/home/aluno/spring-projects/maven/spring-data-aerospike/target/classes/org/springframework/data/aerospike/repository/query/AerospikeParameterAccessor.class], file [/home/aluno/spring-projects/maven/spring-data-aerospike/target/classes/org/springframework/data/aerospike/repository/query/Query.class], file [/home/aluno/spring-projects/maven/spring-data-aerospike/target/classes/org/springframework/data/aerospike/repository/query/ConvertingParameterAccessor.class], file [/home/aluno/spring-projects/maven/spring-data-aerospike/target/classes/org/springframework/data/aerospike/repository/query/AerospikeQueryCreator$1.class], file [/home/aluno/spring-projects/maven/spring-data-aerospike/target/classes/org/springframework/data/aerospike/repository/query/CriteriaDefinition.class], file [/home/aluno/spring-projects/maven/spring-data-aerospike/target/classes/org/springframework/data/aerospike/repository/query/TextCriteria.class], file [/home/aluno/spring-projects/maven/spring-data-aerospike/target/classes/org/springframework/data/aerospike/repository/query/Criteria.class], file [/home/aluno/spring-projects/maven/spring-data-aerospike/target/classes/org/springframework/data/aerospike/repository/query/AerospikePartTreeQuery.class], file [/home/aluno/spring-projects/maven/spring-data-aerospike/target/classes/org/springframework/data/aerospike/repository/query/AerospikeQueryCreator.class]]
16:28:56.965 [main] DEBUG o.s.d.r.c.RepositoryComponentProvider - Identified candidate component class: file [/home/aluno/spring-projects/maven/spring-data-aerospike/target/test-classes/org/springframework/data/aerospike/repository/PersonRepository.class]
16:28:56.966 [main] DEBUG o.s.d.r.c.RepositoryComponentProvider - Identified candidate component class: file [/home/aluno/spring-projects/maven/spring-data-aerospike/target/test-classes/org/springframework/data/aerospike/repository/ContactRepository.class]
16:28:56.978 [main] DEBUG o.s.core.env.StandardEnvironment - Adding [systemProperties] PropertySource with lowest search precedence
16:28:56.978 [main] DEBUG o.s.core.env.StandardEnvironment - Adding [systemEnvironment] PropertySource with lowest search precedence
16:28:56.978 [main] DEBUG o.s.core.env.StandardEnvironment - Initialized StandardEnvironment with PropertySources [systemProperties,systemEnvironment]
16:28:56.978 [main] DEBUG o.s.c.i.s.PathMatchingResourcePatternResolver - Looking for matching resources in directory tree [/home/aluno/spring-projects/maven/spring-data-aerospike/target/test-classes/org/springframework/data/aerospike/repository]
16:28:56.978 [main] DEBUG o.s.c.i.s.PathMatchingResourcePatternResolver - Searching directory [/home/aluno/spring-projects/maven/spring-data-aerospike/target/test-classes/org/springframework/data/aerospike/repository] for files matching pattern [/home/aluno/spring-projects/maven/spring-data-aerospike/target/test-classes/org/springframework/data/aerospike/repository/**/*ContactRepositoryImpl.class]
16:28:56.979 [main] DEBUG o.s.c.i.s.PathMatchingResourcePatternResolver - Searching directory [/home/aluno/spring-projects/maven/spring-data-aerospike/target/test-classes/org/springframework/data/aerospike/repository/support] for files matching pattern [/home/aluno/spring-projects/maven/spring-data-aerospike/target/test-classes/org/springframework/data/aerospike/repository/**/*ContactRepositoryImpl.class]
16:28:56.979 [main] DEBUG o.s.c.i.s.PathMatchingResourcePatternResolver - Searching directory [/home/aluno/spring-projects/maven/spring-data-aerospike/target/test-classes/org/springframework/data/aerospike/repository/query] for files matching pattern [/home/aluno/spring-projects/maven/spring-data-aerospike/target/test-classes/org/springframework/data/aerospike/repository/**/*ContactRepositoryImpl.class]
16:28:56.979 [main] DEBUG o.s.c.i.s.PathMatchingResourcePatternResolver - Looking for matching resources in directory tree [/home/aluno/spring-projects/maven/spring-data-aerospike/target/classes/org/springframework/data/aerospike/repository]
16:28:56.979 [main] DEBUG o.s.c.i.s.PathMatchingResourcePatternResolver - Searching directory [/home/aluno/spring-projects/maven/spring-data-aerospike/target/classes/org/springframework/data/aerospike/repository] for files matching pattern [/home/aluno/spring-projects/maven/spring-data-aerospike/target/classes/org/springframework/data/aerospike/repository/**/*ContactRepositoryImpl.class]
16:28:56.979 [main] DEBUG o.s.c.i.s.PathMatchingResourcePatternResolver - Searching directory [/home/aluno/spring-projects/maven/spring-data-aerospike/target/classes/org/springframework/data/aerospike/repository/support] for files matching pattern [/home/aluno/spring-projects/maven/spring-data-aerospike/target/classes/org/springframework/data/aerospike/repository/**/*ContactRepositoryImpl.class]
16:28:56.979 [main] DEBUG o.s.c.i.s.PathMatchingResourcePatternResolver - Searching directory [/home/aluno/spring-projects/maven/spring-data-aerospike/target/classes/org/springframework/data/aerospike/repository/config] for files matching pattern [/home/aluno/spring-projects/maven/spring-data-aerospike/target/classes/org/springframework/data/aerospike/repository/**/*ContactRepositoryImpl.class]
16:28:56.980 [main] DEBUG o.s.c.i.s.PathMatchingResourcePatternResolver - Searching directory [/home/aluno/spring-projects/maven/spring-data-aerospike/target/classes/org/springframework/data/aerospike/repository/query] for files matching pattern [/home/aluno/spring-projects/maven/spring-data-aerospike/target/classes/org/springframework/data/aerospike/repository/**/*ContactRepositoryImpl.class]
16:28:56.980 [main] DEBUG o.s.c.i.s.PathMatchingResourcePatternResolver - Resolved location pattern [classpath*:org/springframework/data/aerospike/repository/**/*ContactRepositoryImpl.class] to resources []
16:28:56.980 [main] DEBUG o.s.d.r.c.RepositoryConfigurationDelegate - Spring Data Aerospike - Registering repository: contactRepository - Interface: org.springframework.data.aerospike.repository.ContactRepository - Factory: org.springframework.data.keyvalue.repository.support.KeyValueRepositoryFactoryBean
16:28:56.981 [main] DEBUG o.s.core.env.StandardEnvironment - Adding [systemProperties] PropertySource with lowest search precedence
16:28:56.981 [main] DEBUG o.s.core.env.StandardEnvironment - Adding [systemEnvironment] PropertySource with lowest search precedence
16:28:56.981 [main] DEBUG o.s.core.env.StandardEnvironment - Initialized StandardEnvironment with PropertySources [systemProperties,systemEnvironment]
16:28:56.981 [main] DEBUG o.s.c.i.s.PathMatchingResourcePatternResolver - Looking for matching resources in directory tree [/home/aluno/spring-projects/maven/spring-data-aerospike/target/test-classes/org/springframework/data/aerospike/repository]
16:28:56.981 [main] DEBUG o.s.c.i.s.PathMatchingResourcePatternResolver - Searching directory [/home/aluno/spring-projects/maven/spring-data-aerospike/target/test-classes/org/springframework/data/aerospike/repository] for files matching pattern [/home/aluno/spring-projects/maven/spring-data-aerospike/target/test-classes/org/springframework/data/aerospike/repository/**/*PersonRepositoryImpl.class]
16:28:56.981 [main] DEBUG o.s.c.i.s.PathMatchingResourcePatternResolver - Searching directory [/home/aluno/spring-projects/maven/spring-data-aerospike/target/test-classes/org/springframework/data/aerospike/repository/support] for files matching pattern [/home/aluno/spring-projects/maven/spring-data-aerospike/target/test-classes/org/springframework/data/aerospike/repository/**/*PersonRepositoryImpl.class]
16:28:56.982 [main] DEBUG o.s.c.i.s.PathMatchingResourcePatternResolver - Searching directory [/home/aluno/spring-projects/maven/spring-data-aerospike/target/test-classes/org/springframework/data/aerospike/repository/query] for files matching pattern [/home/aluno/spring-projects/maven/spring-data-aerospike/target/test-classes/org/springframework/data/aerospike/repository/**/*PersonRepositoryImpl.class]
16:28:56.982 [main] DEBUG o.s.c.i.s.PathMatchingResourcePatternResolver - Looking for matching resources in directory tree [/home/aluno/spring-projects/maven/spring-data-aerospike/target/classes/org/springframework/data/aerospike/repository]
16:28:56.982 [main] DEBUG o.s.c.i.s.PathMatchingResourcePatternResolver - Searching directory [/home/aluno/spring-projects/maven/spring-data-aerospike/target/classes/org/springframework/data/aerospike/repository] for files matching pattern [/home/aluno/spring-projects/maven/spring-data-aerospike/target/classes/org/springframework/data/aerospike/repository/**/*PersonRepositoryImpl.class]
16:28:56.982 [main] DEBUG o.s.c.i.s.PathMatchingResourcePatternResolver - Searching directory [/home/aluno/spring-projects/maven/spring-data-aerospike/target/classes/org/springframework/data/aerospike/repository/support] for files matching pattern [/home/aluno/spring-projects/maven/spring-data-aerospike/target/classes/org/springframework/data/aerospike/repository/**/*PersonRepositoryImpl.class]
16:28:56.982 [main] DEBUG o.s.c.i.s.PathMatchingResourcePatternResolver - Searching directory [/home/aluno/spring-projects/maven/spring-data-aerospike/target/classes/org/springframework/data/aerospike/repository/config] for files matching pattern [/home/aluno/spring-projects/maven/spring-data-aerospike/target/classes/org/springframework/data/aerospike/repository/**/*PersonRepositoryImpl.class]
16:28:56.982 [main] DEBUG o.s.c.i.s.PathMatchingResourcePatternResolver - Searching directory [/home/aluno/spring-projects/maven/spring-data-aerospike/target/classes/org/springframework/data/aerospike/repository/query] for files matching pattern [/home/aluno/spring-projects/maven/spring-data-aerospike/target/classes/org/springframework/data/aerospike/repository/**/*PersonRepositoryImpl.class]
16:28:56.982 [main] DEBUG o.s.c.i.s.PathMatchingResourcePatternResolver - Resolved location pattern [classpath*:org/springframework/data/aerospike/repository/**/*PersonRepositoryImpl.class] to resources []
16:28:56.983 [main] DEBUG o.s.d.r.c.RepositoryConfigurationDelegate - Spring Data Aerospike - Registering repository: personRepository - Interface: org.springframework.data.aerospike.repository.PersonRepository - Factory: org.springframework.data.keyvalue.repository.support.KeyValueRepositoryFactoryBean
16:28:56.985 [main] DEBUG o.s.c.a.ConfigurationClassEnhancer - Successfully enhanced org.springframework.data.aerospike.config.TestConfig; enhanced class name is: org.springframework.data.aerospike.config.TestConfig$$EnhancerBySpringCGLIB$$d926e9ed
16:28:56.985 [main] DEBUG o.s.c.a.ConfigurationClassPostProcessor - Replacing bean definition 'testConfig' existing class name 'org.springframework.data.aerospike.config.TestConfig' with enhanced class name 'org.springframework.data.aerospike.config.TestConfig$$EnhancerBySpringCGLIB$$d926e9ed'
16:28:56.986 [main] DEBUG o.s.b.f.s.DefaultListableBeanFactory - Creating shared instance of singleton bean 'org.springframework.context.annotation.internalAutowiredAnnotationProcessor'
16:28:56.986 [main] DEBUG o.s.b.f.s.DefaultListableBeanFactory - Creating instance of bean 'org.springframework.context.annotation.internalAutowiredAnnotationProcessor'
16:28:56.987 [main] DEBUG o.s.b.f.s.DefaultListableBeanFactory - Eagerly caching bean 'org.springframework.context.annotation.internalAutowiredAnnotationProcessor' to allow for resolving potential circular references
16:28:56.987 [main] DEBUG o.s.b.f.s.DefaultListableBeanFactory - Finished creating instance of bean 'org.springframework.context.annotation.internalAutowiredAnnotationProcessor'
16:28:56.987 [main] DEBUG o.s.b.f.s.DefaultListableBeanFactory - Creating shared instance of singleton bean 'org.springframework.context.annotation.internalRequiredAnnotationProcessor'
16:28:56.987 [main] DEBUG o.s.b.f.s.DefaultListableBeanFactory - Creating instance of bean 'org.springframework.context.annotation.internalRequiredAnnotationProcessor'
16:28:56.987 [main] DEBUG o.s.b.f.s.DefaultListableBeanFactory - Eagerly caching bean 'org.springframework.context.annotation.internalRequiredAnnotationProcessor' to allow for resolving potential circular references
16:28:56.987 [main] DEBUG o.s.b.f.s.DefaultListableBeanFactory - Finished creating instance of bean 'org.springframework.context.annotation.internalRequiredAnnotationProcessor'
16:28:56.987 [main] DEBUG o.s.b.f.s.DefaultListableBeanFactory - Creating shared instance of singleton bean 'org.springframework.context.annotation.internalCommonAnnotationProcessor'
16:28:56.987 [main] DEBUG o.s.b.f.s.DefaultListableBeanFactory - Creating instance of bean 'org.springframework.context.annotation.internalCommonAnnotationProcessor'
16:28:56.987 [main] DEBUG o.s.b.f.s.DefaultListableBeanFactory - Eagerly caching bean 'org.springframework.context.annotation.internalCommonAnnotationProcessor' to allow for resolving potential circular references
16:28:56.987 [main] DEBUG o.s.b.f.s.DefaultListableBeanFactory - Finished creating instance of bean 'org.springframework.context.annotation.internalCommonAnnotationProcessor'
16:28:56.987 [main] DEBUG o.s.b.f.s.DefaultListableBeanFactory - Creating shared instance of singleton bean 'org.springframework.context.annotation.ConfigurationClassPostProcessor.importAwareProcessor'
16:28:56.987 [main] DEBUG o.s.b.f.s.DefaultListableBeanFactory - Creating instance of bean 'org.springframework.context.annotation.ConfigurationClassPostProcessor.importAwareProcessor'
16:28:56.987 [main] DEBUG o.s.b.f.s.DefaultListableBeanFactory - Eagerly caching bean 'org.springframework.context.annotation.ConfigurationClassPostProcessor.importAwareProcessor' to allow for resolving potential circular references
16:28:56.987 [main] DEBUG o.s.b.f.s.DefaultListableBeanFactory - Finished creating instance of bean 'org.springframework.context.annotation.ConfigurationClassPostProcessor.importAwareProcessor'
16:28:56.987 [main] DEBUG o.s.b.f.s.DefaultListableBeanFactory - Creating shared instance of singleton bean 'org.springframework.context.annotation.ConfigurationClassPostProcessor.enhancedConfigurationProcessor'
16:28:56.987 [main] DEBUG o.s.b.f.s.DefaultListableBeanFactory - Creating instance of bean 'org.springframework.context.annotation.ConfigurationClassPostProcessor.enhancedConfigurationProcessor'
16:28:56.987 [main] DEBUG o.s.b.f.s.DefaultListableBeanFactory - Eagerly caching bean 'org.springframework.context.annotation.ConfigurationClassPostProcessor.enhancedConfigurationProcessor' to allow for resolving potential circular references
16:28:56.988 [main] DEBUG o.s.b.f.s.DefaultListableBeanFactory - Finished creating instance of bean 'org.springframework.context.annotation.ConfigurationClassPostProcessor.enhancedConfigurationProcessor'
16:28:56.988 [main] DEBUG o.s.b.f.s.DefaultListableBeanFactory - Creating shared instance of singleton bean 'org.springframework.data.repository.core.support.RepositoryInterfaceAwareBeanPostProcessor'
16:28:56.988 [main] DEBUG o.s.b.f.s.DefaultListableBeanFactory - Creating instance of bean 'org.springframework.data.repository.core.support.RepositoryInterfaceAwareBeanPostProcessor'
16:28:56.988 [main] DEBUG o.s.b.f.s.DefaultListableBeanFactory - Eagerly caching bean 'org.springframework.data.repository.core.support.RepositoryInterfaceAwareBeanPostProcessor' to allow for resolving potential circular references
16:28:56.988 [main] DEBUG o.s.b.f.s.DefaultListableBeanFactory - Finished creating instance of bean 'org.springframework.data.repository.core.support.RepositoryInterfaceAwareBeanPostProcessor'
16:28:56.988 [main] DEBUG o.s.c.s.GenericApplicationContext - Unable to locate MessageSource with name 'messageSource': using default [org.springframework.context.support.DelegatingMessageSource@5717c37]
16:28:56.988 [main] DEBUG o.s.c.s.GenericApplicationContext - Unable to locate ApplicationEventMulticaster with name 'applicationEventMulticaster': using default [org.springframework.context.event.SimpleApplicationEventMulticaster@68f4865]
16:28:56.989 [main] DEBUG o.s.b.f.s.DefaultListableBeanFactory - Pre-instantiating singletons in org.springframework.beans.factory.support.DefaultListableBeanFactory@5e17553a: defining beans [org.springframework.context.annotation.internalConfigurationAnnotationProcessor,org.springframework.context.annotation.internalAutowiredAnnotationProcessor,org.springframework.context.annotation.internalRequiredAnnotationProcessor,org.springframework.context.annotation.internalCommonAnnotationProcessor,testConfig,org.springframework.context.annotation.ConfigurationClassPostProcessor.importAwareProcessor,org.springframework.context.annotation.ConfigurationClassPostProcessor.enhancedConfigurationProcessor,aerospikeTemplate,aerospikeClient,org.springframework.data.aerospike.repository.config.AerospikeRepositoriesRegistrar$AerospikeRepositoryConfigurationExtension#0,org.springframework.data.repository.core.support.RepositoryInterfaceAwareBeanPostProcessor,keyValueMappingContext,contactRepository,personRepository]; root of factory hierarchy
16:28:56.989 [main] DEBUG o.s.b.f.s.DefaultListableBeanFactory - Returning cached instance of singleton bean 'org.springframework.context.annotation.internalConfigurationAnnotationProcessor'
[...]
	at org.springframework.beans.factory.support.AbstractBeanFactory.doGetBean(AbstractBeanFactory.java:299) ~[spring-beans-4.1.7.RELEASE.jar:4.1.7.RELEASE]
	at org.springframework.beans.factory.support.AbstractBeanFactory.getBean(AbstractBeanFactory.java:194) ~[spring-beans-4.1.7.RELEASE.jar:4.1.7.RELEASE]
	at org.springframework.beans.factory.support.DefaultListableBeanFactory.preInstantiateSingletons(DefaultListableBeanFactory.java:755) ~[spring-beans-4.1.7.RELEASE.jar:4.1.7.RELEASE]
	at org.springframework.context.support.AbstractApplicationContext.finishBeanFactoryInitialization(AbstractApplicationContext.java:757) ~[spring-context-4.1.7.RELEASE.jar:4.1.7.RELEASE]
	at org.springframework.context.support.AbstractApplicationContext.refresh(AbstractApplicationContext.java:480) ~[spring-context-4.1.7.RELEASE.jar:4.1.7.RELEASE]
	at org.springframework.test.context.support.AbstractGenericContextLoader.loadContext(AbstractGenericContextLoader.java:125) [spring-test-4.1.7.RELEASE.jar:4.1.7.RELEASE]
	at org.springframework.test.context.support.AbstractGenericContextLoader.loadContext(AbstractGenericContextLoader.java:60) [spring-test-4.1.7.RELEASE.jar:4.1.7.RELEASE]
	at org.springframework.test.context.support.AbstractDelegatingSmartContextLoader.delegateLoading(AbstractDelegatingSmartContextLoader.java:109) [spring-test-4.1.7.RELEASE.jar:4.1.7.RELEASE]
	at org.springframework.test.context.support.AbstractDelegatingSmartContextLoader.loadContext(AbstractDelegatingSmartContextLoader.java:261) [spring-test-4.1.7.RELEASE.jar:4.1.7.RELEASE]
	at org.springframework.test.context.DefaultCacheAwareContextLoaderDelegate.loadContextInternal(DefaultCacheAwareContextLoaderDelegate.java:68) [spring-test-4.1.7.RELEASE.jar:4.1.7.RELEASE]
	at org.springframework.test.context.DefaultCacheAwareContextLoaderDelegate.loadContext(DefaultCacheAwareContextLoaderDelegate.java:86) [spring-test-4.1.7.RELEASE.jar:4.1.7.RELEASE]
	at org.springframework.test.context.DefaultTestContext.getApplicationContext(DefaultTestContext.java:72) [spring-test-4.1.7.RELEASE.jar:4.1.7.RELEASE]
	at org.springframework.test.context.support.DependencyInjectionTestExecutionListener.injectDependencies(DependencyInjectionTestExecutionListener.java:117) [spring-test-4.1.7.RELEASE.jar:4.1.7.RELEASE]
	at org.springframework.test.context.support.DependencyInjectionTestExecutionListener.prepareTestInstance(DependencyInjectionTestExecutionListener.java:83) [spring-test-4.1.7.RELEASE.jar:4.1.7.RELEASE]
	at org.springframework.test.context.TestContextManager.prepareTestInstance(TestContextManager.java:212) [spring-test-4.1.7.RELEASE.jar:4.1.7.RELEASE]
	at org.springframework.test.context.junit4.SpringJUnit4ClassRunner.createTest(SpringJUnit4ClassRunner.java:200) [spring-test-4.1.7.RELEASE.jar:4.1.7.RELEASE]
	at org.springframework.test.context.junit4.SpringJUnit4ClassRunner$1.runReflectiveCall(SpringJUnit4ClassRunner.java:259) [spring-test-4.1.7.RELEASE.jar:4.1.7.RELEASE]
	at org.junit.internal.runners.model.ReflectiveCallable.run(ReflectiveCallable.java:12) [junit-4.12.jar:4.12]
	at org.springframework.test.context.junit4.SpringJUnit4ClassRunner.methodBlock(SpringJUnit4ClassRunner.java:261) [spring-test-4.1.7.RELEASE.jar:4.1.7.RELEASE]
	at org.springframework.test.context.junit4.SpringJUnit4ClassRunner.runChild(SpringJUnit4ClassRunner.java:219) [spring-test-4.1.7.RELEASE.jar:4.1.7.RELEASE]
	at org.springframework.test.context.junit4.SpringJUnit4ClassRunner.runChild(SpringJUnit4ClassRunner.java:83) [spring-test-4.1.7.RELEASE.jar:4.1.7.RELEASE]
	at org.junit.runners.ParentRunner$3.run(ParentRunner.java:290) [junit-4.12.jar:4.12]
	at org.junit.runners.ParentRunner$1.schedule(ParentRunner.java:71) [junit-4.12.jar:4.12]
	at org.junit.runners.ParentRunner.runChildren(ParentRunner.java:288) [junit-4.12.jar:4.12]
	at org.junit.runners.ParentRunner.access$000(ParentRunner.java:58) [junit-4.12.jar:4.12]
	at org.junit.runners.ParentRunner$2.evaluate(ParentRunner.java:268) [junit-4.12.jar:4.12]
	at org.springframework.test.context.junit4.statements.RunBeforeTestClassCallbacks.evaluate(RunBeforeTestClassCallbacks.java:61) [spring-test-4.1.7.RELEASE.jar:4.1.7.RELEASE]
	at org.springframework.test.context.junit4.statements.RunAfterTestClassCallbacks.evaluate(RunAfterTestClassCallbacks.java:68) [spring-test-4.1.7.RELEASE.jar:4.1.7.RELEASE]
	at org.junit.runners.ParentRunner.run(ParentRunner.java:363) [junit-4.12.jar:4.12]
	at org.springframework.test.context.junit4.SpringJUnit4ClassRunner.run(SpringJUnit4ClassRunner.java:163) [spring-test-4.1.7.RELEASE.jar:4.1.7.RELEASE]
	at org.apache.maven.surefire.junit4.JUnit4Provider.execute(JUnit4Provider.java:283) [surefire-junit4-2.18.1.jar:2.18.1]
	at org.apache.maven.surefire.junit4.JUnit4Provider.executeWithRerun(JUnit4Provider.java:173) [surefire-junit4-2.18.1.jar:2.18.1]
	at org.apache.maven.surefire.junit4.JUnit4Provider.executeTestSet(JUnit4Provider.java:153) [surefire-junit4-2.18.1.jar:2.18.1]
	at org.apache.maven.surefire.junit4.JUnit4Provider.invoke(JUnit4Provider.java:128) [surefire-junit4-2.18.1.jar:2.18.1]
	at org.apache.maven.surefire.booter.ForkedBooter.invokeProviderInSameClassLoader(ForkedBooter.java:203) [surefire-booter-2.18.1.jar:2.18.1]
	at org.apache.maven.surefire.booter.ForkedBooter.runSuitesInProcess(ForkedBooter.java:155) [surefire-booter-2.18.1.jar:2.18.1]
	at org.apache.maven.surefire.booter.ForkedBooter.main(ForkedBooter.java:103) [surefire-booter-2.18.1.jar:2.18.1]
Caused by: org.springframework.beans.BeanInstantiationException: Failed to instantiate [org.springframework.data.aerospike.core.AerospikeTemplate]: Factory method 'aerospikeTemplate' threw exception; nested exception is com.aerospike.helper.query.ClusterRefreshError: Cannot find UDF modules
	at org.springframework.beans.factory.support.SimpleInstantiationStrategy.instantiate(SimpleInstantiationStrategy.java:189) ~[spring-beans-4.1.7.RELEASE.jar:4.1.7.RELEASE]
	at org.springframework.beans.factory.support.ConstructorResolver.instantiateUsingFactoryMethod(ConstructorResolver.java:588) ~[spring-beans-4.1.7.RELEASE.jar:4.1.7.RELEASE]
	... 43 common frames omitted
Caused by: com.aerospike.helper.query.ClusterRefreshError: Cannot find UDF modules
	at com.aerospike.helper.query.QueryEngine.refreshModules(QueryEngine.java:678) ~[classes/:na]
	at com.aerospike.helper.query.QueryEngine.refreshCluster(QueryEngine.java:536) ~[classes/:na]
	at com.aerospike.helper.query.QueryEngine.setClient(QueryEngine.java:129) ~[classes/:na]
	at com.aerospike.helper.query.QueryEngine.<init>(QueryEngine.java:110) ~[classes/:na]
	at org.springframework.data.aerospike.core.AerospikeTemplate.<init>(AerospikeTemplate.java:132) ~[classes/:na]
	at org.springframework.data.aerospike.config.TestConfig.aerospikeTemplate(TestConfig.java:39) ~[test-classes/:na]
	at org.springframework.data.aerospike.config.TestConfig$$EnhancerBySpringCGLIB$$d926e9ed.CGLIB$aerospikeTemplate$0(<generated>) ~[spring-core-4.1.7.RELEASE.jar:na]
	at org.springframework.data.aerospike.config.TestConfig$$EnhancerBySpringCGLIB$$d926e9ed$$FastClassBySpringCGLIB$$56523ccb.invoke(<generated>) ~[spring-core-4.1.7.RELEASE.jar:na]
	at org.springframework.cglib.proxy.MethodProxy.invokeSuper(MethodProxy.java:228) ~[spring-core-4.1.7.RELEASE.jar:4.1.7.RELEASE]
	at org.springframework.context.annotation.ConfigurationClassEnhancer$BeanMethodInterceptor.intercept(ConfigurationClassEnhancer.java:309) ~[spring-context-4.1.7.RELEASE.jar:4.1.7.RELEASE]
	at org.springframework.data.aerospike.config.TestConfig$$EnhancerBySpringCGLIB$$d926e9ed.aerospikeTemplate(<generated>) ~[spring-core-4.1.7.RELEASE.jar:na]
	at sun.reflect.NativeMethodAccessorImpl.invoke0(Native Method) ~[na:1.8.0_91]
	at sun.reflect.NativeMethodAccessorImpl.invoke(NativeMethodAccessorImpl.java:62) ~[na:1.8.0_91]
	at sun.reflect.DelegatingMethodAccessorImpl.invoke(DelegatingMethodAccessorImpl.java:43) ~[na:1.8.0_91]
	at java.lang.reflect.Method.invoke(Method.java:498) ~[na:1.8.0_91]
	at org.springframework.beans.factory.support.SimpleInstantiationStrategy.instantiate(SimpleInstantiationStrategy.java:162) ~[spring-beans-4.1.7.RELEASE.jar:4.1.7.RELEASE]
	... 44 common frames omitted
16:29:01.130 [main] DEBUG o.s.b.f.s.DefaultListableBeanFactory - Destroying singletons in org.springframework.beans.factory.support.DefaultListableBeanFactory@5e17553a: defining beans [org.springframework.context.annotation.internalConfigurationAnnotationProcessor,org.springframework.context.annotation.internalAutowiredAnnotationProcessor,org.springframework.context.annotation.internalRequiredAnnotationProcessor,org.springframework.context.annotation.internalCommonAnnotationProcessor,testConfig,org.springframework.context.annotation.ConfigurationClassPostProcessor.importAwareProcessor,org.springframework.context.annotation.ConfigurationClassPostProcessor.enhancedConfigurationProcessor,aerospikeTemplate,aerospikeClient,org.springframework.data.aerospike.repository.config.AerospikeRepositoriesRegistrar$AerospikeRepositoryConfigurationExtension#0,org.springframework.data.repository.core.support.RepositoryInterfaceAwareBeanPostProcessor,keyValueMappingContext,contactRepository,personRepository]; root of factory hierarchy
16:29:01.130 [main] DEBUG o.s.b.f.s.DisposableBeanAdapter - Invoking destroy method 'close' on bean with name 'aerospikeClient'
16:29:01.132 [main] ERROR o.s.test.context.TestContextManager - Caught exception while allowing TestExecutionListener [org.springframework.test.context.support.DependencyInjectionTestExecutionListener@a1f72f5] to prepare test instance [org.springframework.data.keyvalue.repository.query.AerospikeQueryCreatorUnitTests@2dc9b0f5]
java.lang.IllegalStateException: Failed to load ApplicationContext
	at org.springframework.test.context.DefaultCacheAwareContextLoaderDelegate.loadContext(DefaultCacheAwareContextLoaderDelegate.java:94) ~[spring-test-4.1.7.RELEASE.jar:4.1.7.RELEASE]
	at org.springframework.test.context.DefaultTestContext.getApplicationContext(DefaultTestContext.java:72) ~[spring-test-4.1.7.RELEASE.jar:4.1.7.RELEASE]
	at org.springframework.test.context.support.DependencyInjectionTestExecutionListener.injectDependencies(DependencyInjectionTestExecutionListener.java:117) ~[spring-test-4.1.7.RELEASE.jar:4.1.7.RELEASE]
	at org.springframework.test.context.support.DependencyInjectionTestExecutionListener.prepareTestInstance(DependencyInjectionTestExecutionListener.java:83) ~[spring-test-4.1.7.RELEASE.jar:4.1.7.RELEASE]
	at org.springframework.test.context.TestContextManager.prepareTestInstance(TestContextManager.java:212) ~[spring-test-4.1.7.RELEASE.jar:4.1.7.RELEASE]
	at org.springframework.test.context.junit4.SpringJUnit4ClassRunner.createTest(SpringJUnit4ClassRunner.java:200) [spring-test-4.1.7.RELEASE.jar:4.1.7.RELEASE]
	at org.springframework.test.context.junit4.SpringJUnit4ClassRunner$1.runReflectiveCall(SpringJUnit4ClassRunner.java:259) [spring-test-4.1.7.RELEASE.jar:4.1.7.RELEASE]
	at org.junit.internal.runners.model.ReflectiveCallable.run(ReflectiveCallable.java:12) [junit-4.12.jar:4.12]
	at org.springframework.test.context.junit4.SpringJUnit4ClassRunner.methodBlock(SpringJUnit4ClassRunner.java:261) [spring-test-4.1.7.RELEASE.jar:4.1.7.RELEASE]
	at org.springframework.test.context.junit4.SpringJUnit4ClassRunner.runChild(SpringJUnit4ClassRunner.java:219) [spring-test-4.1.7.RELEASE.jar:4.1.7.RELEASE]
	at org.springframework.test.context.junit4.SpringJUnit4ClassRunner.runChild(SpringJUnit4ClassRunner.java:83) [spring-test-4.1.7.RELEASE.jar:4.1.7.RELEASE]
	at org.junit.runners.ParentRunner$3.run(ParentRunner.java:290) [junit-4.12.jar:4.12]
	at org.junit.runners.ParentRunner$1.schedule(ParentRunner.java:71) [junit-4.12.jar:4.12]
	at org.junit.runners.ParentRunner.runChildren(ParentRunner.java:288) [junit-4.12.jar:4.12]
	at org.junit.runners.ParentRunner.access$000(ParentRunner.java:58) [junit-4.12.jar:4.12]
	at org.junit.runners.ParentRunner$2.evaluate(ParentRunner.java:268) [junit-4.12.jar:4.12]
	at org.springframework.test.context.junit4.statements.RunBeforeTestClassCallbacks.evaluate(RunBeforeTestClassCallbacks.java:61) [spring-test-4.1.7.RELEASE.jar:4.1.7.RELEASE]
	at org.springframework.test.context.junit4.statements.RunAfterTestClassCallbacks.evaluate(RunAfterTestClassCallbacks.java:68) [spring-test-4.1.7.RELEASE.jar:4.1.7.RELEASE]
	at org.junit.runners.ParentRunner.run(ParentRunner.java:363) [junit-4.12.jar:4.12]
	at org.springframework.test.context.junit4.SpringJUnit4ClassRunner.run(SpringJUnit4ClassRunner.java:163) [spring-test-4.1.7.RELEASE.jar:4.1.7.RELEASE]
	at org.apache.maven.surefire.junit4.JUnit4Provider.execute(JUnit4Provider.java:283) [surefire-junit4-2.18.1.jar:2.18.1]
	at org.apache.maven.surefire.junit4.JUnit4Provider.executeWithRerun(JUnit4Provider.java:173) [surefire-junit4-2.18.1.jar:2.18.1]
	at org.apache.maven.surefire.junit4.JUnit4Provider.executeTestSet(JUnit4Provider.java:153) [surefire-junit4-2.18.1.jar:2.18.1]
	at org.apache.maven.surefire.junit4.JUnit4Provider.invoke(JUnit4Provider.java:128) [surefire-junit4-2.18.1.jar:2.18.1]
	at org.apache.maven.surefire.booter.ForkedBooter.invokeProviderInSameClassLoader(ForkedBooter.java:203) [surefire-booter-2.18.1.jar:2.18.1]
	at org.apache.maven.surefire.booter.ForkedBooter.runSuitesInProcess(ForkedBooter.java:155) [surefire-booter-2.18.1.jar:2.18.1]
	at org.apache.maven.surefire.booter.ForkedBooter.main(ForkedBooter.java:103) [surefire-booter-2.18.1.jar:2.18.1]
Caused by: org.springframework.beans.factory.BeanCreationException: Error creating bean with name 'aerospikeTemplate' defined in org.springframework.data.aerospike.config.TestConfig: Bean instantiation via factory method failed; nested exception is org.springframework.beans.BeanInstantiationException: Failed to instantiate [org.springframework.data.aerospike.core.AerospikeTemplate]: Factory method 'aerospikeTemplate' threw exception; nested exception is com.aerospike.helper.query.ClusterRefreshError: Cannot find UDF modules
	at org.springframework.beans.factory.support.ConstructorResolver.instantiateUsingFactoryMethod(ConstructorResolver.java:599) ~[spring-beans-4.1.7.RELEASE.jar:4.1.7.RELEASE]
	at org.springframework.beans.factory.support.AbstractAutowireCapableBeanFactory.instantiateUsingFactoryMethod(AbstractAutowireCapableBeanFactory.java:1119) ~[spring-beans-4.1.7.RELEASE.jar:4.1.7.RELEASE]
	at org.springframework.beans.factory.support.AbstractAutowireCapableBeanFactory.createBeanInstance(AbstractAutowireCapableBeanFactory.java:1014) ~[spring-beans-4.1.7.RELEASE.jar:4.1.7.RELEASE]
	at org.springframework.beans.factory.support.AbstractAutowireCapableBeanFactory.doCreateBean(AbstractAutowireCapableBeanFactory.java:504) ~[spring-beans-4.1.7.RELEASE.jar:4.1.7.RELEASE]
	at org.springframework.beans.factory.support.AbstractAutowireCapableBeanFactory.createBean(AbstractAutowireCapableBeanFactory.java:476) ~[spring-beans-4.1.7.RELEASE.jar:4.1.7.RELEASE]
	at org.springframework.beans.factory.support.AbstractBeanFactory$1.getObject(AbstractBeanFactory.java:303) ~[spring-beans-4.1.7.RELEASE.jar:4.1.7.RELEASE]
	at org.springframework.beans.factory.support.DefaultSingletonBeanRegistry.getSingleton(DefaultSingletonBeanRegistry.java:230) ~[spring-beans-4.1.7.RELEASE.jar:4.1.7.RELEASE]
	at org.springframework.beans.factory.support.AbstractBeanFactory.doGetBean(AbstractBeanFactory.java:299) ~[spring-beans-4.1.7.RELEASE.jar:4.1.7.RELEASE]
	at org.springframework.beans.factory.support.AbstractBeanFactory.getBean(AbstractBeanFactory.java:194) ~[spring-beans-4.1.7.RELEASE.jar:4.1.7.RELEASE]
	at org.springframework.beans.factory.support.DefaultListableBeanFactory.preInstantiateSingletons(DefaultListableBeanFactory.java:755) ~[spring-beans-4.1.7.RELEASE.jar:4.1.7.RELEASE]
	at org.springframework.context.support.AbstractApplicationContext.finishBeanFactoryInitialization(AbstractApplicationContext.java:757) ~[spring-context-4.1.7.RELEASE.jar:4.1.7.RELEASE]
	at org.springframework.context.support.AbstractApplicationContext.refresh(AbstractApplicationContext.java:480) ~[spring-context-4.1.7.RELEASE.jar:4.1.7.RELEASE]
	at org.springframework.test.context.support.AbstractGenericContextLoader.loadContext(AbstractGenericContextLoader.java:125) ~[spring-test-4.1.7.RELEASE.jar:4.1.7.RELEASE]
	at org.springframework.test.context.support.AbstractGenericContextLoader.loadContext(AbstractGenericContextLoader.java:60) ~[spring-test-4.1.7.RELEASE.jar:4.1.7.RELEASE]
	at org.springframework.test.context.support.AbstractDelegatingSmartContextLoader.delegateLoading(AbstractDelegatingSmartContextLoader.java:109) ~[spring-test-4.1.7.RELEASE.jar:4.1.7.RELEASE]
	at org.springframework.test.context.support.AbstractDelegatingSmartContextLoader.loadContext(AbstractDelegatingSmartContextLoader.java:261) ~[spring-test-4.1.7.RELEASE.jar:4.1.7.RELEASE]
	at org.springframework.test.context.DefaultCacheAwareContextLoaderDelegate.loadContextInternal(DefaultCacheAwareContextLoaderDelegate.java:68) ~[spring-test-4.1.7.RELEASE.jar:4.1.7.RELEASE]
	at org.springframework.test.context.DefaultCacheAwareContextLoaderDelegate.loadContext(DefaultCacheAwareContextLoaderDelegate.java:86) ~[spring-test-4.1.7.RELEASE.jar:4.1.7.RELEASE]
	... 26 common frames omitted
Caused by: org.springframework.beans.BeanInstantiationException: Failed to instantiate [org.springframework.data.aerospike.core.AerospikeTemplate]: Factory method 'aerospikeTemplate' threw exception; nested exception is com.aerospike.helper.query.ClusterRefreshError: Cannot find UDF modules
	at org.springframework.beans.factory.support.SimpleInstantiationStrategy.instantiate(SimpleInstantiationStrategy.java:189) ~[spring-beans-4.1.7.RELEASE.jar:4.1.7.RELEASE]
	at org.springframework.beans.factory.support.ConstructorResolver.instantiateUsingFactoryMethod(ConstructorResolver.java:588) ~[spring-beans-4.1.7.RELEASE.jar:4.1.7.RELEASE]
	... 43 common frames omitted
Caused by: com.aerospike.helper.query.ClusterRefreshError: Cannot find UDF modules
	at com.aerospike.helper.query.QueryEngine.refreshModules(QueryEngine.java:678) ~[classes/:na]
	at com.aerospike.helper.query.QueryEngine.refreshCluster(QueryEngine.java:536) ~[classes/:na]
	at com.aerospike.helper.query.QueryEngine.setClient(QueryEngine.java:129) ~[classes/:na]
	at com.aerospike.helper.query.QueryEngine.<init>(QueryEngine.java:110) ~[classes/:na]
	at org.springframework.data.aerospike.core.AerospikeTemplate.<init>(AerospikeTemplate.java:132) ~[classes/:na]
	at org.springframework.data.aerospike.config.TestConfig.aerospikeTemplate(TestConfig.java:39) ~[test-classes/:na]
	at org.springframework.data.aerospike.config.TestConfig$$EnhancerBySpringCGLIB$$d926e9ed.CGLIB$aerospikeTemplate$0(<generated>) ~[spring-core-4.1.7.RELEASE.jar:na]
	at org.springframework.data.aerospike.config.TestConfig$$EnhancerBySpringCGLIB$$d926e9ed$$FastClassBySpringCGLIB$$56523ccb.invoke(<generated>) ~[spring-core-4.1.7.RELEASE.jar:na]
	at org.springframework.cglib.proxy.MethodProxy.invokeSuper(MethodProxy.java:228) ~[spring-core-4.1.7.RELEASE.jar:4.1.7.RELEASE]
	at org.springframework.context.annotation.ConfigurationClassEnhancer$BeanMethodInterceptor.intercept(ConfigurationClassEnhancer.java:309) ~[spring-context-4.1.7.RELEASE.jar:4.1.7.RELEASE]
	at org.springframework.data.aerospike.config.TestConfig$$EnhancerBySpringCGLIB$$d926e9ed.aerospikeTemplate(<generated>) ~[spring-core-4.1.7.RELEASE.jar:na]
	at sun.reflect.NativeMethodAccessorImpl.invoke0(Native Method) ~[na:1.8.0_91]
	at sun.reflect.NativeMethodAccessorImpl.invoke(NativeMethodAccessorImpl.java:62) ~[na:1.8.0_91]
	at sun.reflect.DelegatingMethodAccessorImpl.invoke(DelegatingMethodAccessorImpl.java:43) ~[na:1.8.0_91]
	at java.lang.reflect.Method.invoke(Method.java:498) ~[na:1.8.0_91]
	at org.springframework.beans.factory.support.SimpleInstantiationStrategy.instantiate(SimpleInstantiationStrategy.java:162) ~[spring-beans-4.1.7.RELEASE.jar:4.1.7.RELEASE]
	... 44 common frames omitted
]]></system-out>
  </testcase>
</testsuite>